ROBOT 9
2016-12-16 16:21:16,096 - SIMU: ======================================
2016-12-16 16:21:16,097 - SIMU: ====== SimulationFollowLightGenBis ======
2016-12-16 16:21:16,098 - SIMU: ======================================
2016-12-16 16:21:16,099 - SIMU: -------------------
2016-12-16 16:21:16,099 - SIMU: Parameters :
2016-12-16 16:21:16,100 - SIMU: duration 3000
2016-12-16 16:21:16,101 - SIMU: lifetime 60
2016-12-16 16:21:16,101 - SIMU: sleep 0.1
2016-12-16 16:21:16,102 - SIMU: windowSize 20
2016-12-16 16:21:16,103 - SIMU: probabilities pcopy pgauss prandom 0.4 0.4 0.2
2016-12-16 16:21:16,103 - SIMU: sigma 0.1
2016-12-16 16:21:16,104 - SIMU: -------------------
2016-12-16 16:21:16,104 - SIMU: Start :
2016-12-16 16:21:24,443 - SIMU: 1 generation ended 0.0
2016-12-16 16:21:24,449 - SIMU: SimulationFollowLightGen - applyVariation() : NEW RANDOM GENOME
2016-12-16 16:21:33,465 - SIMU: 2 generation ended 0.0
2016-12-16 16:21:42,131 - SIMU: 3 generation ended 0.557707490932
2016-12-16 16:21:50,898 - SIMU: 4 generation ended 0.264299341608
2016-12-16 16:21:58,849 - SIMU: 5 generation ended 0.0325374480702
2016-12-16 16:22:07,493 - SIMU: 6 generation ended 0.0222233275396
2016-12-16 16:22:16,359 - SIMU: 7 generation ended 0.0403063394901
2016-12-16 16:22:25,231 - SIMU: 8 generation ended 0.0343165037756
2016-12-16 16:22:25,237 - SIMU: SimulationFollowLightGen - applyVariation() : NEW RANDOM GENOME
2016-12-16 16:22:33,623 - SIMU: 9 generation ended 0.00711432710187
2016-12-16 16:22:42,423 - SIMU: 10 generation ended 0.0
2016-12-16 16:22:42,426 - SIMU: SimulationFollowLightGen - applyVariation() : NEW RANDOM GENOME
2016-12-16 16:22:50,629 - SIMU: 11 generation ended 0.0
2016-12-16 16:22:50,639 - SIMU: SimulationFollowLightGen - applyVariation() : NEW RANDOM GENOME
2016-12-16 16:22:58,950 - SIMU: 12 generation ended 0.0
2016-12-16 16:23:07,890 - SIMU: 13 generation ended 0.0
2016-12-16 16:23:16,213 - SIMU: 14 generation ended 0.0
2016-12-16 16:23:24,583 - SIMU: 15 generation ended 0.0
2016-12-16 16:23:32,950 - SIMU: 16 generation ended 0.0
2016-12-16 16:23:41,777 - SIMU: 17 generation ended 0.630741955684
2016-12-16 16:23:50,389 - SIMU: 18 generation ended 0.13226009467
2016-12-16 16:23:50,392 - SIMU: SimulationFollowLightGen - applyVariation() : NEW RANDOM GENOME
2016-12-16 16:23:58,718 - SIMU: 19 generation ended 0.0
2016-12-16 16:24:07,244 - SIMU: 20 generation ended 0.259326954954
2016-12-16 16:24:16,148 - SIMU: 21 generation ended 0.0181966538366
2016-12-16 16:24:24,439 - SIMU: 22 generation ended 0.0492029709065
2016-12-16 16:24:33,709 - SIMU: 23 generation ended 0.342991973556
2016-12-16 16:24:42,098 - SIMU: 24 generation ended 0.0860417621955
2016-12-16 16:24:50,770 - SIMU: 25 generation ended 0.359800855412
2016-12-16 16:24:59,069 - SIMU: 26 generation ended 0.22536183834
2016-12-16 16:25:07,675 - SIMU: 27 generation ended 0.17450725751
2016-12-16 16:25:16,268 - SIMU: 28 generation ended 0.259179954263
2016-12-16 16:25:16,271 - SIMU: SimulationFollowLightGen - applyVariation() : NEW RANDOM GENOME
2016-12-16 16:25:24,622 - SIMU: 29 generation ended 0.0
2016-12-16 16:25:33,464 - SIMU: 30 generation ended 0.0820063740424
2016-12-16 16:25:41,852 - SIMU: 31 generation ended 0.372711224095
2016-12-16 16:25:50,515 - SIMU: 32 generation ended 0.717867196128
2016-12-16 16:25:58,416 - SIMU: 33 generation ended 0.588242742082
2016-12-16 16:26:07,452 - SIMU: 34 generation ended 0.646408957377
2016-12-16 16:26:15,460 - SIMU: 35 generation ended 0.504947624353
2016-12-16 16:26:23,855 - SIMU: 36 generation ended 0.512964975545
2016-12-16 16:26:32,710 - SIMU: 37 generation ended 0.426401522924
2016-12-16 16:26:40,979 - SIMU: 38 generation ended 0.0335574863985
2016-12-16 16:26:49,207 - SIMU: 39 generation ended 0.025891735221
2016-12-16 16:26:57,951 - SIMU: 40 generation ended 0.251284603491
2016-12-16 16:27:06,453 - SIMU: 41 generation ended 0.221983547626
2016-12-16 16:27:14,807 - SIMU: 42 generation ended 0.513097334192
2016-12-16 16:27:23,842 - SIMU: 43 generation ended 0.562888034245
2016-12-16 16:27:32,574 - SIMU: 44 generation ended 0.360565991121
2016-12-16 16:27:41,063 - SIMU: 45 generation ended 0.4535011275
2016-12-16 16:27:49,795 - SIMU: 46 generation ended 0.417814784547
2016-12-16 16:27:58,293 - SIMU: 47 generation ended 0.58551365343
2016-12-16 16:28:06,429 - SIMU: 48 generation ended 0.405400146888
2016-12-16 16:28:14,855 - SIMU: 49 generation ended 0.692156790274
2016-12-16 16:28:23,231 - SIMU: 50 generation ended 0.103049048191
2016-12-16 16:28:31,684 - SIMU: 51 generation ended 0.541936861282
2016-12-16 16:28:40,199 - SIMU: 52 generation ended 0.54130060194
2016-12-16 16:28:48,696 - SIMU: 53 generation ended 0.644806891737
2016-12-16 16:28:56,973 - SIMU: 54 generation ended 0.310751542478
2016-12-16 16:29:05,613 - SIMU: 55 generation ended 0.336344543149
2016-12-16 16:29:14,287 - SIMU: 56 generation ended 0.464752754197
2016-12-16 16:29:22,582 - SIMU: 57 generation ended 0.724914643678
2016-12-16 16:29:30,819 - SIMU: 58 generation ended 0.434119126132
2016-12-16 16:29:39,582 - SIMU: 59 generation ended 0.0715163928112
2016-12-16 16:29:47,972 - SIMU: 60 generation ended 0.674209251456
2016-12-16 16:29:48,075 - SIMU: -------------------
2016-12-16 16:29:48,076 - SIMU: End :
2016-12-16 16:29:48,076 - SIMU: fitness_champion 0.674209251456
2016-12-16 16:29:48,077 - SIMU: champion [0.20784269744327438, -0.507674963326792, 1.0076306077721593, 0.4948026563926035, 0.7900332978668545, 0.34237873839084637, 0.1867798457406198, -0.7467282319410214, 1.3567475063214647, -0.7564793402848623, 0.174000992150557, -0.55953949491828, -0.24100197203912982, -1.531876535366712, 0.6266907433587282, -0.30271541936615043, -0.32660422206131434, 0.6139927392899939]
2016-12-16 16:29:48,077 - SIMU: ======================================
