2016-12-17 01:18:33,102 - DEBUG: MainController - Running.
2016-12-17 01:18:33,104 - DEBUG: CommandsListener - Waiting on accept...
2016-12-17 01:18:45,445 - DEBUG: CommandsListener - Received command from (192.168.0.210, 38644)
2016-12-17 01:18:45,446 - DEBUG: CommandsListener - Receiving command...
2016-12-17 01:18:45,449 - DEBUG: CommandsListener - Received <Utils.Message instance at 0x763de710>
2016-12-17 01:18:45,450 - DEBUG: CommandsListener - Transmitting command 5 to controller.
2016-12-17 01:18:45,451 - DEBUG: MainController - Command 5 received.
2016-12-17 01:18:45,452 - DEBUG: CommandsListener - Waiting on accept...
2016-12-17 01:18:45,470 - DEBUG: MainController - Treating command : 5
2016-12-17 01:18:45,471 - DEBUG: MainController - Setting simulation...
2016-12-17 01:18:51,742 - DEBUG: CommandsListener - Received command from (192.168.0.210, 38652)
2016-12-17 01:18:51,743 - DEBUG: CommandsListener - Receiving command...
2016-12-17 01:18:51,745 - DEBUG: CommandsListener - Received <Utils.Message instance at 0x763e0940>
2016-12-17 01:18:51,745 - DEBUG: CommandsListener - Transmitting command 0 to controller.
2016-12-17 01:18:51,746 - DEBUG: MainController - Command 0 received.
2016-12-17 01:18:51,747 - DEBUG: CommandsListener - Waiting on accept...
2016-12-17 01:18:51,787 - DEBUG: MainController - Treating command : 0
2016-12-17 01:18:51,788 - DEBUG: MainController - Loading simulation...
2016-12-17 01:18:51,789 - DEBUG: Params - Parsing configuration file.
2016-12-17 01:18:53,465 - CRITICAL: dbus.Array([dbus.String(u'thymio-II')], signature=dbus.Signature('s'))
2016-12-17 01:18:53,466 - DEBUG: ThymioController - Running.
2016-12-17 01:18:56,055 - SIMU: ======================================
2016-12-17 01:18:56,056 - SIMU: ====== SimulationFollowLightGenBis ======
2016-12-17 01:18:56,057 - SIMU: ======================================
2016-12-17 01:18:56,058 - SIMU: -------------------
2016-12-17 01:18:56,058 - SIMU: Parameters :
2016-12-17 01:18:56,059 - SIMU: duration 6000
2016-12-17 01:18:56,060 - SIMU: lifetime 60
2016-12-17 01:18:56,060 - SIMU: sleep 0.1
2016-12-17 01:18:56,061 - SIMU: windowSize 20
2016-12-17 01:18:56,062 - SIMU: probabilities pcopy pgauss prandom 0.4 0.4 0.2
2016-12-17 01:18:56,062 - SIMU: sigma 0.1
2016-12-17 01:18:56,063 - SIMU: -------------------
2016-12-17 01:18:56,063 - SIMU: Start :
2016-12-17 01:19:05,904 - SIMU: 0 generation ended 0.0955087958064
2016-12-17 01:19:15,877 - SIMU: 1 generation ended 0.385105499738
2016-12-17 01:19:25,960 - SIMU: 2 generation ended 0.0274647417195
2016-12-17 01:19:35,856 - SIMU: 3 generation ended 0.0930899643054
2016-12-17 01:19:35,928 - SIMU: SimulationFollowLightGen - applyVariation() : NEW RANDOM GENOME
2016-12-17 01:19:45,273 - SIMU: 4 generation ended 0.0
2016-12-17 01:19:56,158 - SIMU: 5 generation ended 0.389285126405
2016-12-17 01:20:05,238 - SIMU: 6 generation ended 0.584751377745
2016-12-17 01:20:15,723 - SIMU: 7 generation ended 0.371928597471
2016-12-17 01:20:25,528 - SIMU: 8 generation ended 0.506193361139
2016-12-17 01:20:25,536 - SIMU: SimulationFollowLightGen - applyVariation() : NEW RANDOM GENOME
2016-12-17 01:20:35,168 - SIMU: 9 generation ended 0.0
2016-12-17 01:20:45,610 - SIMU: 10 generation ended 0.300507265094
2016-12-17 01:20:55,779 - SIMU: 11 generation ended 0.428433342011
2016-12-17 01:21:05,025 - SIMU: 12 generation ended 0.415425902359
2016-12-17 01:21:15,317 - SIMU: 13 generation ended 0.611658611307
2016-12-17 01:21:25,153 - SIMU: 14 generation ended 0.32910430934
2016-12-17 01:21:34,583 - SIMU: 15 generation ended 0.171585087662
2016-12-17 01:21:34,593 - SIMU: SimulationFollowLightGen - applyVariation() : NEW RANDOM GENOME
2016-12-17 01:21:44,365 - SIMU: 16 generation ended 0.0
2016-12-17 01:21:54,432 - SIMU: 17 generation ended 0.213010528044
2016-12-17 01:22:04,130 - SIMU: 18 generation ended 0.488988995438
2016-12-17 01:22:14,545 - SIMU: 19 generation ended 0.547945853956
2016-12-17 01:22:24,567 - SIMU: 20 generation ended 0.344667829782
2016-12-17 01:22:34,423 - SIMU: 21 generation ended 0.543285164611
2016-12-17 01:22:44,291 - SIMU: 22 generation ended 0.258464872462
2016-12-17 01:22:54,643 - SIMU: 23 generation ended 0.539188271966
2016-12-17 01:23:04,638 - SIMU: 24 generation ended 0.438595748566
2016-12-17 01:23:14,067 - SIMU: 25 generation ended 0.205475042644
2016-12-17 01:23:24,330 - SIMU: 26 generation ended 0.164378275479
2016-12-17 01:23:34,460 - SIMU: 27 generation ended 0.0682419127416
2016-12-17 01:23:43,603 - SIMU: 28 generation ended 0.0666863914193
2016-12-17 01:23:53,041 - SIMU: 29 generation ended 0.0703735197646
2016-12-17 01:24:02,643 - SIMU: 30 generation ended 0.06518346381
2016-12-17 01:24:12,397 - SIMU: 31 generation ended 0.0646099798529
2016-12-17 01:24:22,013 - SIMU: 32 generation ended 0.0651503884834
2016-12-17 01:24:31,298 - SIMU: 33 generation ended 0.0593697740063
2016-12-17 01:24:40,902 - SIMU: 34 generation ended 0.0630704489719
2016-12-17 01:24:40,911 - SIMU: SimulationFollowLightGen - applyVariation() : NEW RANDOM GENOME
2016-12-17 01:24:50,685 - SIMU: 35 generation ended 0.028733376355
2016-12-17 01:25:00,317 - SIMU: 36 generation ended 0.0569420378214
2016-12-17 01:25:10,116 - SIMU: 37 generation ended 0.0542566925028
2016-12-17 01:25:19,878 - SIMU: 38 generation ended 0.0609894189559
2016-12-17 01:25:29,924 - SIMU: 39 generation ended 0.0595780832197
2016-12-17 01:25:39,720 - SIMU: 40 generation ended 0.0644548145205
2016-12-17 01:25:49,258 - SIMU: 41 generation ended 0.0608587958089
2016-12-17 01:25:58,685 - SIMU: 42 generation ended 0.0593475434703
2016-12-17 01:25:58,690 - SIMU: SimulationFollowLightGen - applyVariation() : NEW RANDOM GENOME
2016-12-17 01:26:07,541 - SIMU: 43 generation ended 0.0107706228732
2016-12-17 01:26:17,098 - SIMU: 44 generation ended 0.0576119212979
2016-12-17 01:26:27,336 - SIMU: 45 generation ended 0.0597409817904
2016-12-17 01:26:27,341 - SIMU: SimulationFollowLightGen - applyVariation() : NEW RANDOM GENOME
2016-12-17 01:26:37,061 - SIMU: 46 generation ended 0.0
2016-12-17 01:26:46,849 - SIMU: 47 generation ended 0.668687140384
2016-12-17 01:26:56,256 - SIMU: 48 generation ended 0.0686801172941
2016-12-17 01:26:56,263 - SIMU: SimulationFollowLightGen - applyVariation() : NEW RANDOM GENOME
2016-12-17 01:27:05,880 - SIMU: 49 generation ended 0.0102648622308
2016-12-17 01:27:15,290 - SIMU: 50 generation ended 0.0407409438488
2016-12-17 01:27:25,184 - SIMU: 51 generation ended 0.0663349034305
2016-12-17 01:27:34,661 - SIMU: 52 generation ended 0.0675954916178
2016-12-17 01:27:44,789 - SIMU: 53 generation ended 0.0684805632647
2016-12-17 01:27:54,325 - SIMU: 54 generation ended 0.0668617819802
2016-12-17 01:28:04,428 - SIMU: 55 generation ended 0.0702281784111
2016-12-17 01:28:14,960 - SIMU: 56 generation ended 0.0695435343291
2016-12-17 01:28:24,705 - SIMU: 57 generation ended 0.0699872827487
2016-12-17 01:28:34,767 - SIMU: 58 generation ended 0.0690243812161
2016-12-17 01:28:44,255 - SIMU: 59 generation ended 0.0679532211275
2016-12-17 01:28:53,692 - SIMU: 60 generation ended 0.0658671446888
2016-12-17 01:29:03,348 - SIMU: 61 generation ended 0.0689362957975
2016-12-17 01:29:13,443 - SIMU: 62 generation ended 0.065280557526
2016-12-17 01:29:23,622 - SIMU: 63 generation ended 0.0650911653682
2016-12-17 01:29:33,205 - SIMU: 64 generation ended 0.0679279714548
2016-12-17 01:29:43,198 - SIMU: 65 generation ended 0.0687065320193
2016-12-17 01:29:52,829 - SIMU: 66 generation ended 0.0667168760335
2016-12-17 01:30:02,651 - SIMU: 67 generation ended 0.0668693045153
2016-12-17 01:30:12,280 - SIMU: 68 generation ended 0.0667410479463
2016-12-17 01:30:21,857 - SIMU: 69 generation ended 0.0635657993169
2016-12-17 01:30:31,640 - SIMU: 70 generation ended 0.066666144032
2016-12-17 01:30:41,349 - SIMU: 71 generation ended 0.0664753085754
2016-12-17 01:30:50,824 - SIMU: 72 generation ended 0.0660896963599
2016-12-17 01:31:00,705 - SIMU: 73 generation ended 0.0636902432166
2016-12-17 01:31:10,219 - SIMU: 74 generation ended 0.0635690315539
2016-12-17 01:31:19,871 - SIMU: 75 generation ended 0.0587346216704
2016-12-17 01:31:29,258 - SIMU: 76 generation ended 0.0659685151366
2016-12-17 01:31:38,435 - SIMU: 77 generation ended 0.0592607372013
2016-12-17 01:31:47,866 - SIMU: 78 generation ended 0.0590693283018
2016-12-17 01:31:57,531 - SIMU: 79 generation ended 0.0596156987318
2016-12-17 01:32:07,223 - SIMU: 80 generation ended 0.0593381371774
2016-12-17 01:32:16,664 - SIMU: 81 generation ended 0.0550184416293
2016-12-17 01:32:26,578 - SIMU: 82 generation ended 0.0602643778125
2016-12-17 01:32:36,052 - SIMU: 83 generation ended 0.0527393696508
2016-12-17 01:32:46,196 - SIMU: 84 generation ended 0.0588995148505
2016-12-17 01:32:56,141 - SIMU: 85 generation ended 0.0584014230332
2016-12-17 01:33:05,862 - SIMU: 86 generation ended 0.0630641662358
2016-12-17 01:33:15,585 - SIMU: 87 generation ended 0.0583189875776
2016-12-17 01:33:25,449 - SIMU: 88 generation ended 0.0622667434839
2016-12-17 01:33:35,168 - SIMU: 89 generation ended 0.0485178989549
2016-12-17 01:33:44,971 - SIMU: 90 generation ended 0.0622801917266
2016-12-17 01:33:54,759 - SIMU: 91 generation ended 0.0440650932069
2016-12-17 01:34:04,497 - SIMU: 92 generation ended 0.0631046683842
2016-12-17 01:34:15,067 - SIMU: 93 generation ended 0.046213295286
2016-12-17 01:34:25,077 - SIMU: 94 generation ended 0.0657276323395
2016-12-17 01:34:34,661 - SIMU: 95 generation ended 0.0647879294765
2016-12-17 01:34:44,701 - SIMU: 96 generation ended 0.0634571772386
2016-12-17 01:34:54,535 - SIMU: 97 generation ended 0.0653189692893
2016-12-17 01:35:04,554 - SIMU: 98 generation ended 0.0632908255092
2016-12-17 01:35:14,515 - SIMU: 99 generation ended 0.0641256707609
2016-12-17 01:35:23,749 - SIMU: 100 generation ended 0.0658649067798
2016-12-17 01:35:23,879 - SIMU: -------------------
2016-12-17 01:35:23,882 - SIMU: End :
2016-12-17 01:35:23,883 - SIMU: fitness_champion 0.0658649067798
2016-12-17 01:35:23,885 - SIMU: champion [0.2991360583358803, -0.3423612304995223, 0.6742846067367338, 1.2301113405352013, 1.1497361888044393, -0.6257601703767456, -0.9230180653456046, -1.2818782440151004, 1.8703332162906694, -0.7325994406675017, 0.8106905068176667, 1.1252196322386412, 0.47788628162141567, -0.12195196258685816, -0.03563877805293615, 1.1723467359727786, 0.692122869512857, 0.7715532021490703]
2016-12-17 01:35:23,887 - SIMU: ======================================
2016-12-17 01:35:29,796 - ERROR: MainController - Request for simulation stop while no simulation started.
2016-12-17 01:35:32,412 - ERROR: MainController - Request for simulation stop while no simulation started.
