2016-12-17 00:19:06,629 - DEBUG: MainController - Running.
2016-12-17 00:19:06,631 - DEBUG: CommandsListener - Waiting on accept...
2016-12-17 00:19:18,932 - DEBUG: CommandsListener - Received command from (192.168.0.210, 48793)
2016-12-17 00:19:18,933 - DEBUG: CommandsListener - Receiving command...
2016-12-17 00:19:18,937 - DEBUG: CommandsListener - Received <Utils.Message instance at 0x763a5710>
2016-12-17 00:19:18,938 - DEBUG: CommandsListener - Transmitting command 5 to controller.
2016-12-17 00:19:18,939 - DEBUG: MainController - Command 5 received.
2016-12-17 00:19:18,939 - DEBUG: CommandsListener - Waiting on accept...
2016-12-17 00:19:18,948 - DEBUG: MainController - Treating command : 5
2016-12-17 00:19:18,949 - DEBUG: MainController - Setting simulation...
2016-12-17 00:19:25,230 - DEBUG: CommandsListener - Received command from (192.168.0.210, 48801)
2016-12-17 00:19:25,231 - DEBUG: CommandsListener - Receiving command...
2016-12-17 00:19:25,233 - DEBUG: CommandsListener - Received <Utils.Message instance at 0x763a7940>
2016-12-17 00:19:25,234 - DEBUG: CommandsListener - Transmitting command 0 to controller.
2016-12-17 00:19:25,234 - DEBUG: MainController - Command 0 received.
2016-12-17 00:19:25,235 - DEBUG: CommandsListener - Waiting on accept...
2016-12-17 00:19:25,265 - DEBUG: MainController - Treating command : 0
2016-12-17 00:19:25,266 - DEBUG: MainController - Loading simulation...
2016-12-17 00:19:25,267 - DEBUG: Params - Parsing configuration file.
2016-12-17 00:19:27,448 - CRITICAL: dbus.Array([dbus.String(u'thymio-II')], signature=dbus.Signature('s'))
2016-12-17 00:19:27,451 - DEBUG: ThymioController - Running.
2016-12-17 00:19:30,060 - SIMU: ======================================
2016-12-17 00:19:30,061 - SIMU: ====== SimulationFollowLightGenBis ======
2016-12-17 00:19:30,062 - SIMU: ======================================
2016-12-17 00:19:30,062 - SIMU: -------------------
2016-12-17 00:19:30,063 - SIMU: Parameters :
2016-12-17 00:19:30,064 - SIMU: duration 6000
2016-12-17 00:19:30,064 - SIMU: lifetime 60
2016-12-17 00:19:30,065 - SIMU: sleep 0.1
2016-12-17 00:19:30,066 - SIMU: windowSize 20
2016-12-17 00:19:30,066 - SIMU: probabilities pcopy pgauss prandom 0.4 0.4 0.2
2016-12-17 00:19:30,067 - SIMU: sigma 0.1
2016-12-17 00:19:30,068 - SIMU: -------------------
2016-12-17 00:19:30,068 - SIMU: Start :
2016-12-17 00:19:39,388 - SIMU: 0 generation ended 0.439825379306
2016-12-17 00:19:49,305 - SIMU: 1 generation ended 0.357003926424
2016-12-17 00:19:59,495 - SIMU: 2 generation ended 0.302117607053
2016-12-17 00:20:09,354 - SIMU: 3 generation ended 0.134667954916
2016-12-17 00:20:18,761 - SIMU: 4 generation ended 0.231930450438
2016-12-17 00:20:29,682 - SIMU: 5 generation ended 0.612002742139
2016-12-17 00:20:29,689 - SIMU: SimulationFollowLightGen - applyVariation() : NEW RANDOM GENOME
2016-12-17 00:20:38,736 - SIMU: 6 generation ended 0.0
2016-12-17 00:20:49,237 - SIMU: 7 generation ended 0.318507257287
2016-12-17 00:20:58,979 - SIMU: 8 generation ended 0.30271915331
2016-12-17 00:21:08,693 - SIMU: 9 generation ended 0.237502919633
2016-12-17 00:21:18,984 - SIMU: 10 generation ended 0.171661436271
2016-12-17 00:21:29,213 - SIMU: 11 generation ended 0.115273573371
2016-12-17 00:21:38,614 - SIMU: 12 generation ended 0.419074516979
2016-12-17 00:21:48,808 - SIMU: 13 generation ended 0.180063136043
2016-12-17 00:21:58,526 - SIMU: 14 generation ended 0.0209357993537
2016-12-17 00:22:08,035 - SIMU: 15 generation ended 0.0255825326507
2016-12-17 00:22:17,981 - SIMU: 16 generation ended 0.0368003312647
2016-12-17 00:22:27,822 - SIMU: 17 generation ended 0.142972885767
2016-12-17 00:22:37,548 - SIMU: 18 generation ended 0.0800027698643
2016-12-17 00:22:48,274 - SIMU: 19 generation ended 0.224367533822
2016-12-17 00:22:58,107 - SIMU: 20 generation ended 0.195583362278
2016-12-17 00:22:58,112 - SIMU: SimulationFollowLightGen - applyVariation() : NEW RANDOM GENOME
2016-12-17 00:23:07,832 - SIMU: 21 generation ended 0.0375669440486
2016-12-17 00:23:07,844 - SIMU: SimulationFollowLightGen - applyVariation() : NEW RANDOM GENOME
2016-12-17 00:23:17,689 - SIMU: 22 generation ended 0.278412934224
2016-12-17 00:23:17,695 - SIMU: SimulationFollowLightGen - applyVariation() : NEW RANDOM GENOME
2016-12-17 00:23:27,957 - SIMU: 23 generation ended 0.00431030200562
2016-12-17 00:23:38,036 - SIMU: 24 generation ended 0.385069049434
2016-12-17 00:23:38,049 - SIMU: SimulationFollowLightGen - applyVariation() : NEW RANDOM GENOME
2016-12-17 00:23:47,594 - SIMU: 25 generation ended 0.365075817506
2016-12-17 00:23:57,550 - SIMU: 26 generation ended 0.39627655356
2016-12-17 00:24:07,905 - SIMU: 27 generation ended 0.514367701889
2016-12-17 00:24:17,245 - SIMU: 28 generation ended 0.0710408221413
2016-12-17 00:24:26,622 - SIMU: 29 generation ended 0.0431568681184
2016-12-17 00:24:36,200 - SIMU: 30 generation ended 0.00251364182656
2016-12-17 00:24:45,813 - SIMU: 31 generation ended 0.0706322727314
2016-12-17 00:24:55,570 - SIMU: 32 generation ended 0.0474178807446
2016-12-17 00:25:04,978 - SIMU: 33 generation ended 0.0351118605301
2016-12-17 00:25:04,984 - SIMU: SimulationFollowLightGen - applyVariation() : NEW RANDOM GENOME
2016-12-17 00:25:14,486 - SIMU: 34 generation ended 0.0
2016-12-17 00:25:24,321 - SIMU: 35 generation ended 0.0268503041328
2016-12-17 00:25:33,820 - SIMU: 36 generation ended 0.0332725662431
2016-12-17 00:25:43,743 - SIMU: 37 generation ended 0.0343593232213
2016-12-17 00:25:53,371 - SIMU: 38 generation ended 0.047530630154
2016-12-17 00:26:03,507 - SIMU: 39 generation ended 0.057702587306
2016-12-17 00:26:13,201 - SIMU: 40 generation ended 0.0601533382623
2016-12-17 00:26:22,688 - SIMU: 41 generation ended 0.0620299886195
2016-12-17 00:26:32,151 - SIMU: 42 generation ended 0.0749842505799
2016-12-17 00:26:41,075 - SIMU: 43 generation ended 0.0747593999997
2016-12-17 00:26:50,581 - SIMU: 44 generation ended 0.0765942605462
2016-12-17 00:26:50,585 - SIMU: SimulationFollowLightGen - applyVariation() : NEW RANDOM GENOME
2016-12-17 00:27:00,905 - SIMU: 45 generation ended 0.0
2016-12-17 00:27:10,668 - SIMU: 46 generation ended 0.0735561653406
2016-12-17 00:27:20,461 - SIMU: 47 generation ended 0.076874297186
2016-12-17 00:27:29,890 - SIMU: 48 generation ended 0.0760676493802
2016-12-17 00:27:39,288 - SIMU: 49 generation ended 0.0770877976574
2016-12-17 00:27:48,727 - SIMU: 50 generation ended 0.0766889857654
2016-12-17 00:27:58,608 - SIMU: 51 generation ended 0.0394870170662
2016-12-17 00:28:08,005 - SIMU: 52 generation ended 0.0759384560995
2016-12-17 00:28:18,202 - SIMU: 53 generation ended 0.0208498789956
2016-12-17 00:28:27,661 - SIMU: 54 generation ended 0.0753529550152
2016-12-17 00:28:37,919 - SIMU: 55 generation ended 0.0760388137886
2016-12-17 00:28:48,482 - SIMU: 56 generation ended 0.0756041363035
2016-12-17 00:28:58,046 - SIMU: 57 generation ended 0.0739841331609
2016-12-17 00:29:08,369 - SIMU: 58 generation ended 0.0735169021092
2016-12-17 00:29:17,724 - SIMU: 59 generation ended 0.0733845350512
2016-12-17 00:29:27,260 - SIMU: 60 generation ended 0.071028995418
2016-12-17 00:29:36,748 - SIMU: 61 generation ended 0.0678847350192
2016-12-17 00:29:46,889 - SIMU: 62 generation ended 0.0705118570807
2016-12-17 00:29:57,013 - SIMU: 63 generation ended 0.0664953358293
2016-12-17 00:30:06,744 - SIMU: 64 generation ended 0.0692623061391
2016-12-17 00:30:16,729 - SIMU: 65 generation ended 0.0652239093161
2016-12-17 00:30:26,280 - SIMU: 66 generation ended 0.064170119059
2016-12-17 00:30:36,104 - SIMU: 67 generation ended 0.0628413862733
2016-12-17 00:30:45,784 - SIMU: 68 generation ended 0.0609988977638
2016-12-17 00:30:55,380 - SIMU: 69 generation ended 0.0589702265387
2016-12-17 00:31:04,939 - SIMU: 70 generation ended 0.055969810223
2016-12-17 00:31:14,836 - SIMU: 71 generation ended 0.0494420327714
2016-12-17 00:31:24,428 - SIMU: 72 generation ended 0.0440304373839
2016-12-17 00:31:34,185 - SIMU: 73 generation ended 0.0455491295268
2016-12-17 00:31:43,724 - SIMU: 74 generation ended 0.0591909478003
2016-12-17 00:31:53,200 - SIMU: 75 generation ended 0.0765421939417
2016-12-17 00:32:02,814 - SIMU: 76 generation ended 0.0790645997784
2016-12-17 00:32:11,912 - SIMU: 77 generation ended 0.609091776631
2016-12-17 00:32:21,375 - SIMU: 78 generation ended 0.320039702874
2016-12-17 00:32:31,061 - SIMU: 79 generation ended 0.0388932358477
2016-12-17 00:32:40,789 - SIMU: 80 generation ended 0.0358283543923
2016-12-17 00:32:50,196 - SIMU: 81 generation ended 0.0331237672098
2016-12-17 00:33:00,028 - SIMU: 82 generation ended 0.0374427071242
2016-12-17 00:33:09,683 - SIMU: 83 generation ended 0.0404436973814
2016-12-17 00:33:19,808 - SIMU: 84 generation ended 0.0392026831433
2016-12-17 00:33:29,533 - SIMU: 85 generation ended 0.0395049278036
2016-12-17 00:33:39,599 - SIMU: 86 generation ended 0.0378745468523
2016-12-17 00:33:48,962 - SIMU: 87 generation ended 0.0383705260676
2016-12-17 00:33:58,922 - SIMU: 88 generation ended 0.0357371474538
2016-12-17 00:34:08,675 - SIMU: 89 generation ended 0.0361236917735
2016-12-17 00:34:18,477 - SIMU: 90 generation ended 0.0408724263192
2016-12-17 00:34:28,203 - SIMU: 91 generation ended 0.675575234513
2016-12-17 00:34:37,926 - SIMU: 92 generation ended 0.626514481118
2016-12-17 00:34:48,524 - SIMU: 93 generation ended 0.3680340332
2016-12-17 00:34:58,524 - SIMU: 94 generation ended 0.0512829812157
2016-12-17 00:35:08,082 - SIMU: 95 generation ended 0.715476036495
2016-12-17 00:35:17,953 - SIMU: 96 generation ended 0.0453647136202
2016-12-17 00:35:27,940 - SIMU: 97 generation ended 0.0478369896068
2016-12-17 00:35:38,038 - SIMU: 98 generation ended 0.0557605575809
2016-12-17 00:35:47,957 - SIMU: 99 generation ended 0.0819573642709
2016-12-17 00:35:57,239 - SIMU: 100 generation ended 0.0547579109671
2016-12-17 00:35:57,348 - SIMU: -------------------
2016-12-17 00:35:57,351 - SIMU: End :
2016-12-17 00:35:57,352 - SIMU: fitness_champion 0.0547579109671
2016-12-17 00:35:57,354 - SIMU: champion [0.2991360583358803, -0.3423612304995223, 0.6742846067367338, 1.2301113405352013, 1.1497361888044393, -0.6257601703767456, -0.9230180653456046, -1.2818782440151004, 1.8703332162906694, -0.7325994406675017, 0.8106905068176667, 1.1252196322386412, 0.47788628162141567, -0.12195196258685816, -0.03563877805293615, 1.1723467359727786, 0.692122869512857, 0.7715532021490703]
2016-12-17 00:35:57,355 - SIMU: ======================================
2016-12-17 00:36:03,313 - ERROR: MainController - Request for simulation stop while no simulation started.
2016-12-17 00:36:05,929 - ERROR: MainController - Request for simulation stop while no simulation started.
