2016-12-16 23:22:41,707 - DEBUG: MainController - Running.
2016-12-16 23:22:41,708 - DEBUG: CommandsListener - Waiting on accept...
2016-12-16 23:22:49,199 - DEBUG: CommandsListener - Received command from (192.168.0.210, 38259)
2016-12-16 23:22:49,200 - DEBUG: CommandsListener - Receiving command...
2016-12-16 23:22:49,203 - DEBUG: CommandsListener - Received <Utils.Message instance at 0x763dd710>
2016-12-16 23:22:49,204 - DEBUG: CommandsListener - Transmitting command 5 to controller.
2016-12-16 23:22:49,205 - DEBUG: MainController - Command 5 received.
2016-12-16 23:22:49,205 - DEBUG: CommandsListener - Waiting on accept...
2016-12-16 23:22:49,224 - DEBUG: MainController - Treating command : 5
2016-12-16 23:22:49,225 - DEBUG: MainController - Setting simulation...
2016-12-16 23:22:55,144 - DEBUG: CommandsListener - Received command from (192.168.0.210, 38268)
2016-12-16 23:22:55,145 - DEBUG: CommandsListener - Receiving command...
2016-12-16 23:22:55,146 - DEBUG: CommandsListener - Received <Utils.Message instance at 0x763df940>
2016-12-16 23:22:55,147 - DEBUG: CommandsListener - Transmitting command 0 to controller.
2016-12-16 23:22:55,148 - DEBUG: MainController - Command 0 received.
2016-12-16 23:22:55,148 - DEBUG: CommandsListener - Waiting on accept...
2016-12-16 23:22:55,193 - DEBUG: MainController - Treating command : 0
2016-12-16 23:22:55,193 - DEBUG: MainController - Loading simulation...
2016-12-16 23:22:55,194 - DEBUG: Params - Parsing configuration file.
2016-12-16 23:22:55,920 - CRITICAL: dbus.Array([dbus.String(u'thymio-II')], signature=dbus.Signature('s'))
2016-12-16 23:22:55,922 - DEBUG: ThymioController - Running.
2016-12-16 23:22:58,344 - SIMU: ======================================
2016-12-16 23:22:58,345 - SIMU: ====== SimulationFollowLightGenBis ======
2016-12-16 23:22:58,346 - SIMU: ======================================
2016-12-16 23:22:58,346 - SIMU: -------------------
2016-12-16 23:22:58,347 - SIMU: Parameters :
2016-12-16 23:22:58,348 - SIMU: duration 6000
2016-12-16 23:22:58,348 - SIMU: lifetime 60
2016-12-16 23:22:58,349 - SIMU: sleep 0.1
2016-12-16 23:22:58,350 - SIMU: windowSize 20
2016-12-16 23:22:58,350 - SIMU: probabilities pcopy pgauss prandom 0.4 0.4 0.2
2016-12-16 23:22:58,351 - SIMU: sigma 0.1
2016-12-16 23:22:58,352 - SIMU: -------------------
2016-12-16 23:22:58,352 - SIMU: Start :
2016-12-16 23:23:08,404 - SIMU: 0 generation ended 0.490700086054
2016-12-16 23:23:08,411 - SIMU: SimulationFollowLightGen - applyVariation() : NEW RANDOM GENOME
2016-12-16 23:23:18,627 - SIMU: 1 generation ended 0.0526680625924
2016-12-16 23:23:18,635 - SIMU: SimulationFollowLightGen - applyVariation() : NEW RANDOM GENOME
2016-12-16 23:23:28,657 - SIMU: 2 generation ended 0.299657393425
2016-12-16 23:23:28,663 - SIMU: SimulationFollowLightGen - applyVariation() : NEW RANDOM GENOME
2016-12-16 23:23:38,756 - SIMU: 3 generation ended 0.0
2016-12-16 23:23:48,786 - SIMU: 4 generation ended 0.108692751815
2016-12-16 23:23:59,089 - SIMU: 5 generation ended 0.0698342415875
2016-12-16 23:24:08,872 - SIMU: 6 generation ended 0.109291261613
2016-12-16 23:24:19,287 - SIMU: 7 generation ended 0.0831531629336
2016-12-16 23:24:19,335 - SIMU: SimulationFollowLightGen - applyVariation() : NEW RANDOM GENOME
2016-12-16 23:24:29,027 - SIMU: 8 generation ended 0.42085876994
2016-12-16 23:24:39,434 - SIMU: 9 generation ended 0.317422432777
2016-12-16 23:24:49,832 - SIMU: 10 generation ended 0.526073462425
2016-12-16 23:25:00,410 - SIMU: 11 generation ended 0.154321824285
2016-12-16 23:25:10,420 - SIMU: 12 generation ended 0.0242772998054
2016-12-16 23:25:20,343 - SIMU: 13 generation ended 0.335103660248
2016-12-16 23:25:30,442 - SIMU: 14 generation ended 0.372100465329
2016-12-16 23:25:40,043 - SIMU: 15 generation ended 0.377133338456
2016-12-16 23:25:50,581 - SIMU: 16 generation ended 0.279399912583
2016-12-16 23:26:02,860 - SIMU: 17 generation ended 0.164172448524
2016-12-16 23:26:12,404 - SIMU: 18 generation ended 0.340388115855
2016-12-16 23:26:22,096 - SIMU: 19 generation ended 0.569085475459
2016-12-16 23:26:31,953 - SIMU: 20 generation ended 0.344290124406
2016-12-16 23:26:42,444 - SIMU: 21 generation ended 0.0
2016-12-16 23:26:53,206 - SIMU: 22 generation ended 0.264512715584
2016-12-16 23:27:04,459 - SIMU: 23 generation ended 0.568331363599
2016-12-16 23:27:14,387 - SIMU: 24 generation ended 0.284725098145
2016-12-16 23:27:24,756 - SIMU: 25 generation ended 0.598886727189
2016-12-16 23:27:34,999 - SIMU: 26 generation ended 0.446280856532
2016-12-16 23:27:45,428 - SIMU: 27 generation ended 0.515193850394
2016-12-16 23:27:56,629 - SIMU: 28 generation ended 0.571222336775
2016-12-16 23:28:07,172 - SIMU: 29 generation ended 0.0
2016-12-16 23:28:17,224 - SIMU: 30 generation ended 0.0
2016-12-16 23:28:27,331 - SIMU: 31 generation ended 0.0
2016-12-16 23:28:27,341 - SIMU: SimulationFollowLightGen - applyVariation() : NEW RANDOM GENOME
2016-12-16 23:28:37,024 - SIMU: 32 generation ended 0.0065659595334
2016-12-16 23:28:46,915 - SIMU: 33 generation ended 0.569238866561
2016-12-16 23:28:56,606 - SIMU: 34 generation ended 0.679539627896
2016-12-16 23:29:06,617 - SIMU: 35 generation ended 0.544371064049
2016-12-16 23:29:16,692 - SIMU: 36 generation ended 0.327534807912
2016-12-16 23:29:27,134 - SIMU: 37 generation ended 0.458417444158
2016-12-16 23:29:37,120 - SIMU: 38 generation ended 0.056322296842
2016-12-16 23:29:37,171 - SIMU: SimulationFollowLightGen - applyVariation() : NEW RANDOM GENOME
2016-12-16 23:29:46,449 - SIMU: 39 generation ended 0.0
2016-12-16 23:29:56,641 - SIMU: 40 generation ended 0.177820264217
2016-12-16 23:30:06,902 - SIMU: 41 generation ended 0.0
2016-12-16 23:30:06,905 - SIMU: SimulationFollowLightGen - applyVariation() : NEW RANDOM GENOME
2016-12-16 23:30:16,249 - SIMU: 42 generation ended 0.0
2016-12-16 23:30:26,460 - SIMU: 43 generation ended 0.373562358512
2016-12-16 23:30:36,063 - SIMU: 44 generation ended 0.580924522231
2016-12-16 23:30:46,717 - SIMU: 45 generation ended 0.200416909589
2016-12-16 23:30:57,737 - SIMU: 46 generation ended 0.189534286255
2016-12-16 23:31:07,525 - SIMU: 47 generation ended 0.0
2016-12-16 23:31:17,718 - SIMU: 48 generation ended 0.0563633031163
2016-12-16 23:31:28,166 - SIMU: 49 generation ended 0.588227466716
2016-12-16 23:31:28,169 - SIMU: SimulationFollowLightGen - applyVariation() : NEW RANDOM GENOME
2016-12-16 23:31:37,949 - SIMU: 50 generation ended 0.35256180475
2016-12-16 23:31:49,111 - SIMU: 51 generation ended 0.568832978225
2016-12-16 23:31:58,556 - SIMU: 52 generation ended 0.317640361127
2016-12-16 23:32:08,408 - SIMU: 53 generation ended 0.621208361231
2016-12-16 23:32:18,517 - SIMU: 54 generation ended 0.0646646384898
2016-12-16 23:32:28,375 - SIMU: 55 generation ended 0.0136048063932
2016-12-16 23:32:38,369 - SIMU: 56 generation ended 0.6075163532
2016-12-16 23:32:48,488 - SIMU: 57 generation ended 0.366286061334
2016-12-16 23:32:58,190 - SIMU: 58 generation ended 0.337161708814
2016-12-16 23:33:08,770 - SIMU: 59 generation ended 0.112072523899
2016-12-16 23:33:19,814 - SIMU: 60 generation ended 0.470896238909
2016-12-16 23:33:30,105 - SIMU: 61 generation ended 0.72042209075
2016-12-16 23:33:40,444 - SIMU: 62 generation ended 0.207081168191
2016-12-16 23:33:49,736 - SIMU: 63 generation ended 0.341185153365
2016-12-16 23:34:00,198 - SIMU: 64 generation ended 0.734466890125
2016-12-16 23:34:11,684 - SIMU: 65 generation ended 0.578098374507
2016-12-16 23:34:22,103 - SIMU: 66 generation ended 0.54667737062
2016-12-16 23:34:32,459 - SIMU: 67 generation ended 0.518837390112
2016-12-16 23:34:42,822 - SIMU: 68 generation ended 0.668570028012
2016-12-16 23:34:52,918 - SIMU: 69 generation ended 0.576153080155
2016-12-16 23:35:03,842 - SIMU: 70 generation ended 0.741115848293
2016-12-16 23:35:14,501 - SIMU: 71 generation ended 0.492866085938
2016-12-16 23:35:25,030 - SIMU: 72 generation ended 0.417053885754
2016-12-16 23:35:35,431 - SIMU: 73 generation ended 0.603460996816
2016-12-16 23:35:45,754 - SIMU: 74 generation ended 0.668702827501
2016-12-16 23:35:56,211 - SIMU: 75 generation ended 0.487392940383
2016-12-16 23:36:06,949 - SIMU: 76 generation ended 0.57488372987
2016-12-16 23:36:17,718 - SIMU: 77 generation ended 0.387573579836
2016-12-16 23:36:28,111 - SIMU: 78 generation ended 0.215102940073
2016-12-16 23:36:38,625 - SIMU: 79 generation ended 0.271202848482
2016-12-16 23:36:49,239 - SIMU: 80 generation ended 0.528287600254
2016-12-16 23:37:00,302 - SIMU: 81 generation ended 0.671603583104
2016-12-16 23:37:11,158 - SIMU: 82 generation ended 0.514475608948
2016-12-16 23:37:21,226 - SIMU: 83 generation ended 0.394511251026
2016-12-16 23:37:31,945 - SIMU: 84 generation ended 0.78296218508
2016-12-16 23:37:42,143 - SIMU: 85 generation ended 0.538375023173
2016-12-16 23:37:52,734 - SIMU: 86 generation ended 0.421311440284
2016-12-16 23:38:03,478 - SIMU: 87 generation ended 0.675035870794
2016-12-16 23:38:13,944 - SIMU: 88 generation ended 0.460658641059
2016-12-16 23:38:24,013 - SIMU: 89 generation ended 0.668349044085
2016-12-16 23:38:34,750 - SIMU: 90 generation ended 0.633296686399
2016-12-16 23:38:45,494 - SIMU: 91 generation ended 0.62937991343
2016-12-16 23:38:56,821 - SIMU: 92 generation ended 0.553368689327
2016-12-16 23:39:06,787 - SIMU: 93 generation ended 0.629456947071
2016-12-16 23:39:17,396 - SIMU: 94 generation ended 0.754581497015
2016-12-16 23:39:28,036 - SIMU: 95 generation ended 0.732812059458
2016-12-16 23:39:38,084 - SIMU: 96 generation ended 0.814586208613
2016-12-16 23:39:48,269 - SIMU: 97 generation ended 0.680270466957
2016-12-16 23:39:58,949 - SIMU: 98 generation ended 0.708801037876
2016-12-16 23:40:09,119 - SIMU: 99 generation ended 0.767645235779
2016-12-16 23:40:19,497 - SIMU: 100 generation ended 0.68346536276
2016-12-16 23:40:19,604 - SIMU: -------------------
2016-12-16 23:40:19,606 - SIMU: End :
2016-12-16 23:40:19,606 - SIMU: fitness_champion 0.68346536276
2016-12-16 23:40:19,608 - SIMU: champion [-0.4093773957860157, 1.6470325577087668, -0.41264787789871016, -2.5281619801821864, -1.2727378498835036, 0.14530997755655192, 0.014582776459083499, -0.21996389016469522, 1.4243017428318692, -0.6256853006131226, 1.380023415029036, 1.3165304139807672, 0.37116686699523627, 0.11328169844720215, -0.6569535762114569, 0.23053570871658735, 0.0454342729931818, 1.4950093521375636]
2016-12-16 23:40:19,612 - SIMU: ======================================
2016-12-16 23:41:39,360 - ERROR: MainController - Request for simulation stop while no simulation started.
2016-12-16 23:41:41,726 - ERROR: MainController - Request for simulation stop while no simulation started.
