ROBOT 2
2016-12-17 01:22:52,740 - SIMU: ======================================
2016-12-17 01:22:52,742 - SIMU: ====== SimulationFollowLightGenBis ======
2016-12-17 01:22:52,743 - SIMU: ======================================
2016-12-17 01:22:52,744 - SIMU: -------------------
2016-12-17 01:22:52,746 - SIMU: Parameters :
2016-12-17 01:22:52,748 - SIMU: duration 3000
2016-12-17 01:22:52,749 - SIMU: lifetime 60
2016-12-17 01:22:52,751 - SIMU: sleep 0.1
2016-12-17 01:22:52,752 - SIMU: windowSize 20
2016-12-17 01:22:52,753 - SIMU: probabilities pcopy pgauss prandom 0.4 0.4 0.2
2016-12-17 01:22:52,755 - SIMU: sigma 0.1
2016-12-17 01:22:52,756 - SIMU: -------------------
2016-12-17 01:22:52,758 - SIMU: Start :
2016-12-17 01:23:03,956 - SIMU: 1 generation ended 0.0
2016-12-17 01:23:13,943 - SIMU: 2 generation ended 0.410628980172
2016-12-17 01:23:23,436 - SIMU: 3 generation ended 0.0
2016-12-17 01:23:32,141 - SIMU: 4 generation ended 0.0
2016-12-17 01:23:41,597 - SIMU: 5 generation ended 0.0
2016-12-17 01:23:50,468 - SIMU: 6 generation ended 0.0
2016-12-17 01:24:00,486 - SIMU: 7 generation ended 0.0
2016-12-17 01:24:09,809 - SIMU: 8 generation ended 0.0
2016-12-17 01:24:19,143 - SIMU: 9 generation ended 0.0
2016-12-17 01:24:28,476 - SIMU: 10 generation ended 0.0853545567824
2016-12-17 01:24:39,370 - SIMU: 11 generation ended 0.0287522921737
2016-12-17 01:24:49,963 - SIMU: 12 generation ended 0.221737494005
2016-12-17 01:25:00,062 - SIMU: 13 generation ended 0.234703164117
2016-12-17 01:25:10,307 - SIMU: 14 generation ended 0.127927576579
2016-12-17 01:25:19,513 - SIMU: 15 generation ended 0.0
2016-12-17 01:25:28,537 - SIMU: 16 generation ended 0.0
2016-12-17 01:25:38,052 - SIMU: 17 generation ended 0.207852353967
2016-12-17 01:25:38,061 - SIMU: SimulationFollowLightGen - applyVariation() : NEW RANDOM GENOME
2016-12-17 01:25:47,265 - SIMU: 18 generation ended 0.0
2016-12-17 01:25:57,025 - SIMU: 19 generation ended 0.0
2016-12-17 01:26:06,547 - SIMU: 20 generation ended 0.011198135152
2016-12-17 01:26:17,284 - SIMU: 21 generation ended 0.514463948223
2016-12-17 01:26:26,418 - SIMU: 22 generation ended 0.0212119253329
2016-12-17 01:26:36,370 - SIMU: 23 generation ended 0.0146496484544
2016-12-17 01:26:46,115 - SIMU: 24 generation ended 0.00212054097836
2016-12-17 01:26:56,202 - SIMU: 25 generation ended 0.271452962678
2016-12-17 01:26:56,211 - SIMU: SimulationFollowLightGen - applyVariation() : NEW RANDOM GENOME
2016-12-17 01:27:06,595 - SIMU: 26 generation ended 0.0
2016-12-17 01:27:15,976 - SIMU: 27 generation ended 0.309470617999
2016-12-17 01:27:25,780 - SIMU: 28 generation ended 0.621164870383
2016-12-17 01:27:35,706 - SIMU: 29 generation ended 0.0651270714443
2016-12-17 01:27:45,696 - SIMU: 30 generation ended 0.60586245827
2016-12-17 01:27:45,715 - SIMU: SimulationFollowLightGen - applyVariation() : NEW RANDOM GENOME
2016-12-17 01:27:56,232 - SIMU: 31 generation ended 0.0
2016-12-17 01:28:06,036 - SIMU: 32 generation ended 0.389645816488
2016-12-17 01:28:16,102 - SIMU: 33 generation ended 0.23578106317
2016-12-17 01:28:26,650 - SIMU: 34 generation ended 0.461733301683
2016-12-17 01:28:37,016 - SIMU: 35 generation ended 0.367040170141
2016-12-17 01:28:46,666 - SIMU: 36 generation ended 0.103121566467
2016-12-17 01:28:56,636 - SIMU: 37 generation ended 0.304151566336
2016-12-17 01:29:06,237 - SIMU: 38 generation ended 0.577220237178
2016-12-17 01:29:17,592 - SIMU: 39 generation ended 0.683951824735
2016-12-17 01:29:27,915 - SIMU: 40 generation ended 0.657458013603
2016-12-17 01:29:38,138 - SIMU: 41 generation ended 0.560618492949
2016-12-17 01:29:48,867 - SIMU: 42 generation ended 0.444681237529
2016-12-17 01:29:58,631 - SIMU: 43 generation ended 0.490684694388
2016-12-17 01:30:08,628 - SIMU: 44 generation ended 0.341508685223
2016-12-17 01:30:18,785 - SIMU: 45 generation ended 0.363495744831
2016-12-17 01:30:28,573 - SIMU: 46 generation ended 0.598884672458
2016-12-17 01:30:38,648 - SIMU: 47 generation ended 0.0833757797383
2016-12-17 01:30:49,099 - SIMU: 48 generation ended 0.461930827335
2016-12-17 01:30:58,514 - SIMU: 49 generation ended 0.454791097066
2016-12-17 01:31:08,202 - SIMU: 50 generation ended 0.322183616772
2016-12-17 01:31:18,021 - SIMU: 51 generation ended 0.451871340118
2016-12-17 01:31:27,535 - SIMU: 52 generation ended 0.526077910721
2016-12-17 01:31:37,383 - SIMU: 53 generation ended 0.46753032855
2016-12-17 01:31:47,566 - SIMU: 54 generation ended 0.472085845171
2016-12-17 01:31:57,217 - SIMU: 55 generation ended 0.367973600721
2016-12-17 01:32:07,295 - SIMU: 56 generation ended 0.23156318012
2016-12-17 01:32:16,867 - SIMU: 57 generation ended 0.466570866899
2016-12-17 01:32:27,059 - SIMU: 58 generation ended 0.294932995147
2016-12-17 01:32:36,887 - SIMU: 59 generation ended 0.390900980353
2016-12-17 01:32:46,740 - SIMU: 60 generation ended 0.362682762547
2016-12-17 01:32:46,845 - SIMU: -------------------
2016-12-17 01:32:46,847 - SIMU: End :
2016-12-17 01:32:46,848 - SIMU: fitness_champion 0.362682762547
2016-12-17 01:32:46,849 - SIMU: champion [-0.22281183239572305, -0.2661090276441238, 0.5520742259666905, 0.9045811488518717, 0.7829433089770532, -0.06883147382896607, 0.21012025556420633, 0.05248543632218139, 0.8979031734630383, -1.1640541328674239, 0.2916496774451407, -0.7284210940697549, -0.3475808894068942, -0.7016530984199236, -0.031612697670733096, 0.513460913456734, -0.23974731774567518, 0.46766314572192214]
2016-12-17 01:32:46,850 - SIMU: ======================================
