2016-12-16 20:01:45,656 - DEBUG: MainController - Running.
2016-12-16 20:01:45,657 - DEBUG: CommandsListener - Waiting on accept...
2016-12-16 20:01:52,774 - DEBUG: CommandsListener - Received command from (192.168.0.210, 48190)
2016-12-16 20:01:52,775 - DEBUG: CommandsListener - Receiving command...
2016-12-16 20:01:52,777 - DEBUG: CommandsListener - Received <Utils.Message instance at 0x7640b710>
2016-12-16 20:01:52,778 - DEBUG: CommandsListener - Transmitting command 5 to controller.
2016-12-16 20:01:52,779 - DEBUG: MainController - Command 5 received.
2016-12-16 20:01:52,779 - DEBUG: CommandsListener - Waiting on accept...
2016-12-16 20:01:52,823 - DEBUG: MainController - Treating command : 5
2016-12-16 20:01:52,824 - DEBUG: MainController - Setting simulation...
2016-12-16 20:01:58,744 - DEBUG: CommandsListener - Received command from (192.168.0.210, 48199)
2016-12-16 20:01:58,745 - DEBUG: CommandsListener - Receiving command...
2016-12-16 20:01:58,747 - DEBUG: CommandsListener - Received <Utils.Message instance at 0x7640d940>
2016-12-16 20:01:58,748 - DEBUG: CommandsListener - Transmitting command 0 to controller.
2016-12-16 20:01:58,748 - DEBUG: MainController - Command 0 received.
2016-12-16 20:01:58,749 - DEBUG: CommandsListener - Waiting on accept...
2016-12-16 20:01:58,791 - DEBUG: MainController - Treating command : 0
2016-12-16 20:01:58,792 - DEBUG: MainController - Loading simulation...
2016-12-16 20:01:58,792 - DEBUG: Params - Parsing configuration file.
2016-12-16 20:01:59,494 - CRITICAL: dbus.Array([dbus.String(u'thymio-II')], signature=dbus.Signature('s'))
2016-12-16 20:02:02,008 - SIMU: ======================================
2016-12-16 20:02:02,009 - SIMU: ====== SimulationFollowLightGenBis ======
2016-12-16 20:02:02,010 - SIMU: ======================================
2016-12-16 20:02:02,011 - SIMU: -------------------
2016-12-16 20:02:02,011 - SIMU: Parameters :
2016-12-16 20:02:02,012 - SIMU: duration 6000
2016-12-16 20:02:02,013 - SIMU: lifetime 60
2016-12-16 20:02:02,013 - SIMU: sleep 0.1
2016-12-16 20:02:02,014 - SIMU: windowSize 20
2016-12-16 20:02:02,015 - SIMU: probabilities pcopy pgauss prandom 0.4 0.4 0.2
2016-12-16 20:02:02,015 - SIMU: sigma 0.1
2016-12-16 20:02:02,016 - SIMU: -------------------
2016-12-16 20:02:02,016 - SIMU: Start :
2016-12-16 20:02:12,465 - SIMU: 0 generation ended 0.0
2016-12-16 20:02:23,161 - SIMU: 1 generation ended 0.356613173846
2016-12-16 20:02:33,340 - SIMU: 2 generation ended 0.331716195622
2016-12-16 20:02:43,579 - SIMU: 3 generation ended 0.287450712988
2016-12-16 20:02:53,877 - SIMU: 4 generation ended 0.0
2016-12-16 20:02:53,883 - SIMU: SimulationFollowLightGen - applyVariation() : NEW RANDOM GENOME
2016-12-16 20:03:03,934 - SIMU: 5 generation ended 0.0
2016-12-16 20:03:13,644 - SIMU: 6 generation ended 0.0517937959433
2016-12-16 20:03:13,650 - SIMU: SimulationFollowLightGen - applyVariation() : NEW RANDOM GENOME
2016-12-16 20:03:23,610 - SIMU: 7 generation ended 0.0400156111244
2016-12-16 20:03:32,957 - SIMU: 8 generation ended 0.0
2016-12-16 20:03:43,327 - SIMU: 9 generation ended 0.0238242654301
2016-12-16 20:03:54,634 - SIMU: 10 generation ended 0.0340191173641
2016-12-16 20:03:54,643 - SIMU: SimulationFollowLightGen - applyVariation() : NEW RANDOM GENOME
2016-12-16 20:04:06,100 - SIMU: 11 generation ended 0.00479054989457
2016-12-16 20:04:16,262 - SIMU: 12 generation ended 0.00378801790699
2016-12-16 20:04:27,530 - SIMU: 13 generation ended 0.0
2016-12-16 20:04:38,585 - SIMU: 14 generation ended 0.00472540165662
2016-12-16 20:04:49,428 - SIMU: 15 generation ended 0.00899055901764
2016-12-16 20:04:59,455 - SIMU: 16 generation ended 0.00465467716517
2016-12-16 20:05:08,894 - SIMU: 17 generation ended 0.0108001769288
2016-12-16 20:05:19,156 - SIMU: 18 generation ended 0.0
2016-12-16 20:05:19,235 - SIMU: SimulationFollowLightGen - applyVariation() : NEW RANDOM GENOME
2016-12-16 20:05:28,982 - SIMU: 19 generation ended 0.0
2016-12-16 20:05:38,719 - SIMU: 20 generation ended 0.0145730965045
2016-12-16 20:05:48,279 - SIMU: 21 generation ended 0.0
2016-12-16 20:05:57,816 - SIMU: 22 generation ended 0.0
2016-12-16 20:05:57,884 - SIMU: SimulationFollowLightGen - applyVariation() : NEW RANDOM GENOME
2016-12-16 20:06:07,799 - SIMU: 23 generation ended 0.0
2016-12-16 20:06:07,804 - SIMU: SimulationFollowLightGen - applyVariation() : NEW RANDOM GENOME
2016-12-16 20:06:18,540 - SIMU: 24 generation ended 0.0194864395493
2016-12-16 20:06:28,238 - SIMU: 25 generation ended 0.0
2016-12-16 20:06:37,793 - SIMU: 26 generation ended 0.0
2016-12-16 20:06:47,591 - SIMU: 27 generation ended 0.0
2016-12-16 20:06:47,596 - SIMU: SimulationFollowLightGen - applyVariation() : NEW RANDOM GENOME
2016-12-16 20:06:57,445 - SIMU: 28 generation ended 0.0
2016-12-16 20:06:57,452 - SIMU: SimulationFollowLightGen - applyVariation() : NEW RANDOM GENOME
2016-12-16 20:07:07,241 - SIMU: 29 generation ended 0.00416474072868
2016-12-16 20:07:17,198 - SIMU: 30 generation ended 0.140546448012
2016-12-16 20:07:26,860 - SIMU: 31 generation ended 0.0949746361855
2016-12-16 20:07:36,813 - SIMU: 32 generation ended 0.186254036359
2016-12-16 20:07:36,818 - SIMU: SimulationFollowLightGen - applyVariation() : NEW RANDOM GENOME
2016-12-16 20:07:46,965 - SIMU: 33 generation ended 0.0114942842479
2016-12-16 20:07:46,976 - SIMU: SimulationFollowLightGen - applyVariation() : NEW RANDOM GENOME
2016-12-16 20:07:57,972 - SIMU: 34 generation ended 0.0
2016-12-16 20:08:07,758 - SIMU: 35 generation ended 0.0
2016-12-16 20:08:18,335 - SIMU: 36 generation ended 0.00168445750933
2016-12-16 20:08:28,579 - SIMU: 37 generation ended 0.000709808925824
2016-12-16 20:08:28,645 - SIMU: SimulationFollowLightGen - applyVariation() : NEW RANDOM GENOME
2016-12-16 20:08:38,147 - SIMU: 38 generation ended 0.0
2016-12-16 20:08:38,166 - SIMU: SimulationFollowLightGen - applyVariation() : NEW RANDOM GENOME
2016-12-16 20:08:48,650 - SIMU: 39 generation ended 0.00226973215089
2016-12-16 20:08:59,496 - SIMU: 40 generation ended 0.0
2016-12-16 20:09:09,511 - SIMU: 41 generation ended 0.00464564436426
2016-12-16 20:09:09,518 - SIMU: SimulationFollowLightGen - applyVariation() : NEW RANDOM GENOME
2016-12-16 20:09:20,209 - SIMU: 42 generation ended 0.0272721426998
2016-12-16 20:09:29,744 - SIMU: 43 generation ended 0.150847584466
2016-12-16 20:09:39,905 - SIMU: 44 generation ended 0.780231501667
2016-12-16 20:09:49,959 - SIMU: 45 generation ended 0.00554784965842
2016-12-16 20:10:00,561 - SIMU: 46 generation ended 0.0
2016-12-16 20:10:11,315 - SIMU: 47 generation ended 0.0
2016-12-16 20:10:21,555 - SIMU: 48 generation ended 0.0226737659329
2016-12-16 20:10:31,929 - SIMU: 49 generation ended 0.0
2016-12-16 20:10:42,030 - SIMU: 50 generation ended 0.696754027195
2016-12-16 20:10:52,628 - SIMU: 51 generation ended 0.164634581136
2016-12-16 20:11:03,329 - SIMU: 52 generation ended 0.33467509515
2016-12-16 20:11:14,253 - SIMU: 53 generation ended 0.761337179296
2016-12-16 20:11:24,956 - SIMU: 54 generation ended 0.660702889168
2016-12-16 20:11:35,666 - SIMU: 55 generation ended 0.322083461439
2016-12-16 20:11:46,659 - SIMU: 56 generation ended 0.0170223234501
2016-12-16 20:11:56,722 - SIMU: 57 generation ended 0.759167232511
2016-12-16 20:12:06,413 - SIMU: 58 generation ended 0.779871557885
2016-12-16 20:12:16,703 - SIMU: 59 generation ended 0.0
2016-12-16 20:12:27,317 - SIMU: 60 generation ended 0.526577846807
2016-12-16 20:12:37,276 - SIMU: 61 generation ended 0.0138391526245
2016-12-16 20:12:47,751 - SIMU: 62 generation ended 0.578000797554
2016-12-16 20:12:57,171 - SIMU: 63 generation ended 0.642473988416
2016-12-16 20:13:07,551 - SIMU: 64 generation ended 0.785211825866
2016-12-16 20:13:18,067 - SIMU: 65 generation ended 0.784232529707
2016-12-16 20:13:28,401 - SIMU: 66 generation ended 0.0463220855594
2016-12-16 20:13:38,067 - SIMU: 67 generation ended 0.627256097671
2016-12-16 20:13:48,229 - SIMU: 68 generation ended 0.804936385263
2016-12-16 20:13:58,476 - SIMU: 69 generation ended 0.113289601017
2016-12-16 20:14:08,926 - SIMU: 70 generation ended 0.00972887831875
2016-12-16 20:14:19,102 - SIMU: 71 generation ended 0.0895584312375
2016-12-16 20:14:29,391 - SIMU: 72 generation ended 0.00596437420488
2016-12-16 20:14:39,730 - SIMU: 73 generation ended 0.0313694844079
2016-12-16 20:14:49,423 - SIMU: 74 generation ended 0.00632048888096
2016-12-16 20:14:59,488 - SIMU: 75 generation ended 0.00985639799341
2016-12-16 20:15:09,835 - SIMU: 76 generation ended 0.0
2016-12-16 20:15:19,505 - SIMU: 77 generation ended 0.663408734544
2016-12-16 20:15:29,536 - SIMU: 78 generation ended 0.00172720059104
2016-12-16 20:15:40,213 - SIMU: 79 generation ended 0.00415164384233
2016-12-16 20:15:50,567 - SIMU: 80 generation ended 0.59285086138
2016-12-16 20:16:00,694 - SIMU: 81 generation ended 0.00955335847135
2016-12-16 20:16:10,672 - SIMU: 82 generation ended 0.356626113753
2016-12-16 20:16:22,060 - SIMU: 83 generation ended 0.180982646836
2016-12-16 20:16:32,722 - SIMU: 84 generation ended 0.0902768260132
2016-12-16 20:16:43,284 - SIMU: 85 generation ended 0.00265264870459
2016-12-16 20:16:52,623 - SIMU: 86 generation ended 0.862498935896
2016-12-16 20:17:03,606 - SIMU: 87 generation ended 0.485875691904
2016-12-16 20:17:13,814 - SIMU: 88 generation ended 0.0224163700154
2016-12-16 20:17:23,630 - SIMU: 89 generation ended 0.597059511507
2016-12-16 20:17:34,361 - SIMU: 90 generation ended 0.549695531503
2016-12-16 20:17:45,022 - SIMU: 91 generation ended 0.0322366439458
2016-12-16 20:17:56,009 - SIMU: 92 generation ended 0.0118600949478
2016-12-16 20:18:05,740 - SIMU: 93 generation ended 0.411996404705
2016-12-16 20:18:15,467 - SIMU: 94 generation ended 0.640282043929
2016-12-16 20:18:25,564 - SIMU: 95 generation ended 0.0460854046383
2016-12-16 20:18:35,604 - SIMU: 96 generation ended 0.659341080788
2016-12-16 20:18:45,743 - SIMU: 97 generation ended 0.63364124315
2016-12-16 20:18:55,940 - SIMU: 98 generation ended 0.801155409244
2016-12-16 20:19:06,163 - SIMU: 99 generation ended 0.391406489609
2016-12-16 20:19:16,765 - SIMU: 100 generation ended 0.00422015939962
2016-12-16 20:19:16,871 - SIMU: -------------------
2016-12-16 20:19:16,873 - SIMU: End :
2016-12-16 20:19:16,874 - SIMU: fitness_champion 0.00422015939962
2016-12-16 20:19:16,877 - SIMU: champion [-1.5220917776962604, -0.9424606196865789, -0.4724699974224274, -1.268219814081989, -0.27242863392273464, 0.7391894980506009, 0.6259368125285719, -1.4247280509506604, 1.9026483486319945, -0.41664932668178906, -0.2748394236326181, -0.013247607672001196, -0.980881989256738, -1.3700522671128428, 0.6093967663525098, 0.20738199979903235, 0.872599669895436, 2.1829279306075984]
2016-12-16 20:19:16,878 - SIMU: ======================================
2016-12-16 20:21:04,471 - ERROR: MainController - Request for simulation stop while no simulation started.
2016-12-16 20:21:06,837 - ERROR: MainController - Request for simulation stop while no simulation started.
