2016-12-16 21:51:45,445 - DEBUG: MainController - Running.
2016-12-16 21:51:45,446 - DEBUG: CommandsListener - Waiting on accept...
2016-12-16 21:51:48,418 - DEBUG: CommandsListener - Received command from (192.168.0.210, 53162)
2016-12-16 21:51:48,419 - DEBUG: CommandsListener - Receiving command...
2016-12-16 21:51:48,422 - DEBUG: CommandsListener - Received <Utils.Message instance at 0x76436710>
2016-12-16 21:51:48,423 - DEBUG: CommandsListener - Transmitting command 5 to controller.
2016-12-16 21:51:48,423 - DEBUG: MainController - Command 5 received.
2016-12-16 21:51:48,424 - DEBUG: CommandsListener - Waiting on accept...
2016-12-16 21:51:48,447 - DEBUG: MainController - Treating command : 5
2016-12-16 21:51:48,448 - DEBUG: MainController - Setting simulation...
2016-12-16 21:51:54,329 - DEBUG: CommandsListener - Received command from (192.168.0.210, 53170)
2016-12-16 21:51:54,330 - DEBUG: CommandsListener - Receiving command...
2016-12-16 21:51:54,332 - DEBUG: CommandsListener - Received <Utils.Message instance at 0x76438648>
2016-12-16 21:51:54,333 - DEBUG: CommandsListener - Transmitting command 0 to controller.
2016-12-16 21:51:54,333 - DEBUG: MainController - Command 0 received.
2016-12-16 21:51:54,334 - DEBUG: CommandsListener - Waiting on accept...
2016-12-16 21:51:54,365 - DEBUG: MainController - Treating command : 0
2016-12-16 21:51:54,366 - DEBUG: MainController - Loading simulation...
2016-12-16 21:51:54,366 - DEBUG: Params - Parsing configuration file.
2016-12-16 21:51:55,056 - CRITICAL: dbus.Array([dbus.String(u'thymio-II')], signature=dbus.Signature('s'))
2016-12-16 21:51:55,058 - DEBUG: ThymioController - Running.
2016-12-16 21:51:57,560 - SIMU: ======================================
2016-12-16 21:51:57,562 - SIMU: ====== SimulationFollowLightGenBis ======
2016-12-16 21:51:57,562 - SIMU: ======================================
2016-12-16 21:51:57,563 - SIMU: -------------------
2016-12-16 21:51:57,564 - SIMU: Parameters :
2016-12-16 21:51:57,565 - SIMU: duration 6000
2016-12-16 21:51:57,565 - SIMU: lifetime 60
2016-12-16 21:51:57,566 - SIMU: sleep 0.1
2016-12-16 21:51:57,567 - SIMU: windowSize 20
2016-12-16 21:51:57,567 - SIMU: probabilities pcopy pgauss prandom 0.4 0.4 0.2
2016-12-16 21:51:57,568 - SIMU: sigma 0.1
2016-12-16 21:51:57,569 - SIMU: -------------------
2016-12-16 21:51:57,569 - SIMU: Start :
2016-12-16 21:52:07,683 - SIMU: 0 generation ended 0.0709483670429
2016-12-16 21:52:17,194 - SIMU: 1 generation ended 0.179728585543
2016-12-16 21:52:27,539 - SIMU: 2 generation ended 0.0
2016-12-16 21:52:37,857 - SIMU: 3 generation ended 0.0
2016-12-16 21:52:37,891 - SIMU: SimulationFollowLightGen - applyVariation() : NEW RANDOM GENOME
2016-12-16 21:52:48,695 - SIMU: 4 generation ended 0.0
2016-12-16 21:52:48,732 - SIMU: SimulationFollowLightGen - applyVariation() : NEW RANDOM GENOME
2016-12-16 21:52:58,609 - SIMU: 5 generation ended 0.0
2016-12-16 21:53:08,834 - SIMU: 6 generation ended 0.197619236135
2016-12-16 21:53:08,900 - SIMU: SimulationFollowLightGen - applyVariation() : NEW RANDOM GENOME
2016-12-16 21:53:18,514 - SIMU: 7 generation ended 0.0
2016-12-16 21:53:28,263 - SIMU: 8 generation ended 0.0
2016-12-16 21:53:38,156 - SIMU: 9 generation ended 0.0
2016-12-16 21:53:48,056 - SIMU: 10 generation ended 0.00494993457401
2016-12-16 21:53:57,751 - SIMU: 11 generation ended 0.443144258641
2016-12-16 21:54:07,264 - SIMU: 12 generation ended 0.626777625228
2016-12-16 21:54:07,266 - SIMU: SimulationFollowLightGen - applyVariation() : NEW RANDOM GENOME
2016-12-16 21:54:16,800 - SIMU: 13 generation ended 0.207820387525
2016-12-16 21:54:26,697 - SIMU: 14 generation ended 0.189437450796
2016-12-16 21:54:36,852 - SIMU: 15 generation ended 0.154980541047
2016-12-16 21:54:46,365 - SIMU: 16 generation ended 0.475369293411
2016-12-16 21:54:46,368 - SIMU: SimulationFollowLightGen - applyVariation() : NEW RANDOM GENOME
2016-12-16 21:54:56,346 - SIMU: 17 generation ended 0.0
2016-12-16 21:55:06,270 - SIMU: 18 generation ended 0.627301985907
2016-12-16 21:55:15,751 - SIMU: 19 generation ended 0.352285173778
2016-12-16 21:55:15,813 - SIMU: SimulationFollowLightGen - applyVariation() : NEW RANDOM GENOME
2016-12-16 21:55:25,840 - SIMU: 20 generation ended 0.00471385141873
2016-12-16 21:55:36,048 - SIMU: 21 generation ended 0.0
2016-12-16 21:55:45,605 - SIMU: 22 generation ended 0.0
2016-12-16 21:55:45,629 - SIMU: SimulationFollowLightGen - applyVariation() : NEW RANDOM GENOME
2016-12-16 21:55:55,232 - SIMU: 23 generation ended 0.0
2016-12-16 21:56:04,169 - SIMU: 24 generation ended 0.493990816477
2016-12-16 21:56:14,621 - SIMU: 25 generation ended 0.0
2016-12-16 21:56:24,759 - SIMU: 26 generation ended 0.678148832384
2016-12-16 21:56:34,801 - SIMU: 27 generation ended 0.451764143031
2016-12-16 21:56:44,269 - SIMU: 28 generation ended 0.722774724322
2016-12-16 21:56:53,682 - SIMU: 29 generation ended 0.368350749121
2016-12-16 21:56:53,715 - SIMU: SimulationFollowLightGen - applyVariation() : NEW RANDOM GENOME
2016-12-16 21:57:03,065 - SIMU: 30 generation ended 0.314321513086
2016-12-16 21:57:03,082 - SIMU: SimulationFollowLightGen - applyVariation() : NEW RANDOM GENOME
2016-12-16 21:57:12,561 - SIMU: 31 generation ended 0.0
2016-12-16 21:57:22,796 - SIMU: 32 generation ended 0.0
2016-12-16 21:57:22,810 - SIMU: SimulationFollowLightGen - applyVariation() : NEW RANDOM GENOME
2016-12-16 21:57:32,396 - SIMU: 33 generation ended 0.0
2016-12-16 21:57:42,104 - SIMU: 34 generation ended 0.053275638013
2016-12-16 21:57:52,410 - SIMU: 35 generation ended 0.0
2016-12-16 21:58:03,118 - SIMU: 36 generation ended 0.0
2016-12-16 21:58:13,671 - SIMU: 37 generation ended 0.00636562623478
2016-12-16 21:58:13,689 - SIMU: SimulationFollowLightGen - applyVariation() : NEW RANDOM GENOME
2016-12-16 21:58:23,815 - SIMU: 38 generation ended 0.0561120267694
2016-12-16 21:58:23,835 - SIMU: SimulationFollowLightGen - applyVariation() : NEW RANDOM GENOME
2016-12-16 21:58:33,707 - SIMU: 39 generation ended 0.0
2016-12-16 21:58:43,959 - SIMU: 40 generation ended 0.437062674529
2016-12-16 21:58:54,050 - SIMU: 41 generation ended 0.428019352144
2016-12-16 21:59:04,227 - SIMU: 42 generation ended 0.423986780833
2016-12-16 21:59:04,263 - SIMU: SimulationFollowLightGen - applyVariation() : NEW RANDOM GENOME
2016-12-16 21:59:14,188 - SIMU: 43 generation ended 0.0
2016-12-16 21:59:14,222 - SIMU: SimulationFollowLightGen - applyVariation() : NEW RANDOM GENOME
2016-12-16 21:59:25,355 - SIMU: 44 generation ended 0.0
2016-12-16 21:59:35,700 - SIMU: 45 generation ended 0.48808283057
2016-12-16 21:59:35,717 - SIMU: SimulationFollowLightGen - applyVariation() : NEW RANDOM GENOME
2016-12-16 21:59:46,248 - SIMU: 46 generation ended 0.0
2016-12-16 21:59:57,136 - SIMU: 47 generation ended 0.434829246691
2016-12-16 22:00:06,883 - SIMU: 48 generation ended 0.156517530446
2016-12-16 22:00:16,855 - SIMU: 49 generation ended 0.465763380748
2016-12-16 22:00:27,402 - SIMU: 50 generation ended 0.489659672944
2016-12-16 22:00:37,352 - SIMU: 51 generation ended 0.356439655323
2016-12-16 22:00:47,653 - SIMU: 52 generation ended 0.273145720053
2016-12-16 22:00:57,771 - SIMU: 53 generation ended 0.349770975261
2016-12-16 22:01:07,962 - SIMU: 54 generation ended 0.341932234522
2016-12-16 22:01:18,207 - SIMU: 55 generation ended 0.327415790528
2016-12-16 22:01:28,782 - SIMU: 56 generation ended 0.518727942091
2016-12-16 22:01:38,959 - SIMU: 57 generation ended 0.450052879122
2016-12-16 22:01:49,761 - SIMU: 58 generation ended 0.396214479553
2016-12-16 22:02:00,127 - SIMU: 59 generation ended 0.415294436751
2016-12-16 22:02:10,074 - SIMU: 60 generation ended 0.339566217778
2016-12-16 22:02:20,423 - SIMU: 61 generation ended 0.365557797034
2016-12-16 22:02:30,161 - SIMU: 62 generation ended 0.44736357333
2016-12-16 22:02:40,223 - SIMU: 63 generation ended 0.329362962899
2016-12-16 22:02:50,744 - SIMU: 64 generation ended 0.287388857924
2016-12-16 22:03:00,857 - SIMU: 65 generation ended 0.592448234844
2016-12-16 22:03:11,363 - SIMU: 66 generation ended 0.0943342676885
2016-12-16 22:03:22,311 - SIMU: 67 generation ended 0.337249848499
2016-12-16 22:03:32,274 - SIMU: 68 generation ended 0.405616901101
2016-12-16 22:03:42,424 - SIMU: 69 generation ended 0.592189313143
2016-12-16 22:03:52,260 - SIMU: 70 generation ended 0.449533131725
2016-12-16 22:04:02,271 - SIMU: 71 generation ended 0.500259965574
2016-12-16 22:04:12,380 - SIMU: 72 generation ended 0.0374505302736
2016-12-16 22:04:22,069 - SIMU: 73 generation ended 0.494752279368
2016-12-16 22:04:32,140 - SIMU: 74 generation ended 0.444562519906
2016-12-16 22:04:42,417 - SIMU: 75 generation ended 0.330385153508
2016-12-16 22:04:52,141 - SIMU: 76 generation ended 0.316012294486
2016-12-16 22:05:02,601 - SIMU: 77 generation ended 0.0
2016-12-16 22:05:13,830 - SIMU: 78 generation ended 0.408893147986
2016-12-16 22:05:23,788 - SIMU: 79 generation ended 0.375624414632
2016-12-16 22:05:34,621 - SIMU: 80 generation ended 0.0
2016-12-16 22:05:44,563 - SIMU: 81 generation ended 0.183214977881
2016-12-16 22:05:55,283 - SIMU: 82 generation ended 0.38377536737
2016-12-16 22:06:05,246 - SIMU: 83 generation ended 0.0174588176406
2016-12-16 22:06:14,986 - SIMU: 84 generation ended 0.00296818003752
2016-12-16 22:06:25,334 - SIMU: 85 generation ended 0.433331954994
2016-12-16 22:06:34,746 - SIMU: 86 generation ended 0.172584686627
2016-12-16 22:06:43,964 - SIMU: 87 generation ended 0.391687361827
2016-12-16 22:06:54,237 - SIMU: 88 generation ended 0.0
2016-12-16 22:07:04,158 - SIMU: 89 generation ended 0.00661999892464
2016-12-16 22:07:14,420 - SIMU: 90 generation ended 0.0
2016-12-16 22:07:25,049 - SIMU: 91 generation ended 0.0
2016-12-16 22:07:34,930 - SIMU: 92 generation ended 0.0
2016-12-16 22:07:45,775 - SIMU: 93 generation ended 0.0
2016-12-16 22:07:55,434 - SIMU: 94 generation ended 0.0
2016-12-16 22:08:05,465 - SIMU: 95 generation ended 0.0
2016-12-16 22:08:15,731 - SIMU: 96 generation ended 0.0148268465974
2016-12-16 22:08:26,038 - SIMU: 97 generation ended 0.216233897552
2016-12-16 22:08:36,896 - SIMU: 98 generation ended 0.656804504583
2016-12-16 22:08:47,348 - SIMU: 99 generation ended 0.351505048624
2016-12-16 22:08:57,708 - SIMU: 100 generation ended 0.458625721726
2016-12-16 22:08:57,813 - SIMU: -------------------
2016-12-16 22:08:57,814 - SIMU: End :
2016-12-16 22:08:57,814 - SIMU: fitness_champion 0.458625721726
2016-12-16 22:08:57,815 - SIMU: champion [-0.6943774168297088, 1.0213340962578958, -1.2900967510928174, -0.7928982659264805, 0.25518512231240575, 0.04491362784541297, 0.22008342002990783, 0.6254394909333866, 0.43521905590882043, -0.6485550577653582, -0.12447887196277393, -0.4266233270459598, 0.5768794515981294, 1.2943353964079567, -0.7168819224926276, 0.4617933866692989, 0.4070411329438694, 1.3187934360929583]
2016-12-16 22:08:57,815 - SIMU: ======================================
2016-12-16 22:09:06,075 - ERROR: MainController - Request for simulation stop while no simulation started.
2016-12-16 22:09:08,791 - ERROR: MainController - Request for simulation stop while no simulation started.
