2016-12-16 23:53:48,823 - DEBUG: MainController - Running.
2016-12-16 23:53:48,824 - DEBUG: CommandsListener - Waiting on accept...
2016-12-16 23:53:56,622 - DEBUG: CommandsListener - Received command from (192.168.0.210, 60416)
2016-12-16 23:53:56,623 - DEBUG: CommandsListener - Receiving command...
2016-12-16 23:53:56,626 - DEBUG: CommandsListener - Received <Utils.Message instance at 0x763f3710>
2016-12-16 23:53:56,627 - DEBUG: CommandsListener - Transmitting command 5 to controller.
2016-12-16 23:53:56,627 - DEBUG: MainController - Command 5 received.
2016-12-16 23:53:56,628 - DEBUG: CommandsListener - Waiting on accept...
2016-12-16 23:53:56,642 - DEBUG: MainController - Treating command : 5
2016-12-16 23:53:56,642 - DEBUG: MainController - Setting simulation...
2016-12-16 23:54:52,403 - DEBUG: CommandsListener - Received command from (192.168.0.210, 60425)
2016-12-16 23:54:52,404 - DEBUG: CommandsListener - Receiving command...
2016-12-16 23:54:52,406 - DEBUG: CommandsListener - Received <Utils.Message instance at 0x763f5940>
2016-12-16 23:54:52,407 - DEBUG: CommandsListener - Transmitting command 0 to controller.
2016-12-16 23:54:52,407 - DEBUG: MainController - Command 0 received.
2016-12-16 23:54:52,408 - DEBUG: CommandsListener - Waiting on accept...
2016-12-16 23:54:52,419 - DEBUG: MainController - Treating command : 0
2016-12-16 23:54:52,420 - DEBUG: MainController - Loading simulation...
2016-12-16 23:54:52,421 - DEBUG: Params - Parsing configuration file.
2016-12-16 23:54:53,170 - CRITICAL: dbus.Array([dbus.String(u'thymio-II')], signature=dbus.Signature('s'))
2016-12-16 23:54:53,172 - DEBUG: ThymioController - Running.
2016-12-16 23:54:55,594 - SIMU: ======================================
2016-12-16 23:54:55,596 - SIMU: ====== SimulationFollowLightGenBis ======
2016-12-16 23:54:55,596 - SIMU: ======================================
2016-12-16 23:54:55,597 - SIMU: -------------------
2016-12-16 23:54:55,598 - SIMU: Parameters :
2016-12-16 23:54:55,598 - SIMU: duration 3000
2016-12-16 23:54:55,599 - SIMU: lifetime 60
2016-12-16 23:54:55,600 - SIMU: sleep 0.1
2016-12-16 23:54:55,600 - SIMU: windowSize 20
2016-12-16 23:54:55,601 - SIMU: probabilities pcopy pgauss prandom 0.4 0.4 0.2
2016-12-16 23:54:55,601 - SIMU: sigma 0.1
2016-12-16 23:54:55,602 - SIMU: -------------------
2016-12-16 23:54:55,603 - SIMU: Start :
2016-12-16 23:55:04,959 - SIMU: 1 generation ended 0.0595397164028
2016-12-16 23:55:14,538 - SIMU: 2 generation ended 0.154619493662
2016-12-16 23:55:24,154 - SIMU: 3 generation ended 0.984324311485
2016-12-16 23:55:33,479 - SIMU: 4 generation ended 0.187205382525
2016-12-16 23:55:33,483 - SIMU: SimulationFollowLightGen - applyVariation() : NEW RANDOM GENOME
2016-12-16 23:55:42,450 - SIMU: 5 generation ended 0.0320496935932
2016-12-16 23:55:51,742 - SIMU: 6 generation ended 0.45586735339
2016-12-16 23:56:02,216 - SIMU: 7 generation ended 0.812614450338
2016-12-16 23:56:12,250 - SIMU: 8 generation ended 0.999727063868
2016-12-16 23:56:22,108 - SIMU: 9 generation ended 0.999081984363
2016-12-16 23:56:31,829 - SIMU: 10 generation ended 0.696768326608
2016-12-16 23:56:42,512 - SIMU: 11 generation ended 0.663423357469
2016-12-16 23:56:51,943 - SIMU: 12 generation ended 0.857333460035
2016-12-16 23:57:01,610 - SIMU: 13 generation ended 0.62322169316
2016-12-16 23:57:01,616 - SIMU: SimulationFollowLightGen - applyVariation() : NEW RANDOM GENOME
2016-12-16 23:57:11,616 - SIMU: 14 generation ended 0.0
2016-12-16 23:57:21,200 - SIMU: 15 generation ended 0.612315870873
2016-12-16 23:57:30,635 - SIMU: 16 generation ended 0.507662430538
2016-12-16 23:57:40,013 - SIMU: 17 generation ended 0.683078567869
2016-12-16 23:57:50,103 - SIMU: 18 generation ended 0.6851039308
2016-12-16 23:58:00,010 - SIMU: 19 generation ended 0.998318799893
2016-12-16 23:58:09,073 - SIMU: 20 generation ended 0.984079756588
2016-12-16 23:58:09,078 - SIMU: SimulationFollowLightGen - applyVariation() : NEW RANDOM GENOME
2016-12-16 23:58:18,617 - SIMU: 21 generation ended 0.0
2016-12-16 23:58:28,379 - SIMU: 22 generation ended 0.999404286002
2016-12-16 23:58:37,839 - SIMU: 23 generation ended 0.393007760013
2016-12-16 23:58:47,337 - SIMU: 24 generation ended 0.51492555227
2016-12-16 23:58:57,266 - SIMU: 25 generation ended 0.432748611904
2016-12-16 23:59:07,261 - SIMU: 26 generation ended 1.0
2016-12-16 23:59:17,547 - SIMU: 27 generation ended 0.999066206379
2016-12-16 23:59:27,946 - SIMU: 28 generation ended 1.0
2016-12-16 23:59:38,142 - SIMU: 29 generation ended 0.677504441647
2016-12-16 23:59:47,498 - SIMU: 30 generation ended 0.999880617626
2016-12-16 23:59:56,776 - SIMU: 31 generation ended 0.0574199988562
2016-12-17 00:00:05,707 - SIMU: 32 generation ended 0.3424714759
2016-12-17 00:00:15,225 - SIMU: 33 generation ended 0.0
2016-12-17 00:00:25,274 - SIMU: 34 generation ended 0.779245497622
2016-12-17 00:00:35,193 - SIMU: 35 generation ended 0.534119999874
2016-12-17 00:00:45,290 - SIMU: 36 generation ended 0.998985057247
2016-12-17 00:00:55,184 - SIMU: 37 generation ended 0.392573070098
2016-12-17 00:01:05,344 - SIMU: 38 generation ended 0.618706791781
2016-12-17 00:01:15,178 - SIMU: 39 generation ended 0.471551412006
2016-12-17 00:01:25,003 - SIMU: 40 generation ended 0.322131421909
2016-12-17 00:01:34,027 - SIMU: 41 generation ended 0.439789740298
2016-12-17 00:01:43,303 - SIMU: 42 generation ended 0.618439982888
2016-12-17 00:01:53,332 - SIMU: 43 generation ended 0.696136303252
2016-12-17 00:02:03,584 - SIMU: 44 generation ended 0.584728859359
2016-12-17 00:02:13,425 - SIMU: 45 generation ended 0.55930752741
2016-12-17 00:02:23,435 - SIMU: 46 generation ended 0.776139918594
2016-12-17 00:02:33,658 - SIMU: 47 generation ended 0.583256775235
2016-12-17 00:02:42,894 - SIMU: 48 generation ended 0.820831615527
2016-12-17 00:02:53,008 - SIMU: 49 generation ended 0.46856971982
2016-12-17 00:03:02,515 - SIMU: 50 generation ended 0.640349999941
2016-12-17 00:03:11,671 - SIMU: 51 generation ended 0.620941770654
2016-12-17 00:03:21,965 - SIMU: 52 generation ended 1.0
2016-12-17 00:03:31,528 - SIMU: 53 generation ended 0.194556411188
2016-12-17 00:03:41,148 - SIMU: 54 generation ended 1.0
2016-12-17 00:03:50,869 - SIMU: 55 generation ended 0.999240139197
2016-12-17 00:04:00,588 - SIMU: 56 generation ended 0.597007428233
2016-12-17 00:04:10,185 - SIMU: 57 generation ended 0.509116255963
2016-12-17 00:04:19,648 - SIMU: 58 generation ended 0.00246980561868
2016-12-17 00:04:29,325 - SIMU: 59 generation ended 0.857969454198
2016-12-17 00:04:39,488 - SIMU: 60 generation ended 0.229089636057
2016-12-17 00:04:39,598 - SIMU: -------------------
2016-12-17 00:04:39,600 - SIMU: End :
2016-12-17 00:04:39,601 - SIMU: fitness_champion 0.229089636057
2016-12-17 00:04:39,602 - SIMU: champion [-8.19807439257416, 2.919378277049228, -17.760627881805434, -5.782984812024354, -4.626566830001014, -7.395435198205689, 8.708030975750987, 3.843233584144804, 12.483481178192411, 9.277810864811393, 11.700646816062328, -9.464310485207037, 5.732424898477526, 14.085064362765994, 6.880825346708113, 10.415615353662934, 13.730550211607582, 4.071053543839712]
2016-12-17 00:04:39,603 - SIMU: ======================================
2016-12-17 00:04:40,636 - ERROR: MainController - Request for sending com message while no simulation started.
2016-12-17 00:04:40,901 - ERROR: MainController - Request for sending com message while no simulation started.
2016-12-17 00:04:42,016 - ERROR: MainController - Request for sending com message while no simulation started.
2016-12-17 00:04:42,933 - ERROR: MainController - Request for sending com message while no simulation started.
2016-12-17 00:04:43,749 - ERROR: MainController - Request for sending com message while no simulation started.
2016-12-17 00:04:45,115 - ERROR: MainController - Request for sending com message while no simulation started.
2016-12-17 00:04:45,982 - ERROR: MainController - Request for sending com message while no simulation started.
2016-12-17 00:04:46,247 - ERROR: MainController - Request for sending com message while no simulation started.
2016-12-17 00:04:46,963 - ERROR: MainController - Request for sending com message while no simulation started.
2016-12-17 00:04:47,729 - ERROR: MainController - Request for sending com message while no simulation started.
2016-12-17 00:04:48,446 - ERROR: MainController - Request for sending com message while no simulation started.
2016-12-17 00:04:50,213 - ERROR: MainController - Request for sending com message while no simulation started.
2016-12-17 00:04:51,134 - ERROR: MainController - Request for sending com message while no simulation started.
2016-12-17 00:04:51,800 - ERROR: MainController - Request for sending com message while no simulation started.
2016-12-17 00:04:52,807 - ERROR: MainController - Request for sending com message while no simulation started.
2016-12-17 00:04:53,423 - ERROR: MainController - Request for sending com message while no simulation started.
2016-12-17 00:04:55,290 - ERROR: MainController - Request for sending com message while no simulation started.
2016-12-17 00:04:55,756 - ERROR: MainController - Request for sending com message while no simulation started.
2016-12-17 00:04:58,172 - ERROR: MainController - Request for sending com message while no simulation started.
2016-12-17 00:04:58,337 - ERROR: MainController - Request for sending com message while no simulation started.
2016-12-17 00:05:03,104 - ERROR: MainController - Request for sending com message while no simulation started.
2016-12-17 00:05:08,022 - ERROR: MainController - Request for sending com message while no simulation started.
2016-12-17 00:05:29,493 - ERROR: MainController - Request for simulation stop while no simulation started.
2016-12-17 00:05:34,461 - ERROR: MainController - Request for simulation stop while no simulation started.
