2016-12-16 20:52:01,989 - DEBUG: MainController - Running.
2016-12-16 20:52:01,991 - DEBUG: CommandsListener - Waiting on accept...
2016-12-16 20:52:04,729 - DEBUG: CommandsListener - Received command from (192.168.0.210, 35965)
2016-12-16 20:52:04,729 - DEBUG: CommandsListener - Receiving command...
2016-12-16 20:52:04,732 - DEBUG: CommandsListener - Received <Utils.Message instance at 0x763f4710>
2016-12-16 20:52:04,733 - DEBUG: CommandsListener - Transmitting command 5 to controller.
2016-12-16 20:52:04,734 - DEBUG: MainController - Command 5 received.
2016-12-16 20:52:04,735 - DEBUG: CommandsListener - Waiting on accept...
2016-12-16 20:52:04,757 - DEBUG: MainController - Treating command : 5
2016-12-16 20:52:04,757 - DEBUG: MainController - Setting simulation...
2016-12-16 20:52:10,641 - DEBUG: CommandsListener - Received command from (192.168.0.210, 35973)
2016-12-16 20:52:10,642 - DEBUG: CommandsListener - Receiving command...
2016-12-16 20:52:10,643 - DEBUG: CommandsListener - Received <Utils.Message instance at 0x763f6940>
2016-12-16 20:52:10,644 - DEBUG: CommandsListener - Transmitting command 0 to controller.
2016-12-16 20:52:10,644 - DEBUG: MainController - Command 0 received.
2016-12-16 20:52:10,645 - DEBUG: CommandsListener - Waiting on accept...
2016-12-16 20:52:10,675 - DEBUG: MainController - Treating command : 0
2016-12-16 20:52:10,676 - DEBUG: MainController - Loading simulation...
2016-12-16 20:52:10,676 - DEBUG: Params - Parsing configuration file.
2016-12-16 20:52:11,401 - CRITICAL: dbus.Array([dbus.String(u'thymio-II')], signature=dbus.Signature('s'))
2016-12-16 20:52:11,403 - DEBUG: ThymioController - Running.
2016-12-16 20:52:13,828 - SIMU: ======================================
2016-12-16 20:52:13,829 - SIMU: ====== SimulationFollowLightGenBis ======
2016-12-16 20:52:13,830 - SIMU: ======================================
2016-12-16 20:52:13,831 - SIMU: -------------------
2016-12-16 20:52:13,831 - SIMU: Parameters :
2016-12-16 20:52:13,832 - SIMU: duration 6000
2016-12-16 20:52:13,833 - SIMU: lifetime 60
2016-12-16 20:52:13,833 - SIMU: sleep 0.1
2016-12-16 20:52:13,834 - SIMU: windowSize 20
2016-12-16 20:52:13,835 - SIMU: probabilities pcopy pgauss prandom 0.4 0.4 0.2
2016-12-16 20:52:13,835 - SIMU: sigma 0.1
2016-12-16 20:52:13,836 - SIMU: -------------------
2016-12-16 20:52:13,836 - SIMU: Start :
2016-12-16 20:52:24,133 - SIMU: 0 generation ended 0.31812951956
2016-12-16 20:52:33,537 - SIMU: 1 generation ended 0.041069087136
2016-12-16 20:52:43,887 - SIMU: 2 generation ended 0.0396400774596
2016-12-16 20:52:43,897 - SIMU: SimulationFollowLightGen - applyVariation() : NEW RANDOM GENOME
2016-12-16 20:52:54,184 - SIMU: 3 generation ended 0.0
2016-12-16 20:53:04,956 - SIMU: 4 generation ended 0.0373632036922
2016-12-16 20:53:14,959 - SIMU: 5 generation ended 0.0672902942989
2016-12-16 20:53:25,167 - SIMU: 6 generation ended 0.0214287044156
2016-12-16 20:53:34,837 - SIMU: 7 generation ended 0.666920213749
2016-12-16 20:53:44,475 - SIMU: 8 generation ended 0.000838013981883
2016-12-16 20:53:54,519 - SIMU: 9 generation ended 0.0
2016-12-16 20:54:04,418 - SIMU: 10 generation ended 0.0208987470161
2016-12-16 20:54:14,223 - SIMU: 11 generation ended 0.740686329455
2016-12-16 20:54:23,570 - SIMU: 12 generation ended 0.725112166901
2016-12-16 20:54:33,168 - SIMU: 13 generation ended 0.421875137177
2016-12-16 20:54:43,048 - SIMU: 14 generation ended 0.728984290331
2016-12-16 20:54:43,052 - SIMU: SimulationFollowLightGen - applyVariation() : NEW RANDOM GENOME
2016-12-16 20:54:53,176 - SIMU: 15 generation ended 0.0
2016-12-16 20:54:53,257 - SIMU: SimulationFollowLightGen - applyVariation() : NEW RANDOM GENOME
2016-12-16 20:55:02,657 - SIMU: 16 generation ended 0.0
2016-12-16 20:55:12,496 - SIMU: 17 generation ended 0.0284545143423
2016-12-16 20:55:22,573 - SIMU: 18 generation ended 0.655611759995
2016-12-16 20:55:22,579 - SIMU: SimulationFollowLightGen - applyVariation() : NEW RANDOM GENOME
2016-12-16 20:55:32,042 - SIMU: 19 generation ended 0.0432798478302
2016-12-16 20:55:42,273 - SIMU: 20 generation ended 0.0231591750768
2016-12-16 20:55:52,230 - SIMU: 21 generation ended 0.0473413380398
2016-12-16 20:56:02,056 - SIMU: 22 generation ended 0.0468027706793
2016-12-16 20:56:11,718 - SIMU: 23 generation ended 0.0301901948185
2016-12-16 20:56:20,443 - SIMU: 24 generation ended 0.0296389180816
2016-12-16 20:56:30,861 - SIMU: 25 generation ended 0.0257223113762
2016-12-16 20:56:41,332 - SIMU: 26 generation ended 0.0332527300603
2016-12-16 20:56:51,161 - SIMU: 27 generation ended 0.0522225983876
2016-12-16 20:56:51,235 - SIMU: SimulationFollowLightGen - applyVariation() : NEW RANDOM GENOME
2016-12-16 20:57:00,493 - SIMU: 28 generation ended 0.181476471028
2016-12-16 20:57:09,902 - SIMU: 29 generation ended 0.696468051332
2016-12-16 20:57:19,317 - SIMU: 30 generation ended 0.0639801663333
2016-12-16 20:57:19,352 - SIMU: SimulationFollowLightGen - applyVariation() : NEW RANDOM GENOME
2016-12-16 20:57:29,008 - SIMU: 31 generation ended 0.0211091843642
2016-12-16 20:57:39,310 - SIMU: 32 generation ended 0.0606176340006
2016-12-16 20:57:48,831 - SIMU: 33 generation ended 0.0199337267307
2016-12-16 20:57:58,331 - SIMU: 34 generation ended 0.0100510377163
2016-12-16 20:58:08,724 - SIMU: 35 generation ended 0.0146631868369
2016-12-16 20:58:19,353 - SIMU: 36 generation ended 0.0
2016-12-16 20:58:19,423 - SIMU: SimulationFollowLightGen - applyVariation() : NEW RANDOM GENOME
2016-12-16 20:58:29,914 - SIMU: 37 generation ended 0.0
2016-12-16 20:58:29,919 - SIMU: SimulationFollowLightGen - applyVariation() : NEW RANDOM GENOME
2016-12-16 20:58:40,107 - SIMU: 38 generation ended 0.0
2016-12-16 20:58:49,906 - SIMU: 39 generation ended 0.0253178986637
2016-12-16 20:58:49,916 - SIMU: SimulationFollowLightGen - applyVariation() : NEW RANDOM GENOME
2016-12-16 20:59:00,430 - SIMU: 40 generation ended 0.0
2016-12-16 20:59:00,435 - SIMU: SimulationFollowLightGen - applyVariation() : NEW RANDOM GENOME
2016-12-16 20:59:10,421 - SIMU: 41 generation ended 0.000982258078851
2016-12-16 20:59:20,350 - SIMU: 42 generation ended 0.398292550344
2016-12-16 20:59:30,316 - SIMU: 43 generation ended 0.46367094072
2016-12-16 20:59:41,610 - SIMU: 44 generation ended 0.482447970256
2016-12-16 20:59:51,869 - SIMU: 45 generation ended 0.333764810419
2016-12-16 21:00:02,431 - SIMU: 46 generation ended 0.00134584544558
2016-12-16 21:00:02,440 - SIMU: SimulationFollowLightGen - applyVariation() : NEW RANDOM GENOME
2016-12-16 21:00:13,590 - SIMU: 47 generation ended 0.0
2016-12-16 21:00:23,402 - SIMU: 48 generation ended 0.0212204592421
2016-12-16 21:00:33,250 - SIMU: 49 generation ended 0.304155720297
2016-12-16 21:00:43,604 - SIMU: 50 generation ended 0.429743990235
2016-12-16 21:00:53,639 - SIMU: 51 generation ended 0.551635299184
2016-12-16 21:01:03,839 - SIMU: 52 generation ended 0.291318944643
2016-12-16 21:01:13,927 - SIMU: 53 generation ended 0.308451717741
2016-12-16 21:01:24,262 - SIMU: 54 generation ended 0.310219013567
2016-12-16 21:01:34,419 - SIMU: 55 generation ended 0.343485756125
2016-12-16 21:01:45,079 - SIMU: 56 generation ended 0.418102205818
2016-12-16 21:01:55,046 - SIMU: 57 generation ended 0.215205829495
2016-12-16 21:02:06,296 - SIMU: 58 generation ended 0.372752868818
2016-12-16 21:02:16,423 - SIMU: 59 generation ended 0.200247900035
2016-12-16 21:02:26,392 - SIMU: 60 generation ended 0.277728813054
2016-12-16 21:02:36,711 - SIMU: 61 generation ended 0.360721848377
2016-12-16 21:02:46,374 - SIMU: 62 generation ended 0.566331266313
2016-12-16 21:02:56,773 - SIMU: 63 generation ended 0.539208024248
2016-12-16 21:03:07,229 - SIMU: 64 generation ended 0.43966732578
2016-12-16 21:03:17,262 - SIMU: 65 generation ended 0.438452253329
2016-12-16 21:03:27,838 - SIMU: 66 generation ended 0.583612868468
2016-12-16 21:03:38,647 - SIMU: 67 generation ended 0.448426106584
2016-12-16 21:03:48,413 - SIMU: 68 generation ended 0.560198334702
2016-12-16 21:03:58,835 - SIMU: 69 generation ended 0.500441634786
2016-12-16 21:04:09,004 - SIMU: 70 generation ended 0.520569438517
2016-12-16 21:04:18,696 - SIMU: 71 generation ended 0.560133566412
2016-12-16 21:04:28,606 - SIMU: 72 generation ended 0.589325679774
2016-12-16 21:04:38,303 - SIMU: 73 generation ended 0.130178643156
2016-12-16 21:04:48,583 - SIMU: 74 generation ended 0.710362335454
2016-12-16 21:04:58,803 - SIMU: 75 generation ended 0.51654742172
2016-12-16 21:05:08,672 - SIMU: 76 generation ended 0.82137490556
2016-12-16 21:05:19,082 - SIMU: 77 generation ended 0.0260897542196
2016-12-16 21:05:30,158 - SIMU: 78 generation ended 0.0343107563006
2016-12-16 21:05:40,352 - SIMU: 79 generation ended 0.0300906931553
2016-12-16 21:05:50,994 - SIMU: 80 generation ended 0.0374069664378
2016-12-16 21:06:00,891 - SIMU: 81 generation ended 0.0233004912727
2016-12-16 21:06:11,672 - SIMU: 82 generation ended 0.0342161372217
2016-12-16 21:06:21,667 - SIMU: 83 generation ended 0.2359005759
2016-12-16 21:06:31,322 - SIMU: 84 generation ended 0.693324872134
2016-12-16 21:06:41,453 - SIMU: 85 generation ended 0.358290910253
2016-12-16 21:06:50,980 - SIMU: 86 generation ended 0.122527469978
2016-12-16 21:07:00,442 - SIMU: 87 generation ended 0.0372902222147
2016-12-16 21:07:10,474 - SIMU: 88 generation ended 0.0422872797408
2016-12-16 21:07:20,534 - SIMU: 89 generation ended 0.0285549618952
2016-12-16 21:07:30,792 - SIMU: 90 generation ended 0.0239288974079
2016-12-16 21:07:41,429 - SIMU: 91 generation ended 0.0469573921262
2016-12-16 21:07:51,141 - SIMU: 92 generation ended 0.0130319019533
2016-12-16 21:08:02,046 - SIMU: 93 generation ended 0.0371314630562
2016-12-16 21:08:11,877 - SIMU: 94 generation ended 0.0643647172767
2016-12-16 21:08:21,697 - SIMU: 95 generation ended 0.396762388103
2016-12-16 21:08:31,994 - SIMU: 96 generation ended 0.0317814691075
2016-12-16 21:08:42,352 - SIMU: 97 generation ended 0.680644640852
2016-12-16 21:08:53,349 - SIMU: 98 generation ended 0.0213384740443
2016-12-16 21:09:03,617 - SIMU: 99 generation ended 0.268668416776
2016-12-16 21:09:14,137 - SIMU: 100 generation ended 0.322450353212
2016-12-16 21:09:14,240 - SIMU: -------------------
2016-12-16 21:09:14,241 - SIMU: End :
2016-12-16 21:09:14,242 - SIMU: fitness_champion 0.322450353212
2016-12-16 21:09:14,243 - SIMU: champion [-0.9024198341712358, 1.1047946591459046, -1.3448601644048994, -1.0234359091213192, 0.28750099722886957, -0.08765847158494668, 0.18860673768123304, 0.6533069669765812, 0.38686232950176064, -0.8470468553794024, -0.14401799589301273, -0.5264077746773103, 0.4285275591983425, 1.1805703344062048, -0.9395277157282351, 0.5693601638213551, 0.3544115020721025, 1.151793795963767]
2016-12-16 21:09:14,244 - SIMU: ======================================
2016-12-16 21:09:22,395 - ERROR: MainController - Request for simulation stop while no simulation started.
2016-12-16 21:09:25,112 - ERROR: MainController - Request for simulation stop while no simulation started.
