ROBOT 4
2016-12-17 02:54:44,783 - SIMU: ======================================
2016-12-17 02:54:44,784 - SIMU: ====== SimulationFollowLightGenBis ======
2016-12-17 02:54:44,785 - SIMU: ======================================
2016-12-17 02:54:44,786 - SIMU: -------------------
2016-12-17 02:54:44,786 - SIMU: Parameters :
2016-12-17 02:54:44,787 - SIMU: duration 3000
2016-12-17 02:54:44,788 - SIMU: lifetime 60
2016-12-17 02:54:44,789 - SIMU: sleep 0.1
2016-12-17 02:54:44,789 - SIMU: windowSize 20
2016-12-17 02:54:44,790 - SIMU: probabilities pcopy pgauss prandom 0.4 0.4 0.2
2016-12-17 02:54:44,791 - SIMU: sigma 0.1
2016-12-17 02:54:44,792 - SIMU: -------------------
2016-12-17 02:54:44,793 - SIMU: Start :
2016-12-17 02:54:54,763 - SIMU: 1 generation ended 0.183889719566
2016-12-17 02:55:05,118 - SIMU: 2 generation ended 0.506665499072
2016-12-17 02:55:15,487 - SIMU: 3 generation ended 0.77354541229
2016-12-17 02:55:26,217 - SIMU: 4 generation ended 0.0625852202501
2016-12-17 02:55:36,113 - SIMU: 5 generation ended 0.784246980332
2016-12-17 02:55:45,970 - SIMU: 6 generation ended 0.455520250415
2016-12-17 02:55:45,976 - SIMU: SimulationFollowLightGen - applyVariation() : NEW RANDOM GENOME
2016-12-17 02:55:56,632 - SIMU: 7 generation ended 0.0
2016-12-17 02:56:07,491 - SIMU: 8 generation ended 0.958598921421
2016-12-17 02:56:17,102 - SIMU: 9 generation ended 0.737719690255
2016-12-17 02:56:17,107 - SIMU: SimulationFollowLightGen - applyVariation() : NEW RANDOM GENOME
2016-12-17 02:56:27,537 - SIMU: 10 generation ended 0.647005449236
2016-12-17 02:56:37,174 - SIMU: 11 generation ended 0.98663
2016-12-17 02:56:47,524 - SIMU: 12 generation ended 0.999057037321
2016-12-17 02:56:47,541 - SIMU: SimulationFollowLightGen - applyVariation() : NEW RANDOM GENOME
2016-12-17 02:56:57,736 - SIMU: 13 generation ended 0.195097889565
2016-12-17 02:57:07,853 - SIMU: 14 generation ended 0.520746395288
2016-12-17 02:57:07,866 - SIMU: SimulationFollowLightGen - applyVariation() : NEW RANDOM GENOME
2016-12-17 02:57:17,902 - SIMU: 15 generation ended 0.0
2016-12-17 02:57:28,812 - SIMU: 16 generation ended 0.998477621248
2016-12-17 02:57:38,928 - SIMU: 17 generation ended 0.999933809556
2016-12-17 02:57:38,938 - SIMU: SimulationFollowLightGen - applyVariation() : NEW RANDOM GENOME
2016-12-17 02:57:48,536 - SIMU: 18 generation ended 0.0332356897362
2016-12-17 02:57:59,821 - SIMU: 19 generation ended 0.898529664746
2016-12-17 02:58:09,981 - SIMU: 20 generation ended 1.0
2016-12-17 02:58:20,362 - SIMU: 21 generation ended 0.947499851898
2016-12-17 02:58:30,128 - SIMU: 22 generation ended 0.822626296908
2016-12-17 02:58:40,384 - SIMU: 23 generation ended 0.725406621328
2016-12-17 02:58:40,398 - SIMU: SimulationFollowLightGen - applyVariation() : NEW RANDOM GENOME
2016-12-17 02:58:50,059 - SIMU: 24 generation ended 0.0
2016-12-17 02:59:00,293 - SIMU: 25 generation ended 0.441119619876
2016-12-17 02:59:11,430 - SIMU: 26 generation ended 0.680155824345
2016-12-17 02:59:21,525 - SIMU: 27 generation ended 0.855484556278
2016-12-17 02:59:21,533 - SIMU: SimulationFollowLightGen - applyVariation() : NEW RANDOM GENOME
2016-12-17 02:59:30,674 - SIMU: 28 generation ended 0.0
2016-12-17 02:59:40,648 - SIMU: 29 generation ended 0.556398454333
2016-12-17 02:59:50,371 - SIMU: 30 generation ended 0.527913654393
2016-12-17 03:00:01,806 - SIMU: 31 generation ended 0.673424311899
2016-12-17 03:00:11,360 - SIMU: 32 generation ended 0.607055370241
2016-12-17 03:00:21,710 - SIMU: 33 generation ended 0.741570245432
2016-12-17 03:00:31,612 - SIMU: 34 generation ended 0.658012547729
2016-12-17 03:00:42,128 - SIMU: 35 generation ended 0.905702266556
2016-12-17 03:00:51,981 - SIMU: 36 generation ended 0.999532762535
2016-12-17 03:01:02,223 - SIMU: 37 generation ended 0.999462779319
2016-12-17 03:01:12,226 - SIMU: 38 generation ended 0.699570241949
2016-12-17 03:01:22,836 - SIMU: 39 generation ended 0.638871925953
2016-12-17 03:01:32,686 - SIMU: 40 generation ended 0.544536423013
2016-12-17 03:01:42,547 - SIMU: 41 generation ended 0.791211581925
2016-12-17 03:01:52,236 - SIMU: 42 generation ended 0.625310355999
2016-12-17 03:02:03,107 - SIMU: 43 generation ended 0.556320918666
2016-12-17 03:02:13,900 - SIMU: 44 generation ended 0.521995542344
2016-12-17 03:02:24,000 - SIMU: 45 generation ended 0.999824407149
2016-12-17 03:02:35,016 - SIMU: 46 generation ended 1.0
2016-12-17 03:02:45,001 - SIMU: 47 generation ended 0.782556495683
2016-12-17 03:02:56,273 - SIMU: 48 generation ended 0.705856653918
2016-12-17 03:03:06,441 - SIMU: 49 generation ended 0.614210974935
2016-12-17 03:03:17,289 - SIMU: 50 generation ended 0.79759473423
2016-12-17 03:03:27,214 - SIMU: 51 generation ended 0.73250133534
2016-12-17 03:03:37,249 - SIMU: 52 generation ended 0.739651763093
2016-12-17 03:03:47,309 - SIMU: 53 generation ended 0.416795854777
2016-12-17 03:03:57,658 - SIMU: 54 generation ended 0.999926697992
2016-12-17 03:04:07,080 - SIMU: 55 generation ended 0.268156104464
2016-12-17 03:04:16,694 - SIMU: 56 generation ended 0.921123456078
2016-12-17 03:04:26,761 - SIMU: 57 generation ended 0.74724213142
2016-12-17 03:04:36,191 - SIMU: 58 generation ended 0.852584616502
2016-12-17 03:04:47,416 - SIMU: 59 generation ended 1.0
2016-12-17 03:04:57,203 - SIMU: 60 generation ended 0.999552990488
2016-12-17 03:04:57,228 - ERROR: MainController - Request for sending com message while no simulation started.
2016-12-17 03:04:57,306 - SIMU: -------------------
2016-12-17 03:04:57,308 - SIMU: End :
2016-12-17 03:04:57,310 - SIMU: fitness_champion 0.999552990488
2016-12-17 03:04:57,312 - SIMU: champion [-7.819261223477038, 3.2162965060145496, -17.50404799134526, -5.678459700272042, -5.0741494110687055, -7.052387120110672, 8.186697795408834, 3.640098492758107, 12.786588809570652, 9.205496775372657, 11.641889018236725, -9.92064403119411, 5.2292521810463315, 14.001141811433413, 6.299588540191844, 9.819306570990687, 14.419030207017006, 4.228357666000579]
2016-12-17 03:04:57,315 - SIMU: ======================================
