ROBOT 2
2016-12-17 02:12:13,301 - SIMU: ======================================
2016-12-17 02:12:13,303 - SIMU: ====== SimulationFollowLightGenBis ======
2016-12-17 02:12:13,304 - SIMU: ======================================
2016-12-17 02:12:13,305 - SIMU: -------------------
2016-12-17 02:12:13,306 - SIMU: Parameters :
2016-12-17 02:12:13,308 - SIMU: duration 3000
2016-12-17 02:12:13,309 - SIMU: lifetime 60
2016-12-17 02:12:13,310 - SIMU: sleep 0.1
2016-12-17 02:12:13,311 - SIMU: windowSize 20
2016-12-17 02:12:13,312 - SIMU: probabilities pcopy pgauss prandom 0.4 0.4 0.2
2016-12-17 02:12:13,313 - SIMU: sigma 0.1
2016-12-17 02:12:13,314 - SIMU: -------------------
2016-12-17 02:12:13,315 - SIMU: Start :
2016-12-17 02:12:23,450 - SIMU: 1 generation ended 0.0
2016-12-17 02:12:33,742 - SIMU: 2 generation ended 0.426741221745
2016-12-17 02:12:43,700 - SIMU: 3 generation ended 0.0560843732887
2016-12-17 02:12:53,539 - SIMU: 4 generation ended 0.128594552578
2016-12-17 02:13:03,980 - SIMU: 5 generation ended 0.0214559192992
2016-12-17 02:13:04,001 - SIMU: SimulationFollowLightGen - applyVariation() : NEW RANDOM GENOME
2016-12-17 02:13:14,239 - SIMU: 6 generation ended 0.0
2016-12-17 02:13:23,985 - SIMU: 7 generation ended 0.0
2016-12-17 02:13:33,074 - SIMU: 8 generation ended 0.0
2016-12-17 02:13:42,478 - SIMU: 9 generation ended 0.0
2016-12-17 02:13:51,887 - SIMU: 10 generation ended 0.0
2016-12-17 02:13:51,900 - SIMU: SimulationFollowLightGen - applyVariation() : NEW RANDOM GENOME
2016-12-17 02:14:02,486 - SIMU: 11 generation ended 0.0
2016-12-17 02:14:12,228 - SIMU: 12 generation ended 0.00162305099752
2016-12-17 02:14:22,586 - SIMU: 13 generation ended 0.427483622127
2016-12-17 02:14:22,592 - SIMU: SimulationFollowLightGen - applyVariation() : NEW RANDOM GENOME
2016-12-17 02:14:32,507 - SIMU: 14 generation ended 0.0
2016-12-17 02:14:41,909 - SIMU: 15 generation ended 0.234671008691
2016-12-17 02:14:41,919 - SIMU: SimulationFollowLightGen - applyVariation() : NEW RANDOM GENOME
2016-12-17 02:14:52,219 - SIMU: 16 generation ended 0.0
2016-12-17 02:14:52,223 - SIMU: SimulationFollowLightGen - applyVariation() : NEW RANDOM GENOME
2016-12-17 02:15:02,053 - SIMU: 17 generation ended 0.0623461278802
2016-12-17 02:15:12,165 - SIMU: 18 generation ended 0.26543438207
2016-12-17 02:15:12,169 - SIMU: SimulationFollowLightGen - applyVariation() : NEW RANDOM GENOME
2016-12-17 02:15:22,085 - SIMU: 19 generation ended 0.0
2016-12-17 02:15:32,106 - SIMU: 20 generation ended 0.684348013107
2016-12-17 02:15:41,810 - SIMU: 21 generation ended 0.682542681871
2016-12-17 02:15:51,303 - SIMU: 22 generation ended 0.464925330741
2016-12-17 02:16:01,758 - SIMU: 23 generation ended 0.344031690001
2016-12-17 02:16:01,765 - SIMU: SimulationFollowLightGen - applyVariation() : NEW RANDOM GENOME
2016-12-17 02:16:12,496 - SIMU: 24 generation ended 0.0
2016-12-17 02:16:22,197 - SIMU: 25 generation ended 0.61525957148
2016-12-17 02:16:32,912 - SIMU: 26 generation ended 0.709711140004
2016-12-17 02:16:42,831 - SIMU: 27 generation ended 0.352090826723
2016-12-17 02:16:51,836 - SIMU: 28 generation ended 0.314489389235
2016-12-17 02:17:01,961 - SIMU: 29 generation ended 0.394067930383
2016-12-17 02:17:12,026 - SIMU: 30 generation ended 0.573704149763
2016-12-17 02:17:12,034 - SIMU: SimulationFollowLightGen - applyVariation() : NEW RANDOM GENOME
2016-12-17 02:17:21,283 - SIMU: 31 generation ended 0.0
2016-12-17 02:17:31,316 - SIMU: 32 generation ended 0.210757795326
2016-12-17 02:17:41,960 - SIMU: 33 generation ended 0.767068265214
2016-12-17 02:17:52,067 - SIMU: 34 generation ended 0.680288630135
2016-12-17 02:18:01,999 - SIMU: 35 generation ended 0.357786808382
2016-12-17 02:18:11,901 - SIMU: 36 generation ended 0.611098655178
2016-12-17 02:18:21,848 - SIMU: 37 generation ended 0.884577031936
2016-12-17 02:18:31,612 - SIMU: 38 generation ended 0.607265758206
2016-12-17 02:18:42,085 - SIMU: 39 generation ended 0.420424807547
2016-12-17 02:18:52,217 - SIMU: 40 generation ended 0.303970219455
2016-12-17 02:19:02,383 - SIMU: 41 generation ended 0.311809889844
2016-12-17 02:19:13,234 - SIMU: 42 generation ended 0.476418234489
2016-12-17 02:19:23,359 - SIMU: 43 generation ended 0.403588102898
2016-12-17 02:19:32,706 - SIMU: 44 generation ended 0.755875546247
2016-12-17 02:19:42,926 - SIMU: 45 generation ended 0.477965418668
2016-12-17 02:19:52,629 - SIMU: 46 generation ended 0.630798609475
2016-12-17 02:20:02,199 - SIMU: 47 generation ended 0.57066097174
2016-12-17 02:20:12,053 - SIMU: 48 generation ended 0.541742312801
2016-12-17 02:20:22,256 - SIMU: 49 generation ended 0.711829088692
2016-12-17 02:20:31,946 - SIMU: 50 generation ended 0.427599843831
2016-12-17 02:20:42,087 - SIMU: 51 generation ended 0.521136821427
2016-12-17 02:20:52,219 - SIMU: 52 generation ended 0.535381269782
2016-12-17 02:21:01,713 - SIMU: 53 generation ended 0.796468110753
2016-12-17 02:21:12,161 - SIMU: 54 generation ended 0.53504658791
2016-12-17 02:21:22,992 - SIMU: 55 generation ended 0.722941173536
2016-12-17 02:21:32,945 - SIMU: 56 generation ended 0.258662400772
2016-12-17 02:21:42,428 - SIMU: 57 generation ended 0.775431222596
2016-12-17 02:21:51,633 - SIMU: 58 generation ended 0.536352916991
2016-12-17 02:22:01,714 - SIMU: 59 generation ended 0.391990937102
2016-12-17 02:22:11,527 - SIMU: 60 generation ended 0.296186509879
2016-12-17 02:22:11,549 - ERROR: MainController - Request for sending com message while no simulation started.
2016-12-17 02:22:11,631 - SIMU: -------------------
2016-12-17 02:22:11,634 - SIMU: End :
2016-12-17 02:22:11,636 - SIMU: fitness_champion 0.296186509879
2016-12-17 02:22:11,638 - SIMU: champion [-0.7666082724278371, -0.16453720631492397, 0.019186247703757077, -0.9125738578300236, -1.084307781605052, 0.021508617949690445, -0.6071527552524287, 0.042189014458908936, 1.1379189412943984, -0.9185095401948278, -0.7496767225700449, 0.18523671736336528, 1.0879362139104714, -0.5299797447020241, -0.875141927756306, -0.38918517043609624, 1.084841502640522, 0.7772808945490063]
2016-12-17 02:22:11,639 - SIMU: ======================================
ROBOT 3
2016-12-17 01:10:24,095 - SIMU: ======================================
2016-12-17 01:10:24,097 - SIMU: ====== SimulationFollowLightGenBis ======
2016-12-17 01:10:24,097 - SIMU: ======================================
2016-12-17 01:10:24,098 - SIMU: -------------------
2016-12-17 01:10:24,099 - SIMU: Parameters :
2016-12-17 01:10:24,099 - SIMU: duration 3000
2016-12-17 01:10:24,100 - SIMU: lifetime 60
2016-12-17 01:10:24,100 - SIMU: sleep 0.1
2016-12-17 01:10:24,101 - SIMU: windowSize 20
2016-12-17 01:10:24,102 - SIMU: probabilities pcopy pgauss prandom 0.4 0.4 0.2
2016-12-17 01:10:24,102 - SIMU: sigma 0.1
2016-12-17 01:10:24,103 - SIMU: -------------------
2016-12-17 01:10:24,104 - SIMU: Start :
2016-12-17 01:10:33,937 - SIMU: 1 generation ended 0.0
2016-12-17 01:10:33,948 - SIMU: SimulationFollowLightGen - applyVariation() : NEW RANDOM GENOME
2016-12-17 01:10:43,064 - SIMU: 2 generation ended 0.00311878827178
2016-12-17 01:10:52,892 - SIMU: 3 generation ended 0.385451363117
2016-12-17 01:11:02,860 - SIMU: 4 generation ended 0.579713160544
2016-12-17 01:11:12,755 - SIMU: 5 generation ended 0.559405567079
2016-12-17 01:11:22,814 - SIMU: 6 generation ended 0.0683848026853
2016-12-17 01:11:22,820 - SIMU: SimulationFollowLightGen - applyVariation() : NEW RANDOM GENOME
2016-12-17 01:11:32,829 - SIMU: 7 generation ended 0.0
2016-12-17 01:11:42,385 - SIMU: 8 generation ended 0.603951525364
2016-12-17 01:11:52,394 - SIMU: 9 generation ended 0.328205165321
2016-12-17 01:12:01,683 - SIMU: 10 generation ended 0.0
2016-12-17 01:12:01,690 - SIMU: SimulationFollowLightGen - applyVariation() : NEW RANDOM GENOME
2016-12-17 01:12:11,251 - SIMU: 11 generation ended 0.0
2016-12-17 01:12:11,258 - SIMU: SimulationFollowLightGen - applyVariation() : NEW RANDOM GENOME
2016-12-17 01:12:20,645 - SIMU: 12 generation ended 0.0
2016-12-17 01:12:30,696 - SIMU: 13 generation ended 0.25568121252
2016-12-17 01:12:39,853 - SIMU: 14 generation ended 0.33025959139
2016-12-17 01:12:50,390 - SIMU: 15 generation ended 0.717233026753
2016-12-17 01:12:50,400 - SIMU: SimulationFollowLightGen - applyVariation() : NEW RANDOM GENOME
2016-12-17 01:13:00,314 - SIMU: 16 generation ended 0.0
2016-12-17 01:13:09,751 - SIMU: 17 generation ended 0.147029495487
2016-12-17 01:13:19,368 - SIMU: 18 generation ended 0.684101979943
2016-12-17 01:13:19,379 - SIMU: SimulationFollowLightGen - applyVariation() : NEW RANDOM GENOME
2016-12-17 01:13:29,674 - SIMU: 19 generation ended 0.191969919659
2016-12-17 01:13:39,491 - SIMU: 20 generation ended 0.25215524512
2016-12-17 01:13:49,030 - SIMU: 21 generation ended 0.651921984744
2016-12-17 01:13:58,437 - SIMU: 22 generation ended 0.570832670181
2016-12-17 01:14:07,869 - SIMU: 23 generation ended 0.453588899677
2016-12-17 01:14:17,356 - SIMU: 24 generation ended 0.649358669171
2016-12-17 01:14:27,492 - SIMU: 25 generation ended 0.708165540459
2016-12-17 01:14:37,318 - SIMU: 26 generation ended 0.459468956173
2016-12-17 01:14:37,328 - SIMU: SimulationFollowLightGen - applyVariation() : NEW RANDOM GENOME
2016-12-17 01:14:47,472 - SIMU: 27 generation ended 0.0
2016-12-17 01:14:57,058 - SIMU: 28 generation ended 0.25189761293
2016-12-17 01:15:06,190 - SIMU: 29 generation ended 0.0956944409693
2016-12-17 01:15:15,631 - SIMU: 30 generation ended 0.383172840647
2016-12-17 01:15:26,092 - SIMU: 31 generation ended 0.399889685359
2016-12-17 01:15:35,941 - SIMU: 32 generation ended 0.449124119412
2016-12-17 01:15:46,537 - SIMU: 33 generation ended 0.610928159064
2016-12-17 01:15:55,962 - SIMU: 34 generation ended 0.788173767972
2016-12-17 01:16:05,711 - SIMU: 35 generation ended 0.77031402244
2016-12-17 01:16:15,839 - SIMU: 36 generation ended 0.670019630532
2016-12-17 01:16:25,342 - SIMU: 37 generation ended 0.723716482152
2016-12-17 01:16:35,672 - SIMU: 38 generation ended 0.747304281115
2016-12-17 01:16:45,624 - SIMU: 39 generation ended 0.683127176643
2016-12-17 01:16:56,160 - SIMU: 40 generation ended 0.85459438904
2016-12-17 01:17:06,131 - SIMU: 41 generation ended 0.690798933916
2016-12-17 01:17:16,323 - SIMU: 42 generation ended 0.629885688552
2016-12-17 01:17:26,152 - SIMU: 43 generation ended 0.21469881766
2016-12-17 01:17:37,217 - SIMU: 44 generation ended 0.772621608018
2016-12-17 01:17:46,907 - SIMU: 45 generation ended 0.0508910901401
2016-12-17 01:17:56,883 - SIMU: 46 generation ended 0.52048954106
2016-12-17 01:18:06,598 - SIMU: 47 generation ended 0.168545767739
2016-12-17 01:18:16,899 - SIMU: 48 generation ended 0.439355288411
2016-12-17 01:18:25,820 - SIMU: 49 generation ended 0.154076838684
2016-12-17 01:18:35,711 - SIMU: 50 generation ended 0.377924566784
2016-12-17 01:18:45,890 - SIMU: 51 generation ended 0.159178416458
2016-12-17 01:18:56,479 - SIMU: 52 generation ended 0.581842637572
2016-12-17 01:19:06,733 - SIMU: 53 generation ended 0.808818330615
2016-12-17 01:19:17,194 - SIMU: 54 generation ended 0.478694250384
2016-12-17 01:19:26,623 - SIMU: 55 generation ended 0.691357844185
2016-12-17 01:19:35,686 - SIMU: 56 generation ended 0.335019926233
2016-12-17 01:19:45,188 - SIMU: 57 generation ended 0.0182135475851
2016-12-17 01:19:54,789 - SIMU: 58 generation ended 0.463137221026
2016-12-17 01:20:06,071 - SIMU: 59 generation ended 0.816840710643
2016-12-17 01:20:15,356 - SIMU: 60 generation ended 0.108521820771
2016-12-17 01:20:15,460 - SIMU: -------------------
2016-12-17 01:20:15,462 - SIMU: End :
2016-12-17 01:20:15,464 - SIMU: fitness_champion 0.108521820771
2016-12-17 01:20:15,466 - SIMU: champion [-0.9280224950336541, -0.581247988108748, -0.34091331526898827, -0.6249727415661072, -0.5597705033462531, -0.24317025001532472, -0.6201681641033034, 0.03886677308737029, 1.280250932544384, -0.8071019262542009, -0.8111174094856247, 0.3926624084610002, 0.944036899758459, -0.4307898537192017, -0.4424301000609646, -0.3702120488704286, 1.0173337079992093, 1.0109814849873022]
2016-12-17 01:20:15,467 - SIMU: ======================================
ROBOT 4
2016-12-17 04:10:44,584 - SIMU: ======================================
2016-12-17 04:10:44,586 - SIMU: ====== SimulationFollowLightGenBis ======
2016-12-17 04:10:44,587 - SIMU: ======================================
2016-12-17 04:10:44,588 - SIMU: -------------------
2016-12-17 04:10:44,589 - SIMU: Parameters :
2016-12-17 04:10:44,591 - SIMU: duration 3000
2016-12-17 04:10:44,592 - SIMU: lifetime 60
2016-12-17 04:10:44,594 - SIMU: sleep 0.1
2016-12-17 04:10:44,595 - SIMU: windowSize 20
2016-12-17 04:10:44,597 - SIMU: probabilities pcopy pgauss prandom 0.4 0.4 0.2
2016-12-17 04:10:44,599 - SIMU: sigma 0.1
2016-12-17 04:10:44,600 - SIMU: -------------------
2016-12-17 04:10:44,601 - SIMU: Start :
2016-12-17 04:10:54,863 - SIMU: 1 generation ended 0.335570016743
2016-12-17 04:10:54,875 - SIMU: SimulationFollowLightGen - applyVariation() : NEW RANDOM GENOME
2016-12-17 04:11:04,616 - SIMU: 2 generation ended 0.118815903943
2016-12-17 04:11:04,622 - SIMU: SimulationFollowLightGen - applyVariation() : NEW RANDOM GENOME
2016-12-17 04:11:14,513 - SIMU: 3 generation ended 0.263774848709
2016-12-17 04:11:14,528 - SIMU: SimulationFollowLightGen - applyVariation() : NEW RANDOM GENOME
2016-12-17 04:11:24,820 - SIMU: 4 generation ended 0.00133546434262
2016-12-17 04:11:24,829 - SIMU: SimulationFollowLightGen - applyVariation() : NEW RANDOM GENOME
2016-12-17 04:11:35,916 - SIMU: 5 generation ended 0.0
2016-12-17 04:11:45,112 - SIMU: 6 generation ended 0.20733419913
2016-12-17 04:11:55,109 - SIMU: 7 generation ended 0.0816266279864
2016-12-17 04:11:55,117 - SIMU: SimulationFollowLightGen - applyVariation() : NEW RANDOM GENOME
2016-12-17 04:12:03,992 - SIMU: 8 generation ended 0.369553975292
2016-12-17 04:12:13,057 - SIMU: 9 generation ended 0.0726882157533
2016-12-17 04:12:22,257 - SIMU: 10 generation ended 0.0796669656602
2016-12-17 04:12:31,697 - SIMU: 11 generation ended 0.476534718153
2016-12-17 04:12:40,953 - SIMU: 12 generation ended 0.101330069972
2016-12-17 04:12:50,272 - SIMU: 13 generation ended 0.0553553458258
2016-12-17 04:13:00,320 - SIMU: 14 generation ended 0.659690396073
2016-12-17 04:13:09,819 - SIMU: 15 generation ended 0.481921044315
2016-12-17 04:13:20,270 - SIMU: 16 generation ended 0.275715532279
2016-12-17 04:13:30,557 - SIMU: 17 generation ended 0.122975377833
2016-12-17 04:13:30,570 - SIMU: SimulationFollowLightGen - applyVariation() : NEW RANDOM GENOME
2016-12-17 04:13:41,037 - SIMU: 18 generation ended 0.0
2016-12-17 04:13:51,015 - SIMU: 19 generation ended 0.624913164587
2016-12-17 04:14:01,268 - SIMU: 20 generation ended 0.128986710336
2016-12-17 04:14:10,967 - SIMU: 21 generation ended 0.48134574566
2016-12-17 04:14:21,050 - SIMU: 22 generation ended 0.4754549134
2016-12-17 04:14:31,077 - SIMU: 23 generation ended 0.461608034226
2016-12-17 04:14:40,887 - SIMU: 24 generation ended 0.32579691194
2016-12-17 04:14:50,734 - SIMU: 25 generation ended 0.574877005027
2016-12-17 04:15:00,171 - SIMU: 26 generation ended 0.739301936226
2016-12-17 04:15:00,175 - SIMU: SimulationFollowLightGen - applyVariation() : NEW RANDOM GENOME
2016-12-17 04:15:10,371 - SIMU: 27 generation ended 0.0833232282363
2016-12-17 04:15:20,218 - SIMU: 28 generation ended 0.715600321108
2016-12-17 04:15:29,352 - SIMU: 29 generation ended 0.566778409401
2016-12-17 04:15:39,913 - SIMU: 30 generation ended 0.343579420617
2016-12-17 04:15:49,843 - SIMU: 31 generation ended 0.302396233753
2016-12-17 04:15:59,873 - SIMU: 32 generation ended 0.0916995454099
2016-12-17 04:16:09,294 - SIMU: 33 generation ended 0.760576136851
2016-12-17 04:16:19,916 - SIMU: 34 generation ended 0.612459983505
2016-12-17 04:16:30,668 - SIMU: 35 generation ended 0.327739573495
2016-12-17 04:16:40,190 - SIMU: 36 generation ended 0.364237749838
2016-12-17 04:16:50,602 - SIMU: 37 generation ended 0.380791309496
2016-12-17 04:17:00,686 - SIMU: 38 generation ended 0.594472973333
2016-12-17 04:17:11,192 - SIMU: 39 generation ended 0.73818042708
2016-12-17 04:17:20,773 - SIMU: 40 generation ended 0.624885062724
2016-12-17 04:17:30,575 - SIMU: 41 generation ended 0.756750547002
2016-12-17 04:17:40,479 - SIMU: 42 generation ended 0.259229685094
2016-12-17 04:17:51,422 - SIMU: 43 generation ended 0.322579724222
2016-12-17 04:18:01,470 - SIMU: 44 generation ended 0.50679263001
2016-12-17 04:18:11,435 - SIMU: 45 generation ended 0.456569523046
2016-12-17 04:18:21,326 - SIMU: 46 generation ended 0.539307918124
2016-12-17 04:18:30,808 - SIMU: 47 generation ended 0.469729072571
2016-12-17 04:18:40,385 - SIMU: 48 generation ended 0.584365230214
2016-12-17 04:18:50,657 - SIMU: 49 generation ended 0.475946494196
2016-12-17 04:19:00,579 - SIMU: 50 generation ended 0.377055371295
2016-12-17 04:19:10,591 - SIMU: 51 generation ended 0.065460927112
2016-12-17 04:19:20,064 - SIMU: 52 generation ended 0.475858481997
2016-12-17 04:19:29,661 - SIMU: 53 generation ended 0.381105647352
2016-12-17 04:19:39,803 - SIMU: 54 generation ended 0.357428868866
2016-12-17 04:19:50,324 - SIMU: 55 generation ended 0.716264587147
2016-12-17 04:20:00,437 - SIMU: 56 generation ended 0.596634121586
2016-12-17 04:20:10,306 - SIMU: 57 generation ended 0.162548626296
2016-12-17 04:20:20,439 - SIMU: 58 generation ended 0.189336342625
2016-12-17 04:20:30,558 - SIMU: 59 generation ended 0.749597212705
2016-12-17 04:20:39,930 - SIMU: 60 generation ended 0.354262227681
2016-12-17 04:20:40,033 - SIMU: -------------------
2016-12-17 04:20:40,034 - SIMU: End :
2016-12-17 04:20:40,035 - SIMU: fitness_champion 0.354262227681
2016-12-17 04:20:40,037 - SIMU: champion [-0.9218942238260387, -0.5044033775159689, -0.15746309009446754, -0.5540163040519976, -0.6480324531355832, -0.13633481663291946, -0.6967748610231888, 0.24502262652062354, 1.065009061206558, -0.7024249238879614, -0.881947224626596, 0.19690109015247492, 1.0569568068806632, -0.5096641237327986, -0.5901720825832643, -0.28736654670644396, 1.0184476964638398, 0.8344894530517469]
2016-12-17 04:20:40,038 - SIMU: ======================================
ROBOT 5
2016-12-16 18:10:18,866 - SIMU: ======================================
2016-12-16 18:10:18,867 - SIMU: ====== SimulationFollowLightGenBis ======
2016-12-16 18:10:18,868 - SIMU: ======================================
2016-12-16 18:10:18,868 - SIMU: -------------------
2016-12-16 18:10:18,869 - SIMU: Parameters :
2016-12-16 18:10:18,870 - SIMU: duration 3000
2016-12-16 18:10:18,870 - SIMU: lifetime 60
2016-12-16 18:10:18,871 - SIMU: sleep 0.1
2016-12-16 18:10:18,871 - SIMU: windowSize 20
2016-12-16 18:10:18,872 - SIMU: probabilities pcopy pgauss prandom 0.4 0.4 0.2
2016-12-16 18:10:18,873 - SIMU: sigma 0.1
2016-12-16 18:10:18,873 - SIMU: -------------------
2016-12-16 18:10:18,874 - SIMU: Start :
2016-12-16 18:10:29,374 - SIMU: 1 generation ended 0.0
2016-12-16 18:10:38,767 - SIMU: 2 generation ended 0.492683486403
2016-12-16 18:10:47,671 - SIMU: 3 generation ended 0.0580735020074
2016-12-16 18:10:57,057 - SIMU: 4 generation ended 0.0546694206179
2016-12-16 18:11:06,561 - SIMU: 5 generation ended 0.0457901794539
2016-12-16 18:11:16,444 - SIMU: 6 generation ended 0.376281832805
2016-12-16 18:11:26,613 - SIMU: 7 generation ended 0.61437616823
2016-12-16 18:11:36,253 - SIMU: 8 generation ended 0.0502595006959
2016-12-16 18:11:45,469 - SIMU: 9 generation ended 0.0437117613315
2016-12-16 18:11:45,479 - SIMU: SimulationFollowLightGen - applyVariation() : NEW RANDOM GENOME
2016-12-16 18:11:55,594 - SIMU: 10 generation ended 0.0
2016-12-16 18:12:05,247 - SIMU: 11 generation ended 0.784714661472
2016-12-16 18:12:15,194 - SIMU: 12 generation ended 0.687138334908
2016-12-16 18:12:15,206 - SIMU: SimulationFollowLightGen - applyVariation() : NEW RANDOM GENOME
2016-12-16 18:12:25,059 - SIMU: 13 generation ended 0.582774624141
2016-12-16 18:12:34,649 - SIMU: 14 generation ended 0.0730608555055
2016-12-16 18:12:44,295 - SIMU: 15 generation ended 0.0545594664338
2016-12-16 18:12:53,613 - SIMU: 16 generation ended 0.0918405760145
2016-12-16 18:13:02,990 - SIMU: 17 generation ended 0.328917976212
2016-12-16 18:13:12,857 - SIMU: 18 generation ended 0.504935308497
2016-12-16 18:13:22,956 - SIMU: 19 generation ended 0.486175160973
2016-12-16 18:13:32,783 - SIMU: 20 generation ended 0.48544294485
2016-12-16 18:13:42,745 - SIMU: 21 generation ended 0.527397846839
2016-12-16 18:13:52,070 - SIMU: 22 generation ended 0.487903957502
2016-12-16 18:13:52,077 - SIMU: SimulationFollowLightGen - applyVariation() : NEW RANDOM GENOME
2016-12-16 18:14:02,246 - SIMU: 23 generation ended 0.136309498976
2016-12-16 18:14:11,944 - SIMU: 24 generation ended 0.419193918389
2016-12-16 18:14:21,219 - SIMU: 25 generation ended 0.733363727253
2016-12-16 18:14:21,222 - SIMU: SimulationFollowLightGen - applyVariation() : NEW RANDOM GENOME
2016-12-16 18:14:30,604 - SIMU: 26 generation ended 0.067984110161
2016-12-16 18:14:40,671 - SIMU: 27 generation ended 0.745025839915
2016-12-16 18:14:50,792 - SIMU: 28 generation ended 0.638919005384
2016-12-16 18:15:00,618 - SIMU: 29 generation ended 0.553738576876
2016-12-16 18:15:09,804 - SIMU: 30 generation ended 0.534711622278
2016-12-16 18:15:19,529 - SIMU: 31 generation ended 0.504163681471
2016-12-16 18:15:29,120 - SIMU: 32 generation ended 0.490853229826
2016-12-16 18:15:38,639 - SIMU: 33 generation ended 0.755596940547
2016-12-16 18:15:48,276 - SIMU: 34 generation ended 0.314790165711
2016-12-16 18:15:58,764 - SIMU: 35 generation ended 0.713971506746
2016-12-16 18:16:08,524 - SIMU: 36 generation ended 0.552273923765
2016-12-16 18:16:17,991 - SIMU: 37 generation ended 0.124797900689
2016-12-16 18:16:27,419 - SIMU: 38 generation ended 0.665081872653
2016-12-16 18:16:36,861 - SIMU: 39 generation ended 0.757585376878
2016-12-16 18:16:46,312 - SIMU: 40 generation ended 0.536891282309
2016-12-16 18:16:56,529 - SIMU: 41 generation ended 0.693605245328
2016-12-16 18:17:06,080 - SIMU: 42 generation ended 0.424026379087
2016-12-16 18:17:15,434 - SIMU: 43 generation ended 0.417071560255
2016-12-16 18:17:25,018 - SIMU: 44 generation ended 0.437126101938
2016-12-16 18:17:34,706 - SIMU: 45 generation ended 0.624855368695
2016-12-16 18:17:44,844 - SIMU: 46 generation ended 0.864240777924
2016-12-16 18:17:54,520 - SIMU: 47 generation ended 0.435592700883
2016-12-16 18:18:03,788 - SIMU: 48 generation ended 0.452135969848
2016-12-16 18:18:13,326 - SIMU: 49 generation ended 0.525384538287
2016-12-16 18:18:23,161 - SIMU: 50 generation ended 0.469729072571
2016-12-16 18:18:33,702 - SIMU: 51 generation ended 0.629705304741
2016-12-16 18:18:43,125 - SIMU: 52 generation ended 0.0284682872519
2016-12-16 18:18:52,564 - SIMU: 53 generation ended 0.340693075599
2016-12-16 18:19:02,289 - SIMU: 54 generation ended 0.736435460807
2016-12-16 18:19:12,442 - SIMU: 55 generation ended 0.766593659186
2016-12-16 18:19:22,171 - SIMU: 56 generation ended 0.254392766493
2016-12-16 18:19:31,611 - SIMU: 57 generation ended 0.802959680036
2016-12-16 18:19:41,080 - SIMU: 58 generation ended 0.150379589173
2016-12-16 18:19:50,779 - SIMU: 59 generation ended 0.051729685882
2016-12-16 18:19:59,939 - SIMU: 60 generation ended 0.0318799690954
2016-12-16 18:20:00,045 - SIMU: -------------------
2016-12-16 18:20:00,046 - SIMU: End :
2016-12-16 18:20:00,047 - SIMU: fitness_champion 0.0318799690954
2016-12-16 18:20:00,048 - SIMU: champion [-0.7832462923245671, -0.6473516930475738, -0.10229725770168718, -0.9982008358799074, -0.537660061869196, -0.45813055009896153, -0.6803304104031607, 0.1824216716473599, 1.572581252576204, -0.7573287475949064, -0.9220106308095631, -0.02385194474430004, 0.7064303899673784, -0.16853877923920674, -0.5319131788060807, -0.5784855220105753, 1.0008373501294416, 0.9282345080671979]
2016-12-16 18:20:00,049 - SIMU: ======================================
ROBOT 7
2016-12-16 19:12:07,453 - SIMU: ======================================
2016-12-16 19:12:07,454 - SIMU: ====== SimulationFollowLightGenBis ======
2016-12-16 19:12:07,455 - SIMU: ======================================
2016-12-16 19:12:07,455 - SIMU: -------------------
2016-12-16 19:12:07,456 - SIMU: Parameters :
2016-12-16 19:12:07,457 - SIMU: duration 3000
2016-12-16 19:12:07,457 - SIMU: lifetime 60
2016-12-16 19:12:07,458 - SIMU: sleep 0.1
2016-12-16 19:12:07,459 - SIMU: windowSize 20
2016-12-16 19:12:07,459 - SIMU: probabilities pcopy pgauss prandom 0.4 0.4 0.2
2016-12-16 19:12:07,460 - SIMU: sigma 0.1
2016-12-16 19:12:07,461 - SIMU: -------------------
2016-12-16 19:12:07,461 - SIMU: Start :
2016-12-16 19:12:17,240 - SIMU: 1 generation ended 0.0
2016-12-16 19:12:27,220 - SIMU: 2 generation ended 0.145814036177
2016-12-16 19:12:37,648 - SIMU: 3 generation ended 0.530874378761
2016-12-16 19:12:47,812 - SIMU: 4 generation ended 0.434203083686
2016-12-16 19:12:57,554 - SIMU: 5 generation ended 0.12248519061
2016-12-16 19:13:06,631 - SIMU: 6 generation ended 0.0365343007818
2016-12-16 19:13:06,648 - SIMU: SimulationFollowLightGen - applyVariation() : NEW RANDOM GENOME
2016-12-16 19:13:16,077 - SIMU: 7 generation ended 0.0285568248322
2016-12-16 19:13:25,875 - SIMU: 8 generation ended 0.0332779471156
2016-12-16 19:13:25,880 - SIMU: SimulationFollowLightGen - applyVariation() : NEW RANDOM GENOME
2016-12-16 19:13:35,513 - SIMU: 9 generation ended 0.221404500728
2016-12-16 19:13:45,518 - SIMU: 10 generation ended 0.334486150227
2016-12-16 19:13:55,560 - SIMU: 11 generation ended 0.0600345042588
2016-12-16 19:14:04,463 - SIMU: 12 generation ended 0.142127742947
2016-12-16 19:14:04,477 - SIMU: SimulationFollowLightGen - applyVariation() : NEW RANDOM GENOME
2016-12-16 19:14:13,928 - SIMU: 13 generation ended 0.0
2016-12-16 19:14:24,134 - SIMU: 14 generation ended 0.314206215605
2016-12-16 19:14:34,524 - SIMU: 15 generation ended 0.766649893526
2016-12-16 19:14:44,584 - SIMU: 16 generation ended 0.339377858749
2016-12-16 19:14:53,984 - SIMU: 17 generation ended 0.387846823658
2016-12-16 19:14:53,990 - SIMU: SimulationFollowLightGen - applyVariation() : NEW RANDOM GENOME
2016-12-16 19:15:03,549 - SIMU: 18 generation ended 0.0
2016-12-16 19:15:03,567 - SIMU: SimulationFollowLightGen - applyVariation() : NEW RANDOM GENOME
2016-12-16 19:15:13,192 - SIMU: 19 generation ended 0.0
2016-12-16 19:15:22,211 - SIMU: 20 generation ended 0.646477627863
2016-12-16 19:15:31,981 - SIMU: 21 generation ended 0.686153344343
2016-12-16 19:15:42,059 - SIMU: 22 generation ended 0.441570603867
2016-12-16 19:15:52,754 - SIMU: 23 generation ended 0.611379301741
2016-12-16 19:16:02,448 - SIMU: 24 generation ended 0.685702011534
2016-12-16 19:16:12,239 - SIMU: 25 generation ended 0.494558812248
2016-12-16 19:16:12,252 - SIMU: SimulationFollowLightGen - applyVariation() : NEW RANDOM GENOME
2016-12-16 19:16:21,254 - SIMU: 26 generation ended 0.0
2016-12-16 19:16:30,672 - SIMU: 27 generation ended 0.608080368907
2016-12-16 19:16:30,679 - SIMU: SimulationFollowLightGen - applyVariation() : NEW RANDOM GENOME
2016-12-16 19:16:40,310 - SIMU: 28 generation ended 0.0
2016-12-16 19:16:50,398 - SIMU: 29 generation ended 0.689025379284
2016-12-16 19:17:00,059 - SIMU: 30 generation ended 0.571897617584
2016-12-16 19:17:09,775 - SIMU: 31 generation ended 0.223071520495
2016-12-16 19:17:20,104 - SIMU: 32 generation ended 0.690890875081
2016-12-16 19:17:30,001 - SIMU: 33 generation ended 0.847754934303
2016-12-16 19:17:39,578 - SIMU: 34 generation ended 0.670019630532
2016-12-16 19:17:50,105 - SIMU: 35 generation ended 0.695359843714
2016-12-16 19:17:59,684 - SIMU: 36 generation ended 0.279049259713
2016-12-16 19:18:09,689 - SIMU: 37 generation ended 0.594353742324
2016-12-16 19:18:19,143 - SIMU: 38 generation ended 0.75645059647
2016-12-16 19:18:29,349 - SIMU: 39 generation ended 0.521907655448
2016-12-16 19:18:38,969 - SIMU: 40 generation ended 0.665532722228
2016-12-16 19:18:48,620 - SIMU: 41 generation ended 0.610720511914
2016-12-16 19:18:58,091 - SIMU: 42 generation ended 0.55168349143
2016-12-16 19:19:07,853 - SIMU: 43 generation ended 0.546643613078
2016-12-16 19:19:17,349 - SIMU: 44 generation ended 0.534232303985
2016-12-16 19:19:26,730 - SIMU: 45 generation ended 0.56782004523
2016-12-16 19:19:36,330 - SIMU: 46 generation ended 0.539039364141
2016-12-16 19:19:47,142 - SIMU: 47 generation ended 0.633449564203
2016-12-16 19:19:56,907 - SIMU: 48 generation ended 0.474781624386
2016-12-16 19:20:06,773 - SIMU: 49 generation ended 0.224923873205
2016-12-16 19:20:17,088 - SIMU: 50 generation ended 0.766593659186
2016-12-16 19:20:26,504 - SIMU: 51 generation ended 0.511687037569
2016-12-16 19:20:37,806 - SIMU: 52 generation ended 0.810422757362
2016-12-16 19:20:47,561 - SIMU: 53 generation ended 0.566326995359
2016-12-16 19:20:57,517 - SIMU: 54 generation ended 0.107918507174
2016-12-16 19:21:07,814 - SIMU: 55 generation ended 0.558400959853
2016-12-16 19:21:19,065 - SIMU: 56 generation ended 0.414571207505
2016-12-16 19:21:28,677 - SIMU: 57 generation ended 0.776897271215
2016-12-16 19:21:38,005 - SIMU: 58 generation ended 0.287598676584
2016-12-16 19:21:48,993 - SIMU: 59 generation ended 0.61324592472
2016-12-16 19:21:58,747 - SIMU: 60 generation ended 0.750103997535
2016-12-16 19:21:58,854 - SIMU: -------------------
2016-12-16 19:21:58,855 - SIMU: End :
2016-12-16 19:21:58,856 - SIMU: fitness_champion 0.750103997535
2016-12-16 19:21:58,857 - SIMU: champion [-0.8172100250169575, -0.5330373905665222, -0.03868211078832241, -0.5450235238894613, -0.6976066341937643, -0.34743104501667377, -0.48562897788940573, 0.05319667751150878, 0.9551235978160496, -0.781938166144599, -0.6175709907697459, 0.18412206258747923, 1.0397004998783963, -0.5854306391075597, -0.6497014999733628, -0.3917273628678013, 0.9809013045867885, 0.9268590027723372]
2016-12-16 19:21:58,858 - SIMU: ======================================
ROBOT 8
2016-12-16 17:12:18,095 - SIMU: ======================================
2016-12-16 17:12:18,096 - SIMU: ====== SimulationFollowLightGenBis ======
2016-12-16 17:12:18,097 - SIMU: ======================================
2016-12-16 17:12:18,098 - SIMU: -------------------
2016-12-16 17:12:18,099 - SIMU: Parameters :
2016-12-16 17:12:18,100 - SIMU: duration 3000
2016-12-16 17:12:18,101 - SIMU: lifetime 60
2016-12-16 17:12:18,102 - SIMU: sleep 0.1
2016-12-16 17:12:18,103 - SIMU: windowSize 20
2016-12-16 17:12:18,104 - SIMU: probabilities pcopy pgauss prandom 0.4 0.4 0.2
2016-12-16 17:12:18,105 - SIMU: sigma 0.1
2016-12-16 17:12:18,106 - SIMU: -------------------
2016-12-16 17:12:18,107 - SIMU: Start :
2016-12-16 17:12:27,354 - SIMU: 1 generation ended 0.0
2016-12-16 17:12:36,828 - SIMU: 2 generation ended 0.264976108724
2016-12-16 17:12:46,398 - SIMU: 3 generation ended 0.152763305069
2016-12-16 17:12:56,017 - SIMU: 4 generation ended 0.28054784932
2016-12-16 17:13:04,790 - SIMU: 5 generation ended 0.0298843057867
2016-12-16 17:13:13,884 - SIMU: 6 generation ended 0.0
2016-12-16 17:13:13,892 - SIMU: SimulationFollowLightGen - applyVariation() : NEW RANDOM GENOME
2016-12-16 17:13:23,278 - SIMU: 7 generation ended 0.0
2016-12-16 17:13:33,293 - SIMU: 8 generation ended 0.470899136038
2016-12-16 17:13:33,358 - SIMU: SimulationFollowLightGen - applyVariation() : NEW RANDOM GENOME
2016-12-16 17:13:42,842 - SIMU: 9 generation ended 0.0
2016-12-16 17:13:52,832 - SIMU: 10 generation ended 0.323559145286
2016-12-16 17:14:04,529 - SIMU: 11 generation ended 0.287928253261
2016-12-16 17:14:14,840 - SIMU: 12 generation ended 0.374700037899
2016-12-16 17:14:24,228 - SIMU: 13 generation ended 0.0150874841838
2016-12-16 17:14:33,709 - SIMU: 14 generation ended 0.477148782737
2016-12-16 17:14:43,124 - SIMU: 15 generation ended 0.254562161648
2016-12-16 17:14:52,731 - SIMU: 16 generation ended 0.0910050355856
2016-12-16 17:14:52,747 - SIMU: SimulationFollowLightGen - applyVariation() : NEW RANDOM GENOME
2016-12-16 17:15:02,088 - SIMU: 17 generation ended 0.0
2016-12-16 17:15:12,793 - SIMU: 18 generation ended 0.699388564357
2016-12-16 17:15:22,684 - SIMU: 19 generation ended 0.668450632086
2016-12-16 17:15:22,693 - SIMU: SimulationFollowLightGen - applyVariation() : NEW RANDOM GENOME
2016-12-16 17:15:32,673 - SIMU: 20 generation ended 0.0
2016-12-16 17:15:42,536 - SIMU: 21 generation ended 0.280244815275
2016-12-16 17:15:42,544 - SIMU: SimulationFollowLightGen - applyVariation() : NEW RANDOM GENOME
2016-12-16 17:15:52,137 - SIMU: 22 generation ended 0.0167477461501
2016-12-16 17:16:01,456 - SIMU: 23 generation ended 0.0780456685196
2016-12-16 17:16:11,418 - SIMU: 24 generation ended 0.308286736696
2016-12-16 17:16:21,425 - SIMU: 25 generation ended 0.542957398787
2016-12-16 17:16:21,433 - SIMU: SimulationFollowLightGen - applyVariation() : NEW RANDOM GENOME
2016-12-16 17:16:31,115 - SIMU: 26 generation ended 0.0
2016-12-16 17:16:41,056 - SIMU: 27 generation ended 0.578491728084
2016-12-16 17:16:50,670 - SIMU: 28 generation ended 0.628556336034
2016-12-16 17:17:00,896 - SIMU: 29 generation ended 0.533327535312
2016-12-16 17:17:00,904 - SIMU: SimulationFollowLightGen - applyVariation() : NEW RANDOM GENOME
2016-12-16 17:17:10,837 - SIMU: 30 generation ended 0.0922368023822
2016-12-16 17:17:20,850 - SIMU: 31 generation ended 0.512399919801
2016-12-16 17:17:30,316 - SIMU: 32 generation ended 0.703473096859
2016-12-16 17:17:40,849 - SIMU: 33 generation ended 0.255444293767
2016-12-16 17:17:50,846 - SIMU: 34 generation ended 0.176242184797
2016-12-16 17:18:00,768 - SIMU: 35 generation ended 0.352714039795
2016-12-16 17:18:10,757 - SIMU: 36 generation ended 0.346622353889
2016-12-16 17:18:20,718 - SIMU: 37 generation ended 0.419731811725
2016-12-16 17:18:30,739 - SIMU: 38 generation ended 0.331767716451
2016-12-16 17:18:40,608 - SIMU: 39 generation ended 0.529499110118
2016-12-16 17:18:51,102 - SIMU: 40 generation ended 0.711800465954
2016-12-16 17:19:00,796 - SIMU: 41 generation ended 0.503993291758
2016-12-16 17:19:10,741 - SIMU: 42 generation ended 0.705161716729
2016-12-16 17:19:20,474 - SIMU: 43 generation ended 0.749805815681
2016-12-16 17:19:29,917 - SIMU: 44 generation ended 0.202916754032
2016-12-16 17:19:39,984 - SIMU: 45 generation ended 0.572411480797
2016-12-16 17:19:50,423 - SIMU: 46 generation ended 0.602493480065
2016-12-16 17:20:00,573 - SIMU: 47 generation ended 0.413775054144
2016-12-16 17:20:10,597 - SIMU: 48 generation ended 0.47384724562
2016-12-16 17:20:20,533 - SIMU: 49 generation ended 0.623956806854
2016-12-16 17:20:30,723 - SIMU: 50 generation ended 0.43889485955
2016-12-16 17:20:40,353 - SIMU: 51 generation ended 0.47870292785
2016-12-16 17:20:50,116 - SIMU: 52 generation ended 0.794592576932
2016-12-16 17:21:00,104 - SIMU: 53 generation ended 0.600156012825
2016-12-16 17:21:09,429 - SIMU: 54 generation ended 0.0391294842053
2016-12-16 17:21:18,830 - SIMU: 55 generation ended 0.0348376594739
2016-12-16 17:21:28,224 - SIMU: 56 generation ended 0.0366363699882
2016-12-16 17:21:37,386 - SIMU: 57 generation ended 0.0203452769618
2016-12-16 17:21:46,510 - SIMU: 58 generation ended 0.710436422295
2016-12-16 17:21:56,283 - SIMU: 59 generation ended 0.0141178658921
2016-12-16 17:22:05,995 - SIMU: 60 generation ended 0.749597212705
2016-12-16 17:22:06,066 - ERROR: MainController - Request for sending com message while no simulation started.
2016-12-16 17:22:06,098 - SIMU: -------------------
2016-12-16 17:22:06,100 - SIMU: End :
2016-12-16 17:22:06,102 - SIMU: fitness_champion 0.749597212705
2016-12-16 17:22:06,109 - SIMU: champion [-0.9218942238260387, -0.5044033775159689, -0.15746309009446754, -0.5540163040519976, -0.6480324531355832, -0.13633481663291946, -0.6967748610231888, 0.24502262652062354, 1.065009061206558, -0.7024249238879614, -0.881947224626596, 0.19690109015247492, 1.0569568068806632, -0.5096641237327986, -0.5901720825832643, -0.28736654670644396, 1.0184476964638398, 0.8344894530517469]
2016-12-16 17:22:06,173 - SIMU: ======================================
ROBOT 9
2016-12-16 17:10:36,482 - SIMU: ======================================
2016-12-16 17:10:36,484 - SIMU: ====== SimulationFollowLightGenBis ======
2016-12-16 17:10:36,485 - SIMU: ======================================
2016-12-16 17:10:36,485 - SIMU: -------------------
2016-12-16 17:10:36,486 - SIMU: Parameters :
2016-12-16 17:10:36,487 - SIMU: duration 3000
2016-12-16 17:10:36,487 - SIMU: lifetime 60
2016-12-16 17:10:36,488 - SIMU: sleep 0.1
2016-12-16 17:10:36,488 - SIMU: windowSize 20
2016-12-16 17:10:36,489 - SIMU: probabilities pcopy pgauss prandom 0.4 0.4 0.2
2016-12-16 17:10:36,490 - SIMU: sigma 0.1
2016-12-16 17:10:36,490 - SIMU: -------------------
2016-12-16 17:10:36,491 - SIMU: Start :
2016-12-16 17:10:44,785 - SIMU: 1 generation ended 0.0
2016-12-16 17:10:54,185 - SIMU: 2 generation ended 0.530874378761
2016-12-16 17:11:03,185 - SIMU: 3 generation ended 0.0145885781713
2016-12-16 17:11:03,191 - SIMU: SimulationFollowLightGen - applyVariation() : NEW RANDOM GENOME
2016-12-16 17:11:11,349 - SIMU: 4 generation ended 0.0
2016-12-16 17:11:20,035 - SIMU: 5 generation ended 0.0501684725932
2016-12-16 17:11:20,101 - SIMU: SimulationFollowLightGen - applyVariation() : NEW RANDOM GENOME
2016-12-16 17:11:28,651 - SIMU: 6 generation ended 0.0
2016-12-16 17:11:36,975 - SIMU: 7 generation ended 0.0541244723051
2016-12-16 17:11:45,014 - SIMU: 8 generation ended 0.0561741192049
2016-12-16 17:11:53,968 - SIMU: 9 generation ended 0.0629710469221
2016-12-16 17:12:03,240 - SIMU: 10 generation ended 0.596043641186
2016-12-16 17:12:12,737 - SIMU: 11 generation ended 0.480702058631
2016-12-16 17:12:21,143 - SIMU: 12 generation ended 0.0
2016-12-16 17:12:21,148 - SIMU: SimulationFollowLightGen - applyVariation() : NEW RANDOM GENOME
2016-12-16 17:12:29,206 - SIMU: 13 generation ended 0.125939391415
2016-12-16 17:12:29,210 - SIMU: SimulationFollowLightGen - applyVariation() : NEW RANDOM GENOME
2016-12-16 17:12:38,334 - SIMU: 14 generation ended 0.0
2016-12-16 17:12:47,039 - SIMU: 15 generation ended 0.676528866992
2016-12-16 17:12:56,058 - SIMU: 16 generation ended 0.100558078891
2016-12-16 17:13:04,901 - SIMU: 17 generation ended 0.541082907451
2016-12-16 17:13:13,157 - SIMU: 18 generation ended 0.243684552364
2016-12-16 17:13:21,826 - SIMU: 19 generation ended 0.235151494909
2016-12-16 17:13:30,724 - SIMU: 20 generation ended 0.171898956965
2016-12-16 17:13:39,104 - SIMU: 21 generation ended 0.699186105267
2016-12-16 17:13:39,109 - SIMU: SimulationFollowLightGen - applyVariation() : NEW RANDOM GENOME
2016-12-16 17:13:47,819 - SIMU: 22 generation ended 0.0
2016-12-16 17:13:56,314 - SIMU: 23 generation ended 0.419896994338
2016-12-16 17:13:56,318 - SIMU: SimulationFollowLightGen - applyVariation() : NEW RANDOM GENOME
2016-12-16 17:14:05,530 - SIMU: 24 generation ended 0.0
2016-12-16 17:14:14,353 - SIMU: 25 generation ended 0.509859445549
2016-12-16 17:14:22,709 - SIMU: 26 generation ended 0.243669351574
2016-12-16 17:14:31,162 - SIMU: 27 generation ended 0.421408089373
2016-12-16 17:14:39,682 - SIMU: 28 generation ended 0.712015243283
2016-12-16 17:14:49,379 - SIMU: 29 generation ended 0.532044756416
2016-12-16 17:14:49,386 - SIMU: SimulationFollowLightGen - applyVariation() : NEW RANDOM GENOME
2016-12-16 17:14:58,718 - SIMU: 30 generation ended 0.242011754453
2016-12-16 17:15:07,315 - SIMU: 31 generation ended 0.569943399162
2016-12-16 17:15:16,677 - SIMU: 32 generation ended 0.71372088921
2016-12-16 17:15:25,274 - SIMU: 33 generation ended 0.537275859107
2016-12-16 17:15:34,665 - SIMU: 34 generation ended 0.689025379284
2016-12-16 17:15:42,903 - SIMU: 35 generation ended 0.556565114233
2016-12-16 17:15:52,172 - SIMU: 36 generation ended 0.661699063324
2016-12-16 17:16:01,224 - SIMU: 37 generation ended 0.689025379284
2016-12-16 17:16:10,266 - SIMU: 38 generation ended 0.492297047651
2016-12-16 17:16:19,589 - SIMU: 39 generation ended 0.749364050906
2016-12-16 17:16:28,229 - SIMU: 40 generation ended 0.234732571912
2016-12-16 17:16:36,930 - SIMU: 41 generation ended 0.805887596762
2016-12-16 17:16:45,823 - SIMU: 42 generation ended 0.586516260489
2016-12-16 17:16:55,016 - SIMU: 43 generation ended 0.623382930757
2016-12-16 17:17:03,776 - SIMU: 44 generation ended 0.686631771171
2016-12-16 17:17:12,055 - SIMU: 45 generation ended 0.658094050351
2016-12-16 17:17:21,232 - SIMU: 46 generation ended 0.658867725267
2016-12-16 17:17:30,582 - SIMU: 47 generation ended 0.361733598718
2016-12-16 17:17:39,216 - SIMU: 48 generation ended 0.651588728956
2016-12-16 17:17:48,080 - SIMU: 49 generation ended 0.421425393685
2016-12-16 17:17:57,446 - SIMU: 50 generation ended 0.639210183527
2016-12-16 17:18:07,099 - SIMU: 51 generation ended 0.562832910412
2016-12-16 17:18:15,146 - SIMU: 52 generation ended 0.128933053191
2016-12-16 17:18:24,734 - SIMU: 53 generation ended 0.378811946649
2016-12-16 17:18:33,417 - SIMU: 54 generation ended 0.74896369287
2016-12-16 17:18:41,637 - SIMU: 55 generation ended 0.0477374634442
2016-12-16 17:18:50,362 - SIMU: 56 generation ended 0.276920926996
2016-12-16 17:18:59,569 - SIMU: 57 generation ended 0.178937918572
2016-12-16 17:19:08,250 - SIMU: 58 generation ended 0.672272591595
2016-12-16 17:19:17,357 - SIMU: 59 generation ended 0.733614894381
2016-12-16 17:19:26,390 - SIMU: 60 generation ended 0.116674232595
2016-12-16 17:19:26,485 - ERROR: MainController - Request for sending com message while no simulation started.
2016-12-16 17:19:26,499 - SIMU: -------------------
2016-12-16 17:19:26,499 - SIMU: End :
2016-12-16 17:19:26,500 - SIMU: fitness_champion 0.116674232595
2016-12-16 17:19:26,500 - SIMU: champion [-0.8823542829520378, -0.370051790562313, -0.2644911981918241, -0.5691532374167155, -0.7681126801400391, 0.0013791423764075578, -0.617728872088163, 0.20780131578543348, 0.9960448728728915, -0.8163268661172388, -0.7790717658051852, 0.480090754981287, 1.09405505455578, -0.646235293928395, -0.6519727887845557, -0.3873197281146775, 1.087002347852026, 0.7518662515365958]
2016-12-16 17:19:26,501 - SIMU: ======================================
ROBOT 11
2016-12-16 17:10:50,018 - SIMU: ======================================
2016-12-16 17:10:50,019 - SIMU: ====== SimulationFollowLightGenBis ======
2016-12-16 17:10:50,020 - SIMU: ======================================
2016-12-16 17:10:50,020 - SIMU: -------------------
2016-12-16 17:10:50,021 - SIMU: Parameters :
2016-12-16 17:10:50,022 - SIMU: duration 3000
2016-12-16 17:10:50,022 - SIMU: lifetime 60
2016-12-16 17:10:50,023 - SIMU: sleep 0.1
2016-12-16 17:10:50,023 - SIMU: windowSize 20
2016-12-16 17:10:50,024 - SIMU: probabilities pcopy pgauss prandom 0.4 0.4 0.2
2016-12-16 17:10:50,025 - SIMU: sigma 0.1
2016-12-16 17:10:50,025 - SIMU: -------------------
2016-12-16 17:10:50,026 - SIMU: Start :
2016-12-16 17:10:59,012 - SIMU: 1 generation ended 0.141035647732
2016-12-16 17:11:08,518 - SIMU: 2 generation ended 0.0
2016-12-16 17:11:17,921 - SIMU: 3 generation ended 0.0
2016-12-16 17:11:27,110 - SIMU: 4 generation ended 0.0
2016-12-16 17:11:37,324 - SIMU: 5 generation ended 0.515564726484
2016-12-16 17:11:47,571 - SIMU: 6 generation ended 0.170996739425
2016-12-16 17:11:56,891 - SIMU: 7 generation ended 0.0
2016-12-16 17:12:06,025 - SIMU: 8 generation ended 0.0897681368026
2016-12-16 17:12:15,950 - SIMU: 9 generation ended 0.0179444035099
2016-12-16 17:12:26,383 - SIMU: 10 generation ended 0.635076311354
2016-12-16 17:12:35,840 - SIMU: 11 generation ended 0.22896882314
2016-12-16 17:12:35,848 - SIMU: SimulationFollowLightGen - applyVariation() : NEW RANDOM GENOME
2016-12-16 17:12:45,838 - SIMU: 12 generation ended 0.0
2016-12-16 17:12:45,846 - SIMU: SimulationFollowLightGen - applyVariation() : NEW RANDOM GENOME
2016-12-16 17:12:55,533 - SIMU: 13 generation ended 0.0215658119958
2016-12-16 17:13:05,884 - SIMU: 14 generation ended 0.387898775718
2016-12-16 17:13:15,002 - SIMU: 15 generation ended 0.307935559769
2016-12-16 17:13:24,628 - SIMU: 16 generation ended 0.0726487830307
2016-12-16 17:13:33,985 - SIMU: 17 generation ended 0.539610447927
2016-12-16 17:13:43,865 - SIMU: 18 generation ended 0.646523783677
2016-12-16 17:13:53,401 - SIMU: 19 generation ended 0.0135868373711
2016-12-16 17:14:03,363 - SIMU: 20 generation ended 0.582740722539
2016-12-16 17:14:12,865 - SIMU: 21 generation ended 0.587436223675
2016-12-16 17:14:12,873 - SIMU: SimulationFollowLightGen - applyVariation() : NEW RANDOM GENOME
2016-12-16 17:14:22,566 - SIMU: 22 generation ended 0.00232684130587
2016-12-16 17:14:32,891 - SIMU: 23 generation ended 0.683445347489
2016-12-16 17:14:42,607 - SIMU: 24 generation ended 0.508114638298
2016-12-16 17:14:53,097 - SIMU: 25 generation ended 0.509418847556
2016-12-16 17:14:53,104 - SIMU: SimulationFollowLightGen - applyVariation() : NEW RANDOM GENOME
2016-12-16 17:15:02,947 - SIMU: 26 generation ended 0.095731914011
2016-12-16 17:15:12,787 - SIMU: 27 generation ended 0.132298512916
2016-12-16 17:15:22,620 - SIMU: 28 generation ended 0.12076412852
2016-12-16 17:15:22,628 - SIMU: SimulationFollowLightGen - applyVariation() : NEW RANDOM GENOME
2016-12-16 17:15:32,254 - SIMU: 29 generation ended 0.0
2016-12-16 17:15:41,853 - SIMU: 30 generation ended 0.691608224529
2016-12-16 17:15:51,468 - SIMU: 31 generation ended 0.53602487941
2016-12-16 17:16:02,653 - SIMU: 32 generation ended 0.554878714192
2016-12-16 17:16:11,847 - SIMU: 33 generation ended 0.504003148547
2016-12-16 17:16:22,045 - SIMU: 34 generation ended 0.789237356281
2016-12-16 17:16:32,284 - SIMU: 35 generation ended 0.583551511794
2016-12-16 17:16:42,550 - SIMU: 36 generation ended 0.497561918526
2016-12-16 17:16:52,439 - SIMU: 37 generation ended 0.595759367015
2016-12-16 17:17:03,039 - SIMU: 38 generation ended 0.491231045023
2016-12-16 17:17:12,839 - SIMU: 39 generation ended 0.607509719846
2016-12-16 17:17:23,794 - SIMU: 40 generation ended 0.766979067334
2016-12-16 17:17:34,028 - SIMU: 41 generation ended 0.219620884234
2016-12-16 17:17:43,621 - SIMU: 42 generation ended 0.625226305734
2016-12-16 17:17:54,579 - SIMU: 43 generation ended 0.337958761692
2016-12-16 17:18:05,042 - SIMU: 44 generation ended 0.626734000801
2016-12-16 17:18:15,265 - SIMU: 45 generation ended 0.564547846114
2016-12-16 17:18:25,370 - SIMU: 46 generation ended 0.263430693055
2016-12-16 17:18:35,712 - SIMU: 47 generation ended 0.469234986083
2016-12-16 17:18:46,207 - SIMU: 48 generation ended 0.571498385389
2016-12-16 17:18:56,236 - SIMU: 49 generation ended 0.542028408026
2016-12-16 17:19:05,724 - SIMU: 50 generation ended 0.380184096703
2016-12-16 17:19:15,832 - SIMU: 51 generation ended 0.822426041307
2016-12-16 17:19:26,027 - SIMU: 52 generation ended 0.555475744155
2016-12-16 17:19:36,691 - SIMU: 53 generation ended 0.666693356114
2016-12-16 17:19:47,014 - SIMU: 54 generation ended 0.857055803562
2016-12-16 17:19:57,243 - SIMU: 55 generation ended 0.364735381627
2016-12-16 17:20:08,139 - SIMU: 56 generation ended 0.284790521391
2016-12-16 17:20:18,276 - SIMU: 57 generation ended 0.817474256121
2016-12-16 17:20:28,079 - SIMU: 58 generation ended 0.460263007662
2016-12-16 17:20:38,482 - SIMU: 59 generation ended 0.764400286844
2016-12-16 17:20:49,422 - SIMU: 60 generation ended 0.868312700517
2016-12-16 17:20:49,526 - SIMU: -------------------
2016-12-16 17:20:49,527 - SIMU: End :
2016-12-16 17:20:49,530 - SIMU: fitness_champion 0.868312700517
2016-12-16 17:20:49,531 - SIMU: champion [-0.8663532926990112, -0.9050026980345941, -0.19511910053544615, -0.851968385462153, -0.4496042142338197, -0.45901334821688816, -0.6436557682766781, 0.3014249559023309, 1.3073880216710576, -0.6380841331914074, -0.7941262706182687, 0.063043305661536, 0.7781254483940996, -0.20586953497048702, -0.24912936240777517, -0.4750377050280269, 1.0578714624180556, 0.8729827445426708]
2016-12-16 17:20:49,531 - SIMU: ======================================
