2016-12-16 23:32:30,702 - DEBUG: MainController - Running.
2016-12-16 23:32:30,703 - DEBUG: CommandsListener - Waiting on accept...
2016-12-16 23:32:34,126 - DEBUG: CommandsListener - Received command from (192.168.0.210, 58823)
2016-12-16 23:32:34,127 - DEBUG: CommandsListener - Receiving command...
2016-12-16 23:32:34,130 - DEBUG: CommandsListener - Received <Utils.Message instance at 0x763c7710>
2016-12-16 23:32:34,131 - DEBUG: CommandsListener - Transmitting command 5 to controller.
2016-12-16 23:32:34,131 - DEBUG: MainController - Command 5 received.
2016-12-16 23:32:34,132 - DEBUG: CommandsListener - Waiting on accept...
2016-12-16 23:32:34,168 - DEBUG: MainController - Treating command : 5
2016-12-16 23:32:34,169 - DEBUG: MainController - Setting simulation...
2016-12-16 23:32:40,822 - DEBUG: CommandsListener - Received command from (192.168.0.210, 58831)
2016-12-16 23:32:40,823 - DEBUG: CommandsListener - Receiving command...
2016-12-16 23:32:40,825 - DEBUG: CommandsListener - Received <Utils.Message instance at 0x763c9940>
2016-12-16 23:32:40,826 - DEBUG: CommandsListener - Transmitting command 0 to controller.
2016-12-16 23:32:40,827 - DEBUG: MainController - Command 0 received.
2016-12-16 23:32:40,827 - DEBUG: CommandsListener - Waiting on accept...
2016-12-16 23:32:40,836 - DEBUG: MainController - Treating command : 0
2016-12-16 23:32:40,837 - DEBUG: MainController - Loading simulation...
2016-12-16 23:32:40,837 - DEBUG: Params - Parsing configuration file.
2016-12-16 23:32:41,516 - CRITICAL: dbus.Array([dbus.String(u'thymio-II')], signature=dbus.Signature('s'))
2016-12-16 23:32:41,517 - DEBUG: ThymioController - Running.
2016-12-16 23:32:43,948 - SIMU: ======================================
2016-12-16 23:32:43,949 - SIMU: ====== SimulationFollowLightGenBis ======
2016-12-16 23:32:43,950 - SIMU: ======================================
2016-12-16 23:32:43,950 - SIMU: -------------------
2016-12-16 23:32:43,951 - SIMU: Parameters :
2016-12-16 23:32:43,952 - SIMU: duration 6000
2016-12-16 23:32:43,952 - SIMU: lifetime 60
2016-12-16 23:32:43,953 - SIMU: sleep 0.1
2016-12-16 23:32:43,953 - SIMU: windowSize 20
2016-12-16 23:32:43,954 - SIMU: probabilities pcopy pgauss prandom 0.4 0.4 0.2
2016-12-16 23:32:43,955 - SIMU: sigma 0.1
2016-12-16 23:32:43,955 - SIMU: -------------------
2016-12-16 23:32:43,956 - SIMU: Start :
2016-12-16 23:32:54,683 - SIMU: 0 generation ended 0.0
2016-12-16 23:33:05,064 - SIMU: 1 generation ended 0.177275632122
2016-12-16 23:33:05,072 - SIMU: SimulationFollowLightGen - applyVariation() : NEW RANDOM GENOME
2016-12-16 23:33:15,042 - SIMU: 2 generation ended 0.0
2016-12-16 23:33:24,705 - SIMU: 3 generation ended 0.190912219208
2016-12-16 23:33:24,712 - SIMU: SimulationFollowLightGen - applyVariation() : NEW RANDOM GENOME
2016-12-16 23:33:34,901 - SIMU: 4 generation ended 0.232578022695
2016-12-16 23:33:44,457 - SIMU: 5 generation ended 0.590316516104
2016-12-16 23:33:44,461 - SIMU: SimulationFollowLightGen - applyVariation() : NEW RANDOM GENOME
2016-12-16 23:33:54,184 - SIMU: 6 generation ended 0.0
2016-12-16 23:34:03,770 - SIMU: 7 generation ended 0.0173219328837
2016-12-16 23:34:03,784 - SIMU: SimulationFollowLightGen - applyVariation() : NEW RANDOM GENOME
2016-12-16 23:34:13,759 - SIMU: 8 generation ended 0.0
2016-12-16 23:34:23,956 - SIMU: 9 generation ended 0.184119463984
2016-12-16 23:34:34,474 - SIMU: 10 generation ended 0.0328288289119
2016-12-16 23:34:44,910 - SIMU: 11 generation ended 0.0350773436891
2016-12-16 23:34:54,363 - SIMU: 12 generation ended 0.145621132367
2016-12-16 23:35:04,554 - SIMU: 13 generation ended 0.0556342596246
2016-12-16 23:35:14,229 - SIMU: 14 generation ended 0.0377196416674
2016-12-16 23:35:24,409 - SIMU: 15 generation ended 0.215737071854
2016-12-16 23:35:34,263 - SIMU: 16 generation ended 0.210918359378
2016-12-16 23:35:43,968 - SIMU: 17 generation ended 0.721678458132
2016-12-16 23:35:43,974 - SIMU: SimulationFollowLightGen - applyVariation() : NEW RANDOM GENOME
2016-12-16 23:35:54,060 - SIMU: 18 generation ended 0.0617332170894
2016-12-16 23:36:03,892 - SIMU: 19 generation ended 0.686520833846
2016-12-16 23:36:13,755 - SIMU: 20 generation ended 0.0812883289664
2016-12-16 23:36:24,175 - SIMU: 21 generation ended 0.76401694607
2016-12-16 23:36:34,618 - SIMU: 22 generation ended 0.0748034447388
2016-12-16 23:36:34,625 - SIMU: SimulationFollowLightGen - applyVariation() : NEW RANDOM GENOME
2016-12-16 23:36:44,712 - SIMU: 23 generation ended 0.0
2016-12-16 23:36:55,496 - SIMU: 24 generation ended 0.117101863412
2016-12-16 23:37:06,761 - SIMU: 25 generation ended 0.0442041619969
2016-12-16 23:37:17,688 - SIMU: 26 generation ended 0.254637899918
2016-12-16 23:37:28,450 - SIMU: 27 generation ended 0.283724966707
2016-12-16 23:37:39,007 - SIMU: 28 generation ended 0.209832894493
2016-12-16 23:37:49,401 - SIMU: 29 generation ended 0.363776148105
2016-12-16 23:37:58,598 - SIMU: 30 generation ended 0.689087430089
2016-12-16 23:38:08,587 - SIMU: 31 generation ended 0.130127299788
2016-12-16 23:38:18,588 - SIMU: 32 generation ended 0.241183208089
2016-12-16 23:38:29,715 - SIMU: 33 generation ended 0.44049327362
2016-12-16 23:38:29,720 - SIMU: SimulationFollowLightGen - applyVariation() : NEW RANDOM GENOME
2016-12-16 23:38:39,281 - SIMU: 34 generation ended 0.0
2016-12-16 23:38:49,623 - SIMU: 35 generation ended 0.354513769679
2016-12-16 23:39:00,604 - SIMU: 36 generation ended 0.52116637891
2016-12-16 23:39:10,306 - SIMU: 37 generation ended 0.8544405298
2016-12-16 23:39:20,656 - SIMU: 38 generation ended 0.539042886292
2016-12-16 23:39:30,784 - SIMU: 39 generation ended 0.936983200448
2016-12-16 23:39:41,271 - SIMU: 40 generation ended 0.295332593703
2016-12-16 23:39:41,347 - SIMU: SimulationFollowLightGen - applyVariation() : NEW RANDOM GENOME
2016-12-16 23:39:52,165 - SIMU: 41 generation ended 0.0461794651423
2016-12-16 23:40:03,067 - SIMU: 42 generation ended 0.255851067996
2016-12-16 23:40:14,016 - SIMU: 43 generation ended 0.0707970975357
2016-12-16 23:40:24,376 - SIMU: 44 generation ended 0.553848769987
2016-12-16 23:40:24,381 - SIMU: SimulationFollowLightGen - applyVariation() : NEW RANDOM GENOME
2016-12-16 23:40:34,282 - SIMU: 45 generation ended 0.0
2016-12-16 23:40:45,013 - SIMU: 46 generation ended 0.450712903049
2016-12-16 23:40:55,270 - SIMU: 47 generation ended 0.507283514674
2016-12-16 23:41:05,135 - SIMU: 48 generation ended 0.733770756298
2016-12-16 23:41:15,142 - SIMU: 49 generation ended 0.472946588348
2016-12-16 23:41:25,290 - SIMU: 50 generation ended 0.636169503098
2016-12-16 23:41:36,580 - SIMU: 51 generation ended 0.648238356656
2016-12-16 23:41:45,847 - SIMU: 52 generation ended 0.422468504521
2016-12-16 23:41:55,934 - SIMU: 53 generation ended 0.408101372211
2016-12-16 23:42:06,026 - SIMU: 54 generation ended 0.292057006929
2016-12-16 23:42:16,236 - SIMU: 55 generation ended 0.453407297828
2016-12-16 23:42:27,784 - SIMU: 56 generation ended 0.671051592999
2016-12-16 23:42:38,214 - SIMU: 57 generation ended 0.614494973722
2016-12-16 23:42:48,277 - SIMU: 58 generation ended 0.373017493383
2016-12-16 23:42:58,516 - SIMU: 59 generation ended 0.719344520434
2016-12-16 23:43:09,148 - SIMU: 60 generation ended 0.589085248794
2016-12-16 23:43:19,499 - SIMU: 61 generation ended 0.326398927052
2016-12-16 23:43:29,717 - SIMU: 62 generation ended 0.767415146188
2016-12-16 23:43:39,766 - SIMU: 63 generation ended 0.0605769332094
2016-12-16 23:43:50,646 - SIMU: 64 generation ended 0.930746549282
2016-12-16 23:44:00,940 - SIMU: 65 generation ended 0.674708431104
2016-12-16 23:44:11,932 - SIMU: 66 generation ended 0.354416220585
2016-12-16 23:44:22,791 - SIMU: 67 generation ended 0.398250358286
2016-12-16 23:44:33,032 - SIMU: 68 generation ended 0.565003718053
2016-12-16 23:44:43,766 - SIMU: 69 generation ended 0.141974020616
2016-12-16 23:44:54,921 - SIMU: 70 generation ended 0.359285674621
2016-12-16 23:45:05,205 - SIMU: 71 generation ended 0.708203433695
2016-12-16 23:45:15,896 - SIMU: 72 generation ended 0.732551248598
2016-12-16 23:45:26,454 - SIMU: 73 generation ended 0.473603384876
2016-12-16 23:45:36,883 - SIMU: 74 generation ended 0.759759252633
2016-12-16 23:45:46,784 - SIMU: 75 generation ended 0.862862227636
2016-12-16 23:45:57,874 - SIMU: 76 generation ended 0.145526664402
2016-12-16 23:46:08,172 - SIMU: 77 generation ended 0.393405131673
2016-12-16 23:46:19,230 - SIMU: 78 generation ended 0.274402402847
2016-12-16 23:46:29,555 - SIMU: 79 generation ended 0.133457176975
2016-12-16 23:46:40,513 - SIMU: 80 generation ended 0.400612356201
2016-12-16 23:46:50,917 - SIMU: 81 generation ended 0.730024601521
2016-12-16 23:47:00,574 - SIMU: 82 generation ended 0.963232338945
2016-12-16 23:47:11,747 - SIMU: 83 generation ended 0.462148938995
2016-12-16 23:47:22,654 - SIMU: 84 generation ended 0.712676139268
2016-12-16 23:47:32,759 - SIMU: 85 generation ended 0.419435225261
2016-12-16 23:47:43,195 - SIMU: 86 generation ended 0.624495800901
2016-12-16 23:47:54,097 - SIMU: 87 generation ended 0.365313715731
2016-12-16 23:48:05,405 - SIMU: 88 generation ended 0.953331754623
2016-12-16 23:48:15,228 - SIMU: 89 generation ended 0.133723220313
2016-12-16 23:48:25,432 - SIMU: 90 generation ended 0.269382863331
2016-12-16 23:48:36,054 - SIMU: 91 generation ended 0.458140679436
2016-12-16 23:48:47,331 - SIMU: 92 generation ended 0.172569529331
2016-12-16 23:48:57,517 - SIMU: 93 generation ended 0.771509808052
2016-12-16 23:49:07,962 - SIMU: 94 generation ended 0.838792509258
2016-12-16 23:49:18,038 - SIMU: 95 generation ended 0.683378766985
2016-12-16 23:49:28,579 - SIMU: 96 generation ended 0.887415527874
2016-12-16 23:49:39,826 - SIMU: 97 generation ended 0.139368208388
2016-12-16 23:49:50,085 - SIMU: 98 generation ended 0.329304487079
2016-12-16 23:50:01,204 - SIMU: 99 generation ended 0.292432345269
2016-12-16 23:50:11,026 - SIMU: 100 generation ended 0.0908831292278
2016-12-16 23:50:11,153 - SIMU: -------------------
2016-12-16 23:50:11,159 - SIMU: End :
2016-12-16 23:50:11,160 - SIMU: fitness_champion 0.0908831292278
2016-12-16 23:50:11,162 - SIMU: champion [0.27576212975449294, -0.572880090329333, 0.14761340330051165, -1.969873580966049, 0.7805593014379374, 0.009888906269798589, -0.19294224911409008, 1.3306532511530547, 1.4608883012230103, 0.32994127358550257, -0.9009148544322959, -1.23961621675579, -1.1589008400100542, -0.4050328657299477, 0.2113882730099152, -0.3007147950073621, 0.3775839365870107, 1.1731922007677837]
2016-12-16 23:50:11,163 - SIMU: ======================================
2016-12-16 23:50:20,749 - ERROR: MainController - Request for simulation stop while no simulation started.
2016-12-16 23:50:23,782 - ERROR: MainController - Request for simulation stop while no simulation started.
