ROBOT 2
2016-12-17 04:01:04,698 - DEBUG: MainController - Running.
2016-12-17 04:01:04,699 - DEBUG: CommandsListener - Waiting on accept...
2016-12-17 04:01:11,816 - DEBUG: CommandsListener - Received command from (192.168.0.210, 46876)
2016-12-17 04:01:11,817 - DEBUG: CommandsListener - Receiving command...
2016-12-17 04:01:11,820 - DEBUG: CommandsListener - Received <Utils.Message instance at 0x7638b710>
2016-12-17 04:01:11,821 - DEBUG: CommandsListener - Transmitting command 5 to controller.
2016-12-17 04:01:11,821 - DEBUG: MainController - Command 5 received.
2016-12-17 04:01:11,822 - DEBUG: CommandsListener - Waiting on accept...
2016-12-17 04:01:11,865 - DEBUG: MainController - Treating command : 5
2016-12-17 04:01:11,865 - DEBUG: MainController - Setting simulation...
2016-12-17 04:01:17,776 - DEBUG: CommandsListener - Received command from (192.168.0.210, 46885)
2016-12-17 04:01:17,777 - DEBUG: CommandsListener - Receiving command...
2016-12-17 04:01:17,779 - DEBUG: CommandsListener - Received <Utils.Message instance at 0x7638d648>
2016-12-17 04:01:17,779 - DEBUG: CommandsListener - Transmitting command 0 to controller.
2016-12-17 04:01:17,780 - DEBUG: MainController - Command 0 received.
2016-12-17 04:01:17,780 - DEBUG: CommandsListener - Waiting on accept...
2016-12-17 04:01:17,783 - DEBUG: MainController - Treating command : 0
2016-12-17 04:01:17,784 - DEBUG: MainController - Loading simulation...
2016-12-17 04:01:17,784 - DEBUG: Params - Parsing configuration file.
2016-12-17 04:01:18,475 - CRITICAL: dbus.Array([dbus.String(u'thymio-II')], signature=dbus.Signature('s'))
2016-12-17 04:01:18,476 - DEBUG: ThymioController - Running.
2016-12-17 04:01:20,902 - SIMU: ======================================
2016-12-17 04:01:20,903 - SIMU: ====== SimulationFollowLightGenBis ======
2016-12-17 04:01:20,904 - SIMU: ======================================
2016-12-17 04:01:20,905 - SIMU: -------------------
2016-12-17 04:01:20,905 - SIMU: Parameters :
2016-12-17 04:01:20,906 - SIMU: duration 6000
2016-12-17 04:01:20,906 - SIMU: lifetime 60
2016-12-17 04:01:20,907 - SIMU: sleep 0.1
2016-12-17 04:01:20,908 - SIMU: windowSize 20
2016-12-17 04:01:20,908 - SIMU: probabilities pcopy pgauss prandom 0.4 0.4 0.2
2016-12-17 04:01:20,909 - SIMU: sigma 0.1
2016-12-17 04:01:20,910 - SIMU: -------------------
2016-12-17 04:01:20,910 - SIMU: Start :
2016-12-17 04:01:31,489 - SIMU: 0 generation ended 0.0144304143774
2016-12-17 04:01:42,252 - SIMU: 1 generation ended 0.0103818712637
2016-12-17 04:01:52,634 - SIMU: 2 generation ended 0.0219354854064
2016-12-17 04:02:02,728 - SIMU: 3 generation ended 0.317147415475
2016-12-17 04:02:13,200 - SIMU: 4 generation ended 0.176629321467
2016-12-17 04:02:22,957 - SIMU: 5 generation ended 0.0
2016-12-17 04:02:23,041 - SIMU: SimulationFollowLightGen - applyVariation() : NEW RANDOM GENOME
2016-12-17 04:02:32,895 - SIMU: 6 generation ended 0.0
2016-12-17 04:02:32,902 - SIMU: SimulationFollowLightGen - applyVariation() : NEW RANDOM GENOME
2016-12-17 04:02:42,593 - SIMU: 7 generation ended 0.00540870655259
2016-12-17 04:02:52,085 - SIMU: 8 generation ended 0.0
2016-12-17 04:02:52,090 - SIMU: SimulationFollowLightGen - applyVariation() : NEW RANDOM GENOME
2016-12-17 04:03:02,543 - SIMU: 9 generation ended 0.0
2016-12-17 04:03:13,962 - SIMU: 10 generation ended 0.205345452114
2016-12-17 04:03:25,314 - SIMU: 11 generation ended 0.128689355716
2016-12-17 04:03:35,322 - SIMU: 12 generation ended 0.279049563175
2016-12-17 04:03:35,326 - SIMU: SimulationFollowLightGen - applyVariation() : NEW RANDOM GENOME
2016-12-17 04:03:46,555 - SIMU: 13 generation ended 0.0
2016-12-17 04:03:57,517 - SIMU: 14 generation ended 0.359305420537
2016-12-17 04:04:08,334 - SIMU: 15 generation ended 0.384920697865
2016-12-17 04:04:18,722 - SIMU: 16 generation ended 0.0125852871472
2016-12-17 04:04:28,016 - SIMU: 17 generation ended 0.0293371902657
2016-12-17 04:04:38,370 - SIMU: 18 generation ended 0.0
2016-12-17 04:04:48,244 - SIMU: 19 generation ended 0.0
2016-12-17 04:04:57,858 - SIMU: 20 generation ended 0.0
2016-12-17 04:05:07,272 - SIMU: 21 generation ended 0.0
2016-12-17 04:05:16,992 - SIMU: 22 generation ended 0.0
2016-12-17 04:05:26,882 - SIMU: 23 generation ended 0.0
2016-12-17 04:05:37,681 - SIMU: 24 generation ended 0.00615321326584
2016-12-17 04:05:47,440 - SIMU: 25 generation ended 0.0
2016-12-17 04:05:47,446 - SIMU: SimulationFollowLightGen - applyVariation() : NEW RANDOM GENOME
2016-12-17 04:05:56,800 - SIMU: 26 generation ended 0.0
2016-12-17 04:05:56,805 - SIMU: SimulationFollowLightGen - applyVariation() : NEW RANDOM GENOME
2016-12-17 04:06:06,715 - SIMU: 27 generation ended 0.0
2016-12-17 04:06:16,492 - SIMU: 28 generation ended 0.0275258860174
2016-12-17 04:06:16,497 - SIMU: SimulationFollowLightGen - applyVariation() : NEW RANDOM GENOME
2016-12-17 04:06:26,417 - SIMU: 29 generation ended 0.098924931414
2016-12-17 04:06:36,275 - SIMU: 30 generation ended 0.0
2016-12-17 04:06:45,916 - SIMU: 31 generation ended 0.0638312976707
2016-12-17 04:06:55,843 - SIMU: 32 generation ended 0.348071964033
2016-12-17 04:07:06,098 - SIMU: 33 generation ended 0.595294453958
2016-12-17 04:07:16,936 - SIMU: 34 generation ended 0.250198601734
2016-12-17 04:07:26,953 - SIMU: 35 generation ended 0.266360060295
2016-12-17 04:07:37,538 - SIMU: 36 generation ended 0.123482471437
2016-12-17 04:07:47,748 - SIMU: 37 generation ended 0.308413103746
2016-12-17 04:07:57,209 - SIMU: 38 generation ended 0.00690510410221
2016-12-17 04:08:07,800 - SIMU: 39 generation ended 0.0565205104545
2016-12-17 04:08:18,500 - SIMU: 40 generation ended 0.0
2016-12-17 04:08:28,229 - SIMU: 41 generation ended 0.106205975109
2016-12-17 04:08:39,184 - SIMU: 42 generation ended 0.0186476406644
2016-12-17 04:08:39,192 - SIMU: SimulationFollowLightGen - applyVariation() : NEW RANDOM GENOME
2016-12-17 04:08:48,763 - SIMU: 43 generation ended 0.435761601114
2016-12-17 04:08:59,127 - SIMU: 44 generation ended 0.128220446796
2016-12-17 04:09:09,213 - SIMU: 45 generation ended 0.0404411291275
2016-12-17 04:09:19,650 - SIMU: 46 generation ended 0.667510254371
2016-12-17 04:09:30,494 - SIMU: 47 generation ended 0.0314182178182
2016-12-17 04:09:40,595 - SIMU: 48 generation ended 0.0
2016-12-17 04:09:50,977 - SIMU: 49 generation ended 0.0
2016-12-17 04:10:01,089 - SIMU: 50 generation ended 0.75107659831
2016-12-17 04:10:11,835 - SIMU: 51 generation ended 0.540429513644
2016-12-17 04:10:22,590 - SIMU: 52 generation ended 0.0623905912868
2016-12-17 04:10:33,359 - SIMU: 53 generation ended 0.339005540302
2016-12-17 04:10:44,121 - SIMU: 54 generation ended 0.424820610454
2016-12-17 04:10:54,985 - SIMU: 55 generation ended 0.762647424211
2016-12-17 04:11:05,771 - SIMU: 56 generation ended 0.122668108098
2016-12-17 04:11:16,033 - SIMU: 57 generation ended 0.672129729946
2016-12-17 04:11:25,497 - SIMU: 58 generation ended 0.729012535969
2016-12-17 04:11:35,861 - SIMU: 59 generation ended 0.045969725073
2016-12-17 04:11:46,188 - SIMU: 60 generation ended 0.781206325419
2016-12-17 04:11:56,417 - SIMU: 61 generation ended 0.0610430084099
2016-12-17 04:12:06,775 - SIMU: 62 generation ended 0.681799577497
2016-12-17 04:12:16,305 - SIMU: 63 generation ended 0.411858436921
2016-12-17 04:12:26,694 - SIMU: 64 generation ended 0.582205111373
2016-12-17 04:12:37,244 - SIMU: 65 generation ended 0.27944157304
2016-12-17 04:12:47,656 - SIMU: 66 generation ended 0.694152211276
2016-12-17 04:12:57,176 - SIMU: 67 generation ended 0.692438337906
2016-12-17 04:13:07,349 - SIMU: 68 generation ended 0.00591958640646
2016-12-17 04:13:17,306 - SIMU: 69 generation ended 0.228868879958
2016-12-17 04:13:27,987 - SIMU: 70 generation ended 0.437608306723
2016-12-17 04:13:38,228 - SIMU: 71 generation ended 0.469599890551
2016-12-17 04:13:48,623 - SIMU: 72 generation ended 0.088185982197
2016-12-17 04:13:58,917 - SIMU: 73 generation ended 0.0905182603817
2016-12-17 04:14:08,575 - SIMU: 74 generation ended 0.0679392118081
2016-12-17 04:14:18,681 - SIMU: 75 generation ended 0.0508792984036
2016-12-17 04:14:28,930 - SIMU: 76 generation ended 0.112557365298
2016-12-17 04:14:38,630 - SIMU: 77 generation ended 0.800397487456
2016-12-17 04:14:48,650 - SIMU: 78 generation ended 0.82542096795
2016-12-17 04:14:59,315 - SIMU: 79 generation ended 0.099056469637
2016-12-17 04:15:09,577 - SIMU: 80 generation ended 0.132509857124
2016-12-17 04:15:19,805 - SIMU: 81 generation ended 0.230714767864
2016-12-17 04:15:29,798 - SIMU: 82 generation ended 0.577712431043
2016-12-17 04:15:41,266 - SIMU: 83 generation ended 0.638387733314
2016-12-17 04:15:51,853 - SIMU: 84 generation ended 0.869296560315
2016-12-17 04:16:02,453 - SIMU: 85 generation ended 0.726451476591
2016-12-17 04:16:11,739 - SIMU: 86 generation ended 0.51795437665
2016-12-17 04:16:22,706 - SIMU: 87 generation ended 0.650827881449
2016-12-17 04:16:32,995 - SIMU: 88 generation ended 0.408782556987
2016-12-17 04:16:42,788 - SIMU: 89 generation ended 0.347654507715
2016-12-17 04:16:53,334 - SIMU: 90 generation ended 0.745110931019
2016-12-17 04:17:04,288 - SIMU: 91 generation ended 0.226355685984
2016-12-17 04:17:15,104 - SIMU: 92 generation ended 0.608771786126
2016-12-17 04:17:24,823 - SIMU: 93 generation ended 0.65086644495
2016-12-17 04:17:34,731 - SIMU: 94 generation ended 0.530550416151
2016-12-17 04:17:44,629 - SIMU: 95 generation ended 0.236492905584
2016-12-17 04:17:54,918 - SIMU: 96 generation ended 0.251639655948
2016-12-17 04:18:04,813 - SIMU: 97 generation ended 0.431317899126
2016-12-17 04:18:15,076 - SIMU: 98 generation ended 0.149312585544
2016-12-17 04:18:25,175 - SIMU: 99 generation ended 0.712253831747
2016-12-17 04:18:35,850 - SIMU: 100 generation ended 0.345452032831
2016-12-17 04:18:35,952 - SIMU: -------------------
2016-12-17 04:18:35,954 - SIMU: End :
2016-12-17 04:18:35,954 - SIMU: fitness_champion 0.345452032831
2016-12-17 04:18:35,955 - SIMU: champion [-1.8242820952916368, -0.9383855247526574, -1.1422394504239772, -1.3957181962938257, -0.4871977345086704, 0.24664234220319173, 0.027342562716344124, -1.4544702370284273, 1.7355675108142565, -0.13236238118125143, -0.20798393079753164, -0.08048842913849873, -1.26654108904061, -1.001019101460687, 0.46100168219253523, 0.8852189743617149, 0.7381061613175833, 2.2430080016116145]
2016-12-17 04:18:35,956 - SIMU: ======================================
2016-12-17 04:20:23,564 - ERROR: MainController - Request for simulation stop while no simulation started.
2016-12-17 04:20:25,880 - ERROR: MainController - Request for simulation stop while no simulation started.
ROBOT 3
2016-12-17 10:01:20,374 - DEBUG: MainController - Running.
2016-12-17 10:01:20,376 - DEBUG: CommandsListener - Waiting on accept...
2016-12-17 10:01:27,429 - DEBUG: CommandsListener - Received command from (192.168.0.210, 50345)
2016-12-17 10:01:27,430 - DEBUG: CommandsListener - Receiving command...
2016-12-17 10:01:27,433 - DEBUG: CommandsListener - Received <Utils.Message instance at 0x7645c710>
2016-12-17 10:01:27,434 - DEBUG: CommandsListener - Transmitting command 5 to controller.
2016-12-17 10:01:27,435 - DEBUG: MainController - Command 5 received.
2016-12-17 10:01:27,436 - DEBUG: CommandsListener - Waiting on accept...
2016-12-17 10:01:27,441 - DEBUG: MainController - Treating command : 5
2016-12-17 10:01:27,442 - DEBUG: MainController - Setting simulation...
2016-12-17 10:01:33,389 - DEBUG: CommandsListener - Received command from (192.168.0.210, 50354)
2016-12-17 10:01:33,390 - DEBUG: CommandsListener - Receiving command...
2016-12-17 10:01:33,392 - DEBUG: CommandsListener - Received <Utils.Message instance at 0x7645e940>
2016-12-17 10:01:33,393 - DEBUG: CommandsListener - Transmitting command 0 to controller.
2016-12-17 10:01:33,394 - DEBUG: MainController - Command 0 received.
2016-12-17 10:01:33,395 - DEBUG: CommandsListener - Waiting on accept...
2016-12-17 10:01:33,410 - DEBUG: MainController - Treating command : 0
2016-12-17 10:01:33,411 - DEBUG: MainController - Loading simulation...
2016-12-17 10:01:33,411 - DEBUG: Params - Parsing configuration file.
2016-12-17 10:01:34,074 - CRITICAL: dbus.Array([dbus.String(u'thymio-II')], signature=dbus.Signature('s'))
2016-12-17 10:01:34,075 - DEBUG: ThymioController - Running.
2016-12-17 10:01:36,505 - SIMU: ======================================
2016-12-17 10:01:36,507 - SIMU: ====== SimulationFollowLightGenBis ======
2016-12-17 10:01:36,508 - SIMU: ======================================
2016-12-17 10:01:36,508 - SIMU: -------------------
2016-12-17 10:01:36,509 - SIMU: Parameters :
2016-12-17 10:01:36,510 - SIMU: duration 6000
2016-12-17 10:01:36,512 - SIMU: lifetime 60
2016-12-17 10:01:36,513 - SIMU: sleep 0.1
2016-12-17 10:01:36,514 - SIMU: windowSize 20
2016-12-17 10:01:36,516 - SIMU: probabilities pcopy pgauss prandom 0.4 0.4 0.2
2016-12-17 10:01:36,517 - SIMU: sigma 0.1
2016-12-17 10:01:36,519 - SIMU: -------------------
2016-12-17 10:01:36,520 - SIMU: Start :
2016-12-17 10:01:47,071 - SIMU: 0 generation ended 0.0
2016-12-17 10:01:57,876 - SIMU: 1 generation ended 0.12368467283
2016-12-17 10:02:08,015 - SIMU: 2 generation ended 0.315326317957
2016-12-17 10:02:18,270 - SIMU: 3 generation ended 0.320486545564
2016-12-17 10:02:28,571 - SIMU: 4 generation ended 0.046742903192
2016-12-17 10:02:38,516 - SIMU: 5 generation ended 0.000798341775728
2016-12-17 10:02:48,371 - SIMU: 6 generation ended 0.0
2016-12-17 10:02:48,379 - SIMU: SimulationFollowLightGen - applyVariation() : NEW RANDOM GENOME
2016-12-17 10:02:58,140 - SIMU: 7 generation ended 0.0089338822362
2016-12-17 10:03:07,591 - SIMU: 8 generation ended 0.0108521124123
2016-12-17 10:03:07,598 - SIMU: SimulationFollowLightGen - applyVariation() : NEW RANDOM GENOME
2016-12-17 10:03:18,005 - SIMU: 9 generation ended 0.00628103464518
2016-12-17 10:03:18,072 - SIMU: SimulationFollowLightGen - applyVariation() : NEW RANDOM GENOME
2016-12-17 10:03:29,305 - SIMU: 10 generation ended 0.0
2016-12-17 10:03:40,653 - SIMU: 11 generation ended 0.116633172332
2016-12-17 10:03:50,957 - SIMU: 12 generation ended 0.197815087977
2016-12-17 10:04:02,174 - SIMU: 13 generation ended 0.417130244446
2016-12-17 10:04:13,094 - SIMU: 14 generation ended 0.532048691277
2016-12-17 10:04:23,970 - SIMU: 15 generation ended 0.0185652055708
2016-12-17 10:04:34,168 - SIMU: 16 generation ended 0.0171361235858
2016-12-17 10:04:43,492 - SIMU: 17 generation ended 0.0
2016-12-17 10:04:53,856 - SIMU: 18 generation ended 0.184649674329
2016-12-17 10:05:03,579 - SIMU: 19 generation ended 0.0
2016-12-17 10:05:13,404 - SIMU: 20 generation ended 0.25941715869
2016-12-17 10:05:22,850 - SIMU: 21 generation ended 0.0628527622198
2016-12-17 10:05:32,404 - SIMU: 22 generation ended 0.0330748540664
2016-12-17 10:05:32,468 - SIMU: SimulationFollowLightGen - applyVariation() : NEW RANDOM GENOME
2016-12-17 10:05:42,326 - SIMU: 23 generation ended 0.0
2016-12-17 10:05:53,174 - SIMU: 24 generation ended 0.205257536631
2016-12-17 10:06:02,956 - SIMU: 25 generation ended 0.0579279581006
2016-12-17 10:06:12,332 - SIMU: 26 generation ended 0.0533721071853
2016-12-17 10:06:22,233 - SIMU: 27 generation ended 0.0546815963966
2016-12-17 10:06:32,022 - SIMU: 28 generation ended 0.0
2016-12-17 10:06:41,886 - SIMU: 29 generation ended 0.0
2016-12-17 10:06:51,820 - SIMU: 30 generation ended 0.0357159902928
2016-12-17 10:07:01,448 - SIMU: 31 generation ended 0.0351229916419
2016-12-17 10:07:01,455 - SIMU: SimulationFollowLightGen - applyVariation() : NEW RANDOM GENOME
2016-12-17 10:07:11,371 - SIMU: 32 generation ended 0.0
2016-12-17 10:07:11,383 - SIMU: SimulationFollowLightGen - applyVariation() : NEW RANDOM GENOME
2016-12-17 10:07:21,606 - SIMU: 33 generation ended 0.00442210984533
2016-12-17 10:07:32,535 - SIMU: 34 generation ended 0.260942191577
2016-12-17 10:07:42,419 - SIMU: 35 generation ended 0.362237273272
2016-12-17 10:07:53,029 - SIMU: 36 generation ended 0.46757151603
2016-12-17 10:08:03,259 - SIMU: 37 generation ended 0.0131518926371
2016-12-17 10:08:12,810 - SIMU: 38 generation ended 0.0266849691768
2016-12-17 10:08:12,842 - SIMU: SimulationFollowLightGen - applyVariation() : NEW RANDOM GENOME
2016-12-17 10:08:23,279 - SIMU: 39 generation ended 0.00152605184527
2016-12-17 10:08:34,031 - SIMU: 40 generation ended 0.0244095079951
2016-12-17 10:08:34,037 - SIMU: SimulationFollowLightGen - applyVariation() : NEW RANDOM GENOME
2016-12-17 10:08:43,802 - SIMU: 41 generation ended 0.0363778168745
2016-12-17 10:08:43,822 - SIMU: SimulationFollowLightGen - applyVariation() : NEW RANDOM GENOME
2016-12-17 10:08:54,693 - SIMU: 42 generation ended 0.418028838972
2016-12-17 10:09:04,315 - SIMU: 43 generation ended 0.287983959618
2016-12-17 10:09:14,483 - SIMU: 44 generation ended 0.0128346820246
2016-12-17 10:09:14,488 - SIMU: SimulationFollowLightGen - applyVariation() : NEW RANDOM GENOME
2016-12-17 10:09:24,610 - SIMU: 45 generation ended 0.0560377545085
2016-12-17 10:09:35,168 - SIMU: 46 generation ended 0.188864539923
2016-12-17 10:09:46,047 - SIMU: 47 generation ended 0.876019534612
2016-12-17 10:09:46,058 - SIMU: SimulationFollowLightGen - applyVariation() : NEW RANDOM GENOME
2016-12-17 10:09:56,157 - SIMU: 48 generation ended 0.0148035712877
2016-12-17 10:09:56,226 - SIMU: SimulationFollowLightGen - applyVariation() : NEW RANDOM GENOME
2016-12-17 10:10:06,621 - SIMU: 49 generation ended 0.00485618271617
2016-12-17 10:10:16,611 - SIMU: 50 generation ended 0.0111198112386
2016-12-17 10:10:27,270 - SIMU: 51 generation ended 0.666749101596
2016-12-17 10:10:38,069 - SIMU: 52 generation ended 0.621741713198
2016-12-17 10:10:48,835 - SIMU: 53 generation ended 0.753112015581
2016-12-17 10:10:59,567 - SIMU: 54 generation ended 0.776016754526
2016-12-17 10:11:10,288 - SIMU: 55 generation ended 0.775510375979
2016-12-17 10:11:21,343 - SIMU: 56 generation ended 0.752381693879
2016-12-17 10:11:31,443 - SIMU: 57 generation ended 0.0946226882939
2016-12-17 10:11:40,966 - SIMU: 58 generation ended 0.669877280918
2016-12-17 10:11:51,426 - SIMU: 59 generation ended 0.255746486312
2016-12-17 10:12:01,826 - SIMU: 60 generation ended 0.0373424172635
2016-12-17 10:12:11,889 - SIMU: 61 generation ended 0.0498920778706
2016-12-17 10:12:22,366 - SIMU: 62 generation ended 0.314346077791
2016-12-17 10:12:31,839 - SIMU: 63 generation ended 0.138505394042
2016-12-17 10:12:42,200 - SIMU: 64 generation ended 0.779477096021
2016-12-17 10:12:52,690 - SIMU: 65 generation ended 0.526479680702
2016-12-17 10:13:03,124 - SIMU: 66 generation ended 0.0298011150028
2016-12-17 10:13:12,719 - SIMU: 67 generation ended 0.0
2016-12-17 10:13:22,812 - SIMU: 68 generation ended 0.423362125814
2016-12-17 10:13:32,979 - SIMU: 69 generation ended 0.0258844978649
2016-12-17 10:13:43,538 - SIMU: 70 generation ended 0.0177587202164
2016-12-17 10:13:53,673 - SIMU: 71 generation ended 0.533341944215
2016-12-17 10:14:04,045 - SIMU: 72 generation ended 0.797457794864
2016-12-17 10:14:14,391 - SIMU: 73 generation ended 0.397155103638
2016-12-17 10:14:24,048 - SIMU: 74 generation ended 0.0
2016-12-17 10:14:34,087 - SIMU: 75 generation ended 0.170611725351
2016-12-17 10:14:44,395 - SIMU: 76 generation ended 0.871145850803
2016-12-17 10:14:54,102 - SIMU: 77 generation ended 0.394889575955
2016-12-17 10:15:04,143 - SIMU: 78 generation ended 0.599224800498
2016-12-17 10:15:14,753 - SIMU: 79 generation ended 0.710121052585
2016-12-17 10:15:25,187 - SIMU: 80 generation ended 0.3976920221
2016-12-17 10:15:35,357 - SIMU: 81 generation ended 0.153381802387
2016-12-17 10:15:45,369 - SIMU: 82 generation ended 0.50042092315
2016-12-17 10:15:56,731 - SIMU: 83 generation ended 2.2421594065e-06
2016-12-17 10:16:07,384 - SIMU: 84 generation ended 0.469806515835
2016-12-17 10:16:17,935 - SIMU: 85 generation ended 0.800241668498
2016-12-17 10:16:27,179 - SIMU: 86 generation ended 0.0505451118866
2016-12-17 10:16:38,274 - SIMU: 87 generation ended 0.857147217347
2016-12-17 10:16:48,525 - SIMU: 88 generation ended 0.793433388771
2016-12-17 10:16:58,266 - SIMU: 89 generation ended 0.184956064473
2016-12-17 10:17:08,894 - SIMU: 90 generation ended 0.442517109072
2016-12-17 10:17:19,545 - SIMU: 91 generation ended 0.51768214414
2016-12-17 10:17:30,531 - SIMU: 92 generation ended 0.956829922318
2016-12-17 10:17:40,279 - SIMU: 93 generation ended 0.49182985173
2016-12-17 10:17:50,171 - SIMU: 94 generation ended 0.635387783381
2016-12-17 10:18:00,201 - SIMU: 95 generation ended 0.433764421342
2016-12-17 10:18:10,323 - SIMU: 96 generation ended 0.923087313041
2016-12-17 10:18:20,329 - SIMU: 97 generation ended 0.54689667894
2016-12-17 10:18:30,424 - SIMU: 98 generation ended 0.00808076212902
2016-12-17 10:18:40,750 - SIMU: 99 generation ended 0.805679578552
2016-12-17 10:18:51,373 - SIMU: 100 generation ended 0.373483706489
2016-12-17 10:18:51,477 - SIMU: -------------------
2016-12-17 10:18:51,479 - SIMU: End :
2016-12-17 10:18:51,542 - SIMU: fitness_champion 0.373483706489
2016-12-17 10:18:51,544 - SIMU: champion [-1.1481576432496012, -0.5708411107306688, -0.5847222771932356, -1.0499077006599822, 0.026055732572330514, 0.4121003833143698, 0.29550726157875784, -1.6286607921483198, 1.7364701551408377, -0.6737059488282802, -0.013184552667241306, -0.3477591586607427, -0.8895588728156323, -1.0207059212417584, 0.37199473773243713, 0.8720138479391836, 1.078023414204211, 2.2338647218847223]
2016-12-17 10:18:51,546 - SIMU: ======================================
2016-12-17 10:20:39,158 - ERROR: MainController - Request for simulation stop while no simulation started.
2016-12-17 10:20:41,474 - ERROR: MainController - Request for simulation stop while no simulation started.
ROBOT 4
2016-12-17 08:01:10,213 - DEBUG: MainController - Running.
2016-12-17 08:01:10,214 - DEBUG: CommandsListener - Waiting on accept...
2016-12-17 08:01:17,220 - DEBUG: CommandsListener - Received command from (192.168.0.210, 44945)
2016-12-17 08:01:17,221 - DEBUG: CommandsListener - Receiving command...
2016-12-17 08:01:17,223 - DEBUG: CommandsListener - Received <Utils.Message instance at 0x76447710>
2016-12-17 08:01:17,224 - DEBUG: CommandsListener - Transmitting command 5 to controller.
2016-12-17 08:01:17,225 - DEBUG: MainController - Command 5 received.
2016-12-17 08:01:17,226 - DEBUG: CommandsListener - Waiting on accept...
2016-12-17 08:01:17,232 - DEBUG: MainController - Treating command : 5
2016-12-17 08:01:17,233 - DEBUG: MainController - Setting simulation...
2016-12-17 08:01:23,179 - DEBUG: CommandsListener - Received command from (192.168.0.210, 44954)
2016-12-17 08:01:23,183 - DEBUG: CommandsListener - Receiving command...
2016-12-17 08:01:23,184 - DEBUG: CommandsListener - Received <Utils.Message instance at 0x76449648>
2016-12-17 08:01:23,185 - DEBUG: CommandsListener - Transmitting command 0 to controller.
2016-12-17 08:01:23,185 - DEBUG: MainController - Command 0 received.
2016-12-17 08:01:23,186 - DEBUG: CommandsListener - Waiting on accept...
2016-12-17 08:01:23,200 - DEBUG: MainController - Treating command : 0
2016-12-17 08:01:23,201 - DEBUG: MainController - Loading simulation...
2016-12-17 08:01:23,201 - DEBUG: Params - Parsing configuration file.
2016-12-17 08:01:23,898 - CRITICAL: dbus.Array([dbus.String(u'thymio-II')], signature=dbus.Signature('s'))
2016-12-17 08:01:23,899 - DEBUG: ThymioController - Running.
2016-12-17 08:01:26,323 - SIMU: ======================================
2016-12-17 08:01:26,324 - SIMU: ====== SimulationFollowLightGenBis ======
2016-12-17 08:01:26,325 - SIMU: ======================================
2016-12-17 08:01:26,325 - SIMU: -------------------
2016-12-17 08:01:26,326 - SIMU: Parameters :
2016-12-17 08:01:26,327 - SIMU: duration 6000
2016-12-17 08:01:26,327 - SIMU: lifetime 60
2016-12-17 08:01:26,328 - SIMU: sleep 0.1
2016-12-17 08:01:26,328 - SIMU: windowSize 20
2016-12-17 08:01:26,329 - SIMU: probabilities pcopy pgauss prandom 0.4 0.4 0.2
2016-12-17 08:01:26,330 - SIMU: sigma 0.1
2016-12-17 08:01:26,330 - SIMU: -------------------
2016-12-17 08:01:26,331 - SIMU: Start :
2016-12-17 08:01:36,939 - SIMU: 0 generation ended 0.0
2016-12-17 08:01:47,709 - SIMU: 1 generation ended 0.040378663183
2016-12-17 08:01:57,821 - SIMU: 2 generation ended 0.0667734972787
2016-12-17 08:02:08,090 - SIMU: 3 generation ended 0.031365645563
2016-12-17 08:02:18,339 - SIMU: 4 generation ended 0.0406091683214
2016-12-17 08:02:28,399 - SIMU: 5 generation ended 0.188347247164
2016-12-17 08:02:38,236 - SIMU: 6 generation ended 0.471589175831
2016-12-17 08:02:48,000 - SIMU: 7 generation ended 0.440329696479
2016-12-17 08:02:57,375 - SIMU: 8 generation ended 0.0
2016-12-17 08:03:08,023 - SIMU: 9 generation ended 0.0523187200023
2016-12-17 08:03:19,283 - SIMU: 10 generation ended 0.339644452737
2016-12-17 08:03:30,518 - SIMU: 11 generation ended 0.0130772457568
2016-12-17 08:03:40,741 - SIMU: 12 generation ended 0.0103405871423
2016-12-17 08:03:40,766 - SIMU: SimulationFollowLightGen - applyVariation() : NEW RANDOM GENOME
2016-12-17 08:03:51,993 - SIMU: 13 generation ended 0.0173021225434
2016-12-17 08:04:02,968 - SIMU: 14 generation ended 0.0562486194274
2016-12-17 08:04:13,746 - SIMU: 15 generation ended 0.0
2016-12-17 08:04:24,044 - SIMU: 16 generation ended 0.189753206863
2016-12-17 08:04:33,438 - SIMU: 17 generation ended 0.573278876346
2016-12-17 08:04:33,445 - SIMU: SimulationFollowLightGen - applyVariation() : NEW RANDOM GENOME
2016-12-17 08:04:43,732 - SIMU: 18 generation ended 0.423499374733
2016-12-17 08:04:53,532 - SIMU: 19 generation ended 0.156865693652
2016-12-17 08:05:03,337 - SIMU: 20 generation ended 0.0400880592201
2016-12-17 08:05:12,652 - SIMU: 21 generation ended 0.0445646668622
2016-12-17 08:05:22,247 - SIMU: 22 generation ended 0.0510432336602
2016-12-17 08:05:22,253 - SIMU: SimulationFollowLightGen - applyVariation() : NEW RANDOM GENOME
2016-12-17 08:05:32,180 - SIMU: 23 generation ended 0.491953265231
2016-12-17 08:05:43,009 - SIMU: 24 generation ended 0.494261453327
2016-12-17 08:05:52,865 - SIMU: 25 generation ended 0.0571192616594
2016-12-17 08:06:02,267 - SIMU: 26 generation ended 0.0490753828603
2016-12-17 08:06:12,091 - SIMU: 27 generation ended 0.0568992776718
2016-12-17 08:06:12,095 - SIMU: SimulationFollowLightGen - applyVariation() : NEW RANDOM GENOME
2016-12-17 08:06:21,912 - SIMU: 28 generation ended 0.0
2016-12-17 08:06:31,817 - SIMU: 29 generation ended 0.380763257179
2016-12-17 08:06:41,848 - SIMU: 30 generation ended 0.346465816464
2016-12-17 08:06:41,853 - SIMU: SimulationFollowLightGen - applyVariation() : NEW RANDOM GENOME
2016-12-17 08:06:51,261 - SIMU: 31 generation ended 0.0958533916755
2016-12-17 08:07:01,394 - SIMU: 32 generation ended 0.23714149304
2016-12-17 08:07:01,399 - SIMU: SimulationFollowLightGen - applyVariation() : NEW RANDOM GENOME
2016-12-17 08:07:11,388 - SIMU: 33 generation ended 0.082482917924
2016-12-17 08:07:22,342 - SIMU: 34 generation ended 0.573733437475
2016-12-17 08:07:32,147 - SIMU: 35 generation ended 0.0124385665098
2016-12-17 08:07:42,875 - SIMU: 36 generation ended 0.0509263048222
2016-12-17 08:07:42,879 - SIMU: SimulationFollowLightGen - applyVariation() : NEW RANDOM GENOME
2016-12-17 08:07:53,101 - SIMU: 37 generation ended 0.0108089800831
2016-12-17 08:08:02,831 - SIMU: 38 generation ended 0.0124051943128
2016-12-17 08:08:13,094 - SIMU: 39 generation ended 0.0138375032021
2016-12-17 08:08:13,101 - SIMU: SimulationFollowLightGen - applyVariation() : NEW RANDOM GENOME
2016-12-17 08:08:24,089 - SIMU: 40 generation ended 0.0
2016-12-17 08:08:33,813 - SIMU: 41 generation ended 0.00234952983069
2016-12-17 08:08:44,570 - SIMU: 42 generation ended 0.000763072999677
2016-12-17 08:08:54,171 - SIMU: 43 generation ended 0.00854128135417
2016-12-17 08:09:04,504 - SIMU: 44 generation ended 0.0112640621939
2016-12-17 08:09:14,376 - SIMU: 45 generation ended 0.0053295048449
2016-12-17 08:09:25,038 - SIMU: 46 generation ended 0.0256661284242
2016-12-17 08:09:35,805 - SIMU: 47 generation ended 0.0510509855849
2016-12-17 08:09:46,004 - SIMU: 48 generation ended 0.010912331369
2016-12-17 08:09:56,369 - SIMU: 49 generation ended 0.39395338007
2016-12-17 08:09:56,377 - SIMU: SimulationFollowLightGen - applyVariation() : NEW RANDOM GENOME
2016-12-17 08:10:06,435 - SIMU: 50 generation ended 0.0
2016-12-17 08:10:17,189 - SIMU: 51 generation ended 0.666749101596
2016-12-17 08:10:27,856 - SIMU: 52 generation ended 0.274204615124
2016-12-17 08:10:38,690 - SIMU: 53 generation ended 0.202362053191
2016-12-17 08:10:49,572 - SIMU: 54 generation ended 0.529549086066
2016-12-17 08:11:00,107 - SIMU: 55 generation ended 0.539758455217
2016-12-17 08:11:11,137 - SIMU: 56 generation ended 0.790826361918
2016-12-17 08:11:21,320 - SIMU: 57 generation ended 0.711452733257
2016-12-17 08:11:30,910 - SIMU: 58 generation ended 0.0399602986788
2016-12-17 08:11:41,227 - SIMU: 59 generation ended 0.637500953977
2016-12-17 08:11:51,657 - SIMU: 60 generation ended 0.0705166224265
2016-12-17 08:12:01,796 - SIMU: 61 generation ended 0.0728014342701
2016-12-17 08:12:12,181 - SIMU: 62 generation ended 0.222389902732
2016-12-17 08:12:21,634 - SIMU: 63 generation ended 0.553140269333
2016-12-17 08:12:32,023 - SIMU: 64 generation ended 0.0155217970214
2016-12-17 08:12:42,545 - SIMU: 65 generation ended 0.28447125093
2016-12-17 08:12:53,007 - SIMU: 66 generation ended 0.417479873803
2016-12-17 08:13:02,562 - SIMU: 67 generation ended 0.71229460231
2016-12-17 08:13:12,798 - SIMU: 68 generation ended 0.739761004599
2016-12-17 08:13:22,807 - SIMU: 69 generation ended 0.0171873108094
2016-12-17 08:13:33,427 - SIMU: 70 generation ended 0.313293964493
2016-12-17 08:13:43,716 - SIMU: 71 generation ended 0.389091666151
2016-12-17 08:13:53,909 - SIMU: 72 generation ended 0.869008047799
2016-12-17 08:14:04,277 - SIMU: 73 generation ended 0.596678038849
2016-12-17 08:14:14,038 - SIMU: 74 generation ended 0.0775426089394
2016-12-17 08:14:24,029 - SIMU: 75 generation ended 0.220858928683
2016-12-17 08:14:34,155 - SIMU: 76 generation ended 0.721243016849
2016-12-17 08:14:43,979 - SIMU: 77 generation ended 0.21299087176
2016-12-17 08:14:53,927 - SIMU: 78 generation ended 0.0585402390491
2016-12-17 08:15:04,614 - SIMU: 79 generation ended 0.441243515382
2016-12-17 08:15:15,192 - SIMU: 80 generation ended 0.877822497542
2016-12-17 08:15:25,249 - SIMU: 81 generation ended 0.496498904634
2016-12-17 08:15:35,229 - SIMU: 82 generation ended 0.405858852217
2016-12-17 08:15:46,625 - SIMU: 83 generation ended 0.392061032584
2016-12-17 08:15:57,214 - SIMU: 84 generation ended 0.521880806102
2016-12-17 08:16:07,735 - SIMU: 85 generation ended 0.0250158075323
2016-12-17 08:16:16,986 - SIMU: 86 generation ended 0.862498935896
2016-12-17 08:16:28,076 - SIMU: 87 generation ended 0.650296525852
2016-12-17 08:16:38,427 - SIMU: 88 generation ended 0.694579659793
2016-12-17 08:16:48,160 - SIMU: 89 generation ended 0.312490576472
2016-12-17 08:16:58,789 - SIMU: 90 generation ended 0.53405322475
2016-12-17 08:17:09,479 - SIMU: 91 generation ended 0.630643448754
2016-12-17 08:17:20,482 - SIMU: 92 generation ended 0.155884891925
2016-12-17 08:17:30,144 - SIMU: 93 generation ended 0.781188325082
2016-12-17 08:17:40,055 - SIMU: 94 generation ended 0.269388924755
2016-12-17 08:17:50,056 - SIMU: 95 generation ended 0.710731238551
2016-12-17 08:18:00,166 - SIMU: 96 generation ended 0.824428315521
2016-12-17 08:18:10,118 - SIMU: 97 generation ended 0.516590997292
2016-12-17 08:18:20,344 - SIMU: 98 generation ended 0.0250387641759
2016-12-17 08:18:30,606 - SIMU: 99 generation ended 0.37021713486
2016-12-17 08:18:41,326 - SIMU: 100 generation ended 0.416023462778
2016-12-17 08:18:41,432 - SIMU: -------------------
2016-12-17 08:18:41,434 - SIMU: End :
2016-12-17 08:18:41,435 - SIMU: fitness_champion 0.416023462778
2016-12-17 08:18:41,436 - SIMU: champion [-1.2401226263022698, -0.5581799855473799, -0.603294894949292, -1.0391703312138132, -0.21686844779969766, 0.7741429139520781, 0.41243229104815554, -1.6550380429269915, 1.9996352214759816, -0.8574732692697385, -0.10153390735656292, -0.41338209970426165, -1.1341246363044883, -1.323215397979894, 0.26222526163716076, 0.7777144882559369, 1.1189097317107792, 2.168345719819826]
2016-12-17 08:18:41,437 - SIMU: ======================================
2016-12-17 08:20:28,965 - ERROR: MainController - Request for simulation stop while no simulation started.
2016-12-17 08:20:31,281 - ERROR: MainController - Request for simulation stop while no simulation started.
ROBOT 5
2016-12-16 22:01:52,308 - DEBUG: MainController - Running.
2016-12-16 22:01:52,309 - DEBUG: CommandsListener - Waiting on accept...
2016-12-16 22:01:59,435 - DEBUG: CommandsListener - Received command from (192.168.0.210, 48417)
2016-12-16 22:01:59,436 - DEBUG: CommandsListener - Receiving command...
2016-12-16 22:01:59,439 - DEBUG: CommandsListener - Received <Utils.Message instance at 0x763f7710>
2016-12-16 22:01:59,440 - DEBUG: CommandsListener - Transmitting command 5 to controller.
2016-12-16 22:01:59,440 - DEBUG: MainController - Command 5 received.
2016-12-16 22:01:59,441 - DEBUG: CommandsListener - Waiting on accept...
2016-12-16 22:01:59,475 - DEBUG: MainController - Treating command : 5
2016-12-16 22:01:59,475 - DEBUG: MainController - Setting simulation...
2016-12-16 22:02:05,391 - DEBUG: CommandsListener - Received command from (192.168.0.210, 48426)
2016-12-16 22:02:05,392 - DEBUG: CommandsListener - Receiving command...
2016-12-16 22:02:05,394 - DEBUG: CommandsListener - Received <Utils.Message instance at 0x763f9648>
2016-12-16 22:02:05,395 - DEBUG: CommandsListener - Transmitting command 0 to controller.
2016-12-16 22:02:05,395 - DEBUG: MainController - Command 0 received.
2016-12-16 22:02:05,396 - DEBUG: CommandsListener - Waiting on accept...
2016-12-16 22:02:05,443 - DEBUG: MainController - Treating command : 0
2016-12-16 22:02:05,444 - DEBUG: MainController - Loading simulation...
2016-12-16 22:02:05,445 - DEBUG: Params - Parsing configuration file.
2016-12-16 22:02:06,164 - CRITICAL: dbus.Array([dbus.String(u'thymio-II')], signature=dbus.Signature('s'))
2016-12-16 22:02:06,165 - DEBUG: ThymioController - Running.
2016-12-16 22:02:08,597 - SIMU: ======================================
2016-12-16 22:02:08,598 - SIMU: ====== SimulationFollowLightGenBis ======
2016-12-16 22:02:08,599 - SIMU: ======================================
2016-12-16 22:02:08,600 - SIMU: -------------------
2016-12-16 22:02:08,600 - SIMU: Parameters :
2016-12-16 22:02:08,601 - SIMU: duration 6000
2016-12-16 22:02:08,601 - SIMU: lifetime 60
2016-12-16 22:02:08,602 - SIMU: sleep 0.1
2016-12-16 22:02:08,603 - SIMU: windowSize 20
2016-12-16 22:02:08,604 - SIMU: probabilities pcopy pgauss prandom 0.4 0.4 0.2
2016-12-16 22:02:08,604 - SIMU: sigma 0.1
2016-12-16 22:02:08,605 - SIMU: -------------------
2016-12-16 22:02:08,605 - SIMU: Start :
2016-12-16 22:02:19,240 - SIMU: 0 generation ended 0.336751229321
2016-12-16 22:02:30,100 - SIMU: 1 generation ended 0.0389907427175
2016-12-16 22:02:40,155 - SIMU: 2 generation ended 0.0383993719851
2016-12-16 22:02:50,490 - SIMU: 3 generation ended 0.172465596295
2016-12-16 22:02:50,495 - SIMU: SimulationFollowLightGen - applyVariation() : NEW RANDOM GENOME
2016-12-16 22:03:00,581 - SIMU: 4 generation ended 0.200651631509
2016-12-16 22:03:10,642 - SIMU: 5 generation ended 0.471781817657
2016-12-16 22:03:20,406 - SIMU: 6 generation ended 0.0227156953375
2016-12-16 22:03:30,361 - SIMU: 7 generation ended 0.119461395012
2016-12-16 22:03:39,691 - SIMU: 8 generation ended 0.629042423542
2016-12-16 22:03:49,983 - SIMU: 9 generation ended 0.330705469043
2016-12-16 22:04:01,422 - SIMU: 10 generation ended 0.0158540203366
2016-12-16 22:04:12,774 - SIMU: 11 generation ended 0.0180522941077
2016-12-16 22:04:23,187 - SIMU: 12 generation ended 0.0456406805766
2016-12-16 22:04:34,241 - SIMU: 13 generation ended 0.258729863299
2016-12-16 22:04:45,094 - SIMU: 14 generation ended 0.0
2016-12-16 22:04:56,099 - SIMU: 15 generation ended 0.633977546049
2016-12-16 22:05:06,218 - SIMU: 16 generation ended 0.154067518183
2016-12-16 22:05:15,597 - SIMU: 17 generation ended 0.339336827836
2016-12-16 22:05:25,943 - SIMU: 18 generation ended 0.442020245764
2016-12-16 22:05:26,037 - SIMU: SimulationFollowLightGen - applyVariation() : NEW RANDOM GENOME
2016-12-16 22:05:35,639 - SIMU: 19 generation ended 0.0562392476818
2016-12-16 22:05:35,654 - SIMU: SimulationFollowLightGen - applyVariation() : NEW RANDOM GENOME
2016-12-16 22:05:45,563 - SIMU: 20 generation ended 0.0
2016-12-16 22:05:45,568 - SIMU: SimulationFollowLightGen - applyVariation() : NEW RANDOM GENOME
2016-12-16 22:05:54,869 - SIMU: 21 generation ended 0.0369871560487
2016-12-16 22:06:04,618 - SIMU: 22 generation ended 0.0404193771947
2016-12-16 22:06:14,478 - SIMU: 23 generation ended 0.0430585333268
2016-12-16 22:06:25,150 - SIMU: 24 generation ended 0.0513222968686
2016-12-16 22:06:35,001 - SIMU: 25 generation ended 0.427367595773
2016-12-16 22:06:44,535 - SIMU: 26 generation ended 0.568917069504
2016-12-16 22:06:44,546 - SIMU: SimulationFollowLightGen - applyVariation() : NEW RANDOM GENOME
2016-12-16 22:06:54,298 - SIMU: 27 generation ended 0.548526384919
2016-12-16 22:07:04,053 - SIMU: 28 generation ended 0.0304386491545
2016-12-16 22:07:13,910 - SIMU: 29 generation ended 0.581003643449
2016-12-16 22:07:23,902 - SIMU: 30 generation ended 0.0571752419001
2016-12-16 22:07:33,636 - SIMU: 31 generation ended 0.41334976261
2016-12-16 22:07:43,503 - SIMU: 32 generation ended 0.106688770762
2016-12-16 22:07:43,508 - SIMU: SimulationFollowLightGen - applyVariation() : NEW RANDOM GENOME
2016-12-16 22:07:53,720 - SIMU: 33 generation ended 0.0
2016-12-16 22:08:04,540 - SIMU: 34 generation ended 0.271831093956
2016-12-16 22:08:04,550 - SIMU: SimulationFollowLightGen - applyVariation() : NEW RANDOM GENOME
2016-12-16 22:08:14,419 - SIMU: 35 generation ended 0.0
2016-12-16 22:08:25,080 - SIMU: 36 generation ended 0.471115261054
2016-12-16 22:08:35,231 - SIMU: 37 generation ended 0.0421767353953
2016-12-16 22:08:35,239 - SIMU: SimulationFollowLightGen - applyVariation() : NEW RANDOM GENOME
2016-12-16 22:08:44,835 - SIMU: 38 generation ended 0.0
2016-12-16 22:08:55,367 - SIMU: 39 generation ended 0.0322988251088
2016-12-16 22:09:06,064 - SIMU: 40 generation ended 0.0
2016-12-16 22:09:15,968 - SIMU: 41 generation ended 0.0288258023009
2016-12-16 22:09:26,745 - SIMU: 42 generation ended 0.540800946553
2016-12-16 22:09:36,438 - SIMU: 43 generation ended 0.150847584466
2016-12-16 22:09:36,444 - SIMU: SimulationFollowLightGen - applyVariation() : NEW RANDOM GENOME
2016-12-16 22:09:46,705 - SIMU: 44 generation ended 0.0
2016-12-16 22:09:56,649 - SIMU: 45 generation ended 0.22541663637
2016-12-16 22:09:56,667 - SIMU: SimulationFollowLightGen - applyVariation() : NEW RANDOM GENOME
2016-12-16 22:10:07,154 - SIMU: 46 generation ended 0.0
2016-12-16 22:10:07,168 - SIMU: SimulationFollowLightGen - applyVariation() : NEW RANDOM GENOME
2016-12-16 22:10:18,107 - SIMU: 47 generation ended 0.242549404168
2016-12-16 22:10:28,205 - SIMU: 48 generation ended 0.00121478067742
2016-12-16 22:10:38,679 - SIMU: 49 generation ended 0.00372743898705
2016-12-16 22:10:48,626 - SIMU: 50 generation ended 0.122207120595
2016-12-16 22:10:59,532 - SIMU: 51 generation ended 0.269661812889
2016-12-16 22:11:10,092 - SIMU: 52 generation ended 0.500815826165
2016-12-16 22:11:20,889 - SIMU: 53 generation ended 0.59144950594
2016-12-16 22:11:31,714 - SIMU: 54 generation ended 0.55873151003
2016-12-16 22:11:42,349 - SIMU: 55 generation ended 0.61118499007
2016-12-16 22:11:53,311 - SIMU: 56 generation ended 0.607762457038
2016-12-16 22:12:03,468 - SIMU: 57 generation ended 0.509214683861
2016-12-16 22:12:13,022 - SIMU: 58 generation ended 0.173646346785
2016-12-16 22:12:23,563 - SIMU: 59 generation ended 0.409680994151
2016-12-16 22:12:33,883 - SIMU: 60 generation ended 0.160633237895
2016-12-16 22:12:43,908 - SIMU: 61 generation ended 0.193488800368
2016-12-16 22:12:54,335 - SIMU: 62 generation ended 0.841881601782
2016-12-16 22:13:03,883 - SIMU: 63 generation ended 0.515029072083
2016-12-16 22:13:14,286 - SIMU: 64 generation ended 0.695292960885
2016-12-16 22:13:24,779 - SIMU: 65 generation ended 0.0261163309209
2016-12-16 22:13:35,352 - SIMU: 66 generation ended 0.0213295369564
2016-12-16 22:13:44,807 - SIMU: 67 generation ended 0.373379491885
2016-12-16 22:13:55,006 - SIMU: 68 generation ended 0.304564891987
2016-12-16 22:14:04,931 - SIMU: 69 generation ended 0.112603409342
2016-12-16 22:14:15,626 - SIMU: 70 generation ended 0.58842961202
2016-12-16 22:14:25,813 - SIMU: 71 generation ended 0.589294257463
2016-12-16 22:14:36,114 - SIMU: 72 generation ended 0.0773442295331
2016-12-16 22:14:46,394 - SIMU: 73 generation ended 0.496838551963
2016-12-16 22:14:56,106 - SIMU: 74 generation ended 0.74072997028
2016-12-16 22:15:06,161 - SIMU: 75 generation ended 0.210841230097
2016-12-16 22:15:16,443 - SIMU: 76 generation ended 0.489063943071
2016-12-16 22:15:26,155 - SIMU: 77 generation ended 0.395792134098
2016-12-16 22:15:36,284 - SIMU: 78 generation ended 0.405870941729
2016-12-16 22:15:46,831 - SIMU: 79 generation ended 0.663864496849
2016-12-16 22:15:57,268 - SIMU: 80 generation ended 0.344840759469
2016-12-16 22:16:07,313 - SIMU: 81 generation ended 0.175570972344
2016-12-16 22:16:17,500 - SIMU: 82 generation ended 0.802226148341
2016-12-16 22:16:28,786 - SIMU: 83 generation ended 0.586593122996
2016-12-16 22:16:39,425 - SIMU: 84 generation ended 0.541700245526
2016-12-16 22:16:50,146 - SIMU: 85 generation ended 0.6011438922
2016-12-16 22:16:59,273 - SIMU: 86 generation ended 0.560624308333
2016-12-16 22:17:10,235 - SIMU: 87 generation ended 0.836531010653
2016-12-16 22:17:20,598 - SIMU: 88 generation ended 0.467704283559
2016-12-16 22:17:30,322 - SIMU: 89 generation ended 0.529558655764
2016-12-16 22:17:41,078 - SIMU: 90 generation ended 0.926829231887
2016-12-16 22:17:51,557 - SIMU: 91 generation ended 0.865319522533
2016-12-16 22:18:02,576 - SIMU: 92 generation ended 0.0641612233501
2016-12-16 22:18:12,567 - SIMU: 93 generation ended 0.641293303448
2016-12-16 22:18:22,384 - SIMU: 94 generation ended 0.100626270978
2016-12-16 22:18:32,284 - SIMU: 95 generation ended 0.544726071523
2016-12-16 22:18:42,268 - SIMU: 96 generation ended 0.489763115603
2016-12-16 22:18:52,344 - SIMU: 97 generation ended 0.40744721871
2016-12-16 22:19:02,537 - SIMU: 98 generation ended 0.946364908218
2016-12-16 22:19:12,729 - SIMU: 99 generation ended 0.91750990147
2016-12-16 22:19:23,521 - SIMU: 100 generation ended 0.674199558599
2016-12-16 22:19:23,629 - SIMU: -------------------
2016-12-16 22:19:23,631 - SIMU: End :
2016-12-16 22:19:23,632 - SIMU: fitness_champion 0.674199558599
2016-12-16 22:19:23,634 - SIMU: champion [-1.4021344380499883, -1.1798688247020954, -0.6683893104576782, -1.3850319698774989, -0.39677298347165635, 0.3191039665091231, 0.39762972909393396, -1.4811351318092534, 1.5890052721981347, -0.47665893702796414, -0.38490333762027995, -0.038079641090659255, -0.6545497326806594, -1.1350984624133051, 0.6868616708754083, 0.1729378233448603, 0.9314572606557777, 1.9067891825488616]
2016-12-16 22:19:23,635 - SIMU: ======================================
2016-12-16 22:21:11,144 - ERROR: MainController - Request for simulation stop while no simulation started.
2016-12-16 22:21:13,511 - ERROR: MainController - Request for simulation stop while no simulation started.
ROBOT 6
2016-12-17 08:01:13,256 - DEBUG: MainController - Running.
2016-12-17 08:01:13,257 - DEBUG: CommandsListener - Waiting on accept...
2016-12-17 08:01:20,370 - DEBUG: CommandsListener - Received command from (192.168.0.210, 55856)
2016-12-17 08:01:20,371 - DEBUG: CommandsListener - Receiving command...
2016-12-17 08:01:20,373 - DEBUG: CommandsListener - Received <Utils.Message instance at 0x76422710>
2016-12-17 08:01:20,374 - DEBUG: CommandsListener - Transmitting command 5 to controller.
2016-12-17 08:01:20,375 - DEBUG: MainController - Command 5 received.
2016-12-17 08:01:20,375 - DEBUG: CommandsListener - Waiting on accept...
2016-12-17 08:01:20,424 - DEBUG: MainController - Treating command : 5
2016-12-17 08:01:20,425 - DEBUG: MainController - Setting simulation...
2016-12-17 08:01:26,329 - DEBUG: CommandsListener - Received command from (192.168.0.210, 55865)
2016-12-17 08:01:26,330 - DEBUG: CommandsListener - Receiving command...
2016-12-17 08:01:26,331 - DEBUG: CommandsListener - Received <Utils.Message instance at 0x76424940>
2016-12-17 08:01:26,332 - DEBUG: CommandsListener - Transmitting command 0 to controller.
2016-12-17 08:01:26,333 - DEBUG: MainController - Command 0 received.
2016-12-17 08:01:26,334 - DEBUG: CommandsListener - Waiting on accept...
2016-12-17 08:01:26,342 - DEBUG: MainController - Treating command : 0
2016-12-17 08:01:26,343 - DEBUG: MainController - Loading simulation...
2016-12-17 08:01:26,344 - DEBUG: Params - Parsing configuration file.
2016-12-17 08:01:27,059 - CRITICAL: dbus.Array([dbus.String(u'thymio-II')], signature=dbus.Signature('s'))
2016-12-17 08:01:27,060 - DEBUG: ThymioController - Running.
2016-12-17 08:01:29,495 - SIMU: ======================================
2016-12-17 08:01:29,497 - SIMU: ====== SimulationFollowLightGenBis ======
2016-12-17 08:01:29,497 - SIMU: ======================================
2016-12-17 08:01:29,498 - SIMU: -------------------
2016-12-17 08:01:29,498 - SIMU: Parameters :
2016-12-17 08:01:29,499 - SIMU: duration 6000
2016-12-17 08:01:29,500 - SIMU: lifetime 60
2016-12-17 08:01:29,500 - SIMU: sleep 0.1
2016-12-17 08:01:29,501 - SIMU: windowSize 20
2016-12-17 08:01:29,502 - SIMU: probabilities pcopy pgauss prandom 0.4 0.4 0.2
2016-12-17 08:01:29,503 - SIMU: sigma 0.1
2016-12-17 08:01:29,503 - SIMU: -------------------
2016-12-17 08:01:29,504 - SIMU: Start :
2016-12-17 08:01:39,975 - SIMU: 0 generation ended 0.0
2016-12-17 08:01:50,820 - SIMU: 1 generation ended 0.0
2016-12-17 08:02:01,031 - SIMU: 2 generation ended 0.0308472064936
2016-12-17 08:02:11,365 - SIMU: 3 generation ended 0.0253767256553
2016-12-17 08:02:21,524 - SIMU: 4 generation ended 0.0
2016-12-17 08:02:31,528 - SIMU: 5 generation ended 0.0
2016-12-17 08:02:41,332 - SIMU: 6 generation ended 0.185275533703
2016-12-17 08:02:51,160 - SIMU: 7 generation ended 0.0
2016-12-17 08:03:00,695 - SIMU: 8 generation ended 2.68091789337e-05
2016-12-17 08:03:10,974 - SIMU: 9 generation ended 0.0
2016-12-17 08:03:11,061 - SIMU: SimulationFollowLightGen - applyVariation() : NEW RANDOM GENOME
2016-12-17 08:03:22,215 - SIMU: 10 generation ended 0.0
2016-12-17 08:03:33,743 - SIMU: 11 generation ended 0.000349845606867
2016-12-17 08:03:33,750 - SIMU: SimulationFollowLightGen - applyVariation() : NEW RANDOM GENOME
2016-12-17 08:03:43,914 - SIMU: 12 generation ended 0.0
2016-12-17 08:03:55,145 - SIMU: 13 generation ended 0.0781698824924
2016-12-17 08:04:06,153 - SIMU: 14 generation ended 0.0
2016-12-17 08:04:17,014 - SIMU: 15 generation ended 0.172655551093
2016-12-17 08:04:17,019 - SIMU: SimulationFollowLightGen - applyVariation() : NEW RANDOM GENOME
2016-12-17 08:04:27,081 - SIMU: 16 generation ended 0.0
2016-12-17 08:04:36,676 - SIMU: 17 generation ended 0.270146006873
2016-12-17 08:04:46,833 - SIMU: 18 generation ended 0.515950988711
2016-12-17 08:04:56,538 - SIMU: 19 generation ended 0.0163125237673
2016-12-17 08:05:06,487 - SIMU: 20 generation ended 0.0
2016-12-17 08:05:15,719 - SIMU: 21 generation ended 0.0723135469637
2016-12-17 08:05:15,726 - SIMU: SimulationFollowLightGen - applyVariation() : NEW RANDOM GENOME
2016-12-17 08:05:25,466 - SIMU: 22 generation ended 0.0
2016-12-17 08:05:35,382 - SIMU: 23 generation ended 0.0
2016-12-17 08:05:46,210 - SIMU: 24 generation ended 0.540536664088
2016-12-17 08:05:55,960 - SIMU: 25 generation ended 0.0156609128059
2016-12-17 08:06:05,274 - SIMU: 26 generation ended 0.00713298866406
2016-12-17 08:06:15,225 - SIMU: 27 generation ended 0.0213092536233
2016-12-17 08:06:15,231 - SIMU: SimulationFollowLightGen - applyVariation() : NEW RANDOM GENOME
2016-12-17 08:06:24,941 - SIMU: 28 generation ended 0.0
2016-12-17 08:06:34,975 - SIMU: 29 generation ended 0.614098231026
2016-12-17 08:06:44,837 - SIMU: 30 generation ended 0.205972745617
2016-12-17 08:06:54,594 - SIMU: 31 generation ended 0.59637449949
2016-12-17 08:07:04,397 - SIMU: 32 generation ended 0.24815831345
2016-12-17 08:07:14,655 - SIMU: 33 generation ended 0.692931632928
2016-12-17 08:07:25,651 - SIMU: 34 generation ended 0.023866025647
2016-12-17 08:07:35,447 - SIMU: 35 generation ended 0.421018135696
2016-12-17 08:07:46,107 - SIMU: 36 generation ended 0.595516089737
2016-12-17 08:07:56,267 - SIMU: 37 generation ended 0.767159416532
2016-12-17 08:07:56,273 - SIMU: SimulationFollowLightGen - applyVariation() : NEW RANDOM GENOME
2016-12-17 08:08:05,895 - SIMU: 38 generation ended 0.00297658592375
2016-12-17 08:08:05,900 - SIMU: SimulationFollowLightGen - applyVariation() : NEW RANDOM GENOME
2016-12-17 08:08:16,334 - SIMU: 39 generation ended 0.00345480737042
2016-12-17 08:08:27,075 - SIMU: 40 generation ended 0.0632348376515
2016-12-17 08:08:27,089 - SIMU: SimulationFollowLightGen - applyVariation() : NEW RANDOM GENOME
2016-12-17 08:08:36,816 - SIMU: 41 generation ended 0.0
2016-12-17 08:08:47,775 - SIMU: 42 generation ended 0.182359457339
2016-12-17 08:08:57,365 - SIMU: 43 generation ended 0.0244746442054
2016-12-17 08:09:07,472 - SIMU: 44 generation ended 0.568410654453
2016-12-17 08:09:07,497 - SIMU: SimulationFollowLightGen - applyVariation() : NEW RANDOM GENOME
2016-12-17 08:09:17,733 - SIMU: 45 generation ended 0.0
2016-12-17 08:09:28,150 - SIMU: 46 generation ended 0.0428912177975
2016-12-17 08:09:39,054 - SIMU: 47 generation ended 0.147616628031
2016-12-17 08:09:39,062 - SIMU: SimulationFollowLightGen - applyVariation() : NEW RANDOM GENOME
2016-12-17 08:09:49,170 - SIMU: 48 generation ended 0.0
2016-12-17 08:09:59,638 - SIMU: 49 generation ended 0.022102856211
2016-12-17 08:10:09,789 - SIMU: 50 generation ended 0.443099945322
2016-12-17 08:10:20,293 - SIMU: 51 generation ended 0.654889760725
2016-12-17 08:10:31,184 - SIMU: 52 generation ended 0.655365009647
2016-12-17 08:10:41,877 - SIMU: 53 generation ended 0.266952425935
2016-12-17 08:10:52,547 - SIMU: 54 generation ended 0.334460406842
2016-12-17 08:11:03,306 - SIMU: 55 generation ended 0.478406905135
2016-12-17 08:11:14,351 - SIMU: 56 generation ended 0.699213136571
2016-12-17 08:11:24,406 - SIMU: 57 generation ended 0.247752171571
2016-12-17 08:11:33,984 - SIMU: 58 generation ended 0.769240303908
2016-12-17 08:11:44,414 - SIMU: 59 generation ended 0.390623469297
2016-12-17 08:11:54,788 - SIMU: 60 generation ended 0.283604564632
2016-12-17 08:12:05,034 - SIMU: 61 generation ended 0.149215136564
2016-12-17 08:12:15,400 - SIMU: 62 generation ended 0.485395882732
2016-12-17 08:12:24,864 - SIMU: 63 generation ended 0.66955616709
2016-12-17 08:12:35,182 - SIMU: 64 generation ended 0.011253608305
2016-12-17 08:12:45,709 - SIMU: 65 generation ended 0.141529597219
2016-12-17 08:12:56,233 - SIMU: 66 generation ended 0.75572522399
2016-12-17 08:13:05,663 - SIMU: 67 generation ended 0.366421642906
2016-12-17 08:13:15,833 - SIMU: 68 generation ended 0.634875504606
2016-12-17 08:13:25,956 - SIMU: 69 generation ended 0.479799684347
2016-12-17 08:13:36,636 - SIMU: 70 generation ended 0.58842961202
2016-12-17 08:13:46,679 - SIMU: 71 generation ended 0.0478738603641
2016-12-17 08:13:57,122 - SIMU: 72 generation ended 0.140280646258
2016-12-17 08:14:07,536 - SIMU: 73 generation ended 0.611021378896
2016-12-17 08:14:17,129 - SIMU: 74 generation ended 0.547875009649
2016-12-17 08:14:27,159 - SIMU: 75 generation ended 0.161074959696
2016-12-17 08:14:37,301 - SIMU: 76 generation ended 0.861698819063
2016-12-17 08:14:47,121 - SIMU: 77 generation ended 0.805521075388
2016-12-17 08:14:57,146 - SIMU: 78 generation ended 0.632162907135
2016-12-17 08:15:07,771 - SIMU: 79 generation ended 0.068680613289
2016-12-17 08:15:18,131 - SIMU: 80 generation ended 0.368038119062
2016-12-17 08:15:28,391 - SIMU: 81 generation ended 0.460312866195
2016-12-17 08:15:38,393 - SIMU: 82 generation ended 0.591360837176
2016-12-17 08:15:49,918 - SIMU: 83 generation ended 0.207909134122
2016-12-17 08:16:00,356 - SIMU: 84 generation ended 0.399137085375
2016-12-17 08:16:10,888 - SIMU: 85 generation ended 0.690528114905
2016-12-17 08:16:20,192 - SIMU: 86 generation ended 0.599851291367
2016-12-17 08:16:31,227 - SIMU: 87 generation ended 0.428451291153
2016-12-17 08:16:41,582 - SIMU: 88 generation ended 0.481328656002
2016-12-17 08:16:51,279 - SIMU: 89 generation ended 0.499680487661
2016-12-17 08:17:01,827 - SIMU: 90 generation ended 0.485687521298
2016-12-17 08:17:12,560 - SIMU: 91 generation ended 0.764466493306
2016-12-17 08:17:23,491 - SIMU: 92 generation ended 0.522564234762
2016-12-17 08:17:33,227 - SIMU: 93 generation ended 0.594087509332
2016-12-17 08:17:43,147 - SIMU: 94 generation ended 0.526897247259
2016-12-17 08:17:53,213 - SIMU: 95 generation ended 0.534773512208
2016-12-17 08:18:03,309 - SIMU: 96 generation ended 0.352968161795
2016-12-17 08:18:13,325 - SIMU: 97 generation ended 0.849282193342
2016-12-17 08:18:23,404 - SIMU: 98 generation ended 0.677164007677
2016-12-17 08:18:33,719 - SIMU: 99 generation ended 0.740968452458
2016-12-17 08:18:44,341 - SIMU: 100 generation ended 0.81796169468
2016-12-17 08:18:44,451 - SIMU: -------------------
2016-12-17 08:18:44,453 - SIMU: End :
2016-12-17 08:18:44,454 - SIMU: fitness_champion 0.81796169468
2016-12-17 08:18:44,455 - SIMU: champion [-1.1863632636818162, -0.17996772611940776, -0.702573488417748, -1.3367936716868007, 0.032577762564688056, 0.46710266704369585, 0.4805353404936098, -1.5483607640441674, 2.3197317914665123, -0.6599940459053913, -0.09800027188731172, -0.629748914573006, -0.8978619808304795, -1.3089647953266943, 0.42175487766578895, 0.5908417548157, 0.9396422024143415, 2.0846686667080676]
2016-12-17 08:18:44,458 - SIMU: ======================================
2016-12-17 08:20:32,100 - ERROR: MainController - Request for simulation stop while no simulation started.
2016-12-17 08:20:34,416 - ERROR: MainController - Request for simulation stop while no simulation started.
ROBOT 7
2016-12-16 23:01:29,941 - DEBUG: MainController - Running.
2016-12-16 23:01:29,942 - DEBUG: CommandsListener - Waiting on accept...
2016-12-16 23:01:37,059 - DEBUG: CommandsListener - Received command from (192.168.0.210, 50139)
2016-12-16 23:01:37,060 - DEBUG: CommandsListener - Receiving command...
2016-12-16 23:01:37,062 - DEBUG: CommandsListener - Received <Utils.Message instance at 0x763c8710>
2016-12-16 23:01:37,063 - DEBUG: CommandsListener - Transmitting command 5 to controller.
2016-12-16 23:01:37,064 - DEBUG: MainController - Command 5 received.
2016-12-16 23:01:37,064 - DEBUG: CommandsListener - Waiting on accept...
2016-12-16 23:01:37,108 - DEBUG: MainController - Treating command : 5
2016-12-16 23:01:37,108 - DEBUG: MainController - Setting simulation...
2016-12-16 23:01:43,018 - DEBUG: CommandsListener - Received command from (192.168.0.210, 50148)
2016-12-16 23:01:43,019 - DEBUG: CommandsListener - Receiving command...
2016-12-16 23:01:43,020 - DEBUG: CommandsListener - Received <Utils.Message instance at 0x763ca940>
2016-12-16 23:01:43,021 - DEBUG: CommandsListener - Transmitting command 0 to controller.
2016-12-16 23:01:43,021 - DEBUG: MainController - Command 0 received.
2016-12-16 23:01:43,022 - DEBUG: CommandsListener - Waiting on accept...
2016-12-16 23:01:43,026 - DEBUG: MainController - Treating command : 0
2016-12-16 23:01:43,027 - DEBUG: MainController - Loading simulation...
2016-12-16 23:01:43,027 - DEBUG: Params - Parsing configuration file.
2016-12-16 23:01:43,728 - CRITICAL: dbus.Array([dbus.String(u'thymio-II')], signature=dbus.Signature('s'))
2016-12-16 23:01:43,730 - DEBUG: ThymioController - Running.
2016-12-16 23:01:46,156 - SIMU: ======================================
2016-12-16 23:01:46,158 - SIMU: ====== SimulationFollowLightGenBis ======
2016-12-16 23:01:46,159 - SIMU: ======================================
2016-12-16 23:01:46,164 - SIMU: -------------------
2016-12-16 23:01:46,165 - SIMU: Parameters :
2016-12-16 23:01:46,166 - SIMU: duration 6000
2016-12-16 23:01:46,167 - SIMU: lifetime 60
2016-12-16 23:01:46,168 - SIMU: sleep 0.1
2016-12-16 23:01:46,169 - SIMU: windowSize 20
2016-12-16 23:01:46,169 - SIMU: probabilities pcopy pgauss prandom 0.4 0.4 0.2
2016-12-16 23:01:46,171 - SIMU: sigma 0.1
2016-12-16 23:01:46,172 - SIMU: -------------------
2016-12-16 23:01:46,172 - SIMU: Start :
2016-12-16 23:01:56,610 - SIMU: 0 generation ended 0.0
2016-12-16 23:02:07,437 - SIMU: 1 generation ended 0.0354704558789
2016-12-16 23:02:17,698 - SIMU: 2 generation ended 0.0
2016-12-16 23:02:17,733 - SIMU: SimulationFollowLightGen - applyVariation() : NEW RANDOM GENOME
2016-12-16 23:02:28,026 - SIMU: 3 generation ended 0.0472568815327
2016-12-16 23:02:38,323 - SIMU: 4 generation ended 0.00842532069338
2016-12-16 23:02:48,259 - SIMU: 5 generation ended 0.0
2016-12-16 23:02:57,917 - SIMU: 6 generation ended 0.0
2016-12-16 23:03:07,862 - SIMU: 7 generation ended 0.0
2016-12-16 23:03:17,227 - SIMU: 8 generation ended 0.0
2016-12-16 23:03:17,237 - SIMU: SimulationFollowLightGen - applyVariation() : NEW RANDOM GENOME
2016-12-16 23:03:27,649 - SIMU: 9 generation ended 0.0
2016-12-16 23:03:27,652 - SIMU: SimulationFollowLightGen - applyVariation() : NEW RANDOM GENOME
2016-12-16 23:03:39,071 - SIMU: 10 generation ended 0.0
2016-12-16 23:03:50,380 - SIMU: 11 generation ended 0.0102339417191
2016-12-16 23:04:00,510 - SIMU: 12 generation ended 0.534516898765
2016-12-16 23:04:11,810 - SIMU: 13 generation ended 0.0169300381374
2016-12-16 23:04:22,756 - SIMU: 14 generation ended 0.0224347888023
2016-12-16 23:04:33,741 - SIMU: 15 generation ended 0.375422868533
2016-12-16 23:04:43,841 - SIMU: 16 generation ended 0.144364763041
2016-12-16 23:04:53,335 - SIMU: 17 generation ended 0.391367202136
2016-12-16 23:04:53,377 - SIMU: SimulationFollowLightGen - applyVariation() : NEW RANDOM GENOME
2016-12-16 23:05:03,538 - SIMU: 18 generation ended 0.0
2016-12-16 23:05:13,204 - SIMU: 19 generation ended 0.630337037261
2016-12-16 23:05:23,073 - SIMU: 20 generation ended 0.0129977708678
2016-12-16 23:05:32,486 - SIMU: 21 generation ended 0.0179278205865
2016-12-16 23:05:42,045 - SIMU: 22 generation ended 0.012457778237
2016-12-16 23:05:51,969 - SIMU: 23 generation ended 0.00310047628846
2016-12-16 23:06:02,928 - SIMU: 24 generation ended 0.538171486196
2016-12-16 23:06:12,692 - SIMU: 25 generation ended 0.270400671285
2016-12-16 23:06:12,713 - SIMU: SimulationFollowLightGen - applyVariation() : NEW RANDOM GENOME
2016-12-16 23:06:22,151 - SIMU: 26 generation ended 0.0
2016-12-16 23:06:22,157 - SIMU: SimulationFollowLightGen - applyVariation() : NEW RANDOM GENOME
2016-12-16 23:06:31,817 - SIMU: 27 generation ended 0.0
2016-12-16 23:06:41,646 - SIMU: 28 generation ended 0.445282523294
2016-12-16 23:06:51,534 - SIMU: 29 generation ended 0.126256799104
2016-12-16 23:07:01,440 - SIMU: 30 generation ended 0.0611268280408
2016-12-16 23:07:11,206 - SIMU: 31 generation ended 0.118893607748
2016-12-16 23:07:21,089 - SIMU: 32 generation ended 0.49507115206
2016-12-16 23:07:21,094 - SIMU: SimulationFollowLightGen - applyVariation() : NEW RANDOM GENOME
2016-12-16 23:07:31,323 - SIMU: 33 generation ended 0.0
2016-12-16 23:07:42,112 - SIMU: 34 generation ended 0.692931632928
2016-12-16 23:07:42,116 - SIMU: SimulationFollowLightGen - applyVariation() : NEW RANDOM GENOME
2016-12-16 23:07:51,961 - SIMU: 35 generation ended 0.0
2016-12-16 23:07:51,994 - SIMU: SimulationFollowLightGen - applyVariation() : NEW RANDOM GENOME
2016-12-16 23:08:02,668 - SIMU: 36 generation ended 0.0
2016-12-16 23:08:12,987 - SIMU: 37 generation ended 0.0164541763394
2016-12-16 23:08:22,396 - SIMU: 38 generation ended 0.0540560536762
2016-12-16 23:08:32,872 - SIMU: 39 generation ended 0.0
2016-12-16 23:08:32,920 - SIMU: SimulationFollowLightGen - applyVariation() : NEW RANDOM GENOME
2016-12-16 23:08:43,749 - SIMU: 40 generation ended 0.00669179384162
2016-12-16 23:08:53,694 - SIMU: 41 generation ended 0.241645704897
2016-12-16 23:09:04,303 - SIMU: 42 generation ended 0.0269750440687
2016-12-16 23:09:04,310 - SIMU: SimulationFollowLightGen - applyVariation() : NEW RANDOM GENOME
2016-12-16 23:09:13,946 - SIMU: 43 generation ended 0.0
2016-12-16 23:09:24,312 - SIMU: 44 generation ended 0.150847584466
2016-12-16 23:09:34,488 - SIMU: 45 generation ended 0.452663261427
2016-12-16 23:09:34,523 - SIMU: SimulationFollowLightGen - applyVariation() : NEW RANDOM GENOME
2016-12-16 23:09:44,820 - SIMU: 46 generation ended 0.0
2016-12-16 23:09:55,723 - SIMU: 47 generation ended 0.0727309268226
2016-12-16 23:10:06,022 - SIMU: 48 generation ended 0.0268558478997
2016-12-16 23:10:16,272 - SIMU: 49 generation ended 0.0164845629878
2016-12-16 23:10:16,297 - SIMU: SimulationFollowLightGen - applyVariation() : NEW RANDOM GENOME
2016-12-16 23:10:26,213 - SIMU: 50 generation ended 0.0
2016-12-16 23:10:36,891 - SIMU: 51 generation ended 0.570069710282
2016-12-16 23:10:47,632 - SIMU: 52 generation ended 0.487436470985
2016-12-16 23:10:58,488 - SIMU: 53 generation ended 0.591736787599
2016-12-16 23:11:09,373 - SIMU: 54 generation ended 0.734275220435
2016-12-16 23:11:20,032 - SIMU: 55 generation ended 0.221000751834
2016-12-16 23:11:30,957 - SIMU: 56 generation ended 0.0
2016-12-16 23:11:41,106 - SIMU: 57 generation ended 0.244460387598
2016-12-16 23:11:50,734 - SIMU: 58 generation ended 0.292280696273
2016-12-16 23:12:01,015 - SIMU: 59 generation ended 0.0999827964089
2016-12-16 23:12:11,491 - SIMU: 60 generation ended 0.241078975458
2016-12-16 23:12:21,626 - SIMU: 61 generation ended 0.00363626983946
2016-12-16 23:12:32,067 - SIMU: 62 generation ended 0.775471666103
2016-12-16 23:12:41,553 - SIMU: 63 generation ended 0.0504546172921
2016-12-16 23:12:51,978 - SIMU: 64 generation ended 0.281562790297
2016-12-16 23:13:02,317 - SIMU: 65 generation ended 0.0539208679499
2016-12-16 23:13:12,754 - SIMU: 66 generation ended 0.628048625772
2016-12-16 23:13:22,347 - SIMU: 67 generation ended 0.150284492716
2016-12-16 23:13:32,421 - SIMU: 68 generation ended 0.380717787526
2016-12-16 23:13:42,626 - SIMU: 69 generation ended 0.560885778118
2016-12-16 23:13:53,191 - SIMU: 70 generation ended 0.393855812304
2016-12-16 23:14:03,337 - SIMU: 71 generation ended 0.0838020919901
2016-12-16 23:14:13,790 - SIMU: 72 generation ended 0.00801037653099
2016-12-16 23:14:24,052 - SIMU: 73 generation ended 0.707133668106
2016-12-16 23:14:33,829 - SIMU: 74 generation ended 0.786794528329
2016-12-16 23:14:43,786 - SIMU: 75 generation ended 0.612406869832
2016-12-16 23:14:54,086 - SIMU: 76 generation ended 0.817309468394
2016-12-16 23:15:03,817 - SIMU: 77 generation ended 0.874603068478
2016-12-16 23:15:13,771 - SIMU: 78 generation ended 0.0557475114545
2016-12-16 23:15:24,561 - SIMU: 79 generation ended 0.357328446647
2016-12-16 23:15:34,982 - SIMU: 80 generation ended 0.135713328594
2016-12-16 23:15:45,053 - SIMU: 81 generation ended 0.425026458408
2016-12-16 23:15:55,197 - SIMU: 82 generation ended 0.82542096795
2016-12-16 23:16:06,312 - SIMU: 83 generation ended 0.64876860315
2016-12-16 23:16:17,074 - SIMU: 84 generation ended 0.693924638256
2016-12-16 23:16:27,735 - SIMU: 85 generation ended 0.528326154639
2016-12-16 23:16:36,961 - SIMU: 86 generation ended 0.40442179007
2016-12-16 23:16:47,975 - SIMU: 87 generation ended 0.299211239515
2016-12-16 23:16:58,153 - SIMU: 88 generation ended 0.409052484084
2016-12-16 23:17:07,977 - SIMU: 89 generation ended 0.250481767309
2016-12-16 23:17:18,707 - SIMU: 90 generation ended 0.364886204598
2016-12-16 23:17:29,244 - SIMU: 91 generation ended 0.606110177536
2016-12-16 23:17:40,230 - SIMU: 92 generation ended 0.268290818049
2016-12-16 23:17:49,996 - SIMU: 93 generation ended 0.865019041128
2016-12-16 23:17:59,963 - SIMU: 94 generation ended 0.590762148232
2016-12-16 23:18:09,967 - SIMU: 95 generation ended 0.858127742722
2016-12-16 23:18:19,957 - SIMU: 96 generation ended 0.481766104613
2016-12-16 23:18:30,083 - SIMU: 97 generation ended 0.443685060271
2016-12-16 23:18:40,164 - SIMU: 98 generation ended 0.497411107829
2016-12-16 23:18:50,360 - SIMU: 99 generation ended 0.60157853796
2016-12-16 23:19:01,127 - SIMU: 100 generation ended 0.594872049561
2016-12-16 23:19:01,229 - SIMU: -------------------
2016-12-16 23:19:01,230 - SIMU: End :
2016-12-16 23:19:01,230 - SIMU: fitness_champion 0.594872049561
2016-12-16 23:19:01,231 - SIMU: champion [-1.3790193132997883, -1.0495348909215323, -0.6064693521902387, -1.3221280249296836, -0.2463876839145766, 0.5461217598906175, 0.5486357730032825, -1.5241979827796988, 1.6994998018381915, -0.3914198604149379, -0.3344978589459461, -0.043484499348749504, -0.7957101835657603, -1.181175078672314, 0.55703169686485, 0.1904159455417847, 0.8228506032811048, 2.0170658138534097]
2016-12-16 23:19:01,231 - SIMU: ======================================
2016-12-16 23:20:48,810 - ERROR: MainController - Request for simulation stop while no simulation started.
2016-12-16 23:20:51,125 - ERROR: MainController - Request for simulation stop while no simulation started.
ROBOT 8
2016-12-16 20:01:26,422 - DEBUG: MainController - Running.
2016-12-16 20:01:26,423 - DEBUG: CommandsListener - Waiting on accept...
2016-12-16 20:01:33,232 - DEBUG: CommandsListener - Received command from (192.168.0.210, 60238)
2016-12-16 20:01:33,233 - DEBUG: CommandsListener - Receiving command...
2016-12-16 20:01:33,236 - DEBUG: CommandsListener - Received <Utils.Message instance at 0x7638a710>
2016-12-16 20:01:33,237 - DEBUG: CommandsListener - Transmitting command 5 to controller.
2016-12-16 20:01:33,237 - DEBUG: MainController - Command 5 received.
2016-12-16 20:01:33,238 - DEBUG: CommandsListener - Waiting on accept...
2016-12-16 20:01:33,240 - DEBUG: MainController - Treating command : 5
2016-12-16 20:01:33,240 - DEBUG: MainController - Setting simulation...
2016-12-16 20:01:39,191 - DEBUG: CommandsListener - Received command from (192.168.0.210, 60247)
2016-12-16 20:01:39,193 - DEBUG: CommandsListener - Receiving command...
2016-12-16 20:01:39,194 - DEBUG: CommandsListener - Received <Utils.Message instance at 0x7638c648>
2016-12-16 20:01:39,195 - DEBUG: CommandsListener - Transmitting command 0 to controller.
2016-12-16 20:01:39,195 - DEBUG: MainController - Command 0 received.
2016-12-16 20:01:39,196 - DEBUG: CommandsListener - Waiting on accept...
2016-12-16 20:01:39,208 - DEBUG: MainController - Treating command : 0
2016-12-16 20:01:39,208 - DEBUG: MainController - Loading simulation...
2016-12-16 20:01:39,209 - DEBUG: Params - Parsing configuration file.
2016-12-16 20:01:40,414 - CRITICAL: dbus.Array([dbus.String(u'thymio-II')], signature=dbus.Signature('s'))
2016-12-16 20:01:40,416 - DEBUG: ThymioController - Running.
2016-12-16 20:01:42,868 - SIMU: ======================================
2016-12-16 20:01:42,869 - SIMU: ====== SimulationFollowLightGenBis ======
2016-12-16 20:01:42,870 - SIMU: ======================================
2016-12-16 20:01:42,870 - SIMU: -------------------
2016-12-16 20:01:42,871 - SIMU: Parameters :
2016-12-16 20:01:42,872 - SIMU: duration 6000
2016-12-16 20:01:42,872 - SIMU: lifetime 60
2016-12-16 20:01:42,873 - SIMU: sleep 0.1
2016-12-16 20:01:42,873 - SIMU: windowSize 20
2016-12-16 20:01:42,874 - SIMU: probabilities pcopy pgauss prandom 0.4 0.4 0.2
2016-12-16 20:01:42,875 - SIMU: sigma 0.1
2016-12-16 20:01:42,875 - SIMU: -------------------
2016-12-16 20:01:42,876 - SIMU: Start :
2016-12-16 20:01:52,881 - SIMU: 0 generation ended 0.0654751042744
2016-12-16 20:02:03,736 - SIMU: 1 generation ended 0.356158152401
2016-12-16 20:02:14,095 - SIMU: 2 generation ended 0.25290211487
2016-12-16 20:02:24,127 - SIMU: 3 generation ended 0.61901381662
2016-12-16 20:02:34,393 - SIMU: 4 generation ended 0.302686231517
2016-12-16 20:02:34,462 - SIMU: SimulationFollowLightGen - applyVariation() : NEW RANDOM GENOME
2016-12-16 20:02:44,308 - SIMU: 5 generation ended 0.566497178665
2016-12-16 20:02:54,145 - SIMU: 6 generation ended 0.395001565146
2016-12-16 20:03:04,021 - SIMU: 7 generation ended 0.0
2016-12-16 20:03:13,551 - SIMU: 8 generation ended 0.0606477655577
2016-12-16 20:03:23,889 - SIMU: 9 generation ended 0.629042423542
2016-12-16 20:03:35,251 - SIMU: 10 generation ended 0.396846562852
2016-12-16 20:03:35,257 - SIMU: SimulationFollowLightGen - applyVariation() : NEW RANDOM GENOME
2016-12-16 20:03:46,551 - SIMU: 11 generation ended 0.0
2016-12-16 20:03:56,719 - SIMU: 12 generation ended 0.531997612621
2016-12-16 20:04:08,115 - SIMU: 13 generation ended 0.315249086532
2016-12-16 20:04:08,120 - SIMU: SimulationFollowLightGen - applyVariation() : NEW RANDOM GENOME
2016-12-16 20:04:18,918 - SIMU: 14 generation ended 0.00417185047697
2016-12-16 20:04:29,796 - SIMU: 15 generation ended 0.0665060864096
2016-12-16 20:04:39,995 - SIMU: 16 generation ended 0.25307420623
2016-12-16 20:04:40,000 - SIMU: SimulationFollowLightGen - applyVariation() : NEW RANDOM GENOME
2016-12-16 20:04:49,419 - SIMU: 17 generation ended 0.0
2016-12-16 20:04:49,425 - SIMU: SimulationFollowLightGen - applyVariation() : NEW RANDOM GENOME
2016-12-16 20:04:59,849 - SIMU: 18 generation ended 0.0
2016-12-16 20:05:09,305 - SIMU: 19 generation ended 0.306621540163
2016-12-16 20:05:19,303 - SIMU: 20 generation ended 0.0
2016-12-16 20:05:28,658 - SIMU: 21 generation ended 0.0
2016-12-16 20:05:38,447 - SIMU: 22 generation ended 0.0
2016-12-16 20:05:48,079 - SIMU: 23 generation ended 0.0
2016-12-16 20:05:59,011 - SIMU: 24 generation ended 0.125724139358
2016-12-16 20:06:08,736 - SIMU: 25 generation ended 0.592526883095
2016-12-16 20:06:18,201 - SIMU: 26 generation ended 0.676001678213
2016-12-16 20:06:28,000 - SIMU: 27 generation ended 0.0
2016-12-16 20:06:28,004 - SIMU: SimulationFollowLightGen - applyVariation() : NEW RANDOM GENOME
2016-12-16 20:06:37,825 - SIMU: 28 generation ended 0.00148671298417
2016-12-16 20:06:47,808 - SIMU: 29 generation ended 0.0
2016-12-16 20:06:57,564 - SIMU: 30 generation ended 0.0674751208464
2016-12-16 20:07:07,415 - SIMU: 31 generation ended 0.523766647469
2016-12-16 20:07:17,252 - SIMU: 32 generation ended 0.26838232665
2016-12-16 20:07:17,257 - SIMU: SimulationFollowLightGen - applyVariation() : NEW RANDOM GENOME
2016-12-16 20:07:27,375 - SIMU: 33 generation ended 0.0
2016-12-16 20:07:38,562 - SIMU: 34 generation ended 0.466641584508
2016-12-16 20:07:48,244 - SIMU: 35 generation ended 0.461952879494
2016-12-16 20:07:58,881 - SIMU: 36 generation ended 0.335116247465
2016-12-16 20:08:09,149 - SIMU: 37 generation ended 0.00357164222791
2016-12-16 20:08:18,675 - SIMU: 38 generation ended 0.0966638724148
2016-12-16 20:08:29,316 - SIMU: 39 generation ended 0.00118989493169
2016-12-16 20:08:39,827 - SIMU: 40 generation ended 0.0645941055639
2016-12-16 20:08:49,773 - SIMU: 41 generation ended 0.351737388317
2016-12-16 20:09:00,498 - SIMU: 42 generation ended 0.0756896022458
2016-12-16 20:09:10,317 - SIMU: 43 generation ended 0.00099856391821
2016-12-16 20:09:20,336 - SIMU: 44 generation ended 0.0235640911472
2016-12-16 20:09:30,429 - SIMU: 45 generation ended 0.0249615931915
2016-12-16 20:09:41,061 - SIMU: 46 generation ended 0.00195709996139
2016-12-16 20:09:51,891 - SIMU: 47 generation ended 0.00121134816739
2016-12-16 20:10:02,023 - SIMU: 48 generation ended 0.774665064342
2016-12-16 20:10:12,360 - SIMU: 49 generation ended 0.0110941213467
2016-12-16 20:10:22,571 - SIMU: 50 generation ended 0.643809515381
2016-12-16 20:10:33,232 - SIMU: 51 generation ended 0.245365494162
2016-12-16 20:10:43,842 - SIMU: 52 generation ended 0.0895954586964
2016-12-16 20:10:54,629 - SIMU: 53 generation ended 0.509388801594
2016-12-16 20:11:05,482 - SIMU: 54 generation ended 0.697706737374
2016-12-16 20:11:16,152 - SIMU: 55 generation ended 0.149743718448
2016-12-16 20:11:27,108 - SIMU: 56 generation ended 0.703283243959
2016-12-16 20:11:37,339 - SIMU: 57 generation ended 0.623931307621
2016-12-16 20:11:46,748 - SIMU: 58 generation ended 0.647337897797
2016-12-16 20:11:57,231 - SIMU: 59 generation ended 0.423769790993
2016-12-16 20:12:07,520 - SIMU: 60 generation ended 0.409491475189
2016-12-16 20:12:17,774 - SIMU: 61 generation ended 0.758508335939
2016-12-16 20:12:28,244 - SIMU: 62 generation ended 0.000106285526494
2016-12-16 20:12:37,584 - SIMU: 63 generation ended 0.525763701796
2016-12-16 20:12:48,126 - SIMU: 64 generation ended 0.0255082879184
2016-12-16 20:12:58,461 - SIMU: 65 generation ended 0.13648864735
2016-12-16 20:13:09,048 - SIMU: 66 generation ended 0.226166221646
2016-12-16 20:13:18,581 - SIMU: 67 generation ended 0.657831904427
2016-12-16 20:13:28,709 - SIMU: 68 generation ended 0.713750289004
2016-12-16 20:13:38,949 - SIMU: 69 generation ended 0.473743878707
2016-12-16 20:13:49,446 - SIMU: 70 generation ended 0.497233776449
2016-12-16 20:13:59,630 - SIMU: 71 generation ended 0.866495687516
2016-12-16 20:14:10,057 - SIMU: 72 generation ended 0.811880037264
2016-12-16 20:14:20,333 - SIMU: 73 generation ended 0.865034910909
2016-12-16 20:14:29,868 - SIMU: 74 generation ended 0.279376655147
2016-12-16 20:14:39,969 - SIMU: 75 generation ended 0.25126576567
2016-12-16 20:14:50,183 - SIMU: 76 generation ended 0.516552844455
2016-12-16 20:15:00,073 - SIMU: 77 generation ended 0.789395564152
2016-12-16 20:15:09,926 - SIMU: 78 generation ended 0.401534636795
2016-12-16 20:15:20,708 - SIMU: 79 generation ended 0.196545264534
2016-12-16 20:15:31,215 - SIMU: 80 generation ended 0.448057724894
2016-12-16 20:15:41,168 - SIMU: 81 generation ended 0.294322740545
2016-12-16 20:15:51,135 - SIMU: 82 generation ended 0.824111289173
2016-12-16 20:16:02,732 - SIMU: 83 generation ended 0.112167262478
2016-12-16 20:16:13,418 - SIMU: 84 generation ended 0.283941688979
2016-12-16 20:16:23,755 - SIMU: 85 generation ended 0.486017280601
2016-12-16 20:16:32,916 - SIMU: 86 generation ended 0.349441210924
2016-12-16 20:16:44,057 - SIMU: 87 generation ended 0.324437559275
2016-12-16 20:16:54,400 - SIMU: 88 generation ended 0.289408559255
2016-12-16 20:17:04,132 - SIMU: 89 generation ended 0.349722106797
2016-12-16 20:17:14,920 - SIMU: 90 generation ended 0.876604165479
2016-12-16 20:17:25,353 - SIMU: 91 generation ended 0.773863617205
2016-12-16 20:17:36,347 - SIMU: 92 generation ended 0.860692784666
2016-12-16 20:17:46,272 - SIMU: 93 generation ended 0.442847261711
2016-12-16 20:17:55,999 - SIMU: 94 generation ended 0.46343037204
2016-12-16 20:18:05,993 - SIMU: 95 generation ended 0.497361844481
2016-12-16 20:18:16,058 - SIMU: 96 generation ended 0.299932151655
2016-12-16 20:18:26,184 - SIMU: 97 generation ended 0.329931366966
2016-12-16 20:18:36,249 - SIMU: 98 generation ended 0.622643847447
2016-12-16 20:18:46,579 - SIMU: 99 generation ended 0.573113668743
2016-12-16 20:18:57,470 - SIMU: 100 generation ended 0.397214581499
2016-12-16 20:18:57,599 - SIMU: -------------------
2016-12-16 20:18:57,602 - SIMU: End :
2016-12-16 20:18:57,603 - SIMU: fitness_champion 0.397214581499
2016-12-16 20:18:57,605 - SIMU: champion [-1.3151086860455983, -0.8755560932330116, -0.6452471715572624, -1.3260123093750456, -0.1196864803421809, 0.5534213591972621, 0.4900084534018024, -1.451851227832174, 1.531840446488677, -0.4730897376845621, -0.2408781380390072, 0.05250642147346885, -0.7802118018754727, -1.144114096204832, 0.5958791848761894, 0.15259432348543395, 0.9203425991024023, 2.069853580184313]
2016-12-16 20:18:57,606 - SIMU: ======================================
2016-12-16 20:20:44,958 - ERROR: MainController - Request for simulation stop while no simulation started.
2016-12-16 20:20:47,274 - ERROR: MainController - Request for simulation stop while no simulation started.
ROBOT 9
2016-12-16 20:01:45,656 - DEBUG: MainController - Running.
2016-12-16 20:01:45,657 - DEBUG: CommandsListener - Waiting on accept...
2016-12-16 20:01:52,774 - DEBUG: CommandsListener - Received command from (192.168.0.210, 48190)
2016-12-16 20:01:52,775 - DEBUG: CommandsListener - Receiving command...
2016-12-16 20:01:52,777 - DEBUG: CommandsListener - Received <Utils.Message instance at 0x7640b710>
2016-12-16 20:01:52,778 - DEBUG: CommandsListener - Transmitting command 5 to controller.
2016-12-16 20:01:52,779 - DEBUG: MainController - Command 5 received.
2016-12-16 20:01:52,779 - DEBUG: CommandsListener - Waiting on accept...
2016-12-16 20:01:52,823 - DEBUG: MainController - Treating command : 5
2016-12-16 20:01:52,824 - DEBUG: MainController - Setting simulation...
2016-12-16 20:01:58,744 - DEBUG: CommandsListener - Received command from (192.168.0.210, 48199)
2016-12-16 20:01:58,745 - DEBUG: CommandsListener - Receiving command...
2016-12-16 20:01:58,747 - DEBUG: CommandsListener - Received <Utils.Message instance at 0x7640d940>
2016-12-16 20:01:58,748 - DEBUG: CommandsListener - Transmitting command 0 to controller.
2016-12-16 20:01:58,748 - DEBUG: MainController - Command 0 received.
2016-12-16 20:01:58,749 - DEBUG: CommandsListener - Waiting on accept...
2016-12-16 20:01:58,791 - DEBUG: MainController - Treating command : 0
2016-12-16 20:01:58,792 - DEBUG: MainController - Loading simulation...
2016-12-16 20:01:58,792 - DEBUG: Params - Parsing configuration file.
2016-12-16 20:01:59,494 - CRITICAL: dbus.Array([dbus.String(u'thymio-II')], signature=dbus.Signature('s'))
2016-12-16 20:02:02,008 - SIMU: ======================================
2016-12-16 20:02:02,009 - SIMU: ====== SimulationFollowLightGenBis ======
2016-12-16 20:02:02,010 - SIMU: ======================================
2016-12-16 20:02:02,011 - SIMU: -------------------
2016-12-16 20:02:02,011 - SIMU: Parameters :
2016-12-16 20:02:02,012 - SIMU: duration 6000
2016-12-16 20:02:02,013 - SIMU: lifetime 60
2016-12-16 20:02:02,013 - SIMU: sleep 0.1
2016-12-16 20:02:02,014 - SIMU: windowSize 20
2016-12-16 20:02:02,015 - SIMU: probabilities pcopy pgauss prandom 0.4 0.4 0.2
2016-12-16 20:02:02,015 - SIMU: sigma 0.1
2016-12-16 20:02:02,016 - SIMU: -------------------
2016-12-16 20:02:02,016 - SIMU: Start :
2016-12-16 20:02:12,465 - SIMU: 0 generation ended 0.0
2016-12-16 20:02:23,161 - SIMU: 1 generation ended 0.356613173846
2016-12-16 20:02:33,340 - SIMU: 2 generation ended 0.331716195622
2016-12-16 20:02:43,579 - SIMU: 3 generation ended 0.287450712988
2016-12-16 20:02:53,877 - SIMU: 4 generation ended 0.0
2016-12-16 20:02:53,883 - SIMU: SimulationFollowLightGen - applyVariation() : NEW RANDOM GENOME
2016-12-16 20:03:03,934 - SIMU: 5 generation ended 0.0
2016-12-16 20:03:13,644 - SIMU: 6 generation ended 0.0517937959433
2016-12-16 20:03:13,650 - SIMU: SimulationFollowLightGen - applyVariation() : NEW RANDOM GENOME
2016-12-16 20:03:23,610 - SIMU: 7 generation ended 0.0400156111244
2016-12-16 20:03:32,957 - SIMU: 8 generation ended 0.0
2016-12-16 20:03:43,327 - SIMU: 9 generation ended 0.0238242654301
2016-12-16 20:03:54,634 - SIMU: 10 generation ended 0.0340191173641
2016-12-16 20:03:54,643 - SIMU: SimulationFollowLightGen - applyVariation() : NEW RANDOM GENOME
2016-12-16 20:04:06,100 - SIMU: 11 generation ended 0.00479054989457
2016-12-16 20:04:16,262 - SIMU: 12 generation ended 0.00378801790699
2016-12-16 20:04:27,530 - SIMU: 13 generation ended 0.0
2016-12-16 20:04:38,585 - SIMU: 14 generation ended 0.00472540165662
2016-12-16 20:04:49,428 - SIMU: 15 generation ended 0.00899055901764
2016-12-16 20:04:59,455 - SIMU: 16 generation ended 0.00465467716517
2016-12-16 20:05:08,894 - SIMU: 17 generation ended 0.0108001769288
2016-12-16 20:05:19,156 - SIMU: 18 generation ended 0.0
2016-12-16 20:05:19,235 - SIMU: SimulationFollowLightGen - applyVariation() : NEW RANDOM GENOME
2016-12-16 20:05:28,982 - SIMU: 19 generation ended 0.0
2016-12-16 20:05:38,719 - SIMU: 20 generation ended 0.0145730965045
2016-12-16 20:05:48,279 - SIMU: 21 generation ended 0.0
2016-12-16 20:05:57,816 - SIMU: 22 generation ended 0.0
2016-12-16 20:05:57,884 - SIMU: SimulationFollowLightGen - applyVariation() : NEW RANDOM GENOME
2016-12-16 20:06:07,799 - SIMU: 23 generation ended 0.0
2016-12-16 20:06:07,804 - SIMU: SimulationFollowLightGen - applyVariation() : NEW RANDOM GENOME
2016-12-16 20:06:18,540 - SIMU: 24 generation ended 0.0194864395493
2016-12-16 20:06:28,238 - SIMU: 25 generation ended 0.0
2016-12-16 20:06:37,793 - SIMU: 26 generation ended 0.0
2016-12-16 20:06:47,591 - SIMU: 27 generation ended 0.0
2016-12-16 20:06:47,596 - SIMU: SimulationFollowLightGen - applyVariation() : NEW RANDOM GENOME
2016-12-16 20:06:57,445 - SIMU: 28 generation ended 0.0
2016-12-16 20:06:57,452 - SIMU: SimulationFollowLightGen - applyVariation() : NEW RANDOM GENOME
2016-12-16 20:07:07,241 - SIMU: 29 generation ended 0.00416474072868
2016-12-16 20:07:17,198 - SIMU: 30 generation ended 0.140546448012
2016-12-16 20:07:26,860 - SIMU: 31 generation ended 0.0949746361855
2016-12-16 20:07:36,813 - SIMU: 32 generation ended 0.186254036359
2016-12-16 20:07:36,818 - SIMU: SimulationFollowLightGen - applyVariation() : NEW RANDOM GENOME
2016-12-16 20:07:46,965 - SIMU: 33 generation ended 0.0114942842479
2016-12-16 20:07:46,976 - SIMU: SimulationFollowLightGen - applyVariation() : NEW RANDOM GENOME
2016-12-16 20:07:57,972 - SIMU: 34 generation ended 0.0
2016-12-16 20:08:07,758 - SIMU: 35 generation ended 0.0
2016-12-16 20:08:18,335 - SIMU: 36 generation ended 0.00168445750933
2016-12-16 20:08:28,579 - SIMU: 37 generation ended 0.000709808925824
2016-12-16 20:08:28,645 - SIMU: SimulationFollowLightGen - applyVariation() : NEW RANDOM GENOME
2016-12-16 20:08:38,147 - SIMU: 38 generation ended 0.0
2016-12-16 20:08:38,166 - SIMU: SimulationFollowLightGen - applyVariation() : NEW RANDOM GENOME
2016-12-16 20:08:48,650 - SIMU: 39 generation ended 0.00226973215089
2016-12-16 20:08:59,496 - SIMU: 40 generation ended 0.0
2016-12-16 20:09:09,511 - SIMU: 41 generation ended 0.00464564436426
2016-12-16 20:09:09,518 - SIMU: SimulationFollowLightGen - applyVariation() : NEW RANDOM GENOME
2016-12-16 20:09:20,209 - SIMU: 42 generation ended 0.0272721426998
2016-12-16 20:09:29,744 - SIMU: 43 generation ended 0.150847584466
2016-12-16 20:09:39,905 - SIMU: 44 generation ended 0.780231501667
2016-12-16 20:09:49,959 - SIMU: 45 generation ended 0.00554784965842
2016-12-16 20:10:00,561 - SIMU: 46 generation ended 0.0
2016-12-16 20:10:11,315 - SIMU: 47 generation ended 0.0
2016-12-16 20:10:21,555 - SIMU: 48 generation ended 0.0226737659329
2016-12-16 20:10:31,929 - SIMU: 49 generation ended 0.0
2016-12-16 20:10:42,030 - SIMU: 50 generation ended 0.696754027195
2016-12-16 20:10:52,628 - SIMU: 51 generation ended 0.164634581136
2016-12-16 20:11:03,329 - SIMU: 52 generation ended 0.33467509515
2016-12-16 20:11:14,253 - SIMU: 53 generation ended 0.761337179296
2016-12-16 20:11:24,956 - SIMU: 54 generation ended 0.660702889168
2016-12-16 20:11:35,666 - SIMU: 55 generation ended 0.322083461439
2016-12-16 20:11:46,659 - SIMU: 56 generation ended 0.0170223234501
2016-12-16 20:11:56,722 - SIMU: 57 generation ended 0.759167232511
2016-12-16 20:12:06,413 - SIMU: 58 generation ended 0.779871557885
2016-12-16 20:12:16,703 - SIMU: 59 generation ended 0.0
2016-12-16 20:12:27,317 - SIMU: 60 generation ended 0.526577846807
2016-12-16 20:12:37,276 - SIMU: 61 generation ended 0.0138391526245
2016-12-16 20:12:47,751 - SIMU: 62 generation ended 0.578000797554
2016-12-16 20:12:57,171 - SIMU: 63 generation ended 0.642473988416
2016-12-16 20:13:07,551 - SIMU: 64 generation ended 0.785211825866
2016-12-16 20:13:18,067 - SIMU: 65 generation ended 0.784232529707
2016-12-16 20:13:28,401 - SIMU: 66 generation ended 0.0463220855594
2016-12-16 20:13:38,067 - SIMU: 67 generation ended 0.627256097671
2016-12-16 20:13:48,229 - SIMU: 68 generation ended 0.804936385263
2016-12-16 20:13:58,476 - SIMU: 69 generation ended 0.113289601017
2016-12-16 20:14:08,926 - SIMU: 70 generation ended 0.00972887831875
2016-12-16 20:14:19,102 - SIMU: 71 generation ended 0.0895584312375
2016-12-16 20:14:29,391 - SIMU: 72 generation ended 0.00596437420488
2016-12-16 20:14:39,730 - SIMU: 73 generation ended 0.0313694844079
2016-12-16 20:14:49,423 - SIMU: 74 generation ended 0.00632048888096
2016-12-16 20:14:59,488 - SIMU: 75 generation ended 0.00985639799341
2016-12-16 20:15:09,835 - SIMU: 76 generation ended 0.0
2016-12-16 20:15:19,505 - SIMU: 77 generation ended 0.663408734544
2016-12-16 20:15:29,536 - SIMU: 78 generation ended 0.00172720059104
2016-12-16 20:15:40,213 - SIMU: 79 generation ended 0.00415164384233
2016-12-16 20:15:50,567 - SIMU: 80 generation ended 0.59285086138
2016-12-16 20:16:00,694 - SIMU: 81 generation ended 0.00955335847135
2016-12-16 20:16:10,672 - SIMU: 82 generation ended 0.356626113753
2016-12-16 20:16:22,060 - SIMU: 83 generation ended 0.180982646836
2016-12-16 20:16:32,722 - SIMU: 84 generation ended 0.0902768260132
2016-12-16 20:16:43,284 - SIMU: 85 generation ended 0.00265264870459
2016-12-16 20:16:52,623 - SIMU: 86 generation ended 0.862498935896
2016-12-16 20:17:03,606 - SIMU: 87 generation ended 0.485875691904
2016-12-16 20:17:13,814 - SIMU: 88 generation ended 0.0224163700154
2016-12-16 20:17:23,630 - SIMU: 89 generation ended 0.597059511507
2016-12-16 20:17:34,361 - SIMU: 90 generation ended 0.549695531503
2016-12-16 20:17:45,022 - SIMU: 91 generation ended 0.0322366439458
2016-12-16 20:17:56,009 - SIMU: 92 generation ended 0.0118600949478
2016-12-16 20:18:05,740 - SIMU: 93 generation ended 0.411996404705
2016-12-16 20:18:15,467 - SIMU: 94 generation ended 0.640282043929
2016-12-16 20:18:25,564 - SIMU: 95 generation ended 0.0460854046383
2016-12-16 20:18:35,604 - SIMU: 96 generation ended 0.659341080788
2016-12-16 20:18:45,743 - SIMU: 97 generation ended 0.63364124315
2016-12-16 20:18:55,940 - SIMU: 98 generation ended 0.801155409244
2016-12-16 20:19:06,163 - SIMU: 99 generation ended 0.391406489609
2016-12-16 20:19:16,765 - SIMU: 100 generation ended 0.00422015939962
2016-12-16 20:19:16,871 - SIMU: -------------------
2016-12-16 20:19:16,873 - SIMU: End :
2016-12-16 20:19:16,874 - SIMU: fitness_champion 0.00422015939962
2016-12-16 20:19:16,877 - SIMU: champion [-1.5220917776962604, -0.9424606196865789, -0.4724699974224274, -1.268219814081989, -0.27242863392273464, 0.7391894980506009, 0.6259368125285719, -1.4247280509506604, 1.9026483486319945, -0.41664932668178906, -0.2748394236326181, -0.013247607672001196, -0.980881989256738, -1.3700522671128428, 0.6093967663525098, 0.20738199979903235, 0.872599669895436, 2.1829279306075984]
2016-12-16 20:19:16,878 - SIMU: ======================================
2016-12-16 20:21:04,471 - ERROR: MainController - Request for simulation stop while no simulation started.
2016-12-16 20:21:06,837 - ERROR: MainController - Request for simulation stop while no simulation started.
ROBOT 11
2016-12-16 19:01:36,811 - DEBUG: MainController - Running.
2016-12-16 19:01:36,812 - DEBUG: CommandsListener - Waiting on accept...
2016-12-16 19:01:43,735 - DEBUG: CommandsListener - Received command from (192.168.0.210, 35621)
2016-12-16 19:01:43,736 - DEBUG: CommandsListener - Receiving command...
2016-12-16 19:01:43,738 - DEBUG: CommandsListener - Received <Utils.Message instance at 0x7641c710>
2016-12-16 19:01:43,739 - DEBUG: CommandsListener - Transmitting command 5 to controller.
2016-12-16 19:01:43,740 - DEBUG: MainController - Command 5 received.
2016-12-16 19:01:43,740 - DEBUG: CommandsListener - Waiting on accept...
2016-12-16 19:01:43,779 - DEBUG: MainController - Treating command : 5
2016-12-16 19:01:43,780 - DEBUG: MainController - Setting simulation...
2016-12-16 19:01:49,708 - DEBUG: CommandsListener - Received command from (192.168.0.210, 35630)
2016-12-16 19:01:49,709 - DEBUG: CommandsListener - Receiving command...
2016-12-16 19:01:49,710 - DEBUG: CommandsListener - Received <Utils.Message instance at 0x7641e648>
2016-12-16 19:01:49,710 - DEBUG: CommandsListener - Transmitting command 0 to controller.
2016-12-16 19:01:49,711 - DEBUG: MainController - Command 0 received.
2016-12-16 19:01:49,712 - DEBUG: CommandsListener - Waiting on accept...
2016-12-16 19:01:49,747 - DEBUG: MainController - Treating command : 0
2016-12-16 19:01:49,748 - DEBUG: MainController - Loading simulation...
2016-12-16 19:01:49,748 - DEBUG: Params - Parsing configuration file.
2016-12-16 19:01:50,459 - CRITICAL: dbus.Array([dbus.String(u'thymio-II')], signature=dbus.Signature('s'))
2016-12-16 19:01:50,460 - DEBUG: ThymioController - Running.
2016-12-16 19:01:52,881 - SIMU: ======================================
2016-12-16 19:01:52,883 - SIMU: ====== SimulationFollowLightGenBis ======
2016-12-16 19:01:52,883 - SIMU: ======================================
2016-12-16 19:01:52,884 - SIMU: -------------------
2016-12-16 19:01:52,885 - SIMU: Parameters :
2016-12-16 19:01:52,885 - SIMU: duration 6000
2016-12-16 19:01:52,886 - SIMU: lifetime 60
2016-12-16 19:01:52,887 - SIMU: sleep 0.1
2016-12-16 19:01:52,887 - SIMU: windowSize 20
2016-12-16 19:01:52,888 - SIMU: probabilities pcopy pgauss prandom 0.4 0.4 0.2
2016-12-16 19:01:52,889 - SIMU: sigma 0.1
2016-12-16 19:01:52,889 - SIMU: -------------------
2016-12-16 19:01:52,890 - SIMU: Start :
2016-12-16 19:02:03,276 - SIMU: 0 generation ended 0.0239866326565
2016-12-16 19:02:03,325 - SIMU: SimulationFollowLightGen - applyVariation() : NEW RANDOM GENOME
2016-12-16 19:02:14,146 - SIMU: 1 generation ended 0.0
2016-12-16 19:02:14,173 - SIMU: SimulationFollowLightGen - applyVariation() : NEW RANDOM GENOME
2016-12-16 19:02:24,351 - SIMU: 2 generation ended 0.0
2016-12-16 19:02:24,358 - SIMU: SimulationFollowLightGen - applyVariation() : NEW RANDOM GENOME
2016-12-16 19:02:34,692 - SIMU: 3 generation ended 0.141038575748
2016-12-16 19:02:45,033 - SIMU: 4 generation ended 0.0261847793092
2016-12-16 19:02:54,764 - SIMU: 5 generation ended 0.0169282999345
2016-12-16 19:03:04,594 - SIMU: 6 generation ended 0.0266830584989
2016-12-16 19:03:14,485 - SIMU: 7 generation ended 0.035592269072
2016-12-16 19:03:14,493 - SIMU: SimulationFollowLightGen - applyVariation() : NEW RANDOM GENOME
2016-12-16 19:03:23,835 - SIMU: 8 generation ended 0.000677931664446
2016-12-16 19:03:34,382 - SIMU: 9 generation ended 0.345973332948
2016-12-16 19:03:34,387 - SIMU: SimulationFollowLightGen - applyVariation() : NEW RANDOM GENOME
2016-12-16 19:03:45,689 - SIMU: 10 generation ended 0.127647827623
2016-12-16 19:03:56,865 - SIMU: 11 generation ended 0.539400547487
2016-12-16 19:04:07,111 - SIMU: 12 generation ended 0.0242031197121
2016-12-16 19:04:18,451 - SIMU: 13 generation ended 0.0335360984154
2016-12-16 19:04:29,446 - SIMU: 14 generation ended 0.0178099284582
2016-12-16 19:04:40,153 - SIMU: 15 generation ended 0.0412799309983
2016-12-16 19:04:50,534 - SIMU: 16 generation ended 0.0246082242265
2016-12-16 19:04:50,605 - SIMU: SimulationFollowLightGen - applyVariation() : NEW RANDOM GENOME
2016-12-16 19:04:59,934 - SIMU: 17 generation ended 0.039121531172
2016-12-16 19:05:10,071 - SIMU: 18 generation ended 0.152301030567
2016-12-16 19:05:19,874 - SIMU: 19 generation ended 0.0627395266712
2016-12-16 19:05:29,790 - SIMU: 20 generation ended 0.021270419197
2016-12-16 19:05:39,229 - SIMU: 21 generation ended 0.0196418056585
2016-12-16 19:05:48,727 - SIMU: 22 generation ended 0.023817996889
2016-12-16 19:05:58,777 - SIMU: 23 generation ended 0.0123499251911
2016-12-16 19:05:58,784 - SIMU: SimulationFollowLightGen - applyVariation() : NEW RANDOM GENOME
2016-12-16 19:06:09,494 - SIMU: 24 generation ended 0.0
2016-12-16 19:06:19,244 - SIMU: 25 generation ended 0.0539185605294
2016-12-16 19:06:28,629 - SIMU: 26 generation ended 0.0557382520995
2016-12-16 19:06:38,479 - SIMU: 27 generation ended 0.0525988490256
2016-12-16 19:06:48,179 - SIMU: 28 generation ended 0.317126500686
2016-12-16 19:06:48,192 - SIMU: SimulationFollowLightGen - applyVariation() : NEW RANDOM GENOME
2016-12-16 19:06:58,172 - SIMU: 29 generation ended 0.0
2016-12-16 19:07:08,340 - SIMU: 30 generation ended 0.234676320834
2016-12-16 19:07:17,862 - SIMU: 31 generation ended 0.428717802675
2016-12-16 19:07:27,723 - SIMU: 32 generation ended 0.347198838821
2016-12-16 19:07:37,983 - SIMU: 33 generation ended 0.581522574721
2016-12-16 19:07:48,830 - SIMU: 34 generation ended 0.00969059012609
2016-12-16 19:07:48,838 - SIMU: SimulationFollowLightGen - applyVariation() : NEW RANDOM GENOME
2016-12-16 19:07:58,735 - SIMU: 35 generation ended 0.0388547136583
2016-12-16 19:07:58,740 - SIMU: SimulationFollowLightGen - applyVariation() : NEW RANDOM GENOME
2016-12-16 19:08:09,396 - SIMU: 36 generation ended 0.0105141045665
2016-12-16 19:08:19,525 - SIMU: 37 generation ended 0.136339085964
2016-12-16 19:08:29,057 - SIMU: 38 generation ended 0.034177398603
2016-12-16 19:08:29,061 - SIMU: SimulationFollowLightGen - applyVariation() : NEW RANDOM GENOME
2016-12-16 19:08:39,586 - SIMU: 39 generation ended 0.0
2016-12-16 19:08:50,250 - SIMU: 40 generation ended 0.00100194518786
2016-12-16 19:08:50,262 - SIMU: SimulationFollowLightGen - applyVariation() : NEW RANDOM GENOME
2016-12-16 19:09:00,079 - SIMU: 41 generation ended 0.0
2016-12-16 19:09:10,976 - SIMU: 42 generation ended 0.0558844573599
2016-12-16 19:09:20,626 - SIMU: 43 generation ended 0.301470728649
2016-12-16 19:09:20,634 - SIMU: SimulationFollowLightGen - applyVariation() : NEW RANDOM GENOME
2016-12-16 19:09:30,694 - SIMU: 44 generation ended 0.0
2016-12-16 19:09:40,942 - SIMU: 45 generation ended 0.0204538759868
2016-12-16 19:09:51,550 - SIMU: 46 generation ended 0.00732882438472
2016-12-16 19:10:02,442 - SIMU: 47 generation ended 0.3683668868
2016-12-16 19:10:12,584 - SIMU: 48 generation ended 0.500249176784
2016-12-16 19:10:22,846 - SIMU: 49 generation ended 0.0160554989123
2016-12-16 19:10:33,055 - SIMU: 50 generation ended 0.110860589956
2016-12-16 19:10:43,721 - SIMU: 51 generation ended 0.253375388575
2016-12-16 19:10:54,346 - SIMU: 52 generation ended 0.399783880602
2016-12-16 19:11:05,091 - SIMU: 53 generation ended 0.301584038792
2016-12-16 19:11:15,928 - SIMU: 54 generation ended 0.662776015808
2016-12-16 19:11:26,613 - SIMU: 55 generation ended 0.688998305151
2016-12-16 19:11:37,489 - SIMU: 56 generation ended 0.419792320918
2016-12-16 19:11:47,696 - SIMU: 57 generation ended 0.686841795804
2016-12-16 19:11:57,441 - SIMU: 58 generation ended 0.0630169297639
2016-12-16 19:12:07,776 - SIMU: 59 generation ended 0.689134099562
2016-12-16 19:12:18,105 - SIMU: 60 generation ended 0.00100562967217
2016-12-16 19:12:28,163 - SIMU: 61 generation ended 0.0776222725403
2016-12-16 19:12:38,795 - SIMU: 62 generation ended 0.315054021007
2016-12-16 19:12:48,024 - SIMU: 63 generation ended 0.537768169272
2016-12-16 19:12:58,649 - SIMU: 64 generation ended 0.129708769613
2016-12-16 19:13:09,137 - SIMU: 65 generation ended 0.749732128835
2016-12-16 19:13:19,405 - SIMU: 66 generation ended 0.52635222219
2016-12-16 19:13:29,068 - SIMU: 67 generation ended 0.0874433795924
2016-12-16 19:13:39,219 - SIMU: 68 generation ended 0.675747718661
2016-12-16 19:13:49,357 - SIMU: 69 generation ended 0.0425781876482
2016-12-16 19:13:59,943 - SIMU: 70 generation ended 0.528976143017
2016-12-16 19:14:10,100 - SIMU: 71 generation ended 0.712700991103
2016-12-16 19:14:20,443 - SIMU: 72 generation ended 0.368378096192
2016-12-16 19:14:30,701 - SIMU: 73 generation ended 0.578985364608
2016-12-16 19:14:40,410 - SIMU: 74 generation ended 0.556929024127
2016-12-16 19:14:50,588 - SIMU: 75 generation ended 0.554736084672
2016-12-16 19:15:00,714 - SIMU: 76 generation ended 0.271629161186
2016-12-16 19:15:10,508 - SIMU: 77 generation ended 0.713482677969
2016-12-16 19:15:20,371 - SIMU: 78 generation ended 0.543970653111
2016-12-16 19:15:31,132 - SIMU: 79 generation ended 0.852471256824
2016-12-16 19:15:41,482 - SIMU: 80 generation ended 0.574916522006
2016-12-16 19:15:51,624 - SIMU: 81 generation ended 0.259647376395
2016-12-16 19:16:01,630 - SIMU: 82 generation ended 0.176749162711
2016-12-16 19:16:12,906 - SIMU: 83 generation ended 0.211991341893
2016-12-16 19:16:23,719 - SIMU: 84 generation ended 0.181416129846
2016-12-16 19:16:34,197 - SIMU: 85 generation ended 0.312355096531
2016-12-16 19:16:43,620 - SIMU: 86 generation ended 0.0167545016271
2016-12-16 19:16:54,585 - SIMU: 87 generation ended 0.456938165462
2016-12-16 19:17:04,824 - SIMU: 88 generation ended 0.52555447233
2016-12-16 19:17:14,593 - SIMU: 89 generation ended 0.302045217783
2016-12-16 19:17:25,217 - SIMU: 90 generation ended 0.264992907318
2016-12-16 19:17:35,937 - SIMU: 91 generation ended 0.575825007353
2016-12-16 19:17:46,766 - SIMU: 92 generation ended 0.72036689898
2016-12-16 19:17:56,674 - SIMU: 93 generation ended 0.506872067512
2016-12-16 19:18:06,682 - SIMU: 94 generation ended 0.527554320895
2016-12-16 19:18:16,675 - SIMU: 95 generation ended 0.263271691279
2016-12-16 19:18:26,609 - SIMU: 96 generation ended 0.683170017778
2016-12-16 19:18:36,537 - SIMU: 97 generation ended 0.370502243186
2016-12-16 19:18:46,837 - SIMU: 98 generation ended 0.919753555093
2016-12-16 19:18:57,077 - SIMU: 99 generation ended 0.538402030741
2016-12-16 19:19:07,816 - SIMU: 100 generation ended 0.394717374321
2016-12-16 19:19:07,948 - SIMU: -------------------
2016-12-16 19:19:07,949 - SIMU: End :
2016-12-16 19:19:07,949 - SIMU: fitness_champion 0.394717374321
2016-12-16 19:19:07,949 - SIMU: champion [-1.3704423983767176, -0.9963255327846456, -0.9011497083933437, -1.4774346841831694, -0.22982100591054688, 0.42741322081412436, 0.47698537685557824, -1.5598238459863132, 1.743865192451595, -0.4388782291636312, -0.23507573454569375, 0.07964008519588209, -0.6899015340299316, -1.243076662713507, 0.5856367925282286, 0.25905023117030695, 0.8517229030941098, 2.019388528610623]
2016-12-16 19:19:07,950 - SIMU: ======================================
2016-12-16 19:20:55,462 - ERROR: MainController - Request for simulation stop while no simulation started.
2016-12-16 19:20:57,777 - ERROR: MainController - Request for simulation stop while no simulation started.
