ROBOT 2
2016-12-17 00:55:05,327 - SIMU: ======================================
2016-12-17 00:55:05,328 - SIMU: ====== SimulationFollowLightGenBis ======
2016-12-17 00:55:05,329 - SIMU: ======================================
2016-12-17 00:55:05,330 - SIMU: -------------------
2016-12-17 00:55:05,332 - SIMU: Parameters :
2016-12-17 00:55:05,333 - SIMU: duration 3000
2016-12-17 00:55:05,334 - SIMU: lifetime 60
2016-12-17 00:55:05,336 - SIMU: sleep 0.1
2016-12-17 00:55:05,337 - SIMU: windowSize 20
2016-12-17 00:55:05,338 - SIMU: probabilities pcopy pgauss prandom 0.4 0.4 0.2
2016-12-17 00:55:05,340 - SIMU: sigma 0.1
2016-12-17 00:55:05,341 - SIMU: -------------------
2016-12-17 00:55:05,342 - SIMU: Start :
2016-12-17 00:55:17,070 - SIMU: 1 generation ended 0.873649999998
2016-12-17 00:55:26,545 - SIMU: 2 generation ended 0.121860341437
2016-12-17 00:55:36,592 - SIMU: 3 generation ended 0.279501941486
2016-12-17 00:55:46,827 - SIMU: 4 generation ended 0.998903777207
2016-12-17 00:55:57,031 - SIMU: 5 generation ended 0.599370534584
2016-12-17 00:56:06,875 - SIMU: 6 generation ended 0.563308742732
2016-12-17 00:56:16,317 - SIMU: 7 generation ended 0.679596741251
2016-12-17 00:56:16,327 - SIMU: SimulationFollowLightGen - applyVariation() : NEW RANDOM GENOME
2016-12-17 00:56:26,406 - SIMU: 8 generation ended 0.0660788092544
2016-12-17 00:56:35,836 - SIMU: 9 generation ended 0.767831656709
2016-12-17 00:56:35,843 - SIMU: SimulationFollowLightGen - applyVariation() : NEW RANDOM GENOME
2016-12-17 00:56:45,461 - SIMU: 10 generation ended 0.00968938679816
2016-12-17 00:56:45,471 - SIMU: SimulationFollowLightGen - applyVariation() : NEW RANDOM GENOME
2016-12-17 00:56:54,424 - SIMU: 11 generation ended 0.0
2016-12-17 00:57:05,223 - SIMU: 12 generation ended 0.754227763702
2016-12-17 00:57:15,583 - SIMU: 13 generation ended 0.999701600563
2016-12-17 00:57:15,599 - SIMU: SimulationFollowLightGen - applyVariation() : NEW RANDOM GENOME
2016-12-17 00:57:25,548 - SIMU: 14 generation ended 0.0298465155373
2016-12-17 00:57:35,783 - SIMU: 15 generation ended 0.701418128235
2016-12-17 00:57:35,787 - SIMU: SimulationFollowLightGen - applyVariation() : NEW RANDOM GENOME
2016-12-17 00:57:45,547 - SIMU: 16 generation ended 0.107403156823
2016-12-17 00:57:55,919 - SIMU: 17 generation ended 0.787850357529
2016-12-17 00:58:05,188 - SIMU: 18 generation ended 0.621925204076
2016-12-17 00:58:05,194 - SIMU: SimulationFollowLightGen - applyVariation() : NEW RANDOM GENOME
2016-12-17 00:58:15,181 - SIMU: 19 generation ended 0.117278408266
2016-12-17 00:58:15,193 - SIMU: SimulationFollowLightGen - applyVariation() : NEW RANDOM GENOME
2016-12-17 00:58:24,936 - SIMU: 20 generation ended 0.0
2016-12-17 00:58:35,337 - SIMU: 21 generation ended 0.98099
2016-12-17 00:58:45,582 - SIMU: 22 generation ended 1.0
2016-12-17 00:58:55,962 - SIMU: 23 generation ended 0.608103778137
2016-12-17 00:59:06,407 - SIMU: 24 generation ended 0.882209999997
2016-12-17 00:59:16,498 - SIMU: 25 generation ended 0.893984853616
2016-12-17 00:59:26,746 - SIMU: 26 generation ended 0.896086849437
2016-12-17 00:59:37,297 - SIMU: 27 generation ended 0.727222617957
2016-12-17 00:59:47,167 - SIMU: 28 generation ended 0.581577539242
2016-12-17 00:59:57,163 - SIMU: 29 generation ended 0.600617617609
2016-12-17 01:00:06,373 - SIMU: 30 generation ended 0.0936377027378
2016-12-17 01:00:16,253 - SIMU: 31 generation ended 0.784089094774
2016-12-17 01:00:26,253 - SIMU: 32 generation ended 0.872810077257
2016-12-17 01:00:37,195 - SIMU: 33 generation ended 0.949150345919
2016-12-17 01:00:46,898 - SIMU: 34 generation ended 0.846849999651
2016-12-17 01:00:56,667 - SIMU: 35 generation ended 0.687838030267
2016-12-17 01:01:06,548 - SIMU: 36 generation ended 0.532810743508
2016-12-17 01:01:16,816 - SIMU: 37 generation ended 0.644780997223
2016-12-17 01:01:27,279 - SIMU: 38 generation ended 1.0
2016-12-17 01:01:37,319 - SIMU: 39 generation ended 0.553212927686
2016-12-17 01:01:47,058 - SIMU: 40 generation ended 0.887206884354
2016-12-17 01:01:57,140 - SIMU: 41 generation ended 0.806516301075
2016-12-17 01:02:07,610 - SIMU: 42 generation ended 0.628612068377
2016-12-17 01:02:17,297 - SIMU: 43 generation ended 0.575059999999
2016-12-17 01:02:27,474 - SIMU: 44 generation ended 0.0917420723073
2016-12-17 01:02:36,841 - SIMU: 45 generation ended 0.142440614208
2016-12-17 01:02:47,470 - SIMU: 46 generation ended 0.742376586612
2016-12-17 01:02:57,828 - SIMU: 47 generation ended 0.771360289664
2016-12-17 01:03:07,979 - SIMU: 48 generation ended 0.7827299997
2016-12-17 01:03:17,816 - SIMU: 49 generation ended 0.705389184612
2016-12-17 01:03:27,717 - SIMU: 50 generation ended 0.736846149706
2016-12-17 01:03:38,069 - SIMU: 51 generation ended 0.093159890041
2016-12-17 01:03:47,740 - SIMU: 52 generation ended 0.0812431808615
2016-12-17 01:03:58,266 - SIMU: 53 generation ended 0.984271436433
2016-12-17 01:04:08,433 - SIMU: 54 generation ended 0.729301711832
2016-12-17 01:04:18,246 - SIMU: 55 generation ended 0.99876656488
2016-12-17 01:04:28,230 - SIMU: 56 generation ended 1.0
2016-12-17 01:04:37,908 - SIMU: 57 generation ended 0.301223752771
2016-12-17 01:04:47,694 - SIMU: 58 generation ended 0.405881469868
2016-12-17 01:04:57,525 - SIMU: 59 generation ended 0.278474654619
2016-12-17 01:05:08,091 - SIMU: 60 generation ended 0.248716444945
2016-12-17 01:05:08,196 - SIMU: -------------------
2016-12-17 01:05:08,199 - SIMU: End :
2016-12-17 01:05:08,202 - SIMU: fitness_champion 0.248716444945
2016-12-17 01:05:08,204 - SIMU: champion [-8.195994701309285, 2.944728346372874, -17.927404717923984, -5.540103245870189, -4.406827219647587, -7.5946307887086775, 8.28725596994215, 3.8114100409377834, 12.637622871566721, 9.15194519256245, 11.8335654818101, -9.522666849367415, 5.8938222673523635, 14.219128439756181, 6.923304451471469, 10.804834543599634, 13.39277480177011, 4.023414762459308]
2016-12-17 01:05:08,206 - SIMU: ======================================
ROBOT 3
2016-12-16 23:54:55,594 - SIMU: ======================================
2016-12-16 23:54:55,596 - SIMU: ====== SimulationFollowLightGenBis ======
2016-12-16 23:54:55,596 - SIMU: ======================================
2016-12-16 23:54:55,597 - SIMU: -------------------
2016-12-16 23:54:55,598 - SIMU: Parameters :
2016-12-16 23:54:55,598 - SIMU: duration 3000
2016-12-16 23:54:55,599 - SIMU: lifetime 60
2016-12-16 23:54:55,600 - SIMU: sleep 0.1
2016-12-16 23:54:55,600 - SIMU: windowSize 20
2016-12-16 23:54:55,601 - SIMU: probabilities pcopy pgauss prandom 0.4 0.4 0.2
2016-12-16 23:54:55,601 - SIMU: sigma 0.1
2016-12-16 23:54:55,602 - SIMU: -------------------
2016-12-16 23:54:55,603 - SIMU: Start :
2016-12-16 23:55:04,959 - SIMU: 1 generation ended 0.0595397164028
2016-12-16 23:55:14,538 - SIMU: 2 generation ended 0.154619493662
2016-12-16 23:55:24,154 - SIMU: 3 generation ended 0.984324311485
2016-12-16 23:55:33,479 - SIMU: 4 generation ended 0.187205382525
2016-12-16 23:55:33,483 - SIMU: SimulationFollowLightGen - applyVariation() : NEW RANDOM GENOME
2016-12-16 23:55:42,450 - SIMU: 5 generation ended 0.0320496935932
2016-12-16 23:55:51,742 - SIMU: 6 generation ended 0.45586735339
2016-12-16 23:56:02,216 - SIMU: 7 generation ended 0.812614450338
2016-12-16 23:56:12,250 - SIMU: 8 generation ended 0.999727063868
2016-12-16 23:56:22,108 - SIMU: 9 generation ended 0.999081984363
2016-12-16 23:56:31,829 - SIMU: 10 generation ended 0.696768326608
2016-12-16 23:56:42,512 - SIMU: 11 generation ended 0.663423357469
2016-12-16 23:56:51,943 - SIMU: 12 generation ended 0.857333460035
2016-12-16 23:57:01,610 - SIMU: 13 generation ended 0.62322169316
2016-12-16 23:57:01,616 - SIMU: SimulationFollowLightGen - applyVariation() : NEW RANDOM GENOME
2016-12-16 23:57:11,616 - SIMU: 14 generation ended 0.0
2016-12-16 23:57:21,200 - SIMU: 15 generation ended 0.612315870873
2016-12-16 23:57:30,635 - SIMU: 16 generation ended 0.507662430538
2016-12-16 23:57:40,013 - SIMU: 17 generation ended 0.683078567869
2016-12-16 23:57:50,103 - SIMU: 18 generation ended 0.6851039308
2016-12-16 23:58:00,010 - SIMU: 19 generation ended 0.998318799893
2016-12-16 23:58:09,073 - SIMU: 20 generation ended 0.984079756588
2016-12-16 23:58:09,078 - SIMU: SimulationFollowLightGen - applyVariation() : NEW RANDOM GENOME
2016-12-16 23:58:18,617 - SIMU: 21 generation ended 0.0
2016-12-16 23:58:28,379 - SIMU: 22 generation ended 0.999404286002
2016-12-16 23:58:37,839 - SIMU: 23 generation ended 0.393007760013
2016-12-16 23:58:47,337 - SIMU: 24 generation ended 0.51492555227
2016-12-16 23:58:57,266 - SIMU: 25 generation ended 0.432748611904
2016-12-16 23:59:07,261 - SIMU: 26 generation ended 1.0
2016-12-16 23:59:17,547 - SIMU: 27 generation ended 0.999066206379
2016-12-16 23:59:27,946 - SIMU: 28 generation ended 1.0
2016-12-16 23:59:38,142 - SIMU: 29 generation ended 0.677504441647
2016-12-16 23:59:47,498 - SIMU: 30 generation ended 0.999880617626
2016-12-16 23:59:56,776 - SIMU: 31 generation ended 0.0574199988562
2016-12-17 00:00:05,707 - SIMU: 32 generation ended 0.3424714759
2016-12-17 00:00:15,225 - SIMU: 33 generation ended 0.0
2016-12-17 00:00:25,274 - SIMU: 34 generation ended 0.779245497622
2016-12-17 00:00:35,193 - SIMU: 35 generation ended 0.534119999874
2016-12-17 00:00:45,290 - SIMU: 36 generation ended 0.998985057247
2016-12-17 00:00:55,184 - SIMU: 37 generation ended 0.392573070098
2016-12-17 00:01:05,344 - SIMU: 38 generation ended 0.618706791781
2016-12-17 00:01:15,178 - SIMU: 39 generation ended 0.471551412006
2016-12-17 00:01:25,003 - SIMU: 40 generation ended 0.322131421909
2016-12-17 00:01:34,027 - SIMU: 41 generation ended 0.439789740298
2016-12-17 00:01:43,303 - SIMU: 42 generation ended 0.618439982888
2016-12-17 00:01:53,332 - SIMU: 43 generation ended 0.696136303252
2016-12-17 00:02:03,584 - SIMU: 44 generation ended 0.584728859359
2016-12-17 00:02:13,425 - SIMU: 45 generation ended 0.55930752741
2016-12-17 00:02:23,435 - SIMU: 46 generation ended 0.776139918594
2016-12-17 00:02:33,658 - SIMU: 47 generation ended 0.583256775235
2016-12-17 00:02:42,894 - SIMU: 48 generation ended 0.820831615527
2016-12-17 00:02:53,008 - SIMU: 49 generation ended 0.46856971982
2016-12-17 00:03:02,515 - SIMU: 50 generation ended 0.640349999941
2016-12-17 00:03:11,671 - SIMU: 51 generation ended 0.620941770654
2016-12-17 00:03:21,965 - SIMU: 52 generation ended 1.0
2016-12-17 00:03:31,528 - SIMU: 53 generation ended 0.194556411188
2016-12-17 00:03:41,148 - SIMU: 54 generation ended 1.0
2016-12-17 00:03:50,869 - SIMU: 55 generation ended 0.999240139197
2016-12-17 00:04:00,588 - SIMU: 56 generation ended 0.597007428233
2016-12-17 00:04:10,185 - SIMU: 57 generation ended 0.509116255963
2016-12-17 00:04:19,648 - SIMU: 58 generation ended 0.00246980561868
2016-12-17 00:04:29,325 - SIMU: 59 generation ended 0.857969454198
2016-12-17 00:04:39,488 - SIMU: 60 generation ended 0.229089636057
2016-12-17 00:04:39,598 - SIMU: -------------------
2016-12-17 00:04:39,600 - SIMU: End :
2016-12-17 00:04:39,601 - SIMU: fitness_champion 0.229089636057
2016-12-17 00:04:39,602 - SIMU: champion [-8.19807439257416, 2.919378277049228, -17.760627881805434, -5.782984812024354, -4.626566830001014, -7.395435198205689, 8.708030975750987, 3.843233584144804, 12.483481178192411, 9.277810864811393, 11.700646816062328, -9.464310485207037, 5.732424898477526, 14.085064362765994, 6.880825346708113, 10.415615353662934, 13.730550211607582, 4.071053543839712]
2016-12-17 00:04:39,603 - SIMU: ======================================
ROBOT 4
2016-12-17 02:54:44,783 - SIMU: ======================================
2016-12-17 02:54:44,784 - SIMU: ====== SimulationFollowLightGenBis ======
2016-12-17 02:54:44,785 - SIMU: ======================================
2016-12-17 02:54:44,786 - SIMU: -------------------
2016-12-17 02:54:44,786 - SIMU: Parameters :
2016-12-17 02:54:44,787 - SIMU: duration 3000
2016-12-17 02:54:44,788 - SIMU: lifetime 60
2016-12-17 02:54:44,789 - SIMU: sleep 0.1
2016-12-17 02:54:44,789 - SIMU: windowSize 20
2016-12-17 02:54:44,790 - SIMU: probabilities pcopy pgauss prandom 0.4 0.4 0.2
2016-12-17 02:54:44,791 - SIMU: sigma 0.1
2016-12-17 02:54:44,792 - SIMU: -------------------
2016-12-17 02:54:44,793 - SIMU: Start :
2016-12-17 02:54:54,763 - SIMU: 1 generation ended 0.183889719566
2016-12-17 02:55:05,118 - SIMU: 2 generation ended 0.506665499072
2016-12-17 02:55:15,487 - SIMU: 3 generation ended 0.77354541229
2016-12-17 02:55:26,217 - SIMU: 4 generation ended 0.0625852202501
2016-12-17 02:55:36,113 - SIMU: 5 generation ended 0.784246980332
2016-12-17 02:55:45,970 - SIMU: 6 generation ended 0.455520250415
2016-12-17 02:55:45,976 - SIMU: SimulationFollowLightGen - applyVariation() : NEW RANDOM GENOME
2016-12-17 02:55:56,632 - SIMU: 7 generation ended 0.0
2016-12-17 02:56:07,491 - SIMU: 8 generation ended 0.958598921421
2016-12-17 02:56:17,102 - SIMU: 9 generation ended 0.737719690255
2016-12-17 02:56:17,107 - SIMU: SimulationFollowLightGen - applyVariation() : NEW RANDOM GENOME
2016-12-17 02:56:27,537 - SIMU: 10 generation ended 0.647005449236
2016-12-17 02:56:37,174 - SIMU: 11 generation ended 0.98663
2016-12-17 02:56:47,524 - SIMU: 12 generation ended 0.999057037321
2016-12-17 02:56:47,541 - SIMU: SimulationFollowLightGen - applyVariation() : NEW RANDOM GENOME
2016-12-17 02:56:57,736 - SIMU: 13 generation ended 0.195097889565
2016-12-17 02:57:07,853 - SIMU: 14 generation ended 0.520746395288
2016-12-17 02:57:07,866 - SIMU: SimulationFollowLightGen - applyVariation() : NEW RANDOM GENOME
2016-12-17 02:57:17,902 - SIMU: 15 generation ended 0.0
2016-12-17 02:57:28,812 - SIMU: 16 generation ended 0.998477621248
2016-12-17 02:57:38,928 - SIMU: 17 generation ended 0.999933809556
2016-12-17 02:57:38,938 - SIMU: SimulationFollowLightGen - applyVariation() : NEW RANDOM GENOME
2016-12-17 02:57:48,536 - SIMU: 18 generation ended 0.0332356897362
2016-12-17 02:57:59,821 - SIMU: 19 generation ended 0.898529664746
2016-12-17 02:58:09,981 - SIMU: 20 generation ended 1.0
2016-12-17 02:58:20,362 - SIMU: 21 generation ended 0.947499851898
2016-12-17 02:58:30,128 - SIMU: 22 generation ended 0.822626296908
2016-12-17 02:58:40,384 - SIMU: 23 generation ended 0.725406621328
2016-12-17 02:58:40,398 - SIMU: SimulationFollowLightGen - applyVariation() : NEW RANDOM GENOME
2016-12-17 02:58:50,059 - SIMU: 24 generation ended 0.0
2016-12-17 02:59:00,293 - SIMU: 25 generation ended 0.441119619876
2016-12-17 02:59:11,430 - SIMU: 26 generation ended 0.680155824345
2016-12-17 02:59:21,525 - SIMU: 27 generation ended 0.855484556278
2016-12-17 02:59:21,533 - SIMU: SimulationFollowLightGen - applyVariation() : NEW RANDOM GENOME
2016-12-17 02:59:30,674 - SIMU: 28 generation ended 0.0
2016-12-17 02:59:40,648 - SIMU: 29 generation ended 0.556398454333
2016-12-17 02:59:50,371 - SIMU: 30 generation ended 0.527913654393
2016-12-17 03:00:01,806 - SIMU: 31 generation ended 0.673424311899
2016-12-17 03:00:11,360 - SIMU: 32 generation ended 0.607055370241
2016-12-17 03:00:21,710 - SIMU: 33 generation ended 0.741570245432
2016-12-17 03:00:31,612 - SIMU: 34 generation ended 0.658012547729
2016-12-17 03:00:42,128 - SIMU: 35 generation ended 0.905702266556
2016-12-17 03:00:51,981 - SIMU: 36 generation ended 0.999532762535
2016-12-17 03:01:02,223 - SIMU: 37 generation ended 0.999462779319
2016-12-17 03:01:12,226 - SIMU: 38 generation ended 0.699570241949
2016-12-17 03:01:22,836 - SIMU: 39 generation ended 0.638871925953
2016-12-17 03:01:32,686 - SIMU: 40 generation ended 0.544536423013
2016-12-17 03:01:42,547 - SIMU: 41 generation ended 0.791211581925
2016-12-17 03:01:52,236 - SIMU: 42 generation ended 0.625310355999
2016-12-17 03:02:03,107 - SIMU: 43 generation ended 0.556320918666
2016-12-17 03:02:13,900 - SIMU: 44 generation ended 0.521995542344
2016-12-17 03:02:24,000 - SIMU: 45 generation ended 0.999824407149
2016-12-17 03:02:35,016 - SIMU: 46 generation ended 1.0
2016-12-17 03:02:45,001 - SIMU: 47 generation ended 0.782556495683
2016-12-17 03:02:56,273 - SIMU: 48 generation ended 0.705856653918
2016-12-17 03:03:06,441 - SIMU: 49 generation ended 0.614210974935
2016-12-17 03:03:17,289 - SIMU: 50 generation ended 0.79759473423
2016-12-17 03:03:27,214 - SIMU: 51 generation ended 0.73250133534
2016-12-17 03:03:37,249 - SIMU: 52 generation ended 0.739651763093
2016-12-17 03:03:47,309 - SIMU: 53 generation ended 0.416795854777
2016-12-17 03:03:57,658 - SIMU: 54 generation ended 0.999926697992
2016-12-17 03:04:07,080 - SIMU: 55 generation ended 0.268156104464
2016-12-17 03:04:16,694 - SIMU: 56 generation ended 0.921123456078
2016-12-17 03:04:26,761 - SIMU: 57 generation ended 0.74724213142
2016-12-17 03:04:36,191 - SIMU: 58 generation ended 0.852584616502
2016-12-17 03:04:47,416 - SIMU: 59 generation ended 1.0
2016-12-17 03:04:57,203 - SIMU: 60 generation ended 0.999552990488
2016-12-17 03:04:57,228 - ERROR: MainController - Request for sending com message while no simulation started.
2016-12-17 03:04:57,306 - SIMU: -------------------
2016-12-17 03:04:57,308 - SIMU: End :
2016-12-17 03:04:57,310 - SIMU: fitness_champion 0.999552990488
2016-12-17 03:04:57,312 - SIMU: champion [-7.819261223477038, 3.2162965060145496, -17.50404799134526, -5.678459700272042, -5.0741494110687055, -7.052387120110672, 8.186697795408834, 3.640098492758107, 12.786588809570652, 9.205496775372657, 11.641889018236725, -9.92064403119411, 5.2292521810463315, 14.001141811433413, 6.299588540191844, 9.819306570990687, 14.419030207017006, 4.228357666000579]
2016-12-17 03:04:57,315 - SIMU: ======================================
ROBOT 5
2016-12-16 16:54:49,451 - SIMU: ======================================
2016-12-16 16:54:49,453 - SIMU: ====== SimulationFollowLightGenBis ======
2016-12-16 16:54:49,453 - SIMU: ======================================
2016-12-16 16:54:49,454 - SIMU: -------------------
2016-12-16 16:54:49,455 - SIMU: Parameters :
2016-12-16 16:54:49,455 - SIMU: duration 3000
2016-12-16 16:54:49,456 - SIMU: lifetime 60
2016-12-16 16:54:49,456 - SIMU: sleep 0.1
2016-12-16 16:54:49,457 - SIMU: windowSize 20
2016-12-16 16:54:49,458 - SIMU: probabilities pcopy pgauss prandom 0.4 0.4 0.2
2016-12-16 16:54:49,458 - SIMU: sigma 0.1
2016-12-16 16:54:49,459 - SIMU: -------------------
2016-12-16 16:54:49,460 - SIMU: Start :
2016-12-16 16:54:59,982 - SIMU: 1 generation ended 0.0851131799464
2016-12-16 16:55:10,124 - SIMU: 2 generation ended 0.149916312818
2016-12-16 16:55:19,355 - SIMU: 3 generation ended 0.275476171066
2016-12-16 16:55:29,486 - SIMU: 4 generation ended 0.866550177141
2016-12-16 16:55:40,173 - SIMU: 5 generation ended 0.683949418861
2016-12-16 16:55:49,940 - SIMU: 6 generation ended 0.0936160670861
2016-12-16 16:56:00,195 - SIMU: 7 generation ended 0.124269244682
2016-12-16 16:56:10,326 - SIMU: 8 generation ended 0.64086532809
2016-12-16 16:56:19,949 - SIMU: 9 generation ended 0.248244518877
2016-12-16 16:56:31,191 - SIMU: 10 generation ended 0.999882349451
2016-12-16 16:56:40,841 - SIMU: 11 generation ended 0.512596903799
2016-12-16 16:56:40,846 - SIMU: SimulationFollowLightGen - applyVariation() : NEW RANDOM GENOME
2016-12-16 16:56:50,678 - SIMU: 12 generation ended 0.0
2016-12-16 16:57:00,337 - SIMU: 13 generation ended 0.999245887043
2016-12-16 16:57:10,602 - SIMU: 14 generation ended 0.100729922705
2016-12-16 16:57:20,324 - SIMU: 15 generation ended 0.974966284732
2016-12-16 16:57:30,088 - SIMU: 16 generation ended 1.0
2016-12-16 16:57:39,523 - SIMU: 17 generation ended 0.588785905412
2016-12-16 16:57:49,807 - SIMU: 18 generation ended 0.996861646141
2016-12-16 16:57:49,813 - SIMU: SimulationFollowLightGen - applyVariation() : NEW RANDOM GENOME
2016-12-16 16:58:00,211 - SIMU: 19 generation ended 0.0
2016-12-16 16:58:00,219 - SIMU: SimulationFollowLightGen - applyVariation() : NEW RANDOM GENOME
2016-12-16 16:58:09,582 - SIMU: 20 generation ended 0.0
2016-12-16 16:58:19,169 - SIMU: 21 generation ended 0.403239294353
2016-12-16 16:58:28,627 - SIMU: 22 generation ended 0.605753558194
2016-12-16 16:58:38,505 - SIMU: 23 generation ended 0.594187413384
2016-12-16 16:58:47,620 - SIMU: 24 generation ended 0.753338057519
2016-12-16 16:58:58,579 - SIMU: 25 generation ended 0.534684690659
2016-12-16 16:58:58,583 - SIMU: SimulationFollowLightGen - applyVariation() : NEW RANDOM GENOME
2016-12-16 16:59:08,448 - SIMU: 26 generation ended 0.0
2016-12-16 16:59:18,383 - SIMU: 27 generation ended 0.622933527987
2016-12-16 16:59:29,220 - SIMU: 28 generation ended 0.998517794758
2016-12-16 16:59:39,447 - SIMU: 29 generation ended 1.0
2016-12-16 16:59:49,441 - SIMU: 30 generation ended 1.0
2016-12-16 16:59:59,137 - SIMU: 31 generation ended 0.999593804095
2016-12-16 17:00:09,750 - SIMU: 32 generation ended 0.699283705759
2016-12-16 17:00:19,602 - SIMU: 33 generation ended 0.999299483046
2016-12-16 17:00:30,199 - SIMU: 34 generation ended 0.998912031867
2016-12-16 17:00:40,090 - SIMU: 35 generation ended 0.482489999901
2016-12-16 17:00:49,752 - SIMU: 36 generation ended 0.702089765505
2016-12-16 17:00:58,964 - SIMU: 37 generation ended 0.947419274526
2016-12-16 17:01:08,210 - SIMU: 38 generation ended 0.0
2016-12-16 17:01:18,425 - SIMU: 39 generation ended 0.999701544066
2016-12-16 17:01:28,746 - SIMU: 40 generation ended 0.794128418406
2016-12-16 17:01:38,029 - SIMU: 41 generation ended 0.999203629883
2016-12-16 17:01:47,747 - SIMU: 42 generation ended 0.600649990826
2016-12-16 17:01:57,315 - SIMU: 43 generation ended 0.205802565812
2016-12-16 17:02:06,989 - SIMU: 44 generation ended 0.489505218129
2016-12-16 17:02:17,761 - SIMU: 45 generation ended 1.0
2016-12-16 17:02:27,478 - SIMU: 46 generation ended 0.663819999915
2016-12-16 17:02:37,648 - SIMU: 47 generation ended 0.445460857717
2016-12-16 17:02:47,746 - SIMU: 48 generation ended 0.975539999999
2016-12-16 17:02:57,748 - SIMU: 49 generation ended 0.90244800416
2016-12-16 17:03:07,147 - SIMU: 50 generation ended 0.318931017349
2016-12-16 17:03:17,765 - SIMU: 51 generation ended 0.99966900485
2016-12-16 17:03:27,098 - SIMU: 52 generation ended 0.634008514261
2016-12-16 17:03:37,962 - SIMU: 53 generation ended 0.999886523294
2016-12-16 17:03:47,672 - SIMU: 54 generation ended 0.646349999828
2016-12-16 17:03:57,518 - SIMU: 55 generation ended 0.468526718638
2016-12-16 17:04:08,356 - SIMU: 56 generation ended 0.658795602751
2016-12-16 17:04:18,357 - SIMU: 57 generation ended 0.999504068272
2016-12-16 17:04:28,752 - SIMU: 58 generation ended 0.0
2016-12-16 17:04:39,025 - SIMU: 59 generation ended 0.0635756015343
2016-12-16 17:04:49,216 - SIMU: 60 generation ended 0.999361414983
2016-12-16 17:04:49,321 - SIMU: -------------------
2016-12-16 17:04:49,322 - SIMU: End :
2016-12-16 17:04:49,324 - SIMU: fitness_champion 0.999361414983
2016-12-16 17:04:49,325 - SIMU: champion [-7.728998403351556, 3.0501702716061834, -17.365401520059578, -5.790386584569613, -4.653520397642232, -7.121719595392241, 8.48956120594359, 3.608971829423493, 12.823917118558755, 9.152390366132666, 11.774613168944885, -9.681049145631667, 5.563214698065941, 13.902893779316555, 6.658077033434817, 9.963846759012613, 14.32161718871395, 3.9139394575959434]
2016-12-16 17:04:49,325 - SIMU: ======================================
ROBOT 6
2016-12-17 03:55:00,243 - SIMU: ======================================
2016-12-17 03:55:00,245 - SIMU: ====== SimulationFollowLightGenBis ======
2016-12-17 03:55:00,245 - SIMU: ======================================
2016-12-17 03:55:00,246 - SIMU: -------------------
2016-12-17 03:55:00,247 - SIMU: Parameters :
2016-12-17 03:55:00,247 - SIMU: duration 3000
2016-12-17 03:55:00,248 - SIMU: lifetime 60
2016-12-17 03:55:00,249 - SIMU: sleep 0.1
2016-12-17 03:55:00,249 - SIMU: windowSize 20
2016-12-17 03:55:00,250 - SIMU: probabilities pcopy pgauss prandom 0.4 0.4 0.2
2016-12-17 03:55:00,251 - SIMU: sigma 0.1
2016-12-17 03:55:00,251 - SIMU: -------------------
2016-12-17 03:55:00,252 - SIMU: Start :
2016-12-17 03:55:09,691 - SIMU: 1 generation ended 0.0
2016-12-17 03:55:19,732 - SIMU: 2 generation ended 0.594079999996
2016-12-17 03:55:29,139 - SIMU: 3 generation ended 0.0103472268827
2016-12-17 03:55:39,328 - SIMU: 4 generation ended 0.557955973354
2016-12-17 03:55:49,905 - SIMU: 5 generation ended 0.60674
2016-12-17 03:55:59,503 - SIMU: 6 generation ended 0.462550268821
2016-12-17 03:56:10,478 - SIMU: 7 generation ended 0.999290577317
2016-12-17 03:56:21,179 - SIMU: 8 generation ended 0.920840254375
2016-12-17 03:56:32,256 - SIMU: 9 generation ended 0.999818449243
2016-12-17 03:56:41,705 - SIMU: 10 generation ended 0.582774368825
2016-12-17 03:56:41,712 - SIMU: SimulationFollowLightGen - applyVariation() : NEW RANDOM GENOME
2016-12-17 03:56:51,797 - SIMU: 11 generation ended 0.0376652203648
2016-12-17 03:56:51,803 - SIMU: SimulationFollowLightGen - applyVariation() : NEW RANDOM GENOME
2016-12-17 03:57:00,899 - SIMU: 12 generation ended 0.0272882726608
2016-12-17 03:57:11,106 - SIMU: 13 generation ended 0.999905548267
2016-12-17 03:57:20,714 - SIMU: 14 generation ended 0.998445706322
2016-12-17 03:57:30,607 - SIMU: 15 generation ended 1.0
2016-12-17 03:57:40,124 - SIMU: 16 generation ended 0.998445706322
2016-12-17 03:57:50,593 - SIMU: 17 generation ended 0.825909510176
2016-12-17 03:58:00,306 - SIMU: 18 generation ended 0.94587831146
2016-12-17 03:58:00,314 - SIMU: SimulationFollowLightGen - applyVariation() : NEW RANDOM GENOME
2016-12-17 03:58:09,842 - SIMU: 19 generation ended 0.0322182610643
2016-12-17 03:58:20,245 - SIMU: 20 generation ended 0.57066614835
2016-12-17 03:58:30,184 - SIMU: 21 generation ended 0.634759318022
2016-12-17 03:58:30,197 - SIMU: SimulationFollowLightGen - applyVariation() : NEW RANDOM GENOME
2016-12-17 03:58:39,847 - SIMU: 22 generation ended 0.0
2016-12-17 03:58:50,074 - SIMU: 23 generation ended 0.738089809665
2016-12-17 03:59:00,129 - SIMU: 24 generation ended 0.844592337691
2016-12-17 03:59:00,133 - SIMU: SimulationFollowLightGen - applyVariation() : NEW RANDOM GENOME
2016-12-17 03:59:09,942 - SIMU: 25 generation ended 0.236076953643
2016-12-17 03:59:20,288 - SIMU: 26 generation ended 0.594336916884
2016-12-17 03:59:30,679 - SIMU: 27 generation ended 0.984319382751
2016-12-17 03:59:40,298 - SIMU: 28 generation ended 0.45
2016-12-17 03:59:40,310 - SIMU: SimulationFollowLightGen - applyVariation() : NEW RANDOM GENOME
2016-12-17 03:59:50,080 - SIMU: 29 generation ended 0.0
2016-12-17 04:00:00,398 - SIMU: 30 generation ended 0.713013696894
2016-12-17 04:00:10,737 - SIMU: 31 generation ended 0.999522587996
2016-12-17 04:00:20,492 - SIMU: 32 generation ended 0.769158964712
2016-12-17 04:00:30,115 - SIMU: 33 generation ended 0.633098840137
2016-12-17 04:00:39,773 - SIMU: 34 generation ended 0.196209999278
2016-12-17 04:00:49,377 - SIMU: 35 generation ended 0.723661182038
2016-12-17 04:00:59,007 - SIMU: 36 generation ended 0.977739474068
2016-12-17 04:01:08,927 - SIMU: 37 generation ended 0.131741300536
2016-12-17 04:01:18,957 - SIMU: 38 generation ended 0.463384145187
2016-12-17 04:01:28,592 - SIMU: 39 generation ended 0.706249977583
2016-12-17 04:01:38,609 - SIMU: 40 generation ended 0.252603757069
2016-12-17 04:01:48,311 - SIMU: 41 generation ended 0.348422001391
2016-12-17 04:01:58,329 - SIMU: 42 generation ended 0.595763993608
2016-12-17 04:02:08,074 - SIMU: 43 generation ended 0.568710600628
2016-12-17 04:02:18,027 - SIMU: 44 generation ended 0.123645980976
2016-12-17 04:02:28,537 - SIMU: 45 generation ended 0.701484367315
2016-12-17 04:02:38,501 - SIMU: 46 generation ended 0.999824407149
2016-12-17 04:02:47,983 - SIMU: 47 generation ended 0.917095065428
2016-12-17 04:02:58,641 - SIMU: 48 generation ended 0.920822391872
2016-12-17 04:03:09,096 - SIMU: 49 generation ended 0.999054299573
2016-12-17 04:03:18,713 - SIMU: 50 generation ended 0.0
2016-12-17 04:03:27,968 - SIMU: 51 generation ended 0.0829319705547
2016-12-17 04:03:38,284 - SIMU: 52 generation ended 0.627869766448
2016-12-17 04:03:49,113 - SIMU: 53 generation ended 0.496860666398
2016-12-17 04:03:58,342 - SIMU: 54 generation ended 0.956429998086
2016-12-17 04:04:07,866 - SIMU: 55 generation ended 0.721769969774
2016-12-17 04:04:18,753 - SIMU: 56 generation ended 0.99923764292
2016-12-17 04:04:28,129 - SIMU: 57 generation ended 0.504984842147
2016-12-17 04:04:38,446 - SIMU: 58 generation ended 0.999204526311
2016-12-17 04:04:48,415 - SIMU: 59 generation ended 0.862939999996
2016-12-17 04:04:58,092 - SIMU: 60 generation ended 0.0
2016-12-17 04:04:58,203 - SIMU: -------------------
2016-12-17 04:04:58,204 - SIMU: End :
2016-12-17 04:04:58,205 - SIMU: fitness_champion 0.0
2016-12-17 04:04:58,207 - SIMU: champion [-8.491827249598828, 2.8214863352407136, -17.72520908769199, -6.042811810574371, -4.383639895469698, -7.5198097301664975, 8.705172225619965, 3.784771955210174, 12.319566580047159, 9.56652163214906, 11.679339884710348, -9.342913403015405, 5.667112282827671, 14.080351231290637, 6.8908291966564015, 10.244972872771282, 13.754058240160932, 4.031186736891125]
2016-12-17 04:04:58,208 - SIMU: ======================================
ROBOT 7
2016-12-16 17:54:24,204 - SIMU: ======================================
2016-12-16 17:54:24,205 - SIMU: ====== SimulationFollowLightGenBis ======
2016-12-16 17:54:24,206 - SIMU: ======================================
2016-12-16 17:54:24,207 - SIMU: -------------------
2016-12-16 17:54:24,207 - SIMU: Parameters :
2016-12-16 17:54:24,208 - SIMU: duration 3000
2016-12-16 17:54:24,209 - SIMU: lifetime 60
2016-12-16 17:54:24,209 - SIMU: sleep 0.1
2016-12-16 17:54:24,210 - SIMU: windowSize 20
2016-12-16 17:54:24,211 - SIMU: probabilities pcopy pgauss prandom 0.4 0.4 0.2
2016-12-16 17:54:24,211 - SIMU: sigma 0.1
2016-12-16 17:54:24,212 - SIMU: -------------------
2016-12-16 17:54:24,212 - SIMU: Start :
2016-12-16 17:54:32,671 - SIMU: 1 generation ended 0.496390008184
2016-12-16 17:54:32,674 - SIMU: SimulationFollowLightGen - applyVariation() : NEW RANDOM GENOME
2016-12-16 17:54:40,527 - SIMU: 2 generation ended 0.156833701019
2016-12-16 17:54:48,822 - SIMU: 3 generation ended 0.999226065579
2016-12-16 17:54:57,325 - SIMU: 4 generation ended 0.188895040462
2016-12-16 17:54:57,328 - SIMU: SimulationFollowLightGen - applyVariation() : NEW RANDOM GENOME
2016-12-16 17:55:06,292 - SIMU: 5 generation ended 0.0893520334718
2016-12-16 17:55:06,300 - SIMU: SimulationFollowLightGen - applyVariation() : NEW RANDOM GENOME
2016-12-16 17:55:15,322 - SIMU: 6 generation ended 0.0
2016-12-16 17:55:24,517 - SIMU: 7 generation ended 0.498168804945
2016-12-16 17:55:33,034 - SIMU: 8 generation ended 0.719963773187
2016-12-16 17:55:41,768 - SIMU: 9 generation ended 0.84143658822
2016-12-16 17:55:50,817 - SIMU: 10 generation ended 0.144356942314
2016-12-16 17:55:59,585 - SIMU: 11 generation ended 0.539282886929
2016-12-16 17:56:08,729 - SIMU: 12 generation ended 0.601434083346
2016-12-16 17:56:17,710 - SIMU: 13 generation ended 0.641718334886
2016-12-16 17:56:17,713 - SIMU: SimulationFollowLightGen - applyVariation() : NEW RANDOM GENOME
2016-12-16 17:56:26,577 - SIMU: 14 generation ended 0.0
2016-12-16 17:56:35,569 - SIMU: 15 generation ended 1.0
2016-12-16 17:56:44,370 - SIMU: 16 generation ended 0.10711224938
2016-12-16 17:56:53,238 - SIMU: 17 generation ended 0.999735783231
2016-12-16 17:57:02,330 - SIMU: 18 generation ended 0.915287160639
2016-12-16 17:57:11,125 - SIMU: 19 generation ended 0.302167925392
2016-12-16 17:57:20,594 - SIMU: 20 generation ended 0.77635088747
2016-12-16 17:57:29,309 - SIMU: 21 generation ended 1.0
2016-12-16 17:57:38,180 - SIMU: 22 generation ended 0.998676191116
2016-12-16 17:57:46,844 - SIMU: 23 generation ended 0.731806115234
2016-12-16 17:57:46,848 - SIMU: SimulationFollowLightGen - applyVariation() : NEW RANDOM GENOME
2016-12-16 17:57:55,196 - SIMU: 24 generation ended 0.0
2016-12-16 17:58:04,458 - SIMU: 25 generation ended 0.999170670975
2016-12-16 17:58:13,016 - SIMU: 26 generation ended 0.696983579039
2016-12-16 17:58:22,192 - SIMU: 27 generation ended 0.618640639029
2016-12-16 17:58:31,076 - SIMU: 28 generation ended 0.573556750691
2016-12-16 17:58:39,482 - SIMU: 29 generation ended 0.95274
2016-12-16 17:58:48,299 - SIMU: 30 generation ended 0.757114808827
2016-12-16 17:58:57,602 - SIMU: 31 generation ended 0.99890141927
2016-12-16 17:59:06,288 - SIMU: 32 generation ended 0.865929998911
2016-12-16 17:59:15,363 - SIMU: 33 generation ended 0.541240706799
2016-12-16 17:59:24,744 - SIMU: 34 generation ended 0.0967821320532
2016-12-16 17:59:33,384 - SIMU: 35 generation ended 0.983725867452
2016-12-16 17:59:42,181 - SIMU: 36 generation ended 0.910014643753
2016-12-16 17:59:50,943 - SIMU: 37 generation ended 0.904381966281
2016-12-16 17:59:59,311 - SIMU: 38 generation ended 0.577022420524
2016-12-16 18:00:07,993 - SIMU: 39 generation ended 0.607758044998
2016-12-16 18:00:17,064 - SIMU: 40 generation ended 0.69999994303
2016-12-16 18:00:26,185 - SIMU: 41 generation ended 0.539101661742
2016-12-16 18:00:35,083 - SIMU: 42 generation ended 0.999224014572
2016-12-16 18:00:44,103 - SIMU: 43 generation ended 1.0
2016-12-16 18:00:53,144 - SIMU: 44 generation ended 0.152422982409
2016-12-16 18:01:01,696 - SIMU: 45 generation ended 0.567261505976
2016-12-16 18:01:10,797 - SIMU: 46 generation ended 0.576973782532
2016-12-16 18:01:20,186 - SIMU: 47 generation ended 0.999317663038
2016-12-16 18:01:29,085 - SIMU: 48 generation ended 0.919109999999
2016-12-16 18:01:37,827 - SIMU: 49 generation ended 0.916750960476
2016-12-16 18:01:46,501 - SIMU: 50 generation ended 0.999735759231
2016-12-16 18:01:55,362 - SIMU: 51 generation ended 0.737819999804
2016-12-16 18:02:04,469 - SIMU: 52 generation ended 0.999513439188
2016-12-16 18:02:13,472 - SIMU: 53 generation ended 0.527143302885
2016-12-16 18:02:22,432 - SIMU: 54 generation ended 0.860833927959
2016-12-16 18:02:30,645 - SIMU: 55 generation ended 0.78068356637
2016-12-16 18:02:39,788 - SIMU: 56 generation ended 0.999741493478
2016-12-16 18:02:48,635 - SIMU: 57 generation ended 0.749405893312
2016-12-16 18:02:57,076 - SIMU: 58 generation ended 0.52296878618
2016-12-16 18:03:05,793 - SIMU: 59 generation ended 1.0
2016-12-16 18:03:14,823 - SIMU: 60 generation ended 0.619436889937
2016-12-16 18:03:14,953 - SIMU: -------------------
2016-12-16 18:03:14,954 - SIMU: End :
2016-12-16 18:03:14,955 - SIMU: fitness_champion 0.619436889937
2016-12-16 18:03:14,956 - SIMU: champion [-7.721605682066716, 3.098288042631578, -17.52881175358792, -5.667599158840689, -4.481823760812628, -7.031874860221299, 8.340718390072706, 4.233435316968091, 12.898190885326041, 9.113192383181811, 11.282658656081228, -9.301979950364554, 5.486234098006912, 13.891346415821644, 6.181421410319055, 9.830481116802448, 14.237264687005705, 3.964740251562732]
2016-12-16 18:03:14,957 - SIMU: ======================================
ROBOT 8
2016-12-16 15:54:31,947 - SIMU: ======================================
2016-12-16 15:54:31,948 - SIMU: ====== SimulationFollowLightGenBis ======
2016-12-16 15:54:31,949 - SIMU: ======================================
2016-12-16 15:54:31,950 - SIMU: -------------------
2016-12-16 15:54:31,950 - SIMU: Parameters :
2016-12-16 15:54:31,951 - SIMU: duration 3000
2016-12-16 15:54:31,952 - SIMU: lifetime 60
2016-12-16 15:54:31,953 - SIMU: sleep 0.1
2016-12-16 15:54:31,954 - SIMU: windowSize 20
2016-12-16 15:54:31,955 - SIMU: probabilities pcopy pgauss prandom 0.4 0.4 0.2
2016-12-16 15:54:31,955 - SIMU: sigma 0.1
2016-12-16 15:54:31,956 - SIMU: -------------------
2016-12-16 15:54:31,957 - SIMU: Start :
2016-12-16 15:54:41,289 - SIMU: 1 generation ended 0.089370427704
2016-12-16 15:54:50,738 - SIMU: 2 generation ended 0.180174987553
2016-12-16 15:54:50,744 - SIMU: SimulationFollowLightGen - applyVariation() : NEW RANDOM GENOME
2016-12-16 15:55:00,515 - SIMU: 3 generation ended 0.0237566652313
2016-12-16 15:55:10,772 - SIMU: 4 generation ended 0.625424288311
2016-12-16 15:55:20,242 - SIMU: 5 generation ended 0.432847686679
2016-12-16 15:55:30,237 - SIMU: 6 generation ended 0.624031059323
2016-12-16 15:55:40,713 - SIMU: 7 generation ended 0.999727063868
2016-12-16 15:55:40,723 - SIMU: SimulationFollowLightGen - applyVariation() : NEW RANDOM GENOME
2016-12-16 15:55:50,464 - SIMU: 8 generation ended 0.162228743383
2016-12-16 15:55:59,885 - SIMU: 9 generation ended 0.527352993969
2016-12-16 15:55:59,889 - SIMU: SimulationFollowLightGen - applyVariation() : NEW RANDOM GENOME
2016-12-16 15:56:08,712 - SIMU: 10 generation ended 0.0940679967408
2016-12-16 15:56:18,213 - SIMU: 11 generation ended 0.409677987847
2016-12-16 15:56:28,674 - SIMU: 12 generation ended 0.999742159704
2016-12-16 15:56:38,432 - SIMU: 13 generation ended 0.638210323229
2016-12-16 15:56:38,439 - SIMU: SimulationFollowLightGen - applyVariation() : NEW RANDOM GENOME
2016-12-16 15:56:47,980 - SIMU: 14 generation ended 0.315312576169
2016-12-16 15:56:57,368 - SIMU: 15 generation ended 0.479716942981
2016-12-16 15:57:08,147 - SIMU: 16 generation ended 0.680930625175
2016-12-16 15:57:18,534 - SIMU: 17 generation ended 0.588406611736
2016-12-16 15:57:28,154 - SIMU: 18 generation ended 0.646726581654
2016-12-16 15:57:37,967 - SIMU: 19 generation ended 0.893843041948
2016-12-16 15:57:37,974 - SIMU: SimulationFollowLightGen - applyVariation() : NEW RANDOM GENOME
2016-12-16 15:57:48,465 - SIMU: 20 generation ended 0.0
2016-12-16 15:57:48,473 - SIMU: SimulationFollowLightGen - applyVariation() : NEW RANDOM GENOME
2016-12-16 15:57:57,653 - SIMU: 21 generation ended 0.0
2016-12-16 15:58:08,020 - SIMU: 22 generation ended 0.307315006492
2016-12-16 15:58:08,034 - SIMU: SimulationFollowLightGen - applyVariation() : NEW RANDOM GENOME
2016-12-16 15:58:17,699 - SIMU: 23 generation ended 0.0144796190357
2016-12-16 15:58:27,754 - SIMU: 24 generation ended 0.885607743127
2016-12-16 15:58:37,206 - SIMU: 25 generation ended 0.0871816723167
2016-12-16 15:58:47,298 - SIMU: 26 generation ended 0.454150277494
2016-12-16 15:58:56,398 - SIMU: 27 generation ended 0.23646081251
2016-12-16 15:59:06,958 - SIMU: 28 generation ended 0.853522902414
2016-12-16 15:59:16,714 - SIMU: 29 generation ended 0.692079198327
2016-12-16 15:59:16,719 - SIMU: SimulationFollowLightGen - applyVariation() : NEW RANDOM GENOME
2016-12-16 15:59:25,478 - SIMU: 30 generation ended 0.053759468293
2016-12-16 15:59:25,491 - SIMU: SimulationFollowLightGen - applyVariation() : NEW RANDOM GENOME
2016-12-16 15:59:34,660 - SIMU: 31 generation ended 0.0231765190837
2016-12-16 15:59:44,100 - SIMU: 32 generation ended 0.124048900548
2016-12-16 15:59:53,599 - SIMU: 33 generation ended 0.968479999999
2016-12-16 16:00:03,389 - SIMU: 34 generation ended 0.686219617538
2016-12-16 16:00:13,755 - SIMU: 35 generation ended 0.363862483014
2016-12-16 16:00:23,311 - SIMU: 36 generation ended 0.938554854638
2016-12-16 16:00:33,795 - SIMU: 37 generation ended 0.976036566075
2016-12-16 16:00:43,632 - SIMU: 38 generation ended 0.919931702816
2016-12-16 16:00:52,861 - SIMU: 39 generation ended 0.0994799953689
2016-12-16 16:01:02,424 - SIMU: 40 generation ended 0.346588305723
2016-12-16 16:01:13,111 - SIMU: 41 generation ended 0.685580488386
2016-12-16 16:01:23,310 - SIMU: 42 generation ended 1.0
2016-12-16 16:01:33,590 - SIMU: 43 generation ended 0.727439962567
2016-12-16 16:01:44,990 - SIMU: 44 generation ended 0.9997804288
2016-12-16 16:01:53,989 - SIMU: 45 generation ended 0.510240008502
2016-12-16 16:02:03,674 - SIMU: 46 generation ended 0.840508761215
2016-12-16 16:02:13,116 - SIMU: 47 generation ended 0.0805818485233
2016-12-16 16:02:22,448 - SIMU: 48 generation ended 0.986010549067
2016-12-16 16:02:31,727 - SIMU: 49 generation ended 0.666517430509
2016-12-16 16:02:42,514 - SIMU: 50 generation ended 0.817810951287
2016-12-16 16:02:52,460 - SIMU: 51 generation ended 0.999847376707
2016-12-16 16:03:02,568 - SIMU: 52 generation ended 0.949540203144
2016-12-16 16:03:12,315 - SIMU: 53 generation ended 0.988415798946
2016-12-16 16:03:22,387 - SIMU: 54 generation ended 0.686201838399
2016-12-16 16:03:32,288 - SIMU: 55 generation ended 0.804672112917
2016-12-16 16:03:42,635 - SIMU: 56 generation ended 0.651882885707
2016-12-16 16:03:51,940 - SIMU: 57 generation ended 0.637507613549
2016-12-16 16:04:02,255 - SIMU: 58 generation ended 0.952207507494
2016-12-16 16:04:12,060 - SIMU: 59 generation ended 0.999342296932
2016-12-16 16:04:21,871 - SIMU: 60 generation ended 0.221139853016
2016-12-16 16:04:21,977 - SIMU: -------------------
2016-12-16 16:04:21,979 - SIMU: End :
2016-12-16 16:04:21,980 - SIMU: fitness_champion 0.221139853016
2016-12-16 16:04:21,982 - SIMU: champion [-7.668648899281928, 3.3955690229453257, -17.63180161266659, -5.954771408897966, -4.904467919147314, -7.109581987023519, 8.306128943769421, 3.609207455108463, 12.671288393066286, 9.266395129333748, 11.536030902661752, -9.798717493538717, 5.630589268219886, 13.892416978704075, 6.510211768460075, 9.889665977829626, 14.411493837564079, 4.011460859465398]
2016-12-16 16:04:21,984 - SIMU: ======================================
ROBOT 9
2016-12-16 15:54:18,284 - SIMU: ======================================
2016-12-16 15:54:18,285 - SIMU: ====== SimulationFollowLightGenBis ======
2016-12-16 15:54:18,286 - SIMU: ======================================
2016-12-16 15:54:18,287 - SIMU: -------------------
2016-12-16 15:54:18,287 - SIMU: Parameters :
2016-12-16 15:54:18,288 - SIMU: duration 3000
2016-12-16 15:54:18,289 - SIMU: lifetime 60
2016-12-16 15:54:18,290 - SIMU: sleep 0.1
2016-12-16 15:54:18,290 - SIMU: windowSize 20
2016-12-16 15:54:18,291 - SIMU: probabilities pcopy pgauss prandom 0.4 0.4 0.2
2016-12-16 15:54:18,292 - SIMU: sigma 0.1
2016-12-16 15:54:18,292 - SIMU: -------------------
2016-12-16 15:54:18,293 - SIMU: Start :
2016-12-16 15:54:27,788 - SIMU: 1 generation ended 0.30972912593
2016-12-16 15:54:37,294 - SIMU: 2 generation ended 1.0
2016-12-16 15:54:46,485 - SIMU: 3 generation ended 0.513012175259
2016-12-16 15:54:54,835 - SIMU: 4 generation ended 0.968081813538
2016-12-16 15:55:04,258 - SIMU: 5 generation ended 0.999660064465
2016-12-16 15:55:13,711 - SIMU: 6 generation ended 0.977997777106
2016-12-16 15:55:23,613 - SIMU: 7 generation ended 0.999219614278
2016-12-16 15:55:33,536 - SIMU: 8 generation ended 0.937821117681
2016-12-16 15:55:33,594 - SIMU: SimulationFollowLightGen - applyVariation() : NEW RANDOM GENOME
2016-12-16 15:55:42,574 - SIMU: 9 generation ended 0.0
2016-12-16 15:55:51,862 - SIMU: 10 generation ended 0.11342986813
2016-12-16 15:56:00,726 - SIMU: 11 generation ended 0.85087753886
2016-12-16 15:56:10,012 - SIMU: 12 generation ended 0.680845941749
2016-12-16 15:56:19,776 - SIMU: 13 generation ended 0.805699682863
2016-12-16 15:56:29,775 - SIMU: 14 generation ended 0.999354927518
2016-12-16 15:56:39,030 - SIMU: 15 generation ended 0.961
2016-12-16 15:56:48,462 - SIMU: 16 generation ended 0.722787837435
2016-12-16 15:56:58,663 - SIMU: 17 generation ended 0.634072409099
2016-12-16 15:56:58,670 - SIMU: SimulationFollowLightGen - applyVariation() : NEW RANDOM GENOME
2016-12-16 15:57:08,486 - SIMU: 18 generation ended 0.0890199262268
2016-12-16 15:57:17,991 - SIMU: 19 generation ended 0.106498741367
2016-12-16 15:57:27,713 - SIMU: 20 generation ended 1.0
2016-12-16 15:57:27,720 - SIMU: SimulationFollowLightGen - applyVariation() : NEW RANDOM GENOME
2016-12-16 15:57:37,397 - SIMU: 21 generation ended 0.0
2016-12-16 15:57:46,549 - SIMU: 22 generation ended 0.684255541432
2016-12-16 15:57:55,686 - SIMU: 23 generation ended 0.667031000541
2016-12-16 15:58:04,492 - SIMU: 24 generation ended 0.526889586542
2016-12-16 15:58:14,522 - SIMU: 25 generation ended 0.812849999629
2016-12-16 15:58:24,454 - SIMU: 26 generation ended 0.99877532204
2016-12-16 15:58:33,537 - SIMU: 27 generation ended 0.472537994091
2016-12-16 15:58:42,538 - SIMU: 28 generation ended 0.0909351495553
2016-12-16 15:58:52,563 - SIMU: 29 generation ended 0.393672800145
2016-12-16 15:59:02,660 - SIMU: 30 generation ended 0.112659961619
2016-12-16 15:59:12,334 - SIMU: 31 generation ended 0.99950478327
2016-12-16 15:59:22,405 - SIMU: 32 generation ended 0.899464216115
2016-12-16 15:59:31,981 - SIMU: 33 generation ended 0.958853947605
2016-12-16 15:59:41,642 - SIMU: 34 generation ended 0.110521604301
2016-12-16 15:59:51,624 - SIMU: 35 generation ended 0.47043636806
2016-12-16 16:00:01,733 - SIMU: 36 generation ended 0.420916967566
2016-12-16 16:00:10,820 - SIMU: 37 generation ended 0.680406609639
2016-12-16 16:00:20,934 - SIMU: 38 generation ended 0.954490295304
2016-12-16 16:00:30,841 - SIMU: 39 generation ended 0.96407445429
2016-12-16 16:00:39,852 - SIMU: 40 generation ended 0.702150534494
2016-12-16 16:00:49,411 - SIMU: 41 generation ended 0.999283705759
2016-12-16 16:00:58,447 - SIMU: 42 generation ended 0.999317663038
2016-12-16 16:01:07,946 - SIMU: 43 generation ended 0.753943734453
2016-12-16 16:01:18,252 - SIMU: 44 generation ended 0.737121657537
2016-12-16 16:01:27,565 - SIMU: 45 generation ended 0.999863532608
2016-12-16 16:01:36,670 - SIMU: 46 generation ended 0.597903348303
2016-12-16 16:01:46,289 - SIMU: 47 generation ended 0.728698663748
2016-12-16 16:01:55,626 - SIMU: 48 generation ended 0.293778127553
2016-12-16 16:02:05,499 - SIMU: 49 generation ended 0.111039991746
2016-12-16 16:02:14,671 - SIMU: 50 generation ended 0.999930872622
2016-12-16 16:02:24,048 - SIMU: 51 generation ended 0.999852881554
2016-12-16 16:02:33,297 - SIMU: 52 generation ended 0.778433127914
2016-12-16 16:02:42,003 - SIMU: 53 generation ended 0.882709864452
2016-12-16 16:02:51,438 - SIMU: 54 generation ended 0.727638264119
2016-12-16 16:03:01,571 - SIMU: 55 generation ended 1.0
2016-12-16 16:03:11,004 - SIMU: 56 generation ended 0.892794102164
2016-12-16 16:03:20,452 - SIMU: 57 generation ended 1.0
2016-12-16 16:03:30,144 - SIMU: 58 generation ended 0.846361521851
2016-12-16 16:03:39,442 - SIMU: 59 generation ended 0.872978809887
2016-12-16 16:03:48,829 - SIMU: 60 generation ended 0.188799444644
2016-12-16 16:03:48,935 - SIMU: -------------------
2016-12-16 16:03:48,942 - SIMU: End :
2016-12-16 16:03:48,943 - SIMU: fitness_champion 0.188799444644
2016-12-16 16:03:48,944 - SIMU: champion [-8.331398454091476, 2.9678668936295134, -17.620913898274722, -5.704129170466505, -4.566754161659088, -7.413505635863735, 8.752474788193767, 3.941314997856637, 12.466902254930671, 9.238734260857463, 11.551090814402636, -9.45092161434481, 5.66832154423351, 14.269698917402264, 6.822724343569539, 10.358924462519438, 13.777219063780494, 3.9993768657523963]
2016-12-16 16:03:48,947 - SIMU: ======================================
ROBOT 11
2016-12-16 15:54:38,569 - SIMU: ======================================
2016-12-16 15:54:38,571 - SIMU: ====== SimulationFollowLightGenBis ======
2016-12-16 15:54:38,571 - SIMU: ======================================
2016-12-16 15:54:38,572 - SIMU: -------------------
2016-12-16 15:54:38,573 - SIMU: Parameters :
2016-12-16 15:54:38,573 - SIMU: duration 3000
2016-12-16 15:54:38,574 - SIMU: lifetime 60
2016-12-16 15:54:38,575 - SIMU: sleep 0.1
2016-12-16 15:54:38,575 - SIMU: windowSize 20
2016-12-16 15:54:38,576 - SIMU: probabilities pcopy pgauss prandom 0.4 0.4 0.2
2016-12-16 15:54:38,577 - SIMU: sigma 0.1
2016-12-16 15:54:38,577 - SIMU: -------------------
2016-12-16 15:54:38,578 - SIMU: Start :
2016-12-16 15:54:47,937 - SIMU: 1 generation ended 0.0
2016-12-16 15:54:57,554 - SIMU: 2 generation ended 0.533156033521
2016-12-16 15:55:08,544 - SIMU: 3 generation ended 0.597449908773
2016-12-16 15:55:19,070 - SIMU: 4 generation ended 0.442081599167
2016-12-16 15:55:29,274 - SIMU: 5 generation ended 0.896849999999
2016-12-16 15:55:38,991 - SIMU: 6 generation ended 0.965799056848
2016-12-16 15:55:38,999 - SIMU: SimulationFollowLightGen - applyVariation() : NEW RANDOM GENOME
2016-12-16 15:55:49,059 - SIMU: 7 generation ended 0.0
2016-12-16 15:55:59,749 - SIMU: 8 generation ended 0.893159999887
2016-12-16 15:56:09,543 - SIMU: 9 generation ended 0.558250136593
2016-12-16 15:56:19,656 - SIMU: 10 generation ended 0.914574481575
2016-12-16 15:56:29,068 - SIMU: 11 generation ended 0.458689999574
2016-12-16 15:56:38,901 - SIMU: 12 generation ended 0.915748511871
2016-12-16 15:56:49,517 - SIMU: 13 generation ended 0.438181266847
2016-12-16 15:56:49,534 - SIMU: SimulationFollowLightGen - applyVariation() : NEW RANDOM GENOME
2016-12-16 15:56:59,554 - SIMU: 14 generation ended 0.0
2016-12-16 15:57:09,458 - SIMU: 15 generation ended 0.464087894529
2016-12-16 15:57:09,467 - SIMU: SimulationFollowLightGen - applyVariation() : NEW RANDOM GENOME
2016-12-16 15:57:19,672 - SIMU: 16 generation ended 0.102028478076
2016-12-16 15:57:19,683 - SIMU: SimulationFollowLightGen - applyVariation() : NEW RANDOM GENOME
2016-12-16 15:57:29,510 - SIMU: 17 generation ended 0.0525292350747
2016-12-16 15:57:39,427 - SIMU: 18 generation ended 0.0
2016-12-16 15:57:49,331 - SIMU: 19 generation ended 0.079239999883
2016-12-16 15:57:58,787 - SIMU: 20 generation ended 0.0815699995525
2016-12-16 15:58:09,453 - SIMU: 21 generation ended 0.998640342152
2016-12-16 15:58:19,076 - SIMU: 22 generation ended 0.42922876369
2016-12-16 15:58:19,088 - SIMU: SimulationFollowLightGen - applyVariation() : NEW RANDOM GENOME
2016-12-16 15:58:28,593 - SIMU: 23 generation ended 0.142257854934
2016-12-16 15:58:38,681 - SIMU: 24 generation ended 0.902588557545
2016-12-16 15:58:47,588 - SIMU: 25 generation ended 0.474148333786
2016-12-16 15:58:57,756 - SIMU: 26 generation ended 0.695283786567
2016-12-16 15:59:07,779 - SIMU: 27 generation ended 0.66725
2016-12-16 15:59:18,646 - SIMU: 28 generation ended 0.61302897022
2016-12-16 15:59:18,665 - SIMU: SimulationFollowLightGen - applyVariation() : NEW RANDOM GENOME
2016-12-16 15:59:28,288 - SIMU: 29 generation ended 0.0
2016-12-16 15:59:28,303 - SIMU: SimulationFollowLightGen - applyVariation() : NEW RANDOM GENOME
2016-12-16 15:59:38,314 - SIMU: 30 generation ended 0.0
2016-12-16 15:59:48,462 - SIMU: 31 generation ended 0.393981254653
2016-12-16 15:59:58,344 - SIMU: 32 generation ended 0.730960272787
2016-12-16 16:00:08,447 - SIMU: 33 generation ended 0.499669696806
2016-12-16 16:00:18,439 - SIMU: 34 generation ended 0.47745817553
2016-12-16 16:00:28,670 - SIMU: 35 generation ended 0.451771343594
2016-12-16 16:00:38,624 - SIMU: 36 generation ended 0.7619189261
2016-12-16 16:00:49,225 - SIMU: 37 generation ended 0.99955131507
2016-12-16 16:00:59,407 - SIMU: 38 generation ended 0.867471497989
2016-12-16 16:01:09,211 - SIMU: 39 generation ended 1.0
2016-12-16 16:01:19,165 - SIMU: 40 generation ended 0.805535235936
2016-12-16 16:01:28,963 - SIMU: 41 generation ended 0.760529973832
2016-12-16 16:01:38,660 - SIMU: 42 generation ended 0.554015567614
2016-12-16 16:01:48,624 - SIMU: 43 generation ended 0.479708981315
2016-12-16 16:01:59,675 - SIMU: 44 generation ended 0.874102052691
2016-12-16 16:02:09,258 - SIMU: 45 generation ended 0.503115628171
2016-12-16 16:02:19,350 - SIMU: 46 generation ended 0.750439679724
2016-12-16 16:02:30,180 - SIMU: 47 generation ended 0.676628522694
2016-12-16 16:02:40,970 - SIMU: 48 generation ended 0.849759994209
2016-12-16 16:02:50,614 - SIMU: 49 generation ended 0.591674841049
2016-12-16 16:03:00,085 - SIMU: 50 generation ended 0.679365098457
2016-12-16 16:03:09,325 - SIMU: 51 generation ended 0.754799676514
2016-12-16 16:03:19,572 - SIMU: 52 generation ended 0.130059971769
2016-12-16 16:03:30,006 - SIMU: 53 generation ended 0.999684570304
2016-12-16 16:03:40,166 - SIMU: 54 generation ended 0.724900975043
2016-12-16 16:03:49,534 - SIMU: 55 generation ended 0.960354435636
2016-12-16 16:03:59,183 - SIMU: 56 generation ended 0.999796372557
2016-12-16 16:04:08,879 - SIMU: 57 generation ended 0.829897203461
2016-12-16 16:04:19,452 - SIMU: 58 generation ended 0.640076765899
2016-12-16 16:04:29,278 - SIMU: 59 generation ended 0.808023308686
2016-12-16 16:04:38,798 - SIMU: 60 generation ended 0.852759997221
2016-12-16 16:04:38,902 - SIMU: -------------------
2016-12-16 16:04:38,903 - SIMU: End :
2016-12-16 16:04:38,904 - SIMU: fitness_champion 0.852759997221
2016-12-16 16:04:38,905 - SIMU: champion [-8.203565339803852, 3.0073380746830876, -17.94140846291066, -5.578638434992464, -4.38307778832919, -7.633553311579485, 8.375227812378908, 3.747019128614238, 12.52943361395506, 9.155189706603938, 11.751283148261209, -9.464060541007989, 5.592592963295212, 14.072948715859928, 6.780358271156624, 10.504290065699287, 13.429708860217334, 3.7860669304505663]
2016-12-16 16:04:38,906 - SIMU: ======================================
