ROBOT 7
2016-12-16 18:38:21,432 - SIMU: ======================================
2016-12-16 18:38:21,433 - SIMU: ====== SimulationFollowLightGenBis ======
2016-12-16 18:38:21,434 - SIMU: ======================================
2016-12-16 18:38:21,435 - SIMU: -------------------
2016-12-16 18:38:21,435 - SIMU: Parameters :
2016-12-16 18:38:21,436 - SIMU: duration 3000
2016-12-16 18:38:21,437 - SIMU: lifetime 60
2016-12-16 18:38:21,437 - SIMU: sleep 0.1
2016-12-16 18:38:21,438 - SIMU: windowSize 20
2016-12-16 18:38:21,439 - SIMU: probabilities pcopy pgauss prandom 0.4 0.4 0.2
2016-12-16 18:38:21,439 - SIMU: sigma 0.1
2016-12-16 18:38:21,440 - SIMU: -------------------
2016-12-16 18:38:21,440 - SIMU: Start :
2016-12-16 18:38:30,830 - SIMU: 1 generation ended 0.0
2016-12-16 18:38:40,655 - SIMU: 2 generation ended 0.180223985072
2016-12-16 18:38:50,506 - SIMU: 3 generation ended 0.397149217298
2016-12-16 18:39:00,329 - SIMU: 4 generation ended 0.424622923786
2016-12-16 18:39:09,646 - SIMU: 5 generation ended 0.433416725312
2016-12-16 18:39:19,169 - SIMU: 6 generation ended 0.377954372986
2016-12-16 18:39:28,323 - SIMU: 7 generation ended 0.522228120684
2016-12-16 18:39:38,281 - SIMU: 8 generation ended 0.470859177075
2016-12-16 18:39:48,268 - SIMU: 9 generation ended 0.435496128232
2016-12-16 18:39:58,363 - SIMU: 10 generation ended 0.432652736041
2016-12-16 18:40:08,532 - SIMU: 11 generation ended 0.109076159041
2016-12-16 18:40:19,686 - SIMU: 12 generation ended 0.557671738808
2016-12-16 18:40:29,765 - SIMU: 13 generation ended 0.268470002761
2016-12-16 18:40:39,880 - SIMU: 14 generation ended 0.316513453908
2016-12-16 18:40:51,306 - SIMU: 15 generation ended 0.539826796385
2016-12-16 18:40:51,311 - SIMU: SimulationFollowLightGen - applyVariation() : NEW RANDOM GENOME
2016-12-16 18:41:00,538 - SIMU: 16 generation ended 0.0112607810361
2016-12-16 18:41:10,333 - SIMU: 17 generation ended 0.356691420986
2016-12-16 18:41:20,781 - SIMU: 18 generation ended 0.478869393558
2016-12-16 18:41:30,493 - SIMU: 19 generation ended 0.31314242316
2016-12-16 18:41:40,755 - SIMU: 20 generation ended 0.5856165108
2016-12-16 18:41:49,981 - SIMU: 21 generation ended 0.509990614995
2016-12-16 18:41:59,633 - SIMU: 22 generation ended 0.370603808229
2016-12-16 18:41:59,642 - SIMU: SimulationFollowLightGen - applyVariation() : NEW RANDOM GENOME
2016-12-16 18:42:09,357 - SIMU: 23 generation ended 0.0
2016-12-16 18:42:19,261 - SIMU: 24 generation ended 0.464070765465
2016-12-16 18:42:29,395 - SIMU: 25 generation ended 0.482892566444
2016-12-16 18:42:38,921 - SIMU: 26 generation ended 0.607821101303
2016-12-16 18:42:48,902 - SIMU: 27 generation ended 0.0272901611689
2016-12-16 18:42:58,731 - SIMU: 28 generation ended 0.610881374469
2016-12-16 18:43:07,770 - SIMU: 29 generation ended 0.0253560327084
2016-12-16 18:43:16,629 - SIMU: 30 generation ended 0.0620658029844
2016-12-16 18:43:26,026 - SIMU: 31 generation ended 0.548292639709
2016-12-16 18:43:36,824 - SIMU: 32 generation ended 0.438409629908
2016-12-16 18:43:46,936 - SIMU: 33 generation ended 0.456956677969
2016-12-16 18:43:56,606 - SIMU: 34 generation ended 0.338148586825
2016-12-16 18:44:06,472 - SIMU: 35 generation ended 0.108576150053
2016-12-16 18:44:16,629 - SIMU: 36 generation ended 0.574215276261
2016-12-16 18:44:26,473 - SIMU: 37 generation ended 0.38717760029
2016-12-16 18:44:36,206 - SIMU: 38 generation ended 0.345514206452
2016-12-16 18:44:46,099 - SIMU: 39 generation ended 0.424478953722
2016-12-16 18:44:56,402 - SIMU: 40 generation ended 0.499044872574
2016-12-16 18:45:06,196 - SIMU: 41 generation ended 0.398726945809
2016-12-16 18:45:16,552 - SIMU: 42 generation ended 0.320648094657
2016-12-16 18:45:25,851 - SIMU: 43 generation ended 0.608185007501
2016-12-16 18:45:36,259 - SIMU: 44 generation ended 0.486427331131
2016-12-16 18:45:45,645 - SIMU: 45 generation ended 0.880807226212
2016-12-16 18:45:54,975 - SIMU: 46 generation ended 0.219150647814
2016-12-16 18:46:04,565 - SIMU: 47 generation ended 0.33336928234
2016-12-16 18:46:15,232 - SIMU: 48 generation ended 0.461364732951
2016-12-16 18:46:25,331 - SIMU: 49 generation ended 0.788131934524
2016-12-16 18:46:35,113 - SIMU: 50 generation ended 0.348644141346
2016-12-16 18:46:44,714 - SIMU: 51 generation ended 0.759706076053
2016-12-16 18:46:54,235 - SIMU: 52 generation ended 0.788839800398
2016-12-16 18:47:03,838 - SIMU: 53 generation ended 0.55023537097
2016-12-16 18:47:13,811 - SIMU: 54 generation ended 0.371261107911
2016-12-16 18:47:24,026 - SIMU: 55 generation ended 0.765621287771
2016-12-16 18:47:33,853 - SIMU: 56 generation ended 0.517161948034
2016-12-16 18:47:43,096 - SIMU: 57 generation ended 0.57556780624
2016-12-16 18:47:53,347 - SIMU: 58 generation ended 0.528055636868
2016-12-16 18:48:03,098 - SIMU: 59 generation ended 0.447351441768
2016-12-16 18:48:12,007 - SIMU: 60 generation ended 0.225447711899
2016-12-16 18:48:12,037 - ERROR: MainController - Request for sending com message while no simulation started.
2016-12-16 18:48:12,112 - SIMU: -------------------
2016-12-16 18:48:12,113 - SIMU: End :
2016-12-16 18:48:12,114 - SIMU: fitness_champion 0.225447711899
2016-12-16 18:48:12,115 - SIMU: champion [0.5669885818995248, -1.3497699977143727, -0.547530821496196, -0.8046552771359576, -0.15042572414291397, -0.043951926134725976, -0.9247828087359736, 0.7612129988089619, 0.23531517033760954, 0.503574816922536, 0.40321042847162725, 0.3108699635342619, 0.7948062238800744, 1.111418374555235, 0.5077916160815832, -0.09966596192613549, 0.4655399932692961, 0.6515171354830647]
2016-12-16 18:48:12,116 - SIMU: ======================================
