2017-05-07 22:20:12,225 - SIMU: ======================================
2017-05-07 22:20:12,226 - SIMU: === SimulationFollowLightGenOnline ===
2017-05-07 22:20:12,226 - SIMU: ======================================
2017-05-07 22:20:12,227 - SIMU: -------------------
2017-05-07 22:20:12,227 - SIMU: Parameters :
2017-05-07 22:20:12,227 - SIMU: N 30
2017-05-07 22:20:12,228 - SIMU: lifetime 60
2017-05-07 22:20:12,228 - SIMU: sleep 0.1
2017-05-07 22:20:12,228 - SIMU: Preevaluate 0.2
2017-05-07 22:20:12,229 - SIMU: sigma 1.0
2017-05-07 22:20:12,229 - SIMU: minSigma 0.1
2017-05-07 22:20:12,230 - SIMU: maxSigma 4.0
2017-05-07 22:20:12,230 - SIMU: -------------------
2017-05-07 22:20:12,231 - SIMU: Start :
2017-05-07 22:20:19,970 - SIMU: 1 champion_recovered
2017-05-07 22:20:28,901 - SIMU: 1 champion_reevaluated-1 7.36003926434
2017-05-07 22:20:38,080 - SIMU: 2 challenger_evaluated 11.9242761169
2017-05-07 22:20:38,082 - SIMU: 2 new_champion 7.36003926434 11.9242761169
2017-05-07 22:20:47,356 - SIMU: 3 challenger_evaluated 1.98377687411
2017-05-07 22:20:56,646 - SIMU: 4 challenger_evaluated 1.8037922817
2017-05-07 22:21:05,675 - SIMU: 5 challenger_evaluated 3.82042229964
2017-05-07 22:21:15,069 - SIMU: 6 challenger_evaluated 0.595622899305
2017-05-07 22:21:22,792 - SIMU: 7 champion_recovered
2017-05-07 22:21:31,853 - SIMU: 7 champion_reevaluated-1 13.0469462342
2017-05-07 22:21:40,676 - SIMU: 8 challenger_evaluated 7.32764656753
2017-05-07 22:21:49,861 - SIMU: 9 challenger_evaluated 0.141131311722
2017-05-07 22:21:58,916 - SIMU: 10 challenger_evaluated 39.5647898295
2017-05-07 22:21:58,918 - SIMU: 10 new_champion 13.0469462342 39.5647898295
2017-05-07 22:22:08,301 - SIMU: 11 challenger_evaluated 24.0926309198
2017-05-07 22:22:17,286 - SIMU: 12 challenger_evaluated 0.431686176425
2017-05-07 22:22:26,213 - SIMU: 13 challenger_evaluated 0.392350831007
2017-05-07 22:22:35,357 - SIMU: 14 challenger_evaluated 0.554133390094
2017-05-07 22:22:44,264 - SIMU: 15 challenger_evaluated 1.66729202504
2017-05-07 22:22:53,585 - SIMU: 16 challenger_evaluated 2.27377537302
2017-05-07 22:23:02,385 - SIMU: 17 challenger_evaluated 0.684053779349
2017-05-07 22:23:11,615 - SIMU: 18 challenger_evaluated 3.15933973462
2017-05-07 22:23:20,693 - SIMU: 19 challenger_evaluated 4.82798221209
2017-05-07 22:23:28,518 - SIMU: 20 champion_recovered
2017-05-07 22:23:37,816 - SIMU: 20 champion_reevaluated-1 0.302600794006
2017-05-07 22:23:46,420 - SIMU: 21 challenger_evaluated 0.291298326759
2017-05-07 22:23:55,567 - SIMU: 22 challenger_evaluated 0.154781242761
2017-05-07 22:24:04,294 - SIMU: 23 challenger_evaluated 0.305594985674
2017-05-07 22:24:04,295 - SIMU: 23 new_champion 0.302600794006 0.305594985674
2017-05-07 22:24:13,405 - SIMU: 24 challenger_evaluated 0.392599853696
2017-05-07 22:24:13,407 - SIMU: 24 new_champion 0.305594985674 0.392599853696
2017-05-07 22:24:22,779 - SIMU: 25 challenger_evaluated 0.362999889825
2017-05-07 22:24:30,603 - SIMU: 26 champion_recovered
2017-05-07 22:24:39,839 - SIMU: 26 champion_reevaluated-1 1.70519216292
2017-05-07 22:24:49,020 - SIMU: 27 challenger_evaluated 0.456398388167
2017-05-07 22:24:58,211 - SIMU: 28 challenger_evaluated 0.0553999251799
2017-05-07 22:25:07,006 - SIMU: 29 challenger_evaluated -0.0041999983894
2017-05-07 22:25:15,438 - SIMU: 30 challenger_evaluated -0.0211999997387
2017-05-07 22:25:15,539 - SIMU: -------------------
2017-05-07 22:25:15,541 - SIMU: End :
2017-05-07 22:25:15,543 - SIMU: fitness_champion 1.70519216292
2017-05-07 22:25:15,548 - SIMU: champion [2.157688465997848, 7.776128231296599, -4.394419090152239, 4.680955705575205, 1.913695411144495, 6.518311885693492, 7.759592813396856, 4.389366656210463, -1.4937817982679797, 9.628340372119906, 13.385537439528123, 1.0339202144936928, 2.9296750691934044, -1.0800636518464972, -9.497937032746043, 11.771964511108852, 0.8356109875794575, 1.8632870795861247]
2017-05-07 22:25:15,552 - SIMU: ======================================
