2016-12-15 23:11:01,496 - SIMU: ======================================
2016-12-15 23:11:01,497 - SIMU: === SimulationFollowLightGenOnline ===
2016-12-15 23:11:01,497 - SIMU: ======================================
2016-12-15 23:11:01,498 - SIMU: -------------------
2016-12-15 23:11:01,499 - SIMU: Parameters :
2016-12-15 23:11:01,499 - SIMU: N 30
2016-12-15 23:11:01,500 - SIMU: lifetime 60
2016-12-15 23:11:01,501 - SIMU: sleep 0.1
2016-12-15 23:11:01,501 - SIMU: Preevaluate 0.2
2016-12-15 23:11:01,502 - SIMU: sigma 1.0
2016-12-15 23:11:01,503 - SIMU: minSigma 0.1
2016-12-15 23:11:01,503 - SIMU: maxSigma 4.0
2016-12-15 23:11:01,504 - SIMU: -------------------
2016-12-15 23:11:01,505 - SIMU: Start :
2016-12-15 23:11:09,417 - SIMU: 1 champion_recovered
2016-12-15 23:11:18,456 - SIMU: 1 champion_reevaluated-1 4.41807698191
2016-12-15 23:11:26,575 - SIMU: 2 champion_recovered
2016-12-15 23:11:36,229 - SIMU: 2 champion_reevaluated-2 4.65966776695
2016-12-15 23:11:45,530 - SIMU: 3 challenger_evaluated 2.96642751336
2016-12-15 23:11:54,846 - SIMU: 4 challenger_evaluated 0.019318300997
2016-12-15 23:12:04,164 - SIMU: 5 challenger_evaluated 10.9168316284
2016-12-15 23:12:04,165 - SIMU: 5 new_champion 4.65966776695 10.9168316284
2016-12-15 23:12:13,381 - SIMU: 6 challenger_evaluated 10.8917860666
2016-12-15 23:12:21,444 - SIMU: 7 champion_recovered
2016-12-15 23:12:30,850 - SIMU: 7 champion_reevaluated-1 10.9168316284
2016-12-15 23:12:39,122 - SIMU: 8 champion_recovered
2016-12-15 23:12:48,843 - SIMU: 8 champion_reevaluated-2 9.92716305069
2016-12-15 23:12:56,864 - SIMU: 9 champion_recovered
2016-12-15 23:13:06,121 - SIMU: 9 champion_reevaluated-3 9.92716305069
2016-12-15 23:13:14,972 - SIMU: 10 challenger_evaluated 8.9007889522
2016-12-15 23:13:23,784 - SIMU: 11 challenger_evaluated 6.16375132623
2016-12-15 23:13:32,021 - SIMU: 12 champion_recovered
2016-12-15 23:13:41,190 - SIMU: 12 champion_reevaluated-4 13.4268308133
2016-12-15 23:13:50,436 - SIMU: 13 challenger_evaluated 15.198751694
2016-12-15 23:13:50,437 - SIMU: 13 new_champion 13.4268308133 15.198751694
2016-12-15 23:13:58,490 - SIMU: 14 champion_recovered
2016-12-15 23:14:07,666 - SIMU: 14 champion_reevaluated-1 21.87420231
2016-12-15 23:14:16,937 - SIMU: 15 challenger_evaluated 7.64296193622
2016-12-15 23:14:26,307 - SIMU: 16 challenger_evaluated 5.15871226978
2016-12-15 23:14:34,162 - SIMU: 17 champion_recovered
2016-12-15 23:14:42,919 - SIMU: 17 champion_reevaluated-2 2.56241746744
2016-12-15 23:14:52,432 - SIMU: 18 challenger_evaluated 0.513562288855
2016-12-15 23:15:02,202 - SIMU: 19 challenger_evaluated 0.66429088053
2016-12-15 23:15:11,764 - SIMU: 20 challenger_evaluated 0.616389432676
2016-12-15 23:15:21,292 - SIMU: 21 challenger_evaluated 6.5994847031
2016-12-15 23:15:21,293 - SIMU: 21 new_champion 2.56241746744 6.5994847031
2016-12-15 23:15:30,759 - SIMU: 22 challenger_evaluated 7.20532726392
2016-12-15 23:15:30,760 - SIMU: 22 new_champion 6.5994847031 7.20532726392
2016-12-15 23:15:40,250 - SIMU: 23 challenger_evaluated 5.01573341218
2016-12-15 23:15:49,994 - SIMU: 24 challenger_evaluated 4.19401986379
2016-12-15 23:15:59,170 - SIMU: 25 challenger_evaluated 4.66080816546
2016-12-15 23:16:08,280 - SIMU: 26 challenger_evaluated 6.64651368506
2016-12-15 23:16:17,551 - SIMU: 27 challenger_evaluated 4.6851716945
2016-12-15 23:16:27,145 - SIMU: 28 challenger_evaluated 1.97333113482
2016-12-15 23:16:36,115 - SIMU: 29 challenger_evaluated 7.95637585741
2016-12-15 23:16:36,117 - SIMU: 29 new_champion 7.20532726392 7.95637585741
2016-12-15 23:16:44,897 - SIMU: 30 challenger_evaluated 7.3265299257
2016-12-15 23:16:45,043 - SIMU: -------------------
2016-12-15 23:16:45,044 - SIMU: End :
2016-12-15 23:16:45,045 - SIMU: fitness_champion 7.95637585741
2016-12-15 23:16:45,047 - SIMU: champion [-6.708123192927933, -2.7075842994063306, 4.495741415111198, 10.88746138137347, -11.990903665580223, -5.112971403810117, 1.0132633280161232, 1.9989250029322676, -0.28108051911469145, -6.9284016725951965, -7.263783126887924, -1.2763507135006253, 1.5570452770686203, 15.817468671832563, 5.301305733872916, -1.8828763427990052, -5.30051135295506, 4.348896357575178]
2016-12-15 23:16:45,048 - SIMU: ======================================
