2016-12-16 13:01:50,323 - SIMU: ======================================
2016-12-16 13:01:50,324 - SIMU: === SimulationFollowLightGenOnline ===
2016-12-16 13:01:50,324 - SIMU: ======================================
2016-12-16 13:01:50,324 - SIMU: -------------------
2016-12-16 13:01:50,325 - SIMU: Parameters :
2016-12-16 13:01:50,325 - SIMU: N 30
2016-12-16 13:01:50,325 - SIMU: lifetime 60
2016-12-16 13:01:50,326 - SIMU: sleep 0.1
2016-12-16 13:01:50,326 - SIMU: Preevaluate 0.2
2016-12-16 13:01:50,326 - SIMU: sigma 1.0
2016-12-16 13:01:50,327 - SIMU: minSigma 0.1
2016-12-16 13:01:50,327 - SIMU: maxSigma 4.0
2016-12-16 13:01:50,327 - SIMU: -------------------
2016-12-16 13:01:50,327 - SIMU: Start :
2016-12-16 13:01:58,172 - SIMU: 1 champion_recovered
2016-12-16 13:02:07,251 - SIMU: 1 champion_reevaluated-1 26.1173102732
2016-12-16 13:02:16,606 - SIMU: 2 challenger_evaluated 20.1198914354
2016-12-16 13:02:25,680 - SIMU: 3 challenger_evaluated 21.6813346106
2016-12-16 13:02:33,568 - SIMU: 4 champion_recovered
2016-12-16 13:02:43,121 - SIMU: 4 champion_reevaluated-2 0.59208184204
2016-12-16 13:02:52,284 - SIMU: 5 challenger_evaluated 1.08776470862
2016-12-16 13:02:52,286 - SIMU: 5 new_champion 0.59208184204 1.08776470862
2016-12-16 13:03:01,408 - SIMU: 6 challenger_evaluated 22.9730531967
2016-12-16 13:03:01,410 - SIMU: 6 new_champion 1.08776470862 22.9730531967
2016-12-16 13:03:10,309 - SIMU: 7 challenger_evaluated 39.1892930315
2016-12-16 13:03:10,310 - SIMU: 7 new_champion 22.9730531967 39.1892930315
2016-12-16 13:03:19,496 - SIMU: 8 challenger_evaluated 32.0630015072
2016-12-16 13:03:28,752 - SIMU: 9 challenger_evaluated 41.1226471233
2016-12-16 13:03:28,753 - SIMU: 9 new_champion 39.1892930315 41.1226471233
2016-12-16 13:03:38,090 - SIMU: 10 challenger_evaluated 9.2751555523
2016-12-16 13:03:47,370 - SIMU: 11 challenger_evaluated 0.23216506182
2016-12-16 13:03:56,426 - SIMU: 12 challenger_evaluated 0.0108332316504
2016-12-16 13:04:05,757 - SIMU: 13 challenger_evaluated -0.171820428889
2016-12-16 13:04:13,801 - SIMU: 14 champion_recovered
2016-12-16 13:04:23,169 - SIMU: 14 champion_reevaluated-1 -0.483428347724
2016-12-16 13:04:32,723 - SIMU: 15 challenger_evaluated -0.370708027338
2016-12-16 13:04:32,726 - SIMU: 15 new_champion -0.483428347724 -0.370708027338
2016-12-16 13:04:42,198 - SIMU: 16 challenger_evaluated -0.470526604791
2016-12-16 13:04:51,510 - SIMU: 17 challenger_evaluated -0.50132576413
2016-12-16 13:04:59,271 - SIMU: 18 champion_recovered
2016-12-16 13:05:08,536 - SIMU: 18 champion_reevaluated-1 -0.543254717206
2016-12-16 13:05:16,510 - SIMU: 19 champion_recovered
2016-12-16 13:05:25,640 - SIMU: 19 champion_reevaluated-2 -0.567080859165
2016-12-16 13:05:35,117 - SIMU: 20 challenger_evaluated -0.333078296893
2016-12-16 13:05:35,118 - SIMU: 20 new_champion -0.567080859165 -0.333078296893
2016-12-16 13:05:44,548 - SIMU: 21 challenger_evaluated -0.680624164698
2016-12-16 13:05:53,555 - SIMU: 22 challenger_evaluated -0.616223048403
2016-12-16 13:06:02,826 - SIMU: 23 challenger_evaluated -0.268937044014
2016-12-16 13:06:02,828 - SIMU: 23 new_champion -0.333078296893 -0.268937044014
2016-12-16 13:06:12,045 - SIMU: 24 challenger_evaluated 0.211396430068
2016-12-16 13:06:12,046 - SIMU: 24 new_champion -0.268937044014 0.211396430068
2016-12-16 13:06:21,468 - SIMU: 25 challenger_evaluated 0.0739103441631
2016-12-16 13:06:30,718 - SIMU: 26 challenger_evaluated 0.0834847902421
2016-12-16 13:06:38,619 - SIMU: 27 champion_recovered
2016-12-16 13:06:47,217 - SIMU: 27 champion_reevaluated-1 0.0764448190788
2016-12-16 13:06:56,465 - SIMU: 28 challenger_evaluated 0.073465430229
2016-12-16 13:07:05,826 - SIMU: 29 challenger_evaluated 0.676897026947
2016-12-16 13:07:05,827 - SIMU: 29 new_champion 0.0764448190788 0.676897026947
2016-12-16 13:07:13,410 - SIMU: 30 champion_recovered
2016-12-16 13:07:21,901 - SIMU: 30 champion_reevaluated-1 0.698014992019
2016-12-16 13:07:22,004 - SIMU: -------------------
2016-12-16 13:07:22,005 - SIMU: End :
2016-12-16 13:07:22,006 - SIMU: fitness_champion 0.698014992019
2016-12-16 13:07:22,008 - SIMU: champion [3.0059171508804434, -3.7315877319229243, -0.5338258741179116, -1.3803082426535076, -5.033464507771557, 5.167081016422364, 2.1921819932273516, 0.3644627132219782, 8.788844010875303, -4.141982144027308, 4.821530574183808, 1.1024603225533198, 2.42214478488026, -0.862440458113441, 2.75295276425582, -5.486334362687353, -1.7121399889460234, 0.015463246489651139]
2016-12-16 13:07:22,009 - SIMU: ======================================
