2016-12-16 15:20:28,421 - DEBUG: MainController - Running.
2016-12-16 15:20:28,422 - DEBUG: CommandsListener - Waiting on accept...
2016-12-16 15:20:44,434 - DEBUG: CommandsListener - Received command from (192.168.0.210, 53648)
2016-12-16 15:20:44,435 - DEBUG: CommandsListener - Receiving command...
2016-12-16 15:20:44,439 - DEBUG: CommandsListener - Received <Utils.Message instance at 0x76381710>
2016-12-16 15:20:44,439 - DEBUG: CommandsListener - Transmitting command 5 to controller.
2016-12-16 15:20:44,440 - DEBUG: MainController - Command 5 received.
2016-12-16 15:20:44,441 - DEBUG: CommandsListener - Waiting on accept...
2016-12-16 15:20:44,441 - DEBUG: MainController - Treating command : 5
2016-12-16 15:20:44,442 - DEBUG: MainController - Setting simulation...
2016-12-16 15:21:20,307 - DEBUG: CommandsListener - Received command from (192.168.0.210, 53657)
2016-12-16 15:21:20,308 - DEBUG: CommandsListener - Receiving command...
2016-12-16 15:21:20,310 - DEBUG: CommandsListener - Received <Utils.Message instance at 0x76383940>
2016-12-16 15:21:20,310 - DEBUG: CommandsListener - Transmitting command 0 to controller.
2016-12-16 15:21:20,311 - DEBUG: MainController - Command 0 received.
2016-12-16 15:21:20,312 - DEBUG: CommandsListener - Waiting on accept...
2016-12-16 15:21:20,315 - DEBUG: MainController - Treating command : 0
2016-12-16 15:21:20,316 - DEBUG: MainController - Loading simulation...
2016-12-16 15:21:20,316 - DEBUG: Params - Parsing configuration file.
2016-12-16 15:21:22,123 - CRITICAL: dbus.Array([dbus.String(u'thymio-II')], signature=dbus.Signature('s'))
2016-12-16 15:21:22,124 - DEBUG: ThymioController - Running.
2016-12-16 15:21:24,652 - SIMU: ======================================
2016-12-16 15:21:24,653 - SIMU: ====== SimulationFollowLightGenBis ======
2016-12-16 15:21:24,654 - SIMU: ======================================
2016-12-16 15:21:24,654 - SIMU: -------------------
2016-12-16 15:21:24,655 - SIMU: Parameters :
2016-12-16 15:21:24,655 - SIMU: duration 3000
2016-12-16 15:21:24,656 - SIMU: lifetime 60
2016-12-16 15:21:24,657 - SIMU: sleep 0.1
2016-12-16 15:21:24,657 - SIMU: windowSize 20
2016-12-16 15:21:24,658 - SIMU: probabilities pcopy pgauss prandom 0.4 0.4 0.2
2016-12-16 15:21:24,659 - SIMU: sigma 0.1
2016-12-16 15:21:24,659 - SIMU: -------------------
2016-12-16 15:21:24,660 - SIMU: Start :
2016-12-16 15:21:34,386 - SIMU: 1 generation ended 0.0
2016-12-16 15:21:44,524 - SIMU: 2 generation ended 0.576478592905
2016-12-16 15:21:55,814 - SIMU: 3 generation ended 0.99986694834
2016-12-16 15:22:06,048 - SIMU: 4 generation ended 0.68355823185
2016-12-16 15:22:16,092 - SIMU: 5 generation ended 0.0
2016-12-16 15:22:26,537 - SIMU: 6 generation ended 1.0
2016-12-16 15:22:26,544 - SIMU: SimulationFollowLightGen - applyVariation() : NEW RANDOM GENOME
2016-12-16 15:22:37,136 - SIMU: 7 generation ended 0.0
2016-12-16 15:22:46,645 - SIMU: 8 generation ended 0.857338747386
2016-12-16 15:22:56,187 - SIMU: 9 generation ended 0.506143495184
2016-12-16 15:23:06,277 - SIMU: 10 generation ended 0.999135480874
2016-12-16 15:23:16,703 - SIMU: 11 generation ended 0.62299768537
2016-12-16 15:23:27,140 - SIMU: 12 generation ended 0.76128389985
2016-12-16 15:23:36,836 - SIMU: 13 generation ended 0.526091544343
2016-12-16 15:23:46,891 - SIMU: 14 generation ended 0.651461784702
2016-12-16 15:23:57,085 - SIMU: 15 generation ended 0.792424984645
2016-12-16 15:24:07,515 - SIMU: 16 generation ended 0.92180955912
2016-12-16 15:24:18,487 - SIMU: 17 generation ended 0.708434920319
2016-12-16 15:24:27,999 - SIMU: 18 generation ended 0.108939998673
2016-12-16 15:24:37,367 - SIMU: 19 generation ended 0.27234986867
2016-12-16 15:24:37,374 - SIMU: SimulationFollowLightGen - applyVariation() : NEW RANDOM GENOME
2016-12-16 15:24:46,858 - SIMU: 20 generation ended 0.0565490489102
2016-12-16 15:24:57,973 - SIMU: 21 generation ended 0.0934497397041
2016-12-16 15:24:57,988 - SIMU: SimulationFollowLightGen - applyVariation() : NEW RANDOM GENOME
2016-12-16 15:25:07,553 - SIMU: 22 generation ended 0.0
2016-12-16 15:25:07,561 - SIMU: SimulationFollowLightGen - applyVariation() : NEW RANDOM GENOME
2016-12-16 15:25:16,528 - SIMU: 23 generation ended 0.0194192793
2016-12-16 15:25:26,034 - SIMU: 24 generation ended 0.56427607622
2016-12-16 15:25:36,832 - SIMU: 25 generation ended 1.0
2016-12-16 15:25:36,841 - SIMU: SimulationFollowLightGen - applyVariation() : NEW RANDOM GENOME
2016-12-16 15:25:46,597 - SIMU: 26 generation ended 0.195327674823
2016-12-16 15:25:55,506 - SIMU: 27 generation ended 0.788046816025
2016-12-16 15:26:05,948 - SIMU: 28 generation ended 0.58663028611
2016-12-16 15:26:15,782 - SIMU: 29 generation ended 0.697009120011
2016-12-16 15:26:15,788 - SIMU: SimulationFollowLightGen - applyVariation() : NEW RANDOM GENOME
2016-12-16 15:26:25,805 - SIMU: 30 generation ended 0.0343095987229
2016-12-16 15:26:36,117 - SIMU: 31 generation ended 0.575277486382
2016-12-16 15:26:46,327 - SIMU: 32 generation ended 0.545980639515
2016-12-16 15:26:57,377 - SIMU: 33 generation ended 0.413682566325
2016-12-16 15:27:07,122 - SIMU: 34 generation ended 0.641648389416
2016-12-16 15:27:16,883 - SIMU: 35 generation ended 0.523412419969
2016-12-16 15:27:27,016 - SIMU: 36 generation ended 0.998032194978
2016-12-16 15:27:37,186 - SIMU: 37 generation ended 0.998988946741
2016-12-16 15:27:47,418 - SIMU: 38 generation ended 0.935481513398
2016-12-16 15:27:57,330 - SIMU: 39 generation ended 0.773098060537
2016-12-16 15:28:07,987 - SIMU: 40 generation ended 0.690871585319
2016-12-16 15:28:17,916 - SIMU: 41 generation ended 0.0580857018599
2016-12-16 15:28:27,445 - SIMU: 42 generation ended 0.952094666102
2016-12-16 15:28:37,336 - SIMU: 43 generation ended 0.604693128178
2016-12-16 15:28:47,975 - SIMU: 44 generation ended 0.0814054113734
2016-12-16 15:28:57,791 - SIMU: 45 generation ended 0.765809851297
2016-12-16 15:29:07,674 - SIMU: 46 generation ended 0.834198670075
2016-12-16 15:29:17,208 - SIMU: 47 generation ended 0.718039830454
2016-12-16 15:29:27,383 - SIMU: 48 generation ended 0.602996372161
2016-12-16 15:29:38,690 - SIMU: 49 generation ended 0.530827112037
2016-12-16 15:29:48,460 - SIMU: 50 generation ended 0.805341749561
2016-12-16 15:29:58,359 - SIMU: 51 generation ended 0.763030572041
2016-12-16 15:30:08,859 - SIMU: 52 generation ended 0.922107336301
2016-12-16 15:30:18,815 - SIMU: 53 generation ended 0.933406230551
2016-12-16 15:30:29,260 - SIMU: 54 generation ended 0.999741359319
2016-12-16 15:30:39,655 - SIMU: 55 generation ended 1.0
2016-12-16 15:30:50,080 - SIMU: 56 generation ended 0.670193621708
2016-12-16 15:30:59,438 - SIMU: 57 generation ended 0.472356300861
2016-12-16 15:31:08,960 - SIMU: 58 generation ended 0.199118838013
2016-12-16 15:31:19,154 - SIMU: 59 generation ended 0.10564117277
2016-12-16 15:31:30,250 - SIMU: 60 generation ended 0.999698281628
2016-12-16 15:31:30,263 - ERROR: MainController - Request for sending com message while no simulation started.
2016-12-16 15:31:30,354 - SIMU: -------------------
2016-12-16 15:31:30,356 - SIMU: End :
2016-12-16 15:31:30,359 - SIMU: fitness_champion 0.999698281628
2016-12-16 15:31:30,360 - SIMU: champion [-7.66226009675867, 4.113084135943691, -16.73830492894901, -6.861869667699985, -5.3452953785524455, -6.540325520991477, 9.125645778884733, 3.763767401199757, 12.44733156242593, 10.343612634346185, 11.549123142319207, -11.292482194479685, 5.582376953913756, 14.603411930749461, 6.058794426493626, 9.986373055044876, 15.193861531622108, 4.7490066310702295]
2016-12-16 15:31:30,361 - SIMU: ======================================
2016-12-16 15:31:31,045 - ERROR: MainController - Request for sending com message while no simulation started.
2016-12-16 15:31:32,410 - ERROR: MainController - Request for sending com message while no simulation started.
2016-12-16 15:31:33,227 - ERROR: MainController - Request for sending com message while no simulation started.
2016-12-16 15:31:35,843 - ERROR: MainController - Request for sending com message while no simulation started.
2016-12-16 15:31:38,063 - ERROR: MainController - Request for sending com message while no simulation started.
2016-12-16 15:31:41,329 - ERROR: MainController - Request for sending com message while no simulation started.
