2016-12-15 20:38:20,930 - SIMU: ======================================
2016-12-15 20:38:20,931 - SIMU: === SimulationFollowLightGenOnline ===
2016-12-15 20:38:20,931 - SIMU: ======================================
2016-12-15 20:38:20,931 - SIMU: -------------------
2016-12-15 20:38:20,932 - SIMU: Parameters :
2016-12-15 20:38:20,932 - SIMU: N 30
2016-12-15 20:38:20,932 - SIMU: lifetime 60
2016-12-15 20:38:20,933 - SIMU: sleep 0.1
2016-12-15 20:38:20,933 - SIMU: Preevaluate 0.2
2016-12-15 20:38:20,933 - SIMU: sigma 1.0
2016-12-15 20:38:20,934 - SIMU: minSigma 0.1
2016-12-15 20:38:20,934 - SIMU: maxSigma 4.0
2016-12-15 20:38:20,934 - SIMU: -------------------
2016-12-15 20:38:20,935 - SIMU: Start :
2016-12-15 20:38:28,575 - SIMU: 1 champion_recovered
2016-12-15 20:38:37,336 - SIMU: 1 champion_reevaluated-1 1.94116264103
2016-12-15 20:38:46,422 - SIMU: 2 challenger_evaluated 0.394623776451
2016-12-15 20:38:54,229 - SIMU: 3 champion_recovered
2016-12-15 20:39:02,458 - SIMU: 3 champion_reevaluated-2 2.07936258716
2016-12-15 20:39:10,118 - SIMU: 4 champion_recovered
2016-12-15 20:39:18,773 - SIMU: 4 champion_reevaluated-3 2.30969583071
2016-12-15 20:39:27,723 - SIMU: 5 challenger_evaluated 0.0526949718118
2016-12-15 20:39:35,276 - SIMU: 6 champion_recovered
2016-12-15 20:39:44,179 - SIMU: 6 champion_reevaluated-4 2.21756253329
2016-12-15 20:39:52,853 - SIMU: 7 challenger_evaluated 4.96527280669
2016-12-15 20:39:52,854 - SIMU: 7 new_champion 2.21756253329 4.96527280669
2016-12-15 20:40:01,566 - SIMU: 8 challenger_evaluated 3.67987520597
2016-12-15 20:40:09,821 - SIMU: 9 challenger_evaluated 4.36340032904
2016-12-15 20:40:18,316 - SIMU: 10 challenger_evaluated 3.09649204916
2016-12-15 20:40:27,074 - SIMU: 11 challenger_evaluated 14.4888822064
2016-12-15 20:40:27,080 - SIMU: 11 new_champion 4.96527280669 14.4888822064
2016-12-15 20:40:34,667 - SIMU: 12 champion_recovered
2016-12-15 20:40:43,507 - SIMU: 12 champion_reevaluated-1 8.82214142776
2016-12-15 20:40:52,527 - SIMU: 13 challenger_evaluated 4.08195319582
2016-12-15 20:41:00,959 - SIMU: 14 challenger_evaluated 0.819565778866
2016-12-15 20:41:10,039 - SIMU: 15 challenger_evaluated 0.817224932617
2016-12-15 20:41:19,150 - SIMU: 16 challenger_evaluated 0.789117329007
2016-12-15 20:41:27,577 - SIMU: 17 challenger_evaluated 0.756751674965
2016-12-15 20:41:36,587 - SIMU: 18 challenger_evaluated 1.08934496843
2016-12-15 20:41:45,005 - SIMU: 19 challenger_evaluated 38.5963405746
2016-12-15 20:41:45,006 - SIMU: 19 new_champion 8.82214142776 38.5963405746
2016-12-15 20:41:52,907 - SIMU: 20 champion_recovered
2016-12-15 20:42:01,763 - SIMU: 20 champion_reevaluated-1 49.5761952287
2016-12-15 20:42:10,658 - SIMU: 21 challenger_evaluated 41.116734395
2016-12-15 20:42:19,485 - SIMU: 22 challenger_evaluated 54.2554000337
2016-12-15 20:42:19,486 - SIMU: 22 new_champion 49.5761952287 54.2554000337
2016-12-15 20:42:28,289 - SIMU: 23 challenger_evaluated 51.6645887401
2016-12-15 20:42:37,121 - SIMU: 24 challenger_evaluated 47.5411498389
2016-12-15 20:42:45,839 - SIMU: 25 challenger_evaluated 55.5094665596
2016-12-15 20:42:45,840 - SIMU: 25 new_champion 54.2554000337 55.5094665596
2016-12-15 20:42:54,333 - SIMU: 26 challenger_evaluated 55.1347208595
2016-12-15 20:43:02,296 - SIMU: 27 challenger_evaluated 54.8994190794
2016-12-15 20:43:10,058 - SIMU: 28 champion_recovered
2016-12-15 20:43:18,294 - SIMU: 28 champion_reevaluated-1 50.0322504581
2016-12-15 20:43:27,018 - SIMU: 29 challenger_evaluated 42.029386319
2016-12-15 20:43:35,850 - SIMU: 30 challenger_evaluated 39.8046114701
2016-12-15 20:43:35,954 - SIMU: -------------------
2016-12-15 20:43:35,955 - SIMU: End :
2016-12-15 20:43:35,957 - SIMU: fitness_champion 50.0322504581
2016-12-15 20:43:35,959 - SIMU: champion [-8.660952836557053, -0.6562588120673429, -1.7712829456936694, 0.9655761745796705, -10.649278860490451, 5.11132068078193, -8.176780888294628, -5.154574097173349, 6.759731937686854, 4.8966500632328644, -2.843926163356883, 5.368288286198724, 2.897432208528673, -11.970130727395626, -4.885217598322627, -3.004191805373397, 4.111802900102816, 5.217685819415069]
2016-12-15 20:43:35,960 - SIMU: ======================================
