2016-12-18 10:20:07,472 - SIMU: ======================================
2016-12-18 10:20:07,473 - SIMU: === SimulationFollowLightGenOnline ===
2016-12-18 10:20:07,473 - SIMU: ======================================
2016-12-18 10:20:07,473 - SIMU: -------------------
2016-12-18 10:20:07,473 - SIMU: Parameters :
2016-12-18 10:20:07,474 - SIMU: N 30
2016-12-18 10:20:07,474 - SIMU: lifetime 60
2016-12-18 10:20:07,474 - SIMU: sleep 0.1
2016-12-18 10:20:07,475 - SIMU: Preevaluate 0.2
2016-12-18 10:20:07,475 - SIMU: sigma 1.0
2016-12-18 10:20:07,475 - SIMU: minSigma 0.1
2016-12-18 10:20:07,476 - SIMU: maxSigma 4.0
2016-12-18 10:20:07,476 - SIMU: -------------------
2016-12-18 10:20:07,476 - SIMU: Start :
2016-12-18 10:20:15,088 - SIMU: 1 champion_recovered
2016-12-18 10:20:23,879 - SIMU: 1 champion_reevaluated-1 3.88091063107
2016-12-18 10:20:32,720 - SIMU: 2 challenger_evaluated 0.145696534991
2016-12-18 10:20:41,706 - SIMU: 3 challenger_evaluated 2.84020447998
2016-12-18 10:20:49,989 - SIMU: 4 challenger_evaluated 0.370485517885
2016-12-18 10:20:58,288 - SIMU: 5 challenger_evaluated 0.160600470338
2016-12-18 10:21:06,255 - SIMU: 6 champion_recovered
2016-12-18 10:21:15,187 - SIMU: 6 champion_reevaluated-2 3.79592237199
2016-12-18 10:21:24,118 - SIMU: 7 challenger_evaluated 18.0190597694
2016-12-18 10:21:24,121 - SIMU: 7 new_champion 3.79592237199 18.0190597694
2016-12-18 10:21:31,928 - SIMU: 8 champion_recovered
2016-12-18 10:21:40,478 - SIMU: 8 champion_reevaluated-1 15.9554323253
2016-12-18 10:21:48,140 - SIMU: 9 champion_recovered
2016-12-18 10:21:56,861 - SIMU: 9 champion_reevaluated-2 20.0826872135
2016-12-18 10:22:05,637 - SIMU: 10 challenger_evaluated 21.0516591183
2016-12-18 10:22:05,638 - SIMU: 10 new_champion 20.0826872135 21.0516591183
2016-12-18 10:22:14,547 - SIMU: 11 challenger_evaluated 25.3133785601
2016-12-18 10:22:14,548 - SIMU: 11 new_champion 21.0516591183 25.3133785601
2016-12-18 10:22:22,236 - SIMU: 12 champion_recovered
2016-12-18 10:22:31,397 - SIMU: 12 champion_reevaluated-1 25.4140380151
2016-12-18 10:22:40,497 - SIMU: 13 challenger_evaluated 25.0752872759
2016-12-18 10:22:48,501 - SIMU: 14 champion_recovered
2016-12-18 10:22:57,464 - SIMU: 14 champion_reevaluated-2 9.05190202634
2016-12-18 10:23:06,155 - SIMU: 15 challenger_evaluated 8.67987789379
2016-12-18 10:23:15,586 - SIMU: 16 challenger_evaluated 7.5612290649
2016-12-18 10:23:23,687 - SIMU: 17 challenger_evaluated 4.36319584061
2016-12-18 10:23:31,682 - SIMU: 18 champion_recovered
2016-12-18 10:23:40,444 - SIMU: 18 champion_reevaluated-3 29.7528256308
2016-12-18 10:23:49,882 - SIMU: 19 challenger_evaluated 6.43121330883
2016-12-18 10:23:58,933 - SIMU: 20 challenger_evaluated 3.58275854613
2016-12-18 10:24:07,593 - SIMU: 21 challenger_evaluated 1.56437407687
2016-12-18 10:24:16,464 - SIMU: 22 challenger_evaluated 3.11165300471
2016-12-18 10:24:25,473 - SIMU: 23 challenger_evaluated 5.41701228737
2016-12-18 10:24:34,465 - SIMU: 24 challenger_evaluated 1.97266945435
2016-12-18 10:24:43,626 - SIMU: 25 challenger_evaluated 1.35687301216e-06
2016-12-18 10:24:52,168 - SIMU: 26 challenger_evaluated 0.0497615403007
2016-12-18 10:25:01,016 - SIMU: 27 challenger_evaluated 3.6446528712
2016-12-18 10:25:09,062 - SIMU: 28 champion_recovered
2016-12-18 10:25:17,944 - SIMU: 28 champion_reevaluated-4 27.5331020954
2016-12-18 10:25:25,989 - SIMU: 29 champion_recovered
2016-12-18 10:25:34,996 - SIMU: 29 champion_reevaluated-5 24.573470715
2016-12-18 10:25:43,632 - SIMU: 30 challenger_evaluated 43.7327320899
2016-12-18 10:25:43,634 - SIMU: 30 new_champion 24.573470715 43.7327320899
2016-12-18 10:25:43,742 - SIMU: -------------------
2016-12-18 10:25:43,743 - SIMU: End :
2016-12-18 10:25:43,743 - SIMU: fitness_champion 43.7327320899
2016-12-18 10:25:43,744 - SIMU: champion [-5.463241427653184, -4.133966492307226, -4.762221933418266, -7.3015556069676455, 6.238644986028672, -0.4237301407669749, 3.614135104164461, -5.125714705384354, -7.712717032443031, -6.30590201186907, 12.160967440962713, -0.42822456066515824, -5.233895862310037, 4.18440507966265, -8.622725748866188, -3.001898883095105, -5.504258478009099, -1.2305595461554701]
2016-12-18 10:25:43,745 - SIMU: ======================================
