2016-12-16 21:11:33,760 - DEBUG: MainController - Running.
2016-12-16 21:11:33,761 - DEBUG: CommandsListener - Waiting on accept...
2016-12-16 21:11:57,840 - DEBUG: CommandsListener - Received command from (192.168.0.210, 39070)
2016-12-16 21:11:57,841 - DEBUG: CommandsListener - Receiving command...
2016-12-16 21:11:57,843 - DEBUG: CommandsListener - Received <Utils.Message instance at 0x76460710>
2016-12-16 21:11:57,844 - DEBUG: CommandsListener - Transmitting command 5 to controller.
2016-12-16 21:11:57,845 - DEBUG: MainController - Command 5 received.
2016-12-16 21:11:57,845 - DEBUG: CommandsListener - Waiting on accept...
2016-12-16 21:11:57,880 - DEBUG: MainController - Treating command : 5
2016-12-16 21:11:57,881 - DEBUG: MainController - Setting simulation...
2016-12-16 21:12:18,949 - DEBUG: CommandsListener - Received command from (192.168.0.210, 39078)
2016-12-16 21:12:18,950 - DEBUG: CommandsListener - Receiving command...
2016-12-16 21:12:18,951 - DEBUG: CommandsListener - Received <Utils.Message instance at 0x76462940>
2016-12-16 21:12:18,952 - DEBUG: CommandsListener - Transmitting command 0 to controller.
2016-12-16 21:12:18,953 - DEBUG: MainController - Command 0 received.
2016-12-16 21:12:18,953 - DEBUG: CommandsListener - Waiting on accept...
2016-12-16 21:12:18,999 - DEBUG: MainController - Treating command : 0
2016-12-16 21:12:19,000 - DEBUG: MainController - Loading simulation...
2016-12-16 21:12:19,001 - DEBUG: Params - Parsing configuration file.
2016-12-16 21:12:20,185 - CRITICAL: dbus.Array([dbus.String(u'thymio-II')], signature=dbus.Signature('s'))
2016-12-16 21:12:20,187 - DEBUG: ThymioController - Running.
2016-12-16 21:12:22,637 - SIMU: ======================================
2016-12-16 21:12:22,638 - SIMU: ====== SimulationFollowLightGenBis ======
2016-12-16 21:12:22,639 - SIMU: ======================================
2016-12-16 21:12:22,639 - SIMU: -------------------
2016-12-16 21:12:22,640 - SIMU: Parameters :
2016-12-16 21:12:22,641 - SIMU: duration 6000
2016-12-16 21:12:22,641 - SIMU: lifetime 60
2016-12-16 21:12:22,642 - SIMU: sleep 0.1
2016-12-16 21:12:22,643 - SIMU: windowSize 20
2016-12-16 21:12:22,643 - SIMU: probabilities pcopy pgauss prandom 0.4 0.4 0.2
2016-12-16 21:12:22,644 - SIMU: sigma 0.1
2016-12-16 21:12:22,645 - SIMU: -------------------
2016-12-16 21:12:22,645 - SIMU: Start :
2016-12-16 21:12:33,115 - SIMU: 0 generation ended 0.0
2016-12-16 21:12:43,645 - SIMU: 1 generation ended 0.316845459541
2016-12-16 21:12:53,853 - SIMU: 2 generation ended 0.140838301548
2016-12-16 21:13:03,934 - SIMU: 3 generation ended 0.11107756567
2016-12-16 21:13:15,672 - SIMU: 4 generation ended 0.0672444280164
2016-12-16 21:13:25,784 - SIMU: 5 generation ended 0.0436152842582
2016-12-16 21:13:25,799 - SIMU: SimulationFollowLightGen - applyVariation() : NEW RANDOM GENOME
2016-12-16 21:13:35,514 - SIMU: 6 generation ended 0.0
2016-12-16 21:13:45,374 - SIMU: 7 generation ended 0.0
2016-12-16 21:13:55,646 - SIMU: 8 generation ended 0.0269708924712
2016-12-16 21:14:06,072 - SIMU: 9 generation ended 0.0550173321073
2016-12-16 21:14:16,628 - SIMU: 10 generation ended 0.00995492437176
2016-12-16 21:14:27,099 - SIMU: 11 generation ended 0.0
2016-12-16 21:14:27,113 - SIMU: SimulationFollowLightGen - applyVariation() : NEW RANDOM GENOME
2016-12-16 21:14:37,552 - SIMU: 12 generation ended 0.0
2016-12-16 21:14:47,876 - SIMU: 13 generation ended 0.112509572715
2016-12-16 21:14:57,369 - SIMU: 14 generation ended 0.0
2016-12-16 21:15:06,882 - SIMU: 15 generation ended 0.0
2016-12-16 21:15:17,507 - SIMU: 16 generation ended 0.0
2016-12-16 21:15:28,078 - SIMU: 17 generation ended 0.0
2016-12-16 21:15:39,299 - SIMU: 18 generation ended 0.0
2016-12-16 21:15:39,324 - SIMU: SimulationFollowLightGen - applyVariation() : NEW RANDOM GENOME
2016-12-16 21:15:48,672 - SIMU: 19 generation ended 0.0
2016-12-16 21:15:48,678 - SIMU: SimulationFollowLightGen - applyVariation() : NEW RANDOM GENOME
2016-12-16 21:15:59,036 - SIMU: 20 generation ended 0.0
2016-12-16 21:15:59,040 - SIMU: SimulationFollowLightGen - applyVariation() : NEW RANDOM GENOME
2016-12-16 21:16:09,295 - SIMU: 21 generation ended 0.344940412921
2016-12-16 21:16:19,824 - SIMU: 22 generation ended 0.267214093414
2016-12-16 21:16:29,396 - SIMU: 23 generation ended 0.32483929662
2016-12-16 21:16:40,394 - SIMU: 24 generation ended 0.0123275832347
2016-12-16 21:16:40,478 - SIMU: SimulationFollowLightGen - applyVariation() : NEW RANDOM GENOME
2016-12-16 21:16:50,009 - SIMU: 25 generation ended 0.0
2016-12-16 21:17:00,806 - SIMU: 26 generation ended 0.0163578178564
2016-12-16 21:17:11,667 - SIMU: 27 generation ended 0.683875025684
2016-12-16 21:17:11,672 - SIMU: SimulationFollowLightGen - applyVariation() : NEW RANDOM GENOME
2016-12-16 21:17:21,698 - SIMU: 28 generation ended 0.053785811616
2016-12-16 21:17:21,704 - SIMU: SimulationFollowLightGen - applyVariation() : NEW RANDOM GENOME
2016-12-16 21:17:30,801 - SIMU: 29 generation ended 0.110903883645
2016-12-16 21:17:40,537 - SIMU: 30 generation ended 0.0847853206109
2016-12-16 21:17:50,212 - SIMU: 31 generation ended 0.449991293831
2016-12-16 21:17:59,712 - SIMU: 32 generation ended 0.0662247220837
2016-12-16 21:17:59,719 - SIMU: SimulationFollowLightGen - applyVariation() : NEW RANDOM GENOME
2016-12-16 21:18:09,310 - SIMU: 33 generation ended 0.149136052804
2016-12-16 21:18:19,000 - SIMU: 34 generation ended 0.861655492039
2016-12-16 21:18:28,588 - SIMU: 35 generation ended 0.701678807078
2016-12-16 21:18:38,190 - SIMU: 36 generation ended 0.916491984974
2016-12-16 21:18:47,546 - SIMU: 37 generation ended 0.0265080914392
2016-12-16 21:18:57,699 - SIMU: 38 generation ended 0.0
2016-12-16 21:18:57,778 - SIMU: SimulationFollowLightGen - applyVariation() : NEW RANDOM GENOME
2016-12-16 21:19:07,556 - SIMU: 39 generation ended 0.0
2016-12-16 21:19:17,767 - SIMU: 40 generation ended 0.548074766392
2016-12-16 21:19:27,327 - SIMU: 41 generation ended 0.0489564711009
2016-12-16 21:19:27,333 - SIMU: SimulationFollowLightGen - applyVariation() : NEW RANDOM GENOME
2016-12-16 21:19:37,375 - SIMU: 42 generation ended 0.0
2016-12-16 21:19:46,953 - SIMU: 43 generation ended 0.0
2016-12-16 21:19:56,848 - SIMU: 44 generation ended 0.0
2016-12-16 21:19:56,857 - SIMU: SimulationFollowLightGen - applyVariation() : NEW RANDOM GENOME
2016-12-16 21:20:06,529 - SIMU: 45 generation ended 0.0
2016-12-16 21:20:16,339 - SIMU: 46 generation ended 0.0597102677345
2016-12-16 21:20:26,609 - SIMU: 47 generation ended 0.0652906058036
2016-12-16 21:20:36,963 - SIMU: 48 generation ended 0.0504395993257
2016-12-16 21:20:47,900 - SIMU: 49 generation ended 0.0563757086873
2016-12-16 21:20:58,995 - SIMU: 50 generation ended 0.0
2016-12-16 21:21:09,327 - SIMU: 51 generation ended 0.584261212288
2016-12-16 21:21:18,638 - SIMU: 52 generation ended 0.595939668555
2016-12-16 21:21:29,101 - SIMU: 53 generation ended 0.660214784653
2016-12-16 21:21:38,922 - SIMU: 54 generation ended 0.0
2016-12-16 21:21:48,890 - SIMU: 55 generation ended 0.0
2016-12-16 21:21:58,689 - SIMU: 56 generation ended 0.0
2016-12-16 21:22:07,927 - SIMU: 57 generation ended 0.0851763668889
2016-12-16 21:22:19,086 - SIMU: 58 generation ended 0.0
2016-12-16 21:22:28,539 - SIMU: 59 generation ended 0.0680711824775
2016-12-16 21:22:38,518 - SIMU: 60 generation ended 0.0852968659314
2016-12-16 21:22:49,484 - SIMU: 61 generation ended 0.000187138862449
2016-12-16 21:23:00,500 - SIMU: 62 generation ended 0.84094090558
2016-12-16 21:23:10,849 - SIMU: 63 generation ended 0.341856373432
2016-12-16 21:23:21,638 - SIMU: 64 generation ended 0.79679076287
2016-12-16 21:23:31,967 - SIMU: 65 generation ended 0.80981454193
2016-12-16 21:23:42,664 - SIMU: 66 generation ended 0.0771571028269
2016-12-16 21:23:52,699 - SIMU: 67 generation ended 0.00142447169371
2016-12-16 21:24:02,816 - SIMU: 68 generation ended 0.411730802981
2016-12-16 21:24:13,788 - SIMU: 69 generation ended 0.265153231625
2016-12-16 21:24:23,669 - SIMU: 70 generation ended 0.0432484302377
2016-12-16 21:24:34,400 - SIMU: 71 generation ended 0.100895309954
2016-12-16 21:24:45,392 - SIMU: 72 generation ended 0.117921588286
2016-12-16 21:24:55,753 - SIMU: 73 generation ended 0.859843164324
2016-12-16 21:25:05,889 - SIMU: 74 generation ended 0.772445904997
2016-12-16 21:25:17,564 - SIMU: 75 generation ended 0.876594810319
2016-12-16 21:25:27,786 - SIMU: 76 generation ended 0.738714204334
2016-12-16 21:25:38,364 - SIMU: 77 generation ended 0.938200238272
2016-12-16 21:25:48,505 - SIMU: 78 generation ended 0.937969563246
2016-12-16 21:25:59,424 - SIMU: 79 generation ended 0.95242624702
2016-12-16 21:26:09,069 - SIMU: 80 generation ended 0.535130007447
2016-12-16 21:26:19,243 - SIMU: 81 generation ended 0.824200733386
2016-12-16 21:26:29,112 - SIMU: 82 generation ended 0.929670580033
2016-12-16 21:26:39,432 - SIMU: 83 generation ended 0.044233718479
2016-12-16 21:26:49,727 - SIMU: 84 generation ended 0.774886107067
2016-12-16 21:26:59,955 - SIMU: 85 generation ended 0.0
2016-12-16 21:27:10,346 - SIMU: 86 generation ended 0.525857306907
2016-12-16 21:27:20,325 - SIMU: 87 generation ended 0.80862348503
2016-12-16 21:27:30,544 - SIMU: 88 generation ended 0.0964400496621
2016-12-16 21:27:40,912 - SIMU: 89 generation ended 0.78117840577
2016-12-16 21:27:51,330 - SIMU: 90 generation ended 0.0886453264888
2016-12-16 21:28:02,187 - SIMU: 91 generation ended 0.100279669148
2016-12-16 21:28:12,227 - SIMU: 92 generation ended 0.0725353814658
2016-12-16 21:28:22,514 - SIMU: 93 generation ended 0.476594814853
2016-12-16 21:28:32,543 - SIMU: 94 generation ended 0.613777695215
2016-12-16 21:28:43,636 - SIMU: 95 generation ended 0.619445003089
2016-12-16 21:28:53,662 - SIMU: 96 generation ended 0.874271823514
2016-12-16 21:29:03,689 - SIMU: 97 generation ended 0.0
2016-12-16 21:29:15,018 - SIMU: 98 generation ended 0.706686539097
2016-12-16 21:29:25,311 - SIMU: 99 generation ended 0.417501568763
2016-12-16 21:29:35,906 - SIMU: 100 generation ended 0.73399994869
2016-12-16 21:29:36,034 - SIMU: -------------------
2016-12-16 21:29:36,035 - SIMU: End :
2016-12-16 21:29:36,036 - SIMU: fitness_champion 0.73399994869
2016-12-16 21:29:36,037 - SIMU: champion [0.8234144348271216, 0.3207819958178151, 0.1595943654739223, -2.0003211053136902, -1.0696864150587146, -0.10745471425078194, -0.6288215774059618, 0.4929785386874336, 0.805246675938879, 0.969272340444395, 1.1256612827510322, 1.1733594782876282, -1.0175363270064386, 0.12051203627793294, -0.060993504551474585, -0.2843717555416919, 0.7067083474324806, 1.4463926322032292]
2016-12-16 21:29:36,039 - SIMU: ======================================
2016-12-16 21:30:01,293 - ERROR: MainController - Request for simulation stop while no simulation started.
2016-12-16 21:30:07,912 - ERROR: MainController - Request for simulation stop while no simulation started.
