ROBOT 2
2016-12-17 00:07:05,967 - SIMU: ======================================
2016-12-17 00:07:05,969 - SIMU: ====== SimulationFollowLightGenBis ======
2016-12-17 00:07:05,969 - SIMU: ======================================
2016-12-17 00:07:05,970 - SIMU: -------------------
2016-12-17 00:07:05,970 - SIMU: Parameters :
2016-12-17 00:07:05,971 - SIMU: duration 3000
2016-12-17 00:07:05,972 - SIMU: lifetime 60
2016-12-17 00:07:05,972 - SIMU: sleep 0.1
2016-12-17 00:07:05,973 - SIMU: windowSize 20
2016-12-17 00:07:05,974 - SIMU: probabilities pcopy pgauss prandom 0.4 0.4 0.2
2016-12-17 00:07:05,974 - SIMU: sigma 0.1
2016-12-17 00:07:05,975 - SIMU: -------------------
2016-12-17 00:07:05,976 - SIMU: Start :
2016-12-17 00:07:15,437 - SIMU: 1 generation ended 0.515594183215
2016-12-17 00:07:25,066 - SIMU: 2 generation ended 0.147085037525
2016-12-17 00:07:34,503 - SIMU: 3 generation ended 0.00240200264567
2016-12-17 00:07:44,051 - SIMU: 4 generation ended 0.0956080188121
2016-12-17 00:07:54,088 - SIMU: 5 generation ended 0.134836198504
2016-12-17 00:08:03,814 - SIMU: 6 generation ended 0.563092773195
2016-12-17 00:08:13,651 - SIMU: 7 generation ended 0.268819616709
2016-12-17 00:08:23,826 - SIMU: 8 generation ended 0.266242090411
2016-12-17 00:08:34,721 - SIMU: 9 generation ended 0.504155326777
2016-12-17 00:08:44,458 - SIMU: 10 generation ended 0.328732560432
2016-12-17 00:08:55,051 - SIMU: 11 generation ended 0.48976022312
2016-12-17 00:09:04,771 - SIMU: 12 generation ended 0.536348364681
2016-12-17 00:09:14,451 - SIMU: 13 generation ended 0.200395908635
2016-12-17 00:09:23,995 - SIMU: 14 generation ended 0.297543907868
2016-12-17 00:09:23,999 - SIMU: SimulationFollowLightGen - applyVariation() : NEW RANDOM GENOME
2016-12-17 00:09:33,440 - SIMU: 15 generation ended 0.00550829273479
2016-12-17 00:09:43,377 - SIMU: 16 generation ended 0.507676466085
2016-12-17 00:09:52,965 - SIMU: 17 generation ended 0.289173305568
2016-12-17 00:09:52,970 - SIMU: SimulationFollowLightGen - applyVariation() : NEW RANDOM GENOME
2016-12-17 00:10:02,136 - SIMU: 18 generation ended 0.0
2016-12-17 00:10:12,443 - SIMU: 19 generation ended 0.363745840154
2016-12-17 00:10:23,912 - SIMU: 20 generation ended 0.344479094053
2016-12-17 00:10:33,550 - SIMU: 21 generation ended 0.0498408622702
2016-12-17 00:10:44,260 - SIMU: 22 generation ended 0.434206928444
2016-12-17 00:10:54,237 - SIMU: 23 generation ended 0.51602965446
2016-12-17 00:11:04,533 - SIMU: 24 generation ended 0.425898669037
2016-12-17 00:11:13,926 - SIMU: 25 generation ended 0.0418156300337
2016-12-17 00:11:23,221 - SIMU: 26 generation ended 0.0064543673826
2016-12-17 00:11:33,426 - SIMU: 27 generation ended 0.552020878483
2016-12-17 00:11:33,433 - SIMU: SimulationFollowLightGen - applyVariation() : NEW RANDOM GENOME
2016-12-17 00:11:43,705 - SIMU: 28 generation ended 0.0505416112515
2016-12-17 00:11:54,505 - SIMU: 29 generation ended 0.742870473099
2016-12-17 00:12:04,191 - SIMU: 30 generation ended 0.10951358119
2016-12-17 00:12:04,200 - SIMU: SimulationFollowLightGen - applyVariation() : NEW RANDOM GENOME
2016-12-17 00:12:14,413 - SIMU: 31 generation ended 0.0
2016-12-17 00:12:24,447 - SIMU: 32 generation ended 0.533440580204
2016-12-17 00:12:34,757 - SIMU: 33 generation ended 0.70567744287
2016-12-17 00:12:45,178 - SIMU: 34 generation ended 0.665208973674
2016-12-17 00:12:54,553 - SIMU: 35 generation ended 0.570153685091
2016-12-17 00:13:03,868 - SIMU: 36 generation ended 0.410646975895
2016-12-17 00:13:13,091 - SIMU: 37 generation ended 0.253385660232
2016-12-17 00:13:22,857 - SIMU: 38 generation ended 0.343209049263
2016-12-17 00:13:33,997 - SIMU: 39 generation ended 0.572165397607
2016-12-17 00:13:44,348 - SIMU: 40 generation ended 0.412365471165
2016-12-17 00:13:53,830 - SIMU: 41 generation ended 0.504867979339
2016-12-17 00:14:03,212 - SIMU: 42 generation ended 0.336634921594
2016-12-17 00:14:13,161 - SIMU: 43 generation ended 0.367581093029
2016-12-17 00:14:23,718 - SIMU: 44 generation ended 0.454738340501
2016-12-17 00:14:33,150 - SIMU: 45 generation ended 0.384006025712
2016-12-17 00:14:42,985 - SIMU: 46 generation ended 0.164279369769
2016-12-17 00:14:53,474 - SIMU: 47 generation ended 0.412024822418
2016-12-17 00:15:03,337 - SIMU: 48 generation ended 0.573046527864
2016-12-17 00:15:13,487 - SIMU: 49 generation ended 0.594678301359
2016-12-17 00:15:23,762 - SIMU: 50 generation ended 0.0165228739552
2016-12-17 00:15:33,707 - SIMU: 51 generation ended 0.453855891637
2016-12-17 00:15:43,476 - SIMU: 52 generation ended 0.456698070747
2016-12-17 00:15:53,672 - SIMU: 53 generation ended 0.332917347504
2016-12-17 00:16:04,600 - SIMU: 54 generation ended 0.391742432184
2016-12-17 00:16:14,443 - SIMU: 55 generation ended 0.530995190575
2016-12-17 00:16:23,562 - SIMU: 56 generation ended 0.362021077474
2016-12-17 00:16:33,568 - SIMU: 57 generation ended 0.707218590692
2016-12-17 00:16:43,714 - SIMU: 58 generation ended 0.482293373987
2016-12-17 00:16:53,208 - SIMU: 59 generation ended 0.28189998029
2016-12-17 00:17:03,548 - SIMU: 60 generation ended 0.385320448751
2016-12-17 00:17:03,663 - SIMU: -------------------
2016-12-17 00:17:03,664 - SIMU: End :
2016-12-17 00:17:03,665 - SIMU: fitness_champion 0.385320448751
2016-12-17 00:17:03,667 - SIMU: champion [0.1782428763149279, -0.05776163739389738, -0.2743336964389964, -1.3550631082730815, -0.48516885073918403, 0.15010437068628493, 0.9851500445253845, -0.1703891113415778, 0.8685713414687798, 0.7633019622274233, -1.0181243068124708, 0.03018002153426065, -0.33486127141859134, 1.3292087866040945, -0.8338502899063662, 1.9782945640564955, 0.017325189935479227, 1.2535202971811281]
2016-12-17 00:17:03,668 - SIMU: ======================================
ROBOT 3
2016-12-16 23:07:09,652 - SIMU: ======================================
2016-12-16 23:07:09,654 - SIMU: ====== SimulationFollowLightGenBis ======
2016-12-16 23:07:09,654 - SIMU: ======================================
2016-12-16 23:07:09,655 - SIMU: -------------------
2016-12-16 23:07:09,656 - SIMU: Parameters :
2016-12-16 23:07:09,657 - SIMU: duration 3000
2016-12-16 23:07:09,657 - SIMU: lifetime 60
2016-12-16 23:07:09,658 - SIMU: sleep 0.1
2016-12-16 23:07:09,658 - SIMU: windowSize 20
2016-12-16 23:07:09,659 - SIMU: probabilities pcopy pgauss prandom 0.4 0.4 0.2
2016-12-16 23:07:09,660 - SIMU: sigma 0.1
2016-12-16 23:07:09,660 - SIMU: -------------------
2016-12-16 23:07:09,661 - SIMU: Start :
2016-12-16 23:07:19,466 - SIMU: 1 generation ended 0.0
2016-12-16 23:07:30,127 - SIMU: 2 generation ended 0.233613871105
2016-12-16 23:07:39,881 - SIMU: 3 generation ended 0.0459324411029
2016-12-16 23:07:48,929 - SIMU: 4 generation ended 0.0173233739265
2016-12-16 23:07:48,940 - SIMU: SimulationFollowLightGen - applyVariation() : NEW RANDOM GENOME
2016-12-16 23:07:58,443 - SIMU: 5 generation ended 0.0
2016-12-16 23:08:07,451 - SIMU: 6 generation ended 0.654833684744
2016-12-16 23:08:16,920 - SIMU: 7 generation ended 0.0158162966288
2016-12-16 23:08:16,952 - SIMU: SimulationFollowLightGen - applyVariation() : NEW RANDOM GENOME
2016-12-16 23:08:26,357 - SIMU: 8 generation ended 0.0
2016-12-16 23:08:37,880 - SIMU: 9 generation ended 0.786865135213
2016-12-16 23:08:37,922 - SIMU: SimulationFollowLightGen - applyVariation() : NEW RANDOM GENOME
2016-12-16 23:08:47,485 - SIMU: 10 generation ended 0.0
2016-12-16 23:08:58,929 - SIMU: 11 generation ended 0.784260520176
2016-12-16 23:09:08,069 - SIMU: 12 generation ended 0.23875985871
2016-12-16 23:09:17,559 - SIMU: 13 generation ended 0.0446446004771
2016-12-16 23:09:26,993 - SIMU: 14 generation ended 0.518067305491
2016-12-16 23:09:37,095 - SIMU: 15 generation ended 0.62479349946
2016-12-16 23:09:37,107 - SIMU: SimulationFollowLightGen - applyVariation() : NEW RANDOM GENOME
2016-12-16 23:09:46,241 - SIMU: 16 generation ended 0.0
2016-12-16 23:09:55,356 - SIMU: 17 generation ended 0.55647021117
2016-12-16 23:10:05,002 - SIMU: 18 generation ended 0.410275223928
2016-12-16 23:10:15,198 - SIMU: 19 generation ended 0.552038991875
2016-12-16 23:10:15,204 - SIMU: SimulationFollowLightGen - applyVariation() : NEW RANDOM GENOME
2016-12-16 23:10:24,631 - SIMU: 20 generation ended 0.0
2016-12-16 23:10:34,325 - SIMU: 21 generation ended 0.492114559081
2016-12-16 23:10:44,660 - SIMU: 22 generation ended 0.540905465609
2016-12-16 23:10:53,481 - SIMU: 23 generation ended 0.0399129554096
2016-12-16 23:11:03,729 - SIMU: 24 generation ended 0.512970326429
2016-12-16 23:11:14,279 - SIMU: 25 generation ended 0.346637979571
2016-12-16 23:11:14,283 - SIMU: SimulationFollowLightGen - applyVariation() : NEW RANDOM GENOME
2016-12-16 23:11:26,032 - SIMU: 26 generation ended 0.0
2016-12-16 23:11:36,155 - SIMU: 27 generation ended 0.409192083021
2016-12-16 23:11:45,648 - SIMU: 28 generation ended 0.23620225382
2016-12-16 23:11:54,990 - SIMU: 29 generation ended 0.25247243621
2016-12-16 23:11:55,000 - SIMU: SimulationFollowLightGen - applyVariation() : NEW RANDOM GENOME
2016-12-16 23:12:04,681 - SIMU: 30 generation ended 3.26174785575e-05
2016-12-16 23:12:14,257 - SIMU: 31 generation ended 0.013214539813
2016-12-16 23:12:23,875 - SIMU: 32 generation ended 0.223755240851
2016-12-16 23:12:33,855 - SIMU: 33 generation ended 0.0408777334915
2016-12-16 23:12:43,894 - SIMU: 34 generation ended 0.508611795225
2016-12-16 23:12:53,439 - SIMU: 35 generation ended 0.394719330409
2016-12-16 23:13:02,879 - SIMU: 36 generation ended 0.27919735771
2016-12-16 23:13:12,640 - SIMU: 37 generation ended 0.373323542605
2016-12-16 23:13:23,164 - SIMU: 38 generation ended 0.41079791993
2016-12-16 23:13:33,002 - SIMU: 39 generation ended 0.431403996071
2016-12-16 23:13:42,557 - SIMU: 40 generation ended 0.343073788314
2016-12-16 23:13:52,263 - SIMU: 41 generation ended 0.374553119164
2016-12-16 23:14:01,053 - SIMU: 42 generation ended 0.246618560593
2016-12-16 23:14:10,664 - SIMU: 43 generation ended 0.28456102931
2016-12-16 23:14:20,272 - SIMU: 44 generation ended 0.143493872984
2016-12-16 23:14:29,938 - SIMU: 45 generation ended 0.272441066204
2016-12-16 23:14:40,720 - SIMU: 46 generation ended 0.230197700362
2016-12-16 23:14:50,196 - SIMU: 47 generation ended 0.470479108515
2016-12-16 23:14:59,503 - SIMU: 48 generation ended 0.55752950932
2016-12-16 23:15:10,517 - SIMU: 49 generation ended 0.549777787637
2016-12-16 23:15:20,412 - SIMU: 50 generation ended 0.624754886622
2016-12-16 23:15:29,878 - SIMU: 51 generation ended 0.519999381926
2016-12-16 23:15:39,990 - SIMU: 52 generation ended 0.545137732938
2016-12-16 23:15:49,216 - SIMU: 53 generation ended 0.336615126288
2016-12-16 23:15:59,185 - SIMU: 54 generation ended 0.424694656187
2016-12-16 23:16:09,799 - SIMU: 55 generation ended 0.402668559854
2016-12-16 23:16:18,925 - SIMU: 56 generation ended 0.618282247297
2016-12-16 23:16:28,406 - SIMU: 57 generation ended 0.332257126804
2016-12-16 23:16:38,130 - SIMU: 58 generation ended 0.51209440245
2016-12-16 23:16:47,840 - SIMU: 59 generation ended 0.394406181956
2016-12-16 23:16:57,741 - SIMU: 60 generation ended 0.507915620187
2016-12-16 23:16:57,873 - SIMU: -------------------
2016-12-16 23:16:57,874 - SIMU: End :
2016-12-16 23:16:57,875 - SIMU: fitness_champion 0.507915620187
2016-12-16 23:16:57,876 - SIMU: champion [0.2001003200189475, -0.13125553941506884, -0.25138172896178285, -1.2017225441351824, -0.43692832259815195, 0.6473191216292579, 0.6788883265982961, -0.23614963242771858, 0.7802127057159269, 0.9121337242102261, -1.1239198286377916, -0.15009955557283222, -0.4028758220123788, 1.3272810722657746, -0.627587340602793, 1.9426082066493426, 0.05261097017118026, 1.09333065393136]
2016-12-16 23:16:57,876 - SIMU: ======================================
ROBOT 4
2016-12-17 02:07:31,262 - SIMU: ======================================
2016-12-17 02:07:31,264 - SIMU: ====== SimulationFollowLightGenBis ======
2016-12-17 02:07:31,265 - SIMU: ======================================
2016-12-17 02:07:31,265 - SIMU: -------------------
2016-12-17 02:07:31,266 - SIMU: Parameters :
2016-12-17 02:07:31,267 - SIMU: duration 3000
2016-12-17 02:07:31,268 - SIMU: lifetime 60
2016-12-17 02:07:31,269 - SIMU: sleep 0.1
2016-12-17 02:07:31,270 - SIMU: windowSize 20
2016-12-17 02:07:31,271 - SIMU: probabilities pcopy pgauss prandom 0.4 0.4 0.2
2016-12-17 02:07:31,272 - SIMU: sigma 0.1
2016-12-17 02:07:31,273 - SIMU: -------------------
2016-12-17 02:07:31,274 - SIMU: Start :
2016-12-17 02:07:41,005 - SIMU: 1 generation ended 0.0
2016-12-17 02:07:50,904 - SIMU: 2 generation ended 0.506050088902
2016-12-17 02:08:00,398 - SIMU: 3 generation ended 0.225511822854
2016-12-17 02:08:10,936 - SIMU: 4 generation ended 0.638384265427
2016-12-17 02:08:20,658 - SIMU: 5 generation ended 0.680376405208
2016-12-17 02:08:31,986 - SIMU: 6 generation ended 0.694199626142
2016-12-17 02:08:42,743 - SIMU: 7 generation ended 0.518625638453
2016-12-17 02:08:42,752 - SIMU: SimulationFollowLightGen - applyVariation() : NEW RANDOM GENOME
2016-12-17 02:08:52,144 - SIMU: 8 generation ended 0.0
2016-12-17 02:09:02,334 - SIMU: 9 generation ended 0.673305686054
2016-12-17 02:09:11,566 - SIMU: 10 generation ended 0.0347300139818
2016-12-17 02:09:20,404 - SIMU: 11 generation ended 0.0392841522794
2016-12-17 02:09:29,970 - SIMU: 12 generation ended 0.627636920258
2016-12-17 02:09:39,903 - SIMU: 13 generation ended 0.475677614674
2016-12-17 02:09:50,385 - SIMU: 14 generation ended 0.546671376859
2016-12-17 02:09:50,389 - SIMU: SimulationFollowLightGen - applyVariation() : NEW RANDOM GENOME
2016-12-17 02:09:59,958 - SIMU: 15 generation ended 0.0
2016-12-17 02:10:10,363 - SIMU: 16 generation ended 0.470225323375
2016-12-17 02:10:10,375 - SIMU: SimulationFollowLightGen - applyVariation() : NEW RANDOM GENOME
2016-12-17 02:10:20,125 - SIMU: 17 generation ended 0.0
2016-12-17 02:10:30,819 - SIMU: 18 generation ended 0.537328980367
2016-12-17 02:10:40,949 - SIMU: 19 generation ended 0.524361393451
2016-12-17 02:10:50,622 - SIMU: 20 generation ended 0.273784352399
2016-12-17 02:11:00,036 - SIMU: 21 generation ended 0.556240449032
2016-12-17 02:11:09,602 - SIMU: 22 generation ended 0.338269663257
2016-12-17 02:11:19,366 - SIMU: 23 generation ended 0.280302357279
2016-12-17 02:11:29,782 - SIMU: 24 generation ended 0.56154925604
2016-12-17 02:11:41,898 - SIMU: 25 generation ended 0.40139595827
2016-12-17 02:11:52,291 - SIMU: 26 generation ended 0.300862278522
2016-12-17 02:12:02,669 - SIMU: 27 generation ended 0.263360029081
2016-12-17 02:12:12,586 - SIMU: 28 generation ended 0.515676423749
2016-12-17 02:12:22,569 - SIMU: 29 generation ended 0.227138513353
2016-12-17 02:12:32,071 - SIMU: 30 generation ended 0.295325009632
2016-12-17 02:12:41,534 - SIMU: 31 generation ended 0.46376810079
2016-12-17 02:12:50,854 - SIMU: 32 generation ended 0.0490635875295
2016-12-17 02:13:00,640 - SIMU: 33 generation ended 0.553421761753
2016-12-17 02:13:10,574 - SIMU: 34 generation ended 0.572096832683
2016-12-17 02:13:19,936 - SIMU: 35 generation ended 0.38150773311
2016-12-17 02:13:30,394 - SIMU: 36 generation ended 0.321610968015
2016-12-17 02:13:40,187 - SIMU: 37 generation ended 0.399733256461
2016-12-17 02:13:50,485 - SIMU: 38 generation ended 0.357315010952
2016-12-17 02:14:00,563 - SIMU: 39 generation ended 0.568071909405
2016-12-17 02:14:11,002 - SIMU: 40 generation ended 0.236194568462
2016-12-17 02:14:21,027 - SIMU: 41 generation ended 0.301212514693
2016-12-17 02:14:30,472 - SIMU: 42 generation ended 0.285422467429
2016-12-17 02:14:40,585 - SIMU: 43 generation ended 0.371535753355
2016-12-17 02:14:50,704 - SIMU: 44 generation ended 0.22047054435
2016-12-17 02:15:00,508 - SIMU: 45 generation ended 0.272379917847
2016-12-17 02:15:10,236 - SIMU: 46 generation ended 0.515167918405
2016-12-17 02:15:20,349 - SIMU: 47 generation ended 0.605912630802
2016-12-17 02:15:31,468 - SIMU: 48 generation ended 0.707078886238
2016-12-17 02:15:40,587 - SIMU: 49 generation ended 0.423613381051
2016-12-17 02:15:50,959 - SIMU: 50 generation ended 0.589008698807
2016-12-17 02:16:00,335 - SIMU: 51 generation ended 0.532871145334
2016-12-17 02:16:09,917 - SIMU: 52 generation ended 0.234160170729
2016-12-17 02:16:21,073 - SIMU: 53 generation ended 0.423591371961
2016-12-17 02:16:31,095 - SIMU: 54 generation ended 0.502765690698
2016-12-17 02:16:42,576 - SIMU: 55 generation ended 0.368450327452
2016-12-17 02:16:52,174 - SIMU: 56 generation ended 0.677119858262
2016-12-17 02:17:01,330 - SIMU: 57 generation ended 0.395235713575
2016-12-17 02:17:11,551 - SIMU: 58 generation ended 0.535658438407
2016-12-17 02:17:20,907 - SIMU: 59 generation ended 0.647101836314
2016-12-17 02:17:30,794 - SIMU: 60 generation ended 0.713840928703
2016-12-17 02:17:30,908 - SIMU: -------------------
2016-12-17 02:17:30,910 - SIMU: End :
2016-12-17 02:17:30,911 - SIMU: fitness_champion 0.713840928703
2016-12-17 02:17:30,912 - SIMU: champion [0.2957598446531487, -0.15209966093321048, -0.3388843409765218, -1.1081656642309958, -0.4880146996190999, 0.37989746060983715, 0.7764909804374991, -0.16394039004613872, 0.7942941980335665, 0.8124928094517633, -1.1098152592591648, -0.06363084366689273, -0.638289519582958, 1.2226355362143166, -0.8631294277468188, 1.794633695241558, -0.058659612572705744, 1.1958413394173903]
2016-12-17 02:17:30,913 - SIMU: ======================================
ROBOT 5
2016-12-16 16:07:51,831 - SIMU: ======================================
2016-12-16 16:07:51,832 - SIMU: ====== SimulationFollowLightGenBis ======
2016-12-16 16:07:51,833 - SIMU: ======================================
2016-12-16 16:07:51,833 - SIMU: -------------------
2016-12-16 16:07:51,834 - SIMU: Parameters :
2016-12-16 16:07:51,835 - SIMU: duration 3000
2016-12-16 16:07:51,835 - SIMU: lifetime 60
2016-12-16 16:07:51,836 - SIMU: sleep 0.1
2016-12-16 16:07:51,837 - SIMU: windowSize 20
2016-12-16 16:07:51,837 - SIMU: probabilities pcopy pgauss prandom 0.4 0.4 0.2
2016-12-16 16:07:51,838 - SIMU: sigma 0.1
2016-12-16 16:07:51,839 - SIMU: -------------------
2016-12-16 16:07:51,839 - SIMU: Start :
2016-12-16 16:08:02,007 - SIMU: 1 generation ended 0.0
2016-12-16 16:08:11,423 - SIMU: 2 generation ended 0.0
2016-12-16 16:08:21,682 - SIMU: 3 generation ended 0.609251588275
2016-12-16 16:08:21,686 - SIMU: SimulationFollowLightGen - applyVariation() : NEW RANDOM GENOME
2016-12-16 16:08:31,089 - SIMU: 4 generation ended 0.0
2016-12-16 16:08:40,917 - SIMU: 5 generation ended 0.533604409738
2016-12-16 16:08:50,487 - SIMU: 6 generation ended 0.0464438725429
2016-12-16 16:09:00,711 - SIMU: 7 generation ended 0.36398057513
2016-12-16 16:09:00,716 - SIMU: SimulationFollowLightGen - applyVariation() : NEW RANDOM GENOME
2016-12-16 16:09:10,560 - SIMU: 8 generation ended 0.0
2016-12-16 16:09:20,393 - SIMU: 9 generation ended 0.518625638453
2016-12-16 16:09:29,856 - SIMU: 10 generation ended 0.554822726186
2016-12-16 16:09:39,368 - SIMU: 11 generation ended 0.45512360873
2016-12-16 16:09:50,283 - SIMU: 12 generation ended 0.315345301983
2016-12-16 16:09:50,291 - SIMU: SimulationFollowLightGen - applyVariation() : NEW RANDOM GENOME
2016-12-16 16:10:00,836 - SIMU: 13 generation ended 0.0
2016-12-16 16:10:10,413 - SIMU: 14 generation ended 0.0495359284204
2016-12-16 16:10:21,271 - SIMU: 15 generation ended 0.393663733919
2016-12-16 16:10:21,278 - SIMU: SimulationFollowLightGen - applyVariation() : NEW RANDOM GENOME
2016-12-16 16:10:30,895 - SIMU: 16 generation ended 0.0
2016-12-16 16:10:40,524 - SIMU: 17 generation ended 0.15470876861
2016-12-16 16:10:50,454 - SIMU: 18 generation ended 0.525980273287
2016-12-16 16:11:01,480 - SIMU: 19 generation ended 0.386282927692
2016-12-16 16:11:10,980 - SIMU: 20 generation ended 0.303312934561
2016-12-16 16:11:20,101 - SIMU: 21 generation ended 0.305348649909
2016-12-16 16:11:31,171 - SIMU: 22 generation ended 0.258543456142
2016-12-16 16:11:40,641 - SIMU: 23 generation ended 0.173921728226
2016-12-16 16:11:50,984 - SIMU: 24 generation ended 0.557482338837
2016-12-16 16:12:00,377 - SIMU: 25 generation ended 0.223228296114
2016-12-16 16:12:00,384 - SIMU: SimulationFollowLightGen - applyVariation() : NEW RANDOM GENOME
2016-12-16 16:12:10,017 - SIMU: 26 generation ended 0.0
2016-12-16 16:12:20,366 - SIMU: 27 generation ended 0.114373615194
2016-12-16 16:12:20,379 - SIMU: SimulationFollowLightGen - applyVariation() : NEW RANDOM GENOME
2016-12-16 16:12:30,638 - SIMU: 28 generation ended 0.0
2016-12-16 16:12:30,645 - SIMU: SimulationFollowLightGen - applyVariation() : NEW RANDOM GENOME
2016-12-16 16:12:40,200 - SIMU: 29 generation ended 0.0440206604224
2016-12-16 16:12:49,533 - SIMU: 30 generation ended 0.438314311284
2016-12-16 16:12:59,185 - SIMU: 31 generation ended 0.364523555217
2016-12-16 16:13:08,871 - SIMU: 32 generation ended 0.467720880747
2016-12-16 16:13:18,911 - SIMU: 33 generation ended 0.617837080364
2016-12-16 16:13:29,429 - SIMU: 34 generation ended 0.644983206311
2016-12-16 16:13:39,573 - SIMU: 35 generation ended 0.220501049069
2016-12-16 16:13:48,983 - SIMU: 36 generation ended 0.437439628984
2016-12-16 16:13:58,886 - SIMU: 37 generation ended 0.496847976022
2016-12-16 16:14:08,548 - SIMU: 38 generation ended 0.136209456359
2016-12-16 16:14:18,706 - SIMU: 39 generation ended 0.533228935065
2016-12-16 16:14:28,120 - SIMU: 40 generation ended 0.621173012877
2016-12-16 16:14:37,836 - SIMU: 41 generation ended 0.430499141999
2016-12-16 16:14:48,768 - SIMU: 42 generation ended 0.216489323783
2016-12-16 16:14:58,626 - SIMU: 43 generation ended 0.303867632526
2016-12-16 16:15:07,965 - SIMU: 44 generation ended 0.269764332617
2016-12-16 16:15:17,951 - SIMU: 45 generation ended 0.235950490711
2016-12-16 16:15:27,722 - SIMU: 46 generation ended 0.357023742731
2016-12-16 16:15:37,670 - SIMU: 47 generation ended 0.291842380368
2016-12-16 16:15:46,798 - SIMU: 48 generation ended 0.371770106412
2016-12-16 16:15:56,528 - SIMU: 49 generation ended 0.340958481582
2016-12-16 16:16:06,516 - SIMU: 50 generation ended 0.193346958576
2016-12-16 16:16:16,252 - SIMU: 51 generation ended 0.400956174548
2016-12-16 16:16:26,314 - SIMU: 52 generation ended 0.355284938993
2016-12-16 16:16:35,834 - SIMU: 53 generation ended 0.41522861847
2016-12-16 16:16:45,490 - SIMU: 54 generation ended 0.380873362247
2016-12-16 16:16:54,698 - SIMU: 55 generation ended 0.325038955746
2016-12-16 16:17:04,154 - SIMU: 56 generation ended 0.324110177374
2016-12-16 16:17:14,367 - SIMU: 57 generation ended 0.154248302623
2016-12-16 16:17:23,912 - SIMU: 58 generation ended 0.0442294362433
2016-12-16 16:17:33,579 - SIMU: 59 generation ended 0.143252121805
2016-12-16 16:17:43,039 - SIMU: 60 generation ended 0.72942583637
2016-12-16 16:17:43,167 - SIMU: -------------------
2016-12-16 16:17:43,168 - SIMU: End :
2016-12-16 16:17:43,169 - SIMU: fitness_champion 0.72942583637
2016-12-16 16:17:43,170 - SIMU: champion [0.21648855479887158, -0.7352099426734292, -1.9047651195152353, -0.41319352626449013, -0.4123923552511042, 1.1462980855023708, -0.4943758396274979, -0.20146654850501267, 0.3916288689938169, 1.7599334032096705, -0.604762743122178, 0.195445333899954, -0.5731943954245399, 1.807209042564043, -0.20515682685654668, 0.90342020855407, 0.5805308567239064, 0.9196356302999563]
2016-12-16 16:17:43,171 - SIMU: ======================================
ROBOT 6
2016-12-17 03:07:42,143 - SIMU: ======================================
2016-12-17 03:07:42,145 - SIMU: ====== SimulationFollowLightGenBis ======
2016-12-17 03:07:42,145 - SIMU: ======================================
2016-12-17 03:07:42,146 - SIMU: -------------------
2016-12-17 03:07:42,146 - SIMU: Parameters :
2016-12-17 03:07:42,147 - SIMU: duration 3000
2016-12-17 03:07:42,148 - SIMU: lifetime 60
2016-12-17 03:07:42,148 - SIMU: sleep 0.1
2016-12-17 03:07:42,149 - SIMU: windowSize 20
2016-12-17 03:07:42,150 - SIMU: probabilities pcopy pgauss prandom 0.4 0.4 0.2
2016-12-17 03:07:42,150 - SIMU: sigma 0.1
2016-12-17 03:07:42,151 - SIMU: -------------------
2016-12-17 03:07:42,151 - SIMU: Start :
2016-12-17 03:07:52,142 - SIMU: 1 generation ended 0.0
2016-12-17 03:08:01,031 - SIMU: 2 generation ended 0.00336308639497
2016-12-17 03:08:09,848 - SIMU: 3 generation ended 0.640363568435
2016-12-17 03:08:09,862 - SIMU: SimulationFollowLightGen - applyVariation() : NEW RANDOM GENOME
2016-12-17 03:08:19,512 - SIMU: 4 generation ended 0.0296550722629
2016-12-17 03:08:29,001 - SIMU: 5 generation ended 0.424754598082
2016-12-17 03:08:38,509 - SIMU: 6 generation ended 0.149533369434
2016-12-17 03:08:48,548 - SIMU: 7 generation ended 0.0102373204094
2016-12-17 03:08:48,554 - SIMU: SimulationFollowLightGen - applyVariation() : NEW RANDOM GENOME
2016-12-17 03:08:58,180 - SIMU: 8 generation ended 0.0
2016-12-17 03:09:08,825 - SIMU: 9 generation ended 0.591923115987
2016-12-17 03:09:18,065 - SIMU: 10 generation ended 0.554335251215
2016-12-17 03:09:27,101 - SIMU: 11 generation ended 0.0326003232064
2016-12-17 03:09:27,107 - SIMU: SimulationFollowLightGen - applyVariation() : NEW RANDOM GENOME
2016-12-17 03:09:36,864 - SIMU: 12 generation ended 0.121623846107
2016-12-17 03:09:46,827 - SIMU: 13 generation ended 0.282692965139
2016-12-17 03:09:46,836 - SIMU: SimulationFollowLightGen - applyVariation() : NEW RANDOM GENOME
2016-12-17 03:09:56,553 - SIMU: 14 generation ended 0.12363608042
2016-12-17 03:09:56,559 - SIMU: SimulationFollowLightGen - applyVariation() : NEW RANDOM GENOME
2016-12-17 03:10:06,341 - SIMU: 15 generation ended 0.0
2016-12-17 03:10:15,687 - SIMU: 16 generation ended 0.208528653435
2016-12-17 03:10:25,278 - SIMU: 17 generation ended 0.376965400349
2016-12-17 03:10:35,439 - SIMU: 18 generation ended 0.516351974465
2016-12-17 03:10:45,501 - SIMU: 19 generation ended 0.241948840063
2016-12-17 03:10:54,902 - SIMU: 20 generation ended 0.0638145271484
2016-12-17 03:11:04,390 - SIMU: 21 generation ended 0.204150021858
2016-12-17 03:11:15,348 - SIMU: 22 generation ended 0.351877712578
2016-12-17 03:11:25,599 - SIMU: 23 generation ended 0.56305599722
2016-12-17 03:11:35,057 - SIMU: 24 generation ended 0.298237002485
2016-12-17 03:11:46,258 - SIMU: 25 generation ended 0.517377433672
2016-12-17 03:11:57,057 - SIMU: 26 generation ended 0.570471474061
2016-12-17 03:12:07,864 - SIMU: 27 generation ended 0.370656699859
2016-12-17 03:12:17,594 - SIMU: 28 generation ended 0.439781873727
2016-12-17 03:12:27,107 - SIMU: 29 generation ended 0.333580677118
2016-12-17 03:12:36,535 - SIMU: 30 generation ended 0.342989551938
2016-12-17 03:12:45,759 - SIMU: 31 generation ended 0.517903692032
2016-12-17 03:12:55,698 - SIMU: 32 generation ended 0.498828166958
2016-12-17 03:13:05,750 - SIMU: 33 generation ended 0.367804262423
2016-12-17 03:13:16,154 - SIMU: 34 generation ended 0.549568464061
2016-12-17 03:13:26,329 - SIMU: 35 generation ended 0.551475494602
2016-12-17 03:13:36,366 - SIMU: 36 generation ended 0.407541467985
2016-12-17 03:13:46,444 - SIMU: 37 generation ended 0.615762437938
2016-12-17 03:13:56,329 - SIMU: 38 generation ended 0.596811778565
2016-12-17 03:14:06,332 - SIMU: 39 generation ended 0.597382098667
2016-12-17 03:14:15,604 - SIMU: 40 generation ended 0.540124315691
2016-12-17 03:14:25,459 - SIMU: 41 generation ended 0.577651631558
2016-12-17 03:14:34,902 - SIMU: 42 generation ended 0.0133403955324
2016-12-17 03:14:44,102 - SIMU: 43 generation ended 0.437630812543
2016-12-17 03:14:53,648 - SIMU: 44 generation ended 0.402511799563
2016-12-17 03:15:03,086 - SIMU: 45 generation ended 0.398410049638
2016-12-17 03:15:13,249 - SIMU: 46 generation ended 0.495966147394
2016-12-17 03:15:23,140 - SIMU: 47 generation ended 0.573996756326
2016-12-17 03:15:33,104 - SIMU: 48 generation ended 0.418735964915
2016-12-17 03:15:42,900 - SIMU: 49 generation ended 0.111251540905
2016-12-17 03:15:52,999 - SIMU: 50 generation ended 0.432452317287
2016-12-17 03:16:02,905 - SIMU: 51 generation ended 0.185497147569
2016-12-17 03:16:12,085 - SIMU: 52 generation ended 0.44385859216
2016-12-17 03:16:22,180 - SIMU: 53 generation ended 0.287801779952
2016-12-17 03:16:32,235 - SIMU: 54 generation ended 0.463997067832
2016-12-17 03:16:42,577 - SIMU: 55 generation ended 0.564853620485
2016-12-17 03:16:51,505 - SIMU: 56 generation ended 0.513426294519
2016-12-17 03:17:00,913 - SIMU: 57 generation ended 0.517215568383
2016-12-17 03:17:11,309 - SIMU: 58 generation ended 0.315680421145
2016-12-17 03:17:20,950 - SIMU: 59 generation ended 0.53362123751
2016-12-17 03:17:30,479 - SIMU: 60 generation ended 0.182775922183
2016-12-17 03:17:30,581 - SIMU: -------------------
2016-12-17 03:17:30,582 - SIMU: End :
2016-12-17 03:17:30,583 - SIMU: fitness_champion 0.182775922183
2016-12-17 03:17:30,584 - SIMU: champion [0.2633813764144876, -1.0031683502567939, -1.9664035251283427, -0.31285092226091726, -0.4091618773787626, 1.0864455534074706, 0.018647179033385294, 0.10711210948772071, 0.3943252271278611, 1.6018606018934938, -0.6074406108841197, 0.029460202529132007, -0.43862705763460885, 1.5237296617204115, -0.14429037581857707, 0.8320055220876528, 0.3140460043945294, 0.9600060227361102]
2016-12-17 03:17:30,585 - SIMU: ======================================
ROBOT 7
2016-12-16 17:07:35,773 - SIMU: ======================================
2016-12-16 17:07:35,774 - SIMU: ====== SimulationFollowLightGenBis ======
2016-12-16 17:07:35,775 - SIMU: ======================================
2016-12-16 17:07:35,775 - SIMU: -------------------
2016-12-16 17:07:35,776 - SIMU: Parameters :
2016-12-16 17:07:35,777 - SIMU: duration 3000
2016-12-16 17:07:35,777 - SIMU: lifetime 60
2016-12-16 17:07:35,778 - SIMU: sleep 0.1
2016-12-16 17:07:35,779 - SIMU: windowSize 20
2016-12-16 17:07:35,779 - SIMU: probabilities pcopy pgauss prandom 0.4 0.4 0.2
2016-12-16 17:07:35,780 - SIMU: sigma 0.1
2016-12-16 17:07:35,781 - SIMU: -------------------
2016-12-16 17:07:35,781 - SIMU: Start :
2016-12-16 17:07:44,753 - SIMU: 1 generation ended 0.0
2016-12-16 17:07:53,795 - SIMU: 2 generation ended 0.165782216578
2016-12-16 17:07:53,828 - SIMU: SimulationFollowLightGen - applyVariation() : NEW RANDOM GENOME
2016-12-16 17:08:02,366 - SIMU: 3 generation ended 0.0
2016-12-16 17:08:10,967 - SIMU: 4 generation ended 0.605479307667
2016-12-16 17:08:19,912 - SIMU: 5 generation ended 0.0289029984872
2016-12-16 17:08:19,916 - SIMU: SimulationFollowLightGen - applyVariation() : NEW RANDOM GENOME
2016-12-16 17:08:28,821 - SIMU: 6 generation ended 0.135554103211
2016-12-16 17:08:37,955 - SIMU: 7 generation ended 0.0141108799262
2016-12-16 17:08:47,031 - SIMU: 8 generation ended 0.068073099902
2016-12-16 17:08:47,038 - SIMU: SimulationFollowLightGen - applyVariation() : NEW RANDOM GENOME
2016-12-16 17:08:56,075 - SIMU: 9 generation ended 0.0320909578784
2016-12-16 17:09:05,166 - SIMU: 10 generation ended 0.0353499812492
2016-12-16 17:09:13,450 - SIMU: 11 generation ended 0.63927495072
2016-12-16 17:09:22,294 - SIMU: 12 generation ended 0.52130426614
2016-12-16 17:09:31,476 - SIMU: 13 generation ended 0.567855672765
2016-12-16 17:09:40,473 - SIMU: 14 generation ended 0.496213617354
2016-12-16 17:09:40,477 - SIMU: SimulationFollowLightGen - applyVariation() : NEW RANDOM GENOME
2016-12-16 17:09:49,535 - SIMU: 15 generation ended 0.067891060338
2016-12-16 17:09:59,728 - SIMU: 16 generation ended 0.749906617254
2016-12-16 17:10:08,571 - SIMU: 17 generation ended 0.0813132060871
2016-12-16 17:10:17,985 - SIMU: 18 generation ended 0.507033989922
2016-12-16 17:10:26,715 - SIMU: 19 generation ended 0.0777405738293
2016-12-16 17:10:35,309 - SIMU: 20 generation ended 0.0078120214709
2016-12-16 17:10:35,315 - SIMU: SimulationFollowLightGen - applyVariation() : NEW RANDOM GENOME
2016-12-16 17:10:44,319 - SIMU: 21 generation ended 0.0356048549968
2016-12-16 17:10:53,538 - SIMU: 22 generation ended 0.373175383758
2016-12-16 17:10:53,568 - SIMU: SimulationFollowLightGen - applyVariation() : NEW RANDOM GENOME
2016-12-16 17:11:01,800 - SIMU: 23 generation ended 0.0
2016-12-16 17:11:10,857 - SIMU: 24 generation ended 0.0527305323118
2016-12-16 17:11:19,656 - SIMU: 25 generation ended 0.400501795859
2016-12-16 17:11:28,195 - SIMU: 26 generation ended 0.515328479239
2016-12-16 17:11:36,920 - SIMU: 27 generation ended 0.341191359567
2016-12-16 17:11:45,678 - SIMU: 28 generation ended 0.359660110177
2016-12-16 17:11:45,683 - SIMU: SimulationFollowLightGen - applyVariation() : NEW RANDOM GENOME
2016-12-16 17:11:54,408 - SIMU: 29 generation ended 0.0
2016-12-16 17:11:54,412 - SIMU: SimulationFollowLightGen - applyVariation() : NEW RANDOM GENOME
2016-12-16 17:12:02,750 - SIMU: 30 generation ended 0.0
2016-12-16 17:12:12,303 - SIMU: 31 generation ended 0.383013111803
2016-12-16 17:12:21,114 - SIMU: 32 generation ended 0.0769495991609
2016-12-16 17:12:30,256 - SIMU: 33 generation ended 0.235713884924
2016-12-16 17:12:39,090 - SIMU: 34 generation ended 0.40640335342
2016-12-16 17:12:48,021 - SIMU: 35 generation ended 0.312881033101
2016-12-16 17:12:56,743 - SIMU: 36 generation ended 0.125746231101
2016-12-16 17:13:05,409 - SIMU: 37 generation ended 0.453252839276
2016-12-16 17:13:14,126 - SIMU: 38 generation ended 0.56994516999
2016-12-16 17:13:22,961 - SIMU: 39 generation ended 0.11718880453
2016-12-16 17:13:32,015 - SIMU: 40 generation ended 0.630146772291
2016-12-16 17:13:40,815 - SIMU: 41 generation ended 0.702815228583
2016-12-16 17:13:49,683 - SIMU: 42 generation ended 0.588492885308
2016-12-16 17:13:58,268 - SIMU: 43 generation ended 0.334081979
2016-12-16 17:14:07,076 - SIMU: 44 generation ended 0.333921667748
2016-12-16 17:14:15,691 - SIMU: 45 generation ended 0.439349499554
2016-12-16 17:14:24,359 - SIMU: 46 generation ended 0.496158267007
2016-12-16 17:14:33,187 - SIMU: 47 generation ended 0.460562414435
2016-12-16 17:14:42,394 - SIMU: 48 generation ended 0.214733962059
2016-12-16 17:14:51,304 - SIMU: 49 generation ended 0.361903615711
2016-12-16 17:15:01,479 - SIMU: 50 generation ended 0.480662382803
2016-12-16 17:15:10,147 - SIMU: 51 generation ended 0.17502879888
2016-12-16 17:15:19,200 - SIMU: 52 generation ended 0.535902523459
2016-12-16 17:15:27,864 - SIMU: 53 generation ended 0.548368276812
2016-12-16 17:15:36,933 - SIMU: 54 generation ended 0.385406552477
2016-12-16 17:15:46,233 - SIMU: 55 generation ended 0.528123225229
2016-12-16 17:15:54,986 - SIMU: 56 generation ended 0.296342053989
2016-12-16 17:16:03,371 - SIMU: 57 generation ended 0.387567588803
2016-12-16 17:16:11,712 - SIMU: 58 generation ended 0.363809561902
2016-12-16 17:16:20,742 - SIMU: 59 generation ended 0.573994737489
2016-12-16 17:16:29,754 - SIMU: 60 generation ended 0.456863990353
2016-12-16 17:16:29,888 - SIMU: -------------------
2016-12-16 17:16:29,889 - SIMU: End :
2016-12-16 17:16:29,889 - SIMU: fitness_champion 0.456863990353
2016-12-16 17:16:29,890 - SIMU: champion [0.038239254998987365, -0.2090707497739035, -0.2854843562553152, -1.3088043423488882, -0.39815274218087077, 0.6513292372878416, 0.641722580836886, -0.13801707528582302, 0.638757959960248, 0.9072005622437364, -1.0437968219419986, 0.05887160783076728, -0.4230003519331123, 1.3160582367460272, -0.5539244232983705, 1.9854480249726807, 0.18771311908463437, 1.0022133503967323]
2016-12-16 17:16:29,891 - SIMU: ======================================
ROBOT 8
2016-12-16 15:12:20,525 - SIMU: ======================================
2016-12-16 15:12:20,527 - SIMU: ====== SimulationFollowLightGenBis ======
2016-12-16 15:12:20,527 - SIMU: ======================================
2016-12-16 15:12:20,528 - SIMU: -------------------
2016-12-16 15:12:20,529 - SIMU: Parameters :
2016-12-16 15:12:20,530 - SIMU: duration 3000
2016-12-16 15:12:20,530 - SIMU: lifetime 60
2016-12-16 15:12:20,531 - SIMU: sleep 0.1
2016-12-16 15:12:20,532 - SIMU: windowSize 20
2016-12-16 15:12:20,533 - SIMU: probabilities pcopy pgauss prandom 0.4 0.4 0.2
2016-12-16 15:12:20,534 - SIMU: sigma 0.1
2016-12-16 15:12:20,534 - SIMU: -------------------
2016-12-16 15:12:20,535 - SIMU: Start :
2016-12-16 15:12:29,845 - SIMU: 1 generation ended 0.0
2016-12-16 15:12:38,860 - SIMU: 2 generation ended 0.493660938592
2016-12-16 15:12:48,200 - SIMU: 3 generation ended 0.0211406008242
2016-12-16 15:12:58,682 - SIMU: 4 generation ended 0.687257804251
2016-12-16 15:13:07,740 - SIMU: 5 generation ended 0.0229567466441
2016-12-16 15:13:17,427 - SIMU: 6 generation ended 0.556476953849
2016-12-16 15:13:26,606 - SIMU: 7 generation ended 0.331113524411
2016-12-16 15:13:36,055 - SIMU: 8 generation ended 0.46952327584
2016-12-16 15:13:45,872 - SIMU: 9 generation ended 0.511814243116
2016-12-16 15:13:57,067 - SIMU: 10 generation ended 0.47941076045
2016-12-16 15:14:06,755 - SIMU: 11 generation ended 0.586947983013
2016-12-16 15:14:16,757 - SIMU: 12 generation ended 0.522643579984
2016-12-16 15:14:26,578 - SIMU: 13 generation ended 0.499578577653
2016-12-16 15:14:35,843 - SIMU: 14 generation ended 0.403860766722
2016-12-16 15:14:35,849 - SIMU: SimulationFollowLightGen - applyVariation() : NEW RANDOM GENOME
2016-12-16 15:14:45,465 - SIMU: 15 generation ended 0.0
2016-12-16 15:14:55,660 - SIMU: 16 generation ended 0.524113073215
2016-12-16 15:15:05,955 - SIMU: 17 generation ended 0.649822457441
2016-12-16 15:15:15,787 - SIMU: 18 generation ended 0.466609347005
2016-12-16 15:15:15,797 - SIMU: SimulationFollowLightGen - applyVariation() : NEW RANDOM GENOME
2016-12-16 15:15:25,575 - SIMU: 19 generation ended 0.0450139579241
2016-12-16 15:15:35,580 - SIMU: 20 generation ended 0.260499469216
2016-12-16 15:15:35,591 - SIMU: SimulationFollowLightGen - applyVariation() : NEW RANDOM GENOME
2016-12-16 15:15:44,429 - SIMU: 21 generation ended 0.0456176678163
2016-12-16 15:15:54,758 - SIMU: 22 generation ended 0.348533576709
2016-12-16 15:16:04,360 - SIMU: 23 generation ended 0.244053951512
2016-12-16 15:16:13,521 - SIMU: 24 generation ended 0.12642618195
2016-12-16 15:16:23,381 - SIMU: 25 generation ended 0.346025628602
2016-12-16 15:16:33,744 - SIMU: 26 generation ended 0.43649253873
2016-12-16 15:16:43,635 - SIMU: 27 generation ended 0.460753804096
2016-12-16 15:16:54,512 - SIMU: 28 generation ended 0.467221734369
2016-12-16 15:16:54,519 - SIMU: SimulationFollowLightGen - applyVariation() : NEW RANDOM GENOME
2016-12-16 15:17:04,536 - SIMU: 29 generation ended 0.0
2016-12-16 15:17:14,781 - SIMU: 30 generation ended 0.382024697459
2016-12-16 15:17:24,942 - SIMU: 31 generation ended 0.146910554003
2016-12-16 15:17:35,115 - SIMU: 32 generation ended 0.559709454002
2016-12-16 15:17:44,381 - SIMU: 33 generation ended 0.139372578595
2016-12-16 15:17:53,787 - SIMU: 34 generation ended 0.367277053697
2016-12-16 15:18:04,347 - SIMU: 35 generation ended 0.371034596617
2016-12-16 15:18:14,629 - SIMU: 36 generation ended 0.746697245608
2016-12-16 15:18:24,585 - SIMU: 37 generation ended 0.336092366312
2016-12-16 15:18:34,016 - SIMU: 38 generation ended 0.37668769508
2016-12-16 15:18:43,830 - SIMU: 39 generation ended 0.700396148327
2016-12-16 15:18:54,179 - SIMU: 40 generation ended 0.470823644142
2016-12-16 15:19:03,506 - SIMU: 41 generation ended 0.422153805965
2016-12-16 15:19:14,406 - SIMU: 42 generation ended 0.190363712017
2016-12-16 15:19:23,924 - SIMU: 43 generation ended 0.205533487298
2016-12-16 15:19:33,498 - SIMU: 44 generation ended 0.524425784558
2016-12-16 15:19:43,829 - SIMU: 45 generation ended 0.364236171737
2016-12-16 15:19:53,637 - SIMU: 46 generation ended 0.489915985249
2016-12-16 15:20:03,873 - SIMU: 47 generation ended 0.566729991015
2016-12-16 15:20:13,328 - SIMU: 48 generation ended 0.288396073708
2016-12-16 15:20:23,829 - SIMU: 49 generation ended 0.477696469949
2016-12-16 15:20:33,429 - SIMU: 50 generation ended 0.47235367245
2016-12-16 15:20:43,167 - SIMU: 51 generation ended 0.355811534036
2016-12-16 15:20:53,079 - SIMU: 52 generation ended 0.522205676525
2016-12-16 15:21:02,771 - SIMU: 53 generation ended 0.559092130401
2016-12-16 15:21:12,772 - SIMU: 54 generation ended 0.421871227166
2016-12-16 15:21:22,714 - SIMU: 55 generation ended 0.0589274180201
2016-12-16 15:21:32,144 - SIMU: 56 generation ended 0.371949732676
2016-12-16 15:21:41,807 - SIMU: 57 generation ended 0.419388837099
2016-12-16 15:21:51,565 - SIMU: 58 generation ended 0.688253595367
2016-12-16 15:22:01,140 - SIMU: 59 generation ended 0.348026045763
2016-12-16 15:22:10,611 - SIMU: 60 generation ended 0.732461952069
2016-12-16 15:22:10,728 - SIMU: -------------------
2016-12-16 15:22:10,731 - SIMU: End :
2016-12-16 15:22:10,733 - SIMU: fitness_champion 0.732461952069
2016-12-16 15:22:10,735 - SIMU: champion [0.4425739904114013, 0.020158107151380063, -0.44121097183675373, -1.0775809296869958, -0.44436509169468147, 0.4611043096077761, 0.8836594910791931, -0.21448293445039812, 0.7292728110191647, 0.8057739541525611, -1.401954982463963, -0.010633111153189476, -0.48805367288918833, 1.255170313118289, -1.11665709923169, 1.769314137766845, -0.08468848880952143, 1.0685411984124948]
2016-12-16 15:22:10,736 - SIMU: ======================================
ROBOT 9
2016-12-16 15:18:35,907 - SIMU: ======================================
2016-12-16 15:18:35,909 - SIMU: ====== SimulationFollowLightGenBis ======
2016-12-16 15:18:35,910 - SIMU: ======================================
2016-12-16 15:18:35,910 - SIMU: -------------------
2016-12-16 15:18:35,911 - SIMU: Parameters :
2016-12-16 15:18:35,912 - SIMU: duration 3000
2016-12-16 15:18:35,914 - SIMU: lifetime 60
2016-12-16 15:18:35,915 - SIMU: sleep 0.1
2016-12-16 15:18:35,916 - SIMU: windowSize 20
2016-12-16 15:18:35,919 - SIMU: probabilities pcopy pgauss prandom 0.4 0.4 0.2
2016-12-16 15:18:35,920 - SIMU: sigma 0.1
2016-12-16 15:18:35,922 - SIMU: -------------------
2016-12-16 15:18:35,923 - SIMU: Start :
2016-12-16 15:18:44,847 - SIMU: 1 generation ended 0.204039651173
2016-12-16 15:18:54,021 - SIMU: 2 generation ended 0.0517161424164
2016-12-16 15:19:02,842 - SIMU: 3 generation ended 0.0118051701448
2016-12-16 15:19:12,228 - SIMU: 4 generation ended 0.486275547828
2016-12-16 15:19:21,954 - SIMU: 5 generation ended 0.67822965865
2016-12-16 15:19:21,965 - SIMU: SimulationFollowLightGen - applyVariation() : NEW RANDOM GENOME
2016-12-16 15:19:31,679 - SIMU: 6 generation ended 0.284106812483
2016-12-16 15:19:41,391 - SIMU: 7 generation ended 0.615156250255
2016-12-16 15:19:50,831 - SIMU: 8 generation ended 0.0249160368602
2016-12-16 15:20:00,254 - SIMU: 9 generation ended 0.420635531583
2016-12-16 15:20:00,264 - SIMU: SimulationFollowLightGen - applyVariation() : NEW RANDOM GENOME
2016-12-16 15:20:08,792 - SIMU: 10 generation ended 0.0
2016-12-16 15:20:17,937 - SIMU: 11 generation ended 0.32296630187
2016-12-16 15:20:27,425 - SIMU: 12 generation ended 0.293763836647
2016-12-16 15:20:36,071 - SIMU: 13 generation ended 0.499072977316
2016-12-16 15:20:45,109 - SIMU: 14 generation ended 0.151606674808
2016-12-16 15:20:54,143 - SIMU: 15 generation ended 0.367780706036
2016-12-16 15:21:04,654 - SIMU: 16 generation ended 0.0224680071673
2016-12-16 15:21:14,457 - SIMU: 17 generation ended 0.58443368381
2016-12-16 15:21:14,466 - SIMU: SimulationFollowLightGen - applyVariation() : NEW RANDOM GENOME
2016-12-16 15:21:24,415 - SIMU: 18 generation ended 0.350121260773
2016-12-16 15:21:33,810 - SIMU: 19 generation ended 0.0782857305201
2016-12-16 15:21:42,799 - SIMU: 20 generation ended 0.4147584529
2016-12-16 15:21:42,802 - SIMU: SimulationFollowLightGen - applyVariation() : NEW RANDOM GENOME
2016-12-16 15:21:52,942 - SIMU: 21 generation ended 0.0
2016-12-16 15:22:02,004 - SIMU: 22 generation ended 0.183211443168
2016-12-16 15:22:11,365 - SIMU: 23 generation ended 0.339234269513
2016-12-16 15:22:20,388 - SIMU: 24 generation ended 0.569958339651
2016-12-16 15:22:30,025 - SIMU: 25 generation ended 0.356796292732
2016-12-16 15:22:39,160 - SIMU: 26 generation ended 0.471370766109
2016-12-16 15:22:48,600 - SIMU: 27 generation ended 0.269351284994
2016-12-16 15:22:58,060 - SIMU: 28 generation ended 0.312906411268
2016-12-16 15:23:07,835 - SIMU: 29 generation ended 0.488970493391
2016-12-16 15:23:17,392 - SIMU: 30 generation ended 0.675047314098
2016-12-16 15:23:25,917 - SIMU: 31 generation ended 0.45047452477
2016-12-16 15:23:35,850 - SIMU: 32 generation ended 0.621362566621
2016-12-16 15:23:44,907 - SIMU: 33 generation ended 0.516975115192
2016-12-16 15:23:54,514 - SIMU: 34 generation ended 0.436601980099
2016-12-16 15:24:03,759 - SIMU: 35 generation ended 0.577792260811
2016-12-16 15:24:12,908 - SIMU: 36 generation ended 0.461881392002
2016-12-16 15:24:21,771 - SIMU: 37 generation ended 0.423490128986
2016-12-16 15:24:31,754 - SIMU: 38 generation ended 0.494348894789
2016-12-16 15:24:41,054 - SIMU: 39 generation ended 0.324183315402
2016-12-16 15:24:50,228 - SIMU: 40 generation ended 0.275237275131
2016-12-16 15:24:59,940 - SIMU: 41 generation ended 0.356051509717
2016-12-16 15:25:09,424 - SIMU: 42 generation ended 0.406600804266
2016-12-16 15:25:18,738 - SIMU: 43 generation ended 0.39042046274
2016-12-16 15:25:29,148 - SIMU: 44 generation ended 0.398027334299
2016-12-16 15:25:37,852 - SIMU: 45 generation ended 0.552212822015
2016-12-16 15:25:47,005 - SIMU: 46 generation ended 0.33772215265
2016-12-16 15:25:56,282 - SIMU: 47 generation ended 0.488623235515
2016-12-16 15:26:05,666 - SIMU: 48 generation ended 0.424489578497
2016-12-16 15:26:15,143 - SIMU: 49 generation ended 0.396353040231
2016-12-16 15:26:24,851 - SIMU: 50 generation ended 0.31294266851
2016-12-16 15:26:34,001 - SIMU: 51 generation ended 0.572630875422
2016-12-16 15:26:43,284 - SIMU: 52 generation ended 0.418762924083
2016-12-16 15:26:53,304 - SIMU: 53 generation ended 0.40302815101
2016-12-16 15:27:02,452 - SIMU: 54 generation ended 0.359191896451
2016-12-16 15:27:11,689 - SIMU: 55 generation ended 0.270949101639
2016-12-16 15:27:20,997 - SIMU: 56 generation ended 0.301444932735
2016-12-16 15:27:30,751 - SIMU: 57 generation ended 0.432474622762
2016-12-16 15:27:40,954 - SIMU: 58 generation ended 0.565038147912
2016-12-16 15:27:49,988 - SIMU: 59 generation ended 0.656375510701
2016-12-16 15:27:59,786 - SIMU: 60 generation ended 0.508723788338
2016-12-16 15:27:59,896 - SIMU: -------------------
2016-12-16 15:27:59,898 - SIMU: End :
2016-12-16 15:27:59,898 - SIMU: fitness_champion 0.508723788338
2016-12-16 15:27:59,900 - SIMU: champion [0.13608116034698897, -0.3795239037330096, 0.06335642617193621, -1.3557427787782481, -0.16061584968091527, 0.5225374044324639, 0.6633234411002777, -0.17011451638957348, 0.8231641647024979, 0.7718087594296582, -1.1242097002568974, -0.0652415548610466, -0.49343954220312075, 1.391050370954309, -0.6704874895762969, 1.793695554347576, 0.130123432022884, 1.3899024018512198]
2016-12-16 15:27:59,900 - SIMU: ======================================
ROBOT 11
2016-12-16 15:16:03,047 - SIMU: ======================================
2016-12-16 15:16:03,048 - SIMU: ====== SimulationFollowLightGenBis ======
2016-12-16 15:16:03,049 - SIMU: ======================================
2016-12-16 15:16:03,049 - SIMU: -------------------
2016-12-16 15:16:03,050 - SIMU: Parameters :
2016-12-16 15:16:03,051 - SIMU: duration 3000
2016-12-16 15:16:03,051 - SIMU: lifetime 60
2016-12-16 15:16:03,052 - SIMU: sleep 0.1
2016-12-16 15:16:03,053 - SIMU: windowSize 20
2016-12-16 15:16:03,053 - SIMU: probabilities pcopy pgauss prandom 0.4 0.4 0.2
2016-12-16 15:16:03,054 - SIMU: sigma 0.1
2016-12-16 15:16:03,055 - SIMU: -------------------
2016-12-16 15:16:03,055 - SIMU: Start :
2016-12-16 15:16:12,934 - SIMU: 1 generation ended 0.0
2016-12-16 15:16:23,519 - SIMU: 2 generation ended 0.10755594391
2016-12-16 15:16:33,686 - SIMU: 3 generation ended 0.577188141954
2016-12-16 15:16:33,720 - SIMU: SimulationFollowLightGen - applyVariation() : NEW RANDOM GENOME
2016-12-16 15:16:43,112 - SIMU: 4 generation ended 0.0
2016-12-16 15:16:53,030 - SIMU: 5 generation ended 0.572202263995
2016-12-16 15:16:53,038 - SIMU: SimulationFollowLightGen - applyVariation() : NEW RANDOM GENOME
2016-12-16 15:17:02,279 - SIMU: 6 generation ended 0.00367248551846
2016-12-16 15:17:11,750 - SIMU: 7 generation ended 0.348749415663
2016-12-16 15:17:11,756 - SIMU: SimulationFollowLightGen - applyVariation() : NEW RANDOM GENOME
2016-12-16 15:17:23,140 - SIMU: 8 generation ended 0.0
2016-12-16 15:17:33,447 - SIMU: 9 generation ended 0.384281890566
2016-12-16 15:17:43,161 - SIMU: 10 generation ended 0.57723910545
2016-12-16 15:17:53,260 - SIMU: 11 generation ended 0.505201561073
2016-12-16 15:18:03,023 - SIMU: 12 generation ended 0.621383671471
2016-12-16 15:18:13,366 - SIMU: 13 generation ended 0.633506208246
2016-12-16 15:18:13,373 - SIMU: SimulationFollowLightGen - applyVariation() : NEW RANDOM GENOME
2016-12-16 15:18:23,073 - SIMU: 14 generation ended 0.290915532212
2016-12-16 15:18:32,594 - SIMU: 15 generation ended 0.174917782475
2016-12-16 15:18:43,554 - SIMU: 16 generation ended 0.3448680955
2016-12-16 15:18:53,406 - SIMU: 17 generation ended 0.522618968859
2016-12-16 15:19:02,785 - SIMU: 18 generation ended 0.390649414028
2016-12-16 15:19:14,167 - SIMU: 19 generation ended 0.54031026157
2016-12-16 15:19:24,022 - SIMU: 20 generation ended 0.14478376571
2016-12-16 15:19:24,028 - SIMU: SimulationFollowLightGen - applyVariation() : NEW RANDOM GENOME
2016-12-16 15:19:34,301 - SIMU: 21 generation ended 0.0
2016-12-16 15:19:43,939 - SIMU: 22 generation ended 0.538996244738
2016-12-16 15:19:54,178 - SIMU: 23 generation ended 0.461105068125
2016-12-16 15:20:03,464 - SIMU: 24 generation ended 0.334475711248
2016-12-16 15:20:13,677 - SIMU: 25 generation ended 0.351759957582
2016-12-16 15:20:23,831 - SIMU: 26 generation ended 0.463052099819
2016-12-16 15:20:33,042 - SIMU: 27 generation ended 0.231216670869
2016-12-16 15:20:42,618 - SIMU: 28 generation ended 0.305941952543
2016-12-16 15:20:52,908 - SIMU: 29 generation ended 0.425559638924
2016-12-16 15:21:03,236 - SIMU: 30 generation ended 0.519973991739
2016-12-16 15:21:12,667 - SIMU: 31 generation ended 0.376652248988
2016-12-16 15:21:22,215 - SIMU: 32 generation ended 0.244726958978
2016-12-16 15:21:31,331 - SIMU: 33 generation ended 0.39516041229
2016-12-16 15:21:41,027 - SIMU: 34 generation ended 0.70567744287
2016-12-16 15:21:50,172 - SIMU: 35 generation ended 0.353952320453
2016-12-16 15:22:00,047 - SIMU: 36 generation ended 0.188254114712
2016-12-16 15:22:10,305 - SIMU: 37 generation ended 0.231563440224
2016-12-16 15:22:19,149 - SIMU: 38 generation ended 0.250918493746
2016-12-16 15:22:29,076 - SIMU: 39 generation ended 0.27501380362
2016-12-16 15:22:38,731 - SIMU: 40 generation ended 0.355099096904
2016-12-16 15:22:49,247 - SIMU: 41 generation ended 0.488546636298
2016-12-16 15:22:58,788 - SIMU: 42 generation ended 0.102657988819
2016-12-16 15:23:08,427 - SIMU: 43 generation ended 0.510510388182
2016-12-16 15:23:18,196 - SIMU: 44 generation ended 0.498717175974
2016-12-16 15:23:28,365 - SIMU: 45 generation ended 0.520191021741
2016-12-16 15:23:38,269 - SIMU: 46 generation ended 0.566069329132
2016-12-16 15:23:48,308 - SIMU: 47 generation ended 0.372434799964
2016-12-16 15:23:58,079 - SIMU: 48 generation ended 0.424321811874
2016-12-16 15:24:08,313 - SIMU: 49 generation ended 0.442043221956
2016-12-16 15:24:18,135 - SIMU: 50 generation ended 0.378043853808
2016-12-16 15:24:28,285 - SIMU: 51 generation ended 0.48066399083
2016-12-16 15:24:37,943 - SIMU: 52 generation ended 0.592176534146
2016-12-16 15:24:48,034 - SIMU: 53 generation ended 0.334452493207
2016-12-16 15:24:58,480 - SIMU: 54 generation ended 0.495285866711
2016-12-16 15:25:08,716 - SIMU: 55 generation ended 0.496296470659
2016-12-16 15:25:18,191 - SIMU: 56 generation ended 0.417273357715
2016-12-16 15:25:29,226 - SIMU: 57 generation ended 0.543344593052
2016-12-16 15:25:39,409 - SIMU: 58 generation ended 0.49921082173
2016-12-16 15:25:49,689 - SIMU: 59 generation ended 0.477912391047
2016-12-16 15:25:59,737 - SIMU: 60 generation ended 0.65299125749
2016-12-16 15:25:59,848 - SIMU: -------------------
2016-12-16 15:25:59,852 - SIMU: End :
2016-12-16 15:25:59,854 - SIMU: fitness_champion 0.65299125749
2016-12-16 15:25:59,855 - SIMU: champion [0.20538487048563672, -0.02681503039142588, -0.22524574728457064, -1.2071773350624853, -0.5055378008357637, 0.4035365093268447, 0.6840923253461331, -0.16500709160452365, 1.0878729745503704, 0.8329658046427217, -1.2599953705211757, -0.0419785986075677, -0.6393478018002208, 1.1799365744856714, -0.7553995750667135, 1.823310753058351, 0.0009185711767193544, 1.1552311474397081]
2016-12-16 15:25:59,857 - SIMU: ======================================
