ROBOT 8
2016-12-16 16:08:20,534 - SIMU: ======================================
2016-12-16 16:08:20,536 - SIMU: ====== SimulationFollowLightGenBis ======
2016-12-16 16:08:20,536 - SIMU: ======================================
2016-12-16 16:08:20,537 - SIMU: -------------------
2016-12-16 16:08:20,538 - SIMU: Parameters :
2016-12-16 16:08:20,538 - SIMU: duration 3000
2016-12-16 16:08:20,539 - SIMU: lifetime 60
2016-12-16 16:08:20,540 - SIMU: sleep 0.1
2016-12-16 16:08:20,541 - SIMU: windowSize 20
2016-12-16 16:08:20,542 - SIMU: probabilities pcopy pgauss prandom 0.4 0.4 0.2
2016-12-16 16:08:20,542 - SIMU: sigma 0.1
2016-12-16 16:08:20,543 - SIMU: -------------------
2016-12-16 16:08:20,544 - SIMU: Start :
2016-12-16 16:08:30,945 - SIMU: 1 generation ended 0.530520564735
2016-12-16 16:08:40,105 - SIMU: 2 generation ended 0.0459764046548
2016-12-16 16:08:49,570 - SIMU: 3 generation ended 0.0
2016-12-16 16:08:58,840 - SIMU: 4 generation ended 0.133337890914
2016-12-16 16:09:08,184 - SIMU: 5 generation ended 0.000182495836242
2016-12-16 16:09:17,766 - SIMU: 6 generation ended 0.816751431976
2016-12-16 16:09:17,775 - SIMU: SimulationFollowLightGen - applyVariation() : NEW RANDOM GENOME
2016-12-16 16:09:26,787 - SIMU: 7 generation ended 0.0
2016-12-16 16:09:36,643 - SIMU: 8 generation ended 0.703242713294
2016-12-16 16:09:46,657 - SIMU: 9 generation ended 0.998400161891
2016-12-16 16:09:56,494 - SIMU: 10 generation ended 0.374787898589
2016-12-16 16:10:06,241 - SIMU: 11 generation ended 0.499650673883
2016-12-16 16:10:16,062 - SIMU: 12 generation ended 0.710365688219
2016-12-16 16:10:25,883 - SIMU: 13 generation ended 0.595595300263
2016-12-16 16:10:35,634 - SIMU: 14 generation ended 0.631976479421
2016-12-16 16:10:46,144 - SIMU: 15 generation ended 0.998944927224
2016-12-16 16:10:55,818 - SIMU: 16 generation ended 0.7446031323
2016-12-16 16:11:06,662 - SIMU: 17 generation ended 0.753494049671
2016-12-16 16:11:16,430 - SIMU: 18 generation ended 0.728802183485
2016-12-16 16:11:16,522 - SIMU: SimulationFollowLightGen - applyVariation() : NEW RANDOM GENOME
2016-12-16 16:11:26,237 - SIMU: 19 generation ended 0.331292424876
2016-12-16 16:11:35,486 - SIMU: 20 generation ended 0.57107433003
2016-12-16 16:11:35,551 - SIMU: SimulationFollowLightGen - applyVariation() : NEW RANDOM GENOME
2016-12-16 16:11:45,207 - SIMU: 21 generation ended 0.0
2016-12-16 16:11:54,241 - SIMU: 22 generation ended 0.136075357373
2016-12-16 16:12:04,673 - SIMU: 23 generation ended 0.878051637781
2016-12-16 16:12:14,511 - SIMU: 24 generation ended 0.999793179332
2016-12-16 16:12:23,776 - SIMU: 25 generation ended 0.611136041179
2016-12-16 16:12:23,787 - SIMU: SimulationFollowLightGen - applyVariation() : NEW RANDOM GENOME
2016-12-16 16:12:34,117 - SIMU: 26 generation ended 0.0
2016-12-16 16:12:43,914 - SIMU: 27 generation ended 0.630009759793
2016-12-16 16:12:54,676 - SIMU: 28 generation ended 0.623453964558
2016-12-16 16:13:04,427 - SIMU: 29 generation ended 1.0
2016-12-16 16:13:14,383 - SIMU: 30 generation ended 0.984279041485
2016-12-16 16:13:24,044 - SIMU: 31 generation ended 0.614622376134
2016-12-16 16:13:33,691 - SIMU: 32 generation ended 0.597651626455
2016-12-16 16:13:43,626 - SIMU: 33 generation ended 0.493271188583
2016-12-16 16:13:53,662 - SIMU: 34 generation ended 0.356470800787
2016-12-16 16:14:03,388 - SIMU: 35 generation ended 0.74566030124
2016-12-16 16:14:12,459 - SIMU: 36 generation ended 0.997991324839
2016-12-16 16:14:22,298 - SIMU: 37 generation ended 0.102749997042
2016-12-16 16:14:32,024 - SIMU: 38 generation ended 0.260719997982
2016-12-16 16:14:41,383 - SIMU: 39 generation ended 0.446257588957
2016-12-16 16:14:50,942 - SIMU: 40 generation ended 0.906236903257
2016-12-16 16:15:01,107 - SIMU: 41 generation ended 0.552801147248
2016-12-16 16:15:10,869 - SIMU: 42 generation ended 0.661109187659
2016-12-16 16:15:21,871 - SIMU: 43 generation ended 1.0
2016-12-16 16:15:32,190 - SIMU: 44 generation ended 0.677695257573
2016-12-16 16:15:42,444 - SIMU: 45 generation ended 0.770988560162
2016-12-16 16:15:52,950 - SIMU: 46 generation ended 0.558905740306
2016-12-16 16:16:02,767 - SIMU: 47 generation ended 0.756039298019
2016-12-16 16:16:12,281 - SIMU: 48 generation ended 0.636336190469
2016-12-16 16:16:22,335 - SIMU: 49 generation ended 0.528958023694
2016-12-16 16:16:32,734 - SIMU: 50 generation ended 0.542367884446
2016-12-16 16:16:41,983 - SIMU: 51 generation ended 0.85969212274
2016-12-16 16:16:52,018 - SIMU: 52 generation ended 0.999050339841
2016-12-16 16:17:01,549 - SIMU: 53 generation ended 0.898664624424
2016-12-16 16:17:10,976 - SIMU: 54 generation ended 0.735563366543
2016-12-16 16:17:19,948 - SIMU: 55 generation ended 0.566159764007
2016-12-16 16:17:29,292 - SIMU: 56 generation ended 0.774118197779
2016-12-16 16:17:39,454 - SIMU: 57 generation ended 0.617198440619
2016-12-16 16:17:48,882 - SIMU: 58 generation ended 0.813285808401
2016-12-16 16:17:58,878 - SIMU: 59 generation ended 0.755572445317
2016-12-16 16:18:08,722 - SIMU: 60 generation ended 0.109379883832
2016-12-16 16:18:08,833 - SIMU: -------------------
2016-12-16 16:18:08,834 - SIMU: End :
2016-12-16 16:18:08,835 - SIMU: fitness_champion 0.109379883832
2016-12-16 16:18:08,837 - SIMU: champion [-8.115332022249518, 3.3701456401574568, -17.689304808316216, -6.274275017380237, -4.8799225943605125, -6.769605944703385, 9.636460014902653, 4.432295765703657, 12.389005263274694, 9.753663113852271, 11.433090682459175, -9.940691077783697, 5.044820349086728, 13.793151886845619, 5.744590366927121, 8.878602445806777, 14.863280671547646, 3.471175790851523]
2016-12-16 16:18:08,838 - SIMU: ======================================
