ROBOT 2
2016-12-17 00:21:51,373 - SIMU: ======================================
2016-12-17 00:21:51,374 - SIMU: ====== SimulationFollowLightGenBis ======
2016-12-17 00:21:51,376 - SIMU: ======================================
2016-12-17 00:21:51,377 - SIMU: -------------------
2016-12-17 00:21:51,378 - SIMU: Parameters :
2016-12-17 00:21:51,379 - SIMU: duration 3000
2016-12-17 00:21:51,380 - SIMU: lifetime 60
2016-12-17 00:21:51,381 - SIMU: sleep 0.1
2016-12-17 00:21:51,383 - SIMU: windowSize 20
2016-12-17 00:21:51,385 - SIMU: probabilities pcopy pgauss prandom 0.4 0.4 0.2
2016-12-17 00:21:51,386 - SIMU: sigma 0.1
2016-12-17 00:21:51,388 - SIMU: -------------------
2016-12-17 00:21:51,389 - SIMU: Start :
2016-12-17 00:22:01,713 - SIMU: 1 generation ended 0.815226262101
2016-12-17 00:22:10,817 - SIMU: 2 generation ended 0.0
2016-12-17 00:22:21,158 - SIMU: 3 generation ended 0.884717262377
2016-12-17 00:22:21,165 - SIMU: SimulationFollowLightGen - applyVariation() : NEW RANDOM GENOME
2016-12-17 00:22:30,254 - SIMU: 4 generation ended 0.0779282544427
2016-12-17 00:22:40,399 - SIMU: 5 generation ended 0.979367409791
2016-12-17 00:22:51,000 - SIMU: 6 generation ended 0.710738007861
2016-12-17 00:23:00,286 - SIMU: 7 generation ended 0.780923189365
2016-12-17 00:23:11,092 - SIMU: 8 generation ended 0.998919351092
2016-12-17 00:23:21,108 - SIMU: 9 generation ended 0.526036840676
2016-12-17 00:23:31,475 - SIMU: 10 generation ended 0.492272527224
2016-12-17 00:23:41,445 - SIMU: 11 generation ended 0.350727234119
2016-12-17 00:23:52,264 - SIMU: 12 generation ended 1.0
2016-12-17 00:24:02,133 - SIMU: 13 generation ended 0.183498274462
2016-12-17 00:24:12,028 - SIMU: 14 generation ended 0.0973742824633
2016-12-17 00:24:22,229 - SIMU: 15 generation ended 0.11477012509
2016-12-17 00:24:32,226 - SIMU: 16 generation ended 0.438485493868
2016-12-17 00:24:42,373 - SIMU: 17 generation ended 0.66981501218
2016-12-17 00:24:51,895 - SIMU: 18 generation ended 0.570223469231
2016-12-17 00:24:51,902 - SIMU: SimulationFollowLightGen - applyVariation() : NEW RANDOM GENOME
2016-12-17 00:25:01,448 - SIMU: 19 generation ended 0.373595589086
2016-12-17 00:25:12,119 - SIMU: 20 generation ended 0.998916355544
2016-12-17 00:25:22,394 - SIMU: 21 generation ended 0.668968690462
2016-12-17 00:25:33,004 - SIMU: 22 generation ended 1.0
2016-12-17 00:25:43,261 - SIMU: 23 generation ended 0.655629101786
2016-12-17 00:25:52,989 - SIMU: 24 generation ended 0.521151621709
2016-12-17 00:26:03,360 - SIMU: 25 generation ended 0.822909988412
2016-12-17 00:26:13,081 - SIMU: 26 generation ended 0.580856800188
2016-12-17 00:26:23,871 - SIMU: 27 generation ended 0.251237402393
2016-12-17 00:26:33,810 - SIMU: 28 generation ended 0.871555853467
2016-12-17 00:26:44,575 - SIMU: 29 generation ended 0.380369099491
2016-12-17 00:26:54,723 - SIMU: 30 generation ended 0.567521360984
2016-12-17 00:27:06,416 - SIMU: 31 generation ended 0.998728891202
2016-12-17 00:27:17,125 - SIMU: 32 generation ended 1.0
2016-12-17 00:27:26,820 - SIMU: 33 generation ended 0.617285680102
2016-12-17 00:27:37,771 - SIMU: 34 generation ended 0.206489999993
2016-12-17 00:27:47,367 - SIMU: 35 generation ended 0.620558094092
2016-12-17 00:27:58,091 - SIMU: 36 generation ended 0.932342784407
2016-12-17 00:28:08,058 - SIMU: 37 generation ended 0.747792912799
2016-12-17 00:28:18,181 - SIMU: 38 generation ended 0.206907421311
2016-12-17 00:28:29,112 - SIMU: 39 generation ended 0.999232793748
2016-12-17 00:28:39,793 - SIMU: 40 generation ended 0.999471191875
2016-12-17 00:28:50,033 - SIMU: 41 generation ended 0.999813757073
2016-12-17 00:29:01,148 - SIMU: 42 generation ended 0.926894080275
2016-12-17 00:29:11,187 - SIMU: 43 generation ended 0.986478420222
2016-12-17 00:29:21,328 - SIMU: 44 generation ended 0.484644465055
2016-12-17 00:29:31,346 - SIMU: 45 generation ended 0.517691653087
2016-12-17 00:29:42,428 - SIMU: 46 generation ended 0.56067632277
2016-12-17 00:29:52,924 - SIMU: 47 generation ended 0.0838835690308
2016-12-17 00:30:04,649 - SIMU: 48 generation ended 0.753007093606
2016-12-17 00:30:14,728 - SIMU: 49 generation ended 0.186964797183
2016-12-17 00:30:25,120 - SIMU: 50 generation ended 0.999999980436
2016-12-17 00:30:34,478 - SIMU: 51 generation ended 0.795372592795
2016-12-17 00:30:44,251 - SIMU: 52 generation ended 0.892102761708
2016-12-17 00:30:54,197 - SIMU: 53 generation ended 0.577671551532
2016-12-17 00:31:05,022 - SIMU: 54 generation ended 0.425079757913
2016-12-17 00:31:14,699 - SIMU: 55 generation ended 0.120289715663
2016-12-17 00:31:23,869 - SIMU: 56 generation ended 0.760949784867
2016-12-17 00:31:33,850 - SIMU: 57 generation ended 0.0684372544211
2016-12-17 00:31:43,828 - SIMU: 58 generation ended 0.741706406113
2016-12-17 00:31:54,039 - SIMU: 59 generation ended 0.9997349782
2016-12-17 00:32:04,902 - SIMU: 60 generation ended 1.0
2016-12-17 00:32:05,006 - SIMU: -------------------
2016-12-17 00:32:05,008 - SIMU: End :
2016-12-17 00:32:05,009 - SIMU: fitness_champion 1.0
2016-12-17 00:32:05,011 - SIMU: champion [-7.688817848019103, 4.214895841219169, -16.927547585180047, -6.8207252370674505, -5.272447211589255, -6.326257522126015, 9.056310137621871, 3.702947140137181, 12.518951746495702, 10.313547590250414, 11.452487975571083, -11.45755721054381, 5.497776048963929, 14.627157619828651, 6.027767989270921, 10.059026549240341, 15.107155595083826, 4.46402345475329]
2016-12-17 00:32:05,014 - SIMU: ======================================
ROBOT 3
2016-12-16 23:21:41,656 - SIMU: ======================================
2016-12-16 23:21:41,657 - SIMU: ====== SimulationFollowLightGenBis ======
2016-12-16 23:21:41,658 - SIMU: ======================================
2016-12-16 23:21:41,659 - SIMU: -------------------
2016-12-16 23:21:41,659 - SIMU: Parameters :
2016-12-16 23:21:41,660 - SIMU: duration 3000
2016-12-16 23:21:41,660 - SIMU: lifetime 60
2016-12-16 23:21:41,661 - SIMU: sleep 0.1
2016-12-16 23:21:41,662 - SIMU: windowSize 20
2016-12-16 23:21:41,662 - SIMU: probabilities pcopy pgauss prandom 0.4 0.4 0.2
2016-12-16 23:21:41,663 - SIMU: sigma 0.1
2016-12-16 23:21:41,664 - SIMU: -------------------
2016-12-16 23:21:41,664 - SIMU: Start :
2016-12-16 23:21:51,268 - SIMU: 1 generation ended 0.0
2016-12-16 23:22:00,656 - SIMU: 2 generation ended 0.00837849427254
2016-12-16 23:22:10,860 - SIMU: 3 generation ended 0.941982880189
2016-12-16 23:22:20,519 - SIMU: 4 generation ended 0.466543812382
2016-12-16 23:22:20,524 - SIMU: SimulationFollowLightGen - applyVariation() : NEW RANDOM GENOME
2016-12-16 23:22:30,247 - SIMU: 5 generation ended 0.0
2016-12-16 23:22:39,425 - SIMU: 6 generation ended 0.61436757499
2016-12-16 23:22:49,770 - SIMU: 7 generation ended 0.652015500556
2016-12-16 23:22:59,696 - SIMU: 8 generation ended 0.0115914789408
2016-12-16 23:23:10,022 - SIMU: 9 generation ended 0.269444520377
2016-12-16 23:23:20,088 - SIMU: 10 generation ended 0.668225995659
2016-12-16 23:23:20,097 - SIMU: SimulationFollowLightGen - applyVariation() : NEW RANDOM GENOME
2016-12-16 23:23:29,578 - SIMU: 11 generation ended 0.0
2016-12-16 23:23:39,647 - SIMU: 12 generation ended 0.99901329762
2016-12-16 23:23:50,244 - SIMU: 13 generation ended 0.937832487667
2016-12-16 23:23:59,530 - SIMU: 14 generation ended 0.603125495973
2016-12-16 23:24:10,059 - SIMU: 15 generation ended 0.799384998973
2016-12-16 23:24:19,739 - SIMU: 16 generation ended 0.998939559172
2016-12-16 23:24:19,747 - SIMU: SimulationFollowLightGen - applyVariation() : NEW RANDOM GENOME
2016-12-16 23:24:29,580 - SIMU: 17 generation ended 0.0
2016-12-16 23:24:29,586 - SIMU: SimulationFollowLightGen - applyVariation() : NEW RANDOM GENOME
2016-12-16 23:24:39,664 - SIMU: 18 generation ended 0.331168400357
2016-12-16 23:24:49,620 - SIMU: 19 generation ended 0.389027152286
2016-12-16 23:24:59,552 - SIMU: 20 generation ended 0.999650797824
2016-12-16 23:25:09,176 - SIMU: 21 generation ended 0.52787139654
2016-12-16 23:25:18,651 - SIMU: 22 generation ended 0.998142959751
2016-12-16 23:25:28,739 - SIMU: 23 generation ended 0.597403274968
2016-12-16 23:25:38,801 - SIMU: 24 generation ended 0.517324421647
2016-12-16 23:25:48,465 - SIMU: 25 generation ended 0.509502051467
2016-12-16 23:25:58,096 - SIMU: 26 generation ended 0.732289098319
2016-12-16 23:26:08,315 - SIMU: 27 generation ended 0.746467690893
2016-12-16 23:26:17,999 - SIMU: 28 generation ended 0.153989999609
2016-12-16 23:26:28,397 - SIMU: 29 generation ended 0.15114347993
2016-12-16 23:26:36,974 - SIMU: 30 generation ended 0.276698737066
2016-12-16 23:26:47,170 - SIMU: 31 generation ended 0.758552400472
2016-12-16 23:26:56,867 - SIMU: 32 generation ended 0.478639886088
2016-12-16 23:27:07,422 - SIMU: 33 generation ended 0.975554091635
2016-12-16 23:27:16,391 - SIMU: 34 generation ended 0.748869590128
2016-12-16 23:27:26,156 - SIMU: 35 generation ended 0.998203245287
2016-12-16 23:27:36,406 - SIMU: 36 generation ended 0.467194400771
2016-12-16 23:27:46,207 - SIMU: 37 generation ended 0.587814764943
2016-12-16 23:27:55,638 - SIMU: 38 generation ended 0.999633648804
2016-12-16 23:28:05,405 - SIMU: 39 generation ended 0.515121554391
2016-12-16 23:28:14,297 - SIMU: 40 generation ended 0.996837352873
2016-12-16 23:28:24,031 - SIMU: 41 generation ended 0.999767196342
2016-12-16 23:28:33,837 - SIMU: 42 generation ended 0.972225492194
2016-12-16 23:28:44,180 - SIMU: 43 generation ended 0.563946210073
2016-12-16 23:28:53,518 - SIMU: 44 generation ended 0.215572158736
2016-12-16 23:29:02,716 - SIMU: 45 generation ended 0.0466335538742
2016-12-16 23:29:13,263 - SIMU: 46 generation ended 0.673279467475
2016-12-16 23:29:22,952 - SIMU: 47 generation ended 0.945997109971
2016-12-16 23:29:32,969 - SIMU: 48 generation ended 0.527755565982
2016-12-16 23:29:42,417 - SIMU: 49 generation ended 0.861308068391
2016-12-16 23:29:51,916 - SIMU: 50 generation ended 0.714739798383
2016-12-16 23:30:02,046 - SIMU: 51 generation ended 0.0395593985245
2016-12-16 23:30:12,268 - SIMU: 52 generation ended 0.723007633074
2016-12-16 23:30:21,836 - SIMU: 53 generation ended 0.0636599991636
2016-12-16 23:30:31,303 - SIMU: 54 generation ended 0.0607399994062
2016-12-16 23:30:41,055 - SIMU: 55 generation ended 0.662208181409
2016-12-16 23:30:50,538 - SIMU: 56 generation ended 0.638465672454
2016-12-16 23:30:59,344 - SIMU: 57 generation ended 0.0
2016-12-16 23:31:09,268 - SIMU: 58 generation ended 0.955871950069
2016-12-16 23:31:18,897 - SIMU: 59 generation ended 0.274126259949
2016-12-16 23:31:29,856 - SIMU: 60 generation ended 0.908389195265
2016-12-16 23:31:29,935 - ERROR: MainController - Request for sending com message while no simulation started.
2016-12-16 23:31:29,959 - SIMU: -------------------
2016-12-16 23:31:29,960 - SIMU: End :
2016-12-16 23:31:29,961 - SIMU: fitness_champion 0.908389195265
2016-12-16 23:31:29,963 - SIMU: champion [-7.395701778651121, 4.200753526522889, -17.721636819757247, -6.708890610605468, -5.115002496173916, -5.9171155926738495, 9.160003900694335, 3.7632911261701505, 12.38782615950687, 10.6038972053039, 10.859815533403115, -11.249182152456457, 5.254980124090796, 13.924017827521503, 5.4057261836490005, 10.210382298454663, 14.421317190232104, 4.641312330924614]
2016-12-16 23:31:29,964 - SIMU: ======================================
ROBOT 4
2016-12-17 02:21:30,793 - SIMU: ======================================
2016-12-17 02:21:30,795 - SIMU: ====== SimulationFollowLightGenBis ======
2016-12-17 02:21:30,796 - SIMU: ======================================
2016-12-17 02:21:30,797 - SIMU: -------------------
2016-12-17 02:21:30,798 - SIMU: Parameters :
2016-12-17 02:21:30,799 - SIMU: duration 3000
2016-12-17 02:21:30,801 - SIMU: lifetime 60
2016-12-17 02:21:30,802 - SIMU: sleep 0.1
2016-12-17 02:21:30,803 - SIMU: windowSize 20
2016-12-17 02:21:30,804 - SIMU: probabilities pcopy pgauss prandom 0.4 0.4 0.2
2016-12-17 02:21:30,805 - SIMU: sigma 0.1
2016-12-17 02:21:30,807 - SIMU: -------------------
2016-12-17 02:21:30,808 - SIMU: Start :
2016-12-17 02:21:41,381 - SIMU: 1 generation ended 0.0
2016-12-17 02:21:51,678 - SIMU: 2 generation ended 0.83254506426
2016-12-17 02:22:01,489 - SIMU: 3 generation ended 0.274581943854
2016-12-17 02:22:12,786 - SIMU: 4 generation ended 0.703548934686
2016-12-17 02:22:22,015 - SIMU: 5 generation ended 0.0673586667366
2016-12-17 02:22:22,031 - SIMU: SimulationFollowLightGen - applyVariation() : NEW RANDOM GENOME
2016-12-17 02:22:32,405 - SIMU: 6 generation ended 0.0
2016-12-17 02:22:43,095 - SIMU: 7 generation ended 0.391398579325
2016-12-17 02:22:53,390 - SIMU: 8 generation ended 0.484450702388
2016-12-17 02:23:02,313 - SIMU: 9 generation ended 0.598816376076
2016-12-17 02:23:11,297 - SIMU: 10 generation ended 0.89478803369
2016-12-17 02:23:21,853 - SIMU: 11 generation ended 0.722379802371
2016-12-17 02:23:32,518 - SIMU: 12 generation ended 0.998246519373
2016-12-17 02:23:42,805 - SIMU: 13 generation ended 0.883739999906
2016-12-17 02:23:53,231 - SIMU: 14 generation ended 0.588391403876
2016-12-17 02:24:03,371 - SIMU: 15 generation ended 0.651652122174
2016-12-17 02:24:14,249 - SIMU: 16 generation ended 0.548006510448
2016-12-17 02:24:24,637 - SIMU: 17 generation ended 0.481764595984
2016-12-17 02:24:34,379 - SIMU: 18 generation ended 0.695209216047
2016-12-17 02:24:34,384 - SIMU: SimulationFollowLightGen - applyVariation() : NEW RANDOM GENOME
2016-12-17 02:24:45,735 - SIMU: 19 generation ended 0.38189022085
2016-12-17 02:24:45,756 - SIMU: SimulationFollowLightGen - applyVariation() : NEW RANDOM GENOME
2016-12-17 02:24:55,275 - SIMU: 20 generation ended 0.125673280927
2016-12-17 02:25:05,156 - SIMU: 21 generation ended 0.92614488059
2016-12-17 02:25:15,417 - SIMU: 22 generation ended 0.754475875003
2016-12-17 02:25:25,280 - SIMU: 23 generation ended 0.156621542046
2016-12-17 02:25:25,286 - SIMU: SimulationFollowLightGen - applyVariation() : NEW RANDOM GENOME
2016-12-17 02:25:34,790 - SIMU: 24 generation ended 0.0
2016-12-17 02:25:45,612 - SIMU: 25 generation ended 0.820845344594
2016-12-17 02:25:56,065 - SIMU: 26 generation ended 0.702944444656
2016-12-17 02:26:06,266 - SIMU: 27 generation ended 0.751236301715
2016-12-17 02:26:06,332 - SIMU: SimulationFollowLightGen - applyVariation() : NEW RANDOM GENOME
2016-12-17 02:26:16,002 - SIMU: 28 generation ended 0.0694661494252
2016-12-17 02:26:16,011 - SIMU: SimulationFollowLightGen - applyVariation() : NEW RANDOM GENOME
2016-12-17 02:26:26,116 - SIMU: 29 generation ended 0.159023382372
2016-12-17 02:26:36,081 - SIMU: 30 generation ended 0.973240876472
2016-12-17 02:26:45,826 - SIMU: 31 generation ended 0.999332000689
2016-12-17 02:26:55,859 - SIMU: 32 generation ended 0.590726285911
2016-12-17 02:27:06,743 - SIMU: 33 generation ended 0.997946449711
2016-12-17 02:27:17,253 - SIMU: 34 generation ended 0.9205
2016-12-17 02:27:27,885 - SIMU: 35 generation ended 0.565444003073
2016-12-17 02:27:38,492 - SIMU: 36 generation ended 0.857797776699
2016-12-17 02:27:48,881 - SIMU: 37 generation ended 0.80492315909
2016-12-17 02:27:59,987 - SIMU: 38 generation ended 0.792541772766
2016-12-17 02:28:09,709 - SIMU: 39 generation ended 0.371171473387
2016-12-17 02:28:19,604 - SIMU: 40 generation ended 1.0
2016-12-17 02:28:30,067 - SIMU: 41 generation ended 0.747970244848
2016-12-17 02:28:40,043 - SIMU: 42 generation ended 0.985700843962
2016-12-17 02:28:50,942 - SIMU: 43 generation ended 0.98209989353
2016-12-17 02:29:01,511 - SIMU: 44 generation ended 0.967954319237
2016-12-17 02:29:12,406 - SIMU: 45 generation ended 0.997577342736
2016-12-17 02:29:23,066 - SIMU: 46 generation ended 0.999830773445
2016-12-17 02:29:32,280 - SIMU: 47 generation ended 1.0
2016-12-17 02:29:42,714 - SIMU: 48 generation ended 0.716034871432
2016-12-17 02:29:52,272 - SIMU: 49 generation ended 0.999574255094
2016-12-17 02:30:02,010 - SIMU: 50 generation ended 0.741665524531
2016-12-17 02:30:12,837 - SIMU: 51 generation ended 0.640934987828
2016-12-17 02:30:23,008 - SIMU: 52 generation ended 0.953853741432
2016-12-17 02:30:34,281 - SIMU: 53 generation ended 0.999962103187
2016-12-17 02:30:45,258 - SIMU: 54 generation ended 0.999683404685
2016-12-17 02:30:55,454 - SIMU: 55 generation ended 0.757989999919
2016-12-17 02:31:06,608 - SIMU: 56 generation ended 0.999763495603
2016-12-17 02:31:17,551 - SIMU: 57 generation ended 0.608549999983
2016-12-17 02:31:27,726 - SIMU: 58 generation ended 0.694070594674
2016-12-17 02:31:37,309 - SIMU: 59 generation ended 0.701747427348
2016-12-17 02:31:47,592 - SIMU: 60 generation ended 0.781673919447
2016-12-17 02:31:47,604 - ERROR: MainController - Request for sending com message while no simulation started.
2016-12-17 02:31:47,699 - SIMU: -------------------
2016-12-17 02:31:47,700 - SIMU: End :
2016-12-17 02:31:47,701 - SIMU: fitness_champion 0.781673919447
2016-12-17 02:31:47,702 - SIMU: champion [-7.395701778651121, 4.200753526522889, -17.721636819757247, -6.708890610605468, -5.115002496173916, -5.9171155926738495, 9.160003900694335, 3.7632911261701505, 12.38782615950687, 10.6038972053039, 10.859815533403115, -11.249182152456457, 5.254980124090796, 13.924017827521503, 5.4057261836490005, 10.210382298454663, 14.421317190232104, 4.641312330924614]
2016-12-17 02:31:47,704 - SIMU: ======================================
ROBOT 5
2016-12-16 16:21:35,522 - SIMU: ======================================
2016-12-16 16:21:35,524 - SIMU: ====== SimulationFollowLightGenBis ======
2016-12-16 16:21:35,524 - SIMU: ======================================
2016-12-16 16:21:35,525 - SIMU: -------------------
2016-12-16 16:21:35,525 - SIMU: Parameters :
2016-12-16 16:21:35,526 - SIMU: duration 3000
2016-12-16 16:21:35,527 - SIMU: lifetime 60
2016-12-16 16:21:35,528 - SIMU: sleep 0.1
2016-12-16 16:21:35,528 - SIMU: windowSize 20
2016-12-16 16:21:35,529 - SIMU: probabilities pcopy pgauss prandom 0.4 0.4 0.2
2016-12-16 16:21:35,530 - SIMU: sigma 0.1
2016-12-16 16:21:35,530 - SIMU: -------------------
2016-12-16 16:21:35,531 - SIMU: Start :
2016-12-16 16:21:45,720 - SIMU: 1 generation ended 0.0
2016-12-16 16:21:55,756 - SIMU: 2 generation ended 0.512240119003
2016-12-16 16:22:06,193 - SIMU: 3 generation ended 0.907659999999
2016-12-16 16:22:06,199 - SIMU: SimulationFollowLightGen - applyVariation() : NEW RANDOM GENOME
2016-12-16 16:22:16,383 - SIMU: 4 generation ended 0.20310568303
2016-12-16 16:22:16,387 - SIMU: SimulationFollowLightGen - applyVariation() : NEW RANDOM GENOME
2016-12-16 16:22:25,958 - SIMU: 5 generation ended 0.140730678905
2016-12-16 16:22:35,846 - SIMU: 6 generation ended 1.0
2016-12-16 16:22:45,612 - SIMU: 7 generation ended 0.998891489504
2016-12-16 16:22:55,499 - SIMU: 8 generation ended 0.235844084139
2016-12-16 16:23:06,266 - SIMU: 9 generation ended 0.998669180382
2016-12-16 16:23:16,049 - SIMU: 10 generation ended 0.922239999998
2016-12-16 16:23:16,058 - SIMU: SimulationFollowLightGen - applyVariation() : NEW RANDOM GENOME
2016-12-16 16:23:25,955 - SIMU: 11 generation ended 0.0
2016-12-16 16:23:35,344 - SIMU: 12 generation ended 0.521606654053
2016-12-16 16:23:45,912 - SIMU: 13 generation ended 0.0962611859462
2016-12-16 16:23:56,638 - SIMU: 14 generation ended 0.475439993829
2016-12-16 16:24:05,744 - SIMU: 15 generation ended 0.727459999847
2016-12-16 16:24:15,696 - SIMU: 16 generation ended 0.908100484509
2016-12-16 16:24:25,454 - SIMU: 17 generation ended 0.585389891293
2016-12-16 16:24:34,869 - SIMU: 18 generation ended 0.445934910498
2016-12-16 16:24:44,920 - SIMU: 19 generation ended 0.786685495241
2016-12-16 16:24:44,931 - SIMU: SimulationFollowLightGen - applyVariation() : NEW RANDOM GENOME
2016-12-16 16:24:54,286 - SIMU: 20 generation ended 0.0
2016-12-16 16:25:04,349 - SIMU: 21 generation ended 0.544426297425
2016-12-16 16:25:14,993 - SIMU: 22 generation ended 0.693939999915
2016-12-16 16:25:15,011 - SIMU: SimulationFollowLightGen - applyVariation() : NEW RANDOM GENOME
2016-12-16 16:25:25,165 - SIMU: 23 generation ended 0.355680255445
2016-12-16 16:25:25,172 - SIMU: SimulationFollowLightGen - applyVariation() : NEW RANDOM GENOME
2016-12-16 16:25:34,540 - SIMU: 24 generation ended 0.0
2016-12-16 16:25:34,544 - SIMU: SimulationFollowLightGen - applyVariation() : NEW RANDOM GENOME
2016-12-16 16:25:44,415 - SIMU: 25 generation ended 0.156498140396
2016-12-16 16:25:44,447 - SIMU: SimulationFollowLightGen - applyVariation() : NEW RANDOM GENOME
2016-12-16 16:25:54,012 - SIMU: 26 generation ended 0.105712435286
2016-12-16 16:26:03,801 - SIMU: 27 generation ended 0.739627408811
2016-12-16 16:26:13,626 - SIMU: 28 generation ended 0.894897806903
2016-12-16 16:26:23,678 - SIMU: 29 generation ended 0.92746649162
2016-12-16 16:26:23,696 - SIMU: SimulationFollowLightGen - applyVariation() : NEW RANDOM GENOME
2016-12-16 16:26:33,296 - SIMU: 30 generation ended 0.46307343405
2016-12-16 16:26:42,813 - SIMU: 31 generation ended 0.531857198624
2016-12-16 16:26:53,256 - SIMU: 32 generation ended 0.398033623019
2016-12-16 16:27:03,660 - SIMU: 33 generation ended 0.672283823295
2016-12-16 16:27:13,280 - SIMU: 34 generation ended 0.999930529175
2016-12-16 16:27:23,067 - SIMU: 35 generation ended 0.0
2016-12-16 16:27:34,015 - SIMU: 36 generation ended 0.84944255431
2016-12-16 16:27:43,705 - SIMU: 37 generation ended 1.0
2016-12-16 16:27:54,476 - SIMU: 38 generation ended 0.999635294925
2016-12-16 16:28:04,125 - SIMU: 39 generation ended 0.423324318371
2016-12-16 16:28:14,425 - SIMU: 40 generation ended 0.644497331505
2016-12-16 16:28:25,257 - SIMU: 41 generation ended 0.000789999989697
2016-12-16 16:28:35,318 - SIMU: 42 generation ended 1.0
2016-12-16 16:28:45,569 - SIMU: 43 generation ended 0.675859463883
2016-12-16 16:28:55,487 - SIMU: 44 generation ended 0.99990905973
2016-12-16 16:29:05,023 - SIMU: 45 generation ended 1.0
2016-12-16 16:29:15,060 - SIMU: 46 generation ended 0.520076957487
2016-12-16 16:29:24,553 - SIMU: 47 generation ended 0.784348994846
2016-12-16 16:29:35,162 - SIMU: 48 generation ended 0.885582845632
2016-12-16 16:29:44,815 - SIMU: 49 generation ended 0.394939849907
2016-12-16 16:29:54,347 - SIMU: 50 generation ended 0.472115378133
2016-12-16 16:30:04,503 - SIMU: 51 generation ended 0.717588891011
2016-12-16 16:30:15,019 - SIMU: 52 generation ended 0.0
2016-12-16 16:30:24,694 - SIMU: 53 generation ended 0.743460619872
2016-12-16 16:30:34,261 - SIMU: 54 generation ended 0.548341381245
2016-12-16 16:30:44,149 - SIMU: 55 generation ended 0.54075378134
2016-12-16 16:30:53,973 - SIMU: 56 generation ended 0.582861692812
2016-12-16 16:31:04,071 - SIMU: 57 generation ended 0.999766239856
2016-12-16 16:31:13,769 - SIMU: 58 generation ended 0.216564928396
2016-12-16 16:31:25,754 - SIMU: 59 generation ended 0.0185602558685
2016-12-16 16:31:35,691 - SIMU: 60 generation ended 0.468499999322
2016-12-16 16:31:35,799 - SIMU: -------------------
2016-12-16 16:31:35,800 - SIMU: End :
2016-12-16 16:31:35,801 - SIMU: fitness_champion 0.468499999322
2016-12-16 16:31:35,802 - SIMU: champion [-7.7037210014295425, 3.857628348788024, -16.9960145905713, -6.847544114616035, -5.050496382807226, -6.481656686944203, 8.99484845351324, 3.9595571473060716, 12.48098470218554, 10.562709565968314, 11.494111661702158, -11.020032422383158, 5.577868461811456, 14.629512680783746, 6.398680967323818, 10.34943697183167, 15.505330247467278, 4.434149294325125]
2016-12-16 16:31:35,803 - SIMU: ======================================
ROBOT 6
2016-12-17 03:21:47,173 - SIMU: ======================================
2016-12-17 03:21:47,175 - SIMU: ====== SimulationFollowLightGenBis ======
2016-12-17 03:21:47,176 - SIMU: ======================================
2016-12-17 03:21:47,177 - SIMU: -------------------
2016-12-17 03:21:47,177 - SIMU: Parameters :
2016-12-17 03:21:47,178 - SIMU: duration 3000
2016-12-17 03:21:47,179 - SIMU: lifetime 60
2016-12-17 03:21:47,179 - SIMU: sleep 0.1
2016-12-17 03:21:47,180 - SIMU: windowSize 20
2016-12-17 03:21:47,181 - SIMU: probabilities pcopy pgauss prandom 0.4 0.4 0.2
2016-12-17 03:21:47,181 - SIMU: sigma 0.1
2016-12-17 03:21:47,182 - SIMU: -------------------
2016-12-17 03:21:47,182 - SIMU: Start :
2016-12-17 03:21:58,140 - SIMU: 1 generation ended 0.0
2016-12-17 03:22:07,889 - SIMU: 2 generation ended 0.307232599886
2016-12-17 03:22:17,818 - SIMU: 3 generation ended 0.555814944396
2016-12-17 03:22:29,536 - SIMU: 4 generation ended 0.749954737439
2016-12-17 03:22:40,033 - SIMU: 5 generation ended 0.77356
2016-12-17 03:22:50,952 - SIMU: 6 generation ended 0.167806476005
2016-12-17 03:23:01,744 - SIMU: 7 generation ended 0.899674712495
2016-12-17 03:23:01,754 - SIMU: SimulationFollowLightGen - applyVariation() : NEW RANDOM GENOME
2016-12-17 03:23:11,575 - SIMU: 8 generation ended 0.0
2016-12-17 03:23:21,341 - SIMU: 9 generation ended 0.713543918783
2016-12-17 03:23:31,473 - SIMU: 10 generation ended 0.916391718593
2016-12-17 03:23:41,398 - SIMU: 11 generation ended 0.658331271601
2016-12-17 03:23:51,880 - SIMU: 12 generation ended 0.794759665988
2016-12-17 03:24:02,593 - SIMU: 13 generation ended 0.72356748356
2016-12-17 03:24:11,982 - SIMU: 14 generation ended 0.978380388458
2016-12-17 03:24:22,278 - SIMU: 15 generation ended 1.0
2016-12-17 03:24:32,042 - SIMU: 16 generation ended 0.868323092823
2016-12-17 03:24:41,726 - SIMU: 17 generation ended 0.559157326762
2016-12-17 03:24:41,731 - SIMU: SimulationFollowLightGen - applyVariation() : NEW RANDOM GENOME
2016-12-17 03:24:51,861 - SIMU: 18 generation ended 0.123028498094
2016-12-17 03:24:51,870 - SIMU: SimulationFollowLightGen - applyVariation() : NEW RANDOM GENOME
2016-12-17 03:25:01,703 - SIMU: 19 generation ended 0.0
2016-12-17 03:25:11,488 - SIMU: 20 generation ended 0.997967929586
2016-12-17 03:25:20,908 - SIMU: 21 generation ended 0.668805201369
2016-12-17 03:25:31,143 - SIMU: 22 generation ended 0.534762384344
2016-12-17 03:25:42,295 - SIMU: 23 generation ended 0.479563982016
2016-12-17 03:25:42,302 - SIMU: SimulationFollowLightGen - applyVariation() : NEW RANDOM GENOME
2016-12-17 03:25:51,426 - SIMU: 24 generation ended 0.0
2016-12-17 03:25:51,432 - SIMU: SimulationFollowLightGen - applyVariation() : NEW RANDOM GENOME
2016-12-17 03:26:01,580 - SIMU: 25 generation ended 0.0
2016-12-17 03:26:12,446 - SIMU: 26 generation ended 0.9
2016-12-17 03:26:12,455 - SIMU: SimulationFollowLightGen - applyVariation() : NEW RANDOM GENOME
2016-12-17 03:26:22,040 - SIMU: 27 generation ended 0.000887079588666
2016-12-17 03:26:31,103 - SIMU: 28 generation ended 0.272561674916
2016-12-17 03:26:40,907 - SIMU: 29 generation ended 0.999497878516
2016-12-17 03:26:51,810 - SIMU: 30 generation ended 0.253252351821
2016-12-17 03:27:01,682 - SIMU: 31 generation ended 0.532555495407
2016-12-17 03:27:12,145 - SIMU: 32 generation ended 0.876329999933
2016-12-17 03:27:23,260 - SIMU: 33 generation ended 0.998767869826
2016-12-17 03:27:33,999 - SIMU: 34 generation ended 0.626706691123
2016-12-17 03:27:44,721 - SIMU: 35 generation ended 0.607530064387
2016-12-17 03:27:54,958 - SIMU: 36 generation ended 0.424809878981
2016-12-17 03:28:04,690 - SIMU: 37 generation ended 0.0
2016-12-17 03:28:14,813 - SIMU: 38 generation ended 0.662829718398
2016-12-17 03:28:24,612 - SIMU: 39 generation ended 0.642855398309
2016-12-17 03:28:34,349 - SIMU: 40 generation ended 0.578690737169
2016-12-17 03:28:44,127 - SIMU: 41 generation ended 0.512856684118
2016-12-17 03:28:54,522 - SIMU: 42 generation ended 0.768313990648
2016-12-17 03:29:04,499 - SIMU: 43 generation ended 0.604933438544
2016-12-17 03:29:13,848 - SIMU: 44 generation ended 0.403522492817
2016-12-17 03:29:24,531 - SIMU: 45 generation ended 0.886245359198
2016-12-17 03:29:34,107 - SIMU: 46 generation ended 0.763738679071
2016-12-17 03:29:43,740 - SIMU: 47 generation ended 0.580038517065
2016-12-17 03:29:53,563 - SIMU: 48 generation ended 0.37694177436
2016-12-17 03:30:03,796 - SIMU: 49 generation ended 0.542949935515
2016-12-17 03:30:13,377 - SIMU: 50 generation ended 0.95
2016-12-17 03:30:23,254 - SIMU: 51 generation ended 0.785702949459
2016-12-17 03:30:33,543 - SIMU: 52 generation ended 0.608125915699
2016-12-17 03:30:43,894 - SIMU: 53 generation ended 0.999878539245
2016-12-17 03:30:53,660 - SIMU: 54 generation ended 0.559367007581
2016-12-17 03:31:04,688 - SIMU: 55 generation ended 0.999823720043
2016-12-17 03:31:14,854 - SIMU: 56 generation ended 0.747364608155
2016-12-17 03:31:25,074 - SIMU: 57 generation ended 0.000209999986243
2016-12-17 03:31:35,305 - SIMU: 58 generation ended 0.212335796404
2016-12-17 03:31:44,539 - SIMU: 59 generation ended 0.724228442465
2016-12-17 03:31:54,994 - SIMU: 60 generation ended 1.0
2016-12-17 03:31:55,098 - SIMU: -------------------
2016-12-17 03:31:55,099 - SIMU: End :
2016-12-17 03:31:55,100 - SIMU: fitness_champion 1.0
2016-12-17 03:31:55,102 - SIMU: champion [-7.83633901299841, 4.002235509285385, -17.04961112949422, -6.722911833290353, -5.027551133757886, -6.458896974592462, 9.261855099528798, 3.8272590178244776, 12.503536122248267, 10.447890638622093, 11.483795128060052, -11.310607577854475, 5.676981297424522, 14.474226684780321, 6.104467909332405, 10.115692299786543, 15.297018847275528, 4.404991531355722]
2016-12-17 03:31:55,103 - SIMU: ======================================
ROBOT 7
2016-12-16 17:21:10,230 - SIMU: ======================================
2016-12-16 17:21:10,231 - SIMU: ====== SimulationFollowLightGenBis ======
2016-12-16 17:21:10,232 - SIMU: ======================================
2016-12-16 17:21:10,233 - SIMU: -------------------
2016-12-16 17:21:10,233 - SIMU: Parameters :
2016-12-16 17:21:10,234 - SIMU: duration 3000
2016-12-16 17:21:10,235 - SIMU: lifetime 60
2016-12-16 17:21:10,235 - SIMU: sleep 0.1
2016-12-16 17:21:10,236 - SIMU: windowSize 20
2016-12-16 17:21:10,237 - SIMU: probabilities pcopy pgauss prandom 0.4 0.4 0.2
2016-12-16 17:21:10,237 - SIMU: sigma 0.1
2016-12-16 17:21:10,238 - SIMU: -------------------
2016-12-16 17:21:10,238 - SIMU: Start :
2016-12-16 17:21:19,239 - SIMU: 1 generation ended 0.0509368681786
2016-12-16 17:21:28,560 - SIMU: 2 generation ended 0.999246040595
2016-12-16 17:21:28,564 - SIMU: SimulationFollowLightGen - applyVariation() : NEW RANDOM GENOME
2016-12-16 17:21:37,346 - SIMU: 3 generation ended 0.364749051942
2016-12-16 17:21:46,321 - SIMU: 4 generation ended 0.956422988862
2016-12-16 17:21:46,327 - SIMU: SimulationFollowLightGen - applyVariation() : NEW RANDOM GENOME
2016-12-16 17:21:55,220 - SIMU: 5 generation ended 0.216478718196
2016-12-16 17:22:04,597 - SIMU: 6 generation ended 0.113329327781
2016-12-16 17:22:13,238 - SIMU: 7 generation ended 0.0754992794897
2016-12-16 17:22:22,440 - SIMU: 8 generation ended 0.446099474668
2016-12-16 17:22:32,081 - SIMU: 9 generation ended 0.688003233159
2016-12-16 17:22:41,087 - SIMU: 10 generation ended 1.0
2016-12-16 17:22:50,143 - SIMU: 11 generation ended 0.69589358242
2016-12-16 17:22:59,014 - SIMU: 12 generation ended 0.999561629843
2016-12-16 17:22:59,020 - SIMU: SimulationFollowLightGen - applyVariation() : NEW RANDOM GENOME
2016-12-16 17:23:07,644 - SIMU: 13 generation ended 0.0
2016-12-16 17:23:07,656 - SIMU: SimulationFollowLightGen - applyVariation() : NEW RANDOM GENOME
2016-12-16 17:23:16,458 - SIMU: 14 generation ended 0.101999449979
2016-12-16 17:23:25,488 - SIMU: 15 generation ended 0.665640771796
2016-12-16 17:23:35,519 - SIMU: 16 generation ended 0.998752422555
2016-12-16 17:23:44,592 - SIMU: 17 generation ended 0.783554632991
2016-12-16 17:23:53,515 - SIMU: 18 generation ended 0.371994231214
2016-12-16 17:24:02,745 - SIMU: 19 generation ended 0.658899982827
2016-12-16 17:24:11,610 - SIMU: 20 generation ended 0.343770013462
2016-12-16 17:24:19,948 - SIMU: 21 generation ended 0.600717762712
2016-12-16 17:24:29,232 - SIMU: 22 generation ended 0.265798623736
2016-12-16 17:24:38,054 - SIMU: 23 generation ended 0.415182361467
2016-12-16 17:24:46,993 - SIMU: 24 generation ended 0.565022131438
2016-12-16 17:24:55,757 - SIMU: 25 generation ended 0.341827337481
2016-12-16 17:25:04,974 - SIMU: 26 generation ended 0.997815246765
2016-12-16 17:25:13,243 - SIMU: 27 generation ended 0.623286361883
2016-12-16 17:25:13,245 - SIMU: SimulationFollowLightGen - applyVariation() : NEW RANDOM GENOME
2016-12-16 17:25:22,159 - SIMU: 28 generation ended 0.592401968901
2016-12-16 17:25:30,764 - SIMU: 29 generation ended 0.317063452863
2016-12-16 17:25:39,593 - SIMU: 30 generation ended 0.910783679347
2016-12-16 17:25:48,023 - SIMU: 31 generation ended 0.672715962022
2016-12-16 17:25:56,917 - SIMU: 32 generation ended 0.998711583726
2016-12-16 17:26:05,750 - SIMU: 33 generation ended 0.999754701696
2016-12-16 17:26:14,611 - SIMU: 34 generation ended 0.430499695716
2016-12-16 17:26:23,437 - SIMU: 35 generation ended 0.798371274537
2016-12-16 17:26:32,574 - SIMU: 36 generation ended 0.999323120868
2016-12-16 17:26:40,822 - SIMU: 37 generation ended 0.302879308621
2016-12-16 17:26:49,159 - SIMU: 38 generation ended 0.377110070942
2016-12-16 17:26:58,484 - SIMU: 39 generation ended 0.671292905449
2016-12-16 17:27:07,450 - SIMU: 40 generation ended 0.153588462591
2016-12-16 17:27:16,331 - SIMU: 41 generation ended 0.587819999948
2016-12-16 17:27:24,993 - SIMU: 42 generation ended 0.362498286127
2016-12-16 17:27:34,062 - SIMU: 43 generation ended 0.537472002388
2016-12-16 17:27:43,026 - SIMU: 44 generation ended 0.0949897449531
2016-12-16 17:27:51,979 - SIMU: 45 generation ended 0.93873737743
2016-12-16 17:28:00,955 - SIMU: 46 generation ended 0.911299134526
2016-12-16 17:28:09,737 - SIMU: 47 generation ended 0.923524582267
2016-12-16 17:28:18,907 - SIMU: 48 generation ended 0.994555252326
2016-12-16 17:28:28,563 - SIMU: 49 generation ended 0.997144744558
2016-12-16 17:28:37,485 - SIMU: 50 generation ended 0.995415121605
2016-12-16 17:28:46,211 - SIMU: 51 generation ended 0.315344151778
2016-12-16 17:28:54,669 - SIMU: 52 generation ended 0.448649646748
2016-12-16 17:29:03,418 - SIMU: 53 generation ended 0.804952194994
2016-12-16 17:29:12,487 - SIMU: 54 generation ended 0.96898698484
2016-12-16 17:29:20,111 - SIMU: 55 generation ended 0.395033457189
2016-12-16 17:29:29,211 - SIMU: 56 generation ended 0.999762049686
2016-12-16 17:29:37,524 - SIMU: 57 generation ended 0.101901073365
2016-12-16 17:29:46,369 - SIMU: 58 generation ended 0.94461992873
2016-12-16 17:29:55,464 - SIMU: 59 generation ended 0.929559765952
2016-12-16 17:30:04,484 - SIMU: 60 generation ended 0.985059566845
2016-12-16 17:30:04,619 - SIMU: -------------------
2016-12-16 17:30:04,619 - SIMU: End :
2016-12-16 17:30:04,620 - SIMU: fitness_champion 0.985059566845
2016-12-16 17:30:04,621 - SIMU: champion [-7.8581835969710365, 4.182555864117801, -17.514393566500733, -6.735925890196117, -5.344596193747231, -6.110172872436686, 9.489327103613892, 3.4504364668891045, 12.196145572227648, 10.498211485690693, 11.342400119724822, -11.010933995112689, 5.485054873835339, 14.02782153149111, 6.058699572602467, 10.097297425985618, 14.414198893151688, 4.332156123957701]
2016-12-16 17:30:04,621 - SIMU: ======================================
ROBOT 8
2016-12-16 15:21:17,531 - SIMU: ======================================
2016-12-16 15:21:17,532 - SIMU: ====== SimulationFollowLightGenBis ======
2016-12-16 15:21:17,533 - SIMU: ======================================
2016-12-16 15:21:17,534 - SIMU: -------------------
2016-12-16 15:21:17,535 - SIMU: Parameters :
2016-12-16 15:21:17,536 - SIMU: duration 3000
2016-12-16 15:21:17,536 - SIMU: lifetime 60
2016-12-16 15:21:17,538 - SIMU: sleep 0.1
2016-12-16 15:21:17,538 - SIMU: windowSize 20
2016-12-16 15:21:17,539 - SIMU: probabilities pcopy pgauss prandom 0.4 0.4 0.2
2016-12-16 15:21:17,541 - SIMU: sigma 0.1
2016-12-16 15:21:17,542 - SIMU: -------------------
2016-12-16 15:21:17,542 - SIMU: Start :
2016-12-16 15:21:27,710 - SIMU: 1 generation ended 0.011726267129
2016-12-16 15:21:37,051 - SIMU: 2 generation ended 0.0617142673209
2016-12-16 15:21:46,728 - SIMU: 3 generation ended 0.550807087654
2016-12-16 15:21:56,383 - SIMU: 4 generation ended 0.383799383641
2016-12-16 15:22:06,286 - SIMU: 5 generation ended 0.619680436605
2016-12-16 15:22:16,856 - SIMU: 6 generation ended 0.648874519411
2016-12-16 15:22:26,748 - SIMU: 7 generation ended 0.554586499759
2016-12-16 15:22:26,761 - SIMU: SimulationFollowLightGen - applyVariation() : NEW RANDOM GENOME
2016-12-16 15:22:36,407 - SIMU: 8 generation ended 0.0419087363167
2016-12-16 15:22:45,995 - SIMU: 9 generation ended 0.967009997676
2016-12-16 15:22:56,085 - SIMU: 10 generation ended 0.531687527628
2016-12-16 15:23:06,085 - SIMU: 11 generation ended 0.869099971026
2016-12-16 15:23:17,023 - SIMU: 12 generation ended 0.612519601221
2016-12-16 15:23:27,090 - SIMU: 13 generation ended 0.301012739412
2016-12-16 15:23:37,008 - SIMU: 14 generation ended 0.416239909666
2016-12-16 15:23:37,016 - SIMU: SimulationFollowLightGen - applyVariation() : NEW RANDOM GENOME
2016-12-16 15:23:46,408 - SIMU: 15 generation ended 0.049443442038
2016-12-16 15:23:56,766 - SIMU: 16 generation ended 0.394495690205
2016-12-16 15:24:06,328 - SIMU: 17 generation ended 0.541185312235
2016-12-16 15:24:16,750 - SIMU: 18 generation ended 0.33427533651
2016-12-16 15:24:25,993 - SIMU: 19 generation ended 0.202663954845
2016-12-16 15:24:26,005 - SIMU: SimulationFollowLightGen - applyVariation() : NEW RANDOM GENOME
2016-12-16 15:24:36,822 - SIMU: 20 generation ended 0.0
2016-12-16 15:24:47,305 - SIMU: 21 generation ended 0.36359137123
2016-12-16 15:24:57,505 - SIMU: 22 generation ended 0.642913344043
2016-12-16 15:25:06,800 - SIMU: 23 generation ended 0.154684063253
2016-12-16 15:25:17,088 - SIMU: 24 generation ended 0.724721229877
2016-12-16 15:25:26,750 - SIMU: 25 generation ended 0.872099731281
2016-12-16 15:25:26,757 - SIMU: SimulationFollowLightGen - applyVariation() : NEW RANDOM GENOME
2016-12-16 15:25:36,575 - SIMU: 26 generation ended 0.0
2016-12-16 15:25:46,342 - SIMU: 27 generation ended 0.70328957862
2016-12-16 15:25:56,666 - SIMU: 28 generation ended 0.60580724486
2016-12-16 15:26:06,408 - SIMU: 29 generation ended 0.0997631176606
2016-12-16 15:26:16,289 - SIMU: 30 generation ended 0.722839999979
2016-12-16 15:26:16,295 - SIMU: SimulationFollowLightGen - applyVariation() : NEW RANDOM GENOME
2016-12-16 15:26:25,962 - SIMU: 31 generation ended 0.00122152897309
2016-12-16 15:26:36,220 - SIMU: 32 generation ended 0.96677074666
2016-12-16 15:26:46,875 - SIMU: 33 generation ended 0.842111817932
2016-12-16 15:26:56,403 - SIMU: 34 generation ended 0.545154449521
2016-12-16 15:27:06,522 - SIMU: 35 generation ended 0.858707085189
2016-12-16 15:27:17,264 - SIMU: 36 generation ended 0.743375297448
2016-12-16 15:27:29,323 - SIMU: 37 generation ended 0.999681835378
2016-12-16 15:27:39,296 - SIMU: 38 generation ended 0.768981882997
2016-12-16 15:27:49,017 - SIMU: 39 generation ended 0.731473893808
2016-12-16 15:27:58,517 - SIMU: 40 generation ended 0.126496005301
2016-12-16 15:28:08,407 - SIMU: 41 generation ended 0.619895024118
2016-12-16 15:28:17,629 - SIMU: 42 generation ended 0.687612361869
2016-12-16 15:28:27,154 - SIMU: 43 generation ended 0.601616673349
2016-12-16 15:28:37,345 - SIMU: 44 generation ended 0.508630759473
2016-12-16 15:28:47,767 - SIMU: 45 generation ended 0.696488113174
2016-12-16 15:28:57,837 - SIMU: 46 generation ended 0.731762237549
2016-12-16 15:29:08,841 - SIMU: 47 generation ended 0.977220699249
2016-12-16 15:29:18,890 - SIMU: 48 generation ended 0.803049898238
2016-12-16 15:29:29,681 - SIMU: 49 generation ended 1.0
2016-12-16 15:29:39,427 - SIMU: 50 generation ended 0.908453816141
2016-12-16 15:29:49,133 - SIMU: 51 generation ended 0.65110490948
2016-12-16 15:29:58,257 - SIMU: 52 generation ended 0.56303959149
2016-12-16 15:30:08,226 - SIMU: 53 generation ended 0.815105710251
2016-12-16 15:30:18,260 - SIMU: 54 generation ended 0.63645442387
2016-12-16 15:30:28,422 - SIMU: 55 generation ended 0.999897657464
2016-12-16 15:30:38,132 - SIMU: 56 generation ended 0.999868586864
2016-12-16 15:30:48,014 - SIMU: 57 generation ended 0.274060684219
2016-12-16 15:30:57,893 - SIMU: 58 generation ended 0.694720229541
2016-12-16 15:31:07,330 - SIMU: 59 generation ended 0.999967606303
2016-12-16 15:31:18,135 - SIMU: 60 generation ended 0.418450238634
2016-12-16 15:31:18,239 - SIMU: -------------------
2016-12-16 15:31:18,240 - SIMU: End :
2016-12-16 15:31:18,241 - SIMU: fitness_champion 0.418450238634
2016-12-16 15:31:18,242 - SIMU: champion [-7.395701778651121, 4.200753526522889, -17.721636819757247, -6.708890610605468, -5.115002496173916, -5.9171155926738495, 9.160003900694335, 3.7632911261701505, 12.38782615950687, 10.6038972053039, 10.859815533403115, -11.249182152456457, 5.254980124090796, 13.924017827521503, 5.4057261836490005, 10.210382298454663, 14.421317190232104, 4.641312330924614]
2016-12-16 15:31:18,243 - SIMU: ======================================
ROBOT 9
2016-12-16 15:21:04,369 - SIMU: ======================================
2016-12-16 15:21:04,370 - SIMU: ====== SimulationFollowLightGenBis ======
2016-12-16 15:21:04,371 - SIMU: ======================================
2016-12-16 15:21:04,372 - SIMU: -------------------
2016-12-16 15:21:04,373 - SIMU: Parameters :
2016-12-16 15:21:04,374 - SIMU: duration 3000
2016-12-16 15:21:04,374 - SIMU: lifetime 60
2016-12-16 15:21:04,375 - SIMU: sleep 0.1
2016-12-16 15:21:04,376 - SIMU: windowSize 20
2016-12-16 15:21:04,376 - SIMU: probabilities pcopy pgauss prandom 0.4 0.4 0.2
2016-12-16 15:21:04,377 - SIMU: sigma 0.1
2016-12-16 15:21:04,378 - SIMU: -------------------
2016-12-16 15:21:04,378 - SIMU: Start :
2016-12-16 15:21:12,376 - SIMU: 1 generation ended 0.0
2016-12-16 15:21:21,174 - SIMU: 2 generation ended 0.0655941486693
2016-12-16 15:21:30,120 - SIMU: 3 generation ended 0.999164875395
2016-12-16 15:21:38,710 - SIMU: 4 generation ended 0.999112988936
2016-12-16 15:21:47,982 - SIMU: 5 generation ended 0.764525108031
2016-12-16 15:21:56,912 - SIMU: 6 generation ended 1.0
2016-12-16 15:21:56,939 - SIMU: SimulationFollowLightGen - applyVariation() : NEW RANDOM GENOME
2016-12-16 15:22:05,212 - SIMU: 7 generation ended 0.0
2016-12-16 15:22:13,725 - SIMU: 8 generation ended 0.683537849754
2016-12-16 15:22:22,721 - SIMU: 9 generation ended 0.998599137244
2016-12-16 15:22:22,725 - SIMU: SimulationFollowLightGen - applyVariation() : NEW RANDOM GENOME
2016-12-16 15:22:31,770 - SIMU: 10 generation ended 0.0
2016-12-16 15:22:40,474 - SIMU: 11 generation ended 0.669202195701
2016-12-16 15:22:49,613 - SIMU: 12 generation ended 0.497458035212
2016-12-16 15:22:58,527 - SIMU: 13 generation ended 0.589551879079
2016-12-16 15:23:07,881 - SIMU: 14 generation ended 0.98629
2016-12-16 15:23:15,991 - SIMU: 15 generation ended 1.0
2016-12-16 15:23:24,732 - SIMU: 16 generation ended 0.172744444618
2016-12-16 15:23:24,740 - SIMU: SimulationFollowLightGen - applyVariation() : NEW RANDOM GENOME
2016-12-16 15:23:33,511 - SIMU: 17 generation ended 0.0
2016-12-16 15:23:42,678 - SIMU: 18 generation ended 0.115259999823
2016-12-16 15:23:51,892 - SIMU: 19 generation ended 0.0924916682775
2016-12-16 15:24:01,075 - SIMU: 20 generation ended 0.192385859849
2016-12-16 15:24:10,620 - SIMU: 21 generation ended 0.114889999995
2016-12-16 15:24:19,828 - SIMU: 22 generation ended 0.380737743304
2016-12-16 15:24:29,094 - SIMU: 23 generation ended 0.473857687836
2016-12-16 15:24:38,610 - SIMU: 24 generation ended 1.0
2016-12-16 15:24:47,074 - SIMU: 25 generation ended 0.947585298838
2016-12-16 15:24:55,632 - SIMU: 26 generation ended 0.885054486438
2016-12-16 15:24:55,642 - SIMU: SimulationFollowLightGen - applyVariation() : NEW RANDOM GENOME
2016-12-16 15:25:04,544 - SIMU: 27 generation ended 0.0
2016-12-16 15:25:13,642 - SIMU: 28 generation ended 0.558671553639
2016-12-16 15:25:22,802 - SIMU: 29 generation ended 0.909378498457
2016-12-16 15:25:22,813 - SIMU: SimulationFollowLightGen - applyVariation() : NEW RANDOM GENOME
2016-12-16 15:25:31,427 - SIMU: 30 generation ended 0.0136855449408
2016-12-16 15:25:40,368 - SIMU: 31 generation ended 0.998917894349
2016-12-16 15:25:48,954 - SIMU: 32 generation ended 0.760729739293
2016-12-16 15:25:58,024 - SIMU: 33 generation ended 0.879616577045
2016-12-16 15:26:07,210 - SIMU: 34 generation ended 0.670627448406
2016-12-16 15:26:16,224 - SIMU: 35 generation ended 0.902852693621
2016-12-16 15:26:25,188 - SIMU: 36 generation ended 0.622145761646
2016-12-16 15:26:33,950 - SIMU: 37 generation ended 0.309424030092
2016-12-16 15:26:42,647 - SIMU: 38 generation ended 0.523135754132
2016-12-16 15:26:51,749 - SIMU: 39 generation ended 0.97827
2016-12-16 15:27:00,974 - SIMU: 40 generation ended 0.275629177491
2016-12-16 15:27:09,792 - SIMU: 41 generation ended 0.999250223594
2016-12-16 15:27:18,081 - SIMU: 42 generation ended 0.348890259247
2016-12-16 15:27:26,607 - SIMU: 43 generation ended 1.0
2016-12-16 15:27:35,905 - SIMU: 44 generation ended 0.999702087691
2016-12-16 15:27:44,447 - SIMU: 45 generation ended 0.350749208881
2016-12-16 15:27:52,966 - SIMU: 46 generation ended 0.629696135764
2016-12-16 15:28:01,776 - SIMU: 47 generation ended 0.652548989469
2016-12-16 15:28:11,193 - SIMU: 48 generation ended 0.833227764847
2016-12-16 15:28:19,848 - SIMU: 49 generation ended 0.207324164978
2016-12-16 15:28:28,022 - SIMU: 50 generation ended 1.0
2016-12-16 15:28:37,247 - SIMU: 51 generation ended 0.655844875018
2016-12-16 15:28:46,528 - SIMU: 52 generation ended 1.0
2016-12-16 15:28:55,295 - SIMU: 53 generation ended 0.556867874582
2016-12-16 15:29:04,579 - SIMU: 54 generation ended 0.958511190114
2016-12-16 15:29:14,338 - SIMU: 55 generation ended 0.741889999521
2016-12-16 15:29:23,211 - SIMU: 56 generation ended 0.452378775796
2016-12-16 15:29:32,525 - SIMU: 57 generation ended 0.903755748583
2016-12-16 15:29:41,181 - SIMU: 58 generation ended 0.679789999921
2016-12-16 15:29:49,728 - SIMU: 59 generation ended 0.665619122408
2016-12-16 15:29:59,187 - SIMU: 60 generation ended 0.16605588773
2016-12-16 15:29:59,298 - SIMU: -------------------
2016-12-16 15:29:59,299 - SIMU: End :
2016-12-16 15:29:59,300 - SIMU: fitness_champion 0.16605588773
2016-12-16 15:29:59,301 - SIMU: champion [-7.663123211003684, 4.501464867391226, -17.105915140668323, -6.548345823633965, -5.352854413326213, -6.2119081235981275, 9.605357987459493, 3.8643453559009346, 12.678511604323601, 10.315939477282198, 11.399763333567051, -11.261178576441745, 5.452844043799162, 14.189675334310314, 5.666486633362573, 9.47982324024395, 14.264514820434034, 4.398098508610784]
2016-12-16 15:29:59,302 - SIMU: ======================================
ROBOT 11
2016-12-16 15:21:24,652 - SIMU: ======================================
2016-12-16 15:21:24,653 - SIMU: ====== SimulationFollowLightGenBis ======
2016-12-16 15:21:24,654 - SIMU: ======================================
2016-12-16 15:21:24,654 - SIMU: -------------------
2016-12-16 15:21:24,655 - SIMU: Parameters :
2016-12-16 15:21:24,655 - SIMU: duration 3000
2016-12-16 15:21:24,656 - SIMU: lifetime 60
2016-12-16 15:21:24,657 - SIMU: sleep 0.1
2016-12-16 15:21:24,657 - SIMU: windowSize 20
2016-12-16 15:21:24,658 - SIMU: probabilities pcopy pgauss prandom 0.4 0.4 0.2
2016-12-16 15:21:24,659 - SIMU: sigma 0.1
2016-12-16 15:21:24,659 - SIMU: -------------------
2016-12-16 15:21:24,660 - SIMU: Start :
2016-12-16 15:21:34,386 - SIMU: 1 generation ended 0.0
2016-12-16 15:21:44,524 - SIMU: 2 generation ended 0.576478592905
2016-12-16 15:21:55,814 - SIMU: 3 generation ended 0.99986694834
2016-12-16 15:22:06,048 - SIMU: 4 generation ended 0.68355823185
2016-12-16 15:22:16,092 - SIMU: 5 generation ended 0.0
2016-12-16 15:22:26,537 - SIMU: 6 generation ended 1.0
2016-12-16 15:22:26,544 - SIMU: SimulationFollowLightGen - applyVariation() : NEW RANDOM GENOME
2016-12-16 15:22:37,136 - SIMU: 7 generation ended 0.0
2016-12-16 15:22:46,645 - SIMU: 8 generation ended 0.857338747386
2016-12-16 15:22:56,187 - SIMU: 9 generation ended 0.506143495184
2016-12-16 15:23:06,277 - SIMU: 10 generation ended 0.999135480874
2016-12-16 15:23:16,703 - SIMU: 11 generation ended 0.62299768537
2016-12-16 15:23:27,140 - SIMU: 12 generation ended 0.76128389985
2016-12-16 15:23:36,836 - SIMU: 13 generation ended 0.526091544343
2016-12-16 15:23:46,891 - SIMU: 14 generation ended 0.651461784702
2016-12-16 15:23:57,085 - SIMU: 15 generation ended 0.792424984645
2016-12-16 15:24:07,515 - SIMU: 16 generation ended 0.92180955912
2016-12-16 15:24:18,487 - SIMU: 17 generation ended 0.708434920319
2016-12-16 15:24:27,999 - SIMU: 18 generation ended 0.108939998673
2016-12-16 15:24:37,367 - SIMU: 19 generation ended 0.27234986867
2016-12-16 15:24:37,374 - SIMU: SimulationFollowLightGen - applyVariation() : NEW RANDOM GENOME
2016-12-16 15:24:46,858 - SIMU: 20 generation ended 0.0565490489102
2016-12-16 15:24:57,973 - SIMU: 21 generation ended 0.0934497397041
2016-12-16 15:24:57,988 - SIMU: SimulationFollowLightGen - applyVariation() : NEW RANDOM GENOME
2016-12-16 15:25:07,553 - SIMU: 22 generation ended 0.0
2016-12-16 15:25:07,561 - SIMU: SimulationFollowLightGen - applyVariation() : NEW RANDOM GENOME
2016-12-16 15:25:16,528 - SIMU: 23 generation ended 0.0194192793
2016-12-16 15:25:26,034 - SIMU: 24 generation ended 0.56427607622
2016-12-16 15:25:36,832 - SIMU: 25 generation ended 1.0
2016-12-16 15:25:36,841 - SIMU: SimulationFollowLightGen - applyVariation() : NEW RANDOM GENOME
2016-12-16 15:25:46,597 - SIMU: 26 generation ended 0.195327674823
2016-12-16 15:25:55,506 - SIMU: 27 generation ended 0.788046816025
2016-12-16 15:26:05,948 - SIMU: 28 generation ended 0.58663028611
2016-12-16 15:26:15,782 - SIMU: 29 generation ended 0.697009120011
2016-12-16 15:26:15,788 - SIMU: SimulationFollowLightGen - applyVariation() : NEW RANDOM GENOME
2016-12-16 15:26:25,805 - SIMU: 30 generation ended 0.0343095987229
2016-12-16 15:26:36,117 - SIMU: 31 generation ended 0.575277486382
2016-12-16 15:26:46,327 - SIMU: 32 generation ended 0.545980639515
2016-12-16 15:26:57,377 - SIMU: 33 generation ended 0.413682566325
2016-12-16 15:27:07,122 - SIMU: 34 generation ended 0.641648389416
2016-12-16 15:27:16,883 - SIMU: 35 generation ended 0.523412419969
2016-12-16 15:27:27,016 - SIMU: 36 generation ended 0.998032194978
2016-12-16 15:27:37,186 - SIMU: 37 generation ended 0.998988946741
2016-12-16 15:27:47,418 - SIMU: 38 generation ended 0.935481513398
2016-12-16 15:27:57,330 - SIMU: 39 generation ended 0.773098060537
2016-12-16 15:28:07,987 - SIMU: 40 generation ended 0.690871585319
2016-12-16 15:28:17,916 - SIMU: 41 generation ended 0.0580857018599
2016-12-16 15:28:27,445 - SIMU: 42 generation ended 0.952094666102
2016-12-16 15:28:37,336 - SIMU: 43 generation ended 0.604693128178
2016-12-16 15:28:47,975 - SIMU: 44 generation ended 0.0814054113734
2016-12-16 15:28:57,791 - SIMU: 45 generation ended 0.765809851297
2016-12-16 15:29:07,674 - SIMU: 46 generation ended 0.834198670075
2016-12-16 15:29:17,208 - SIMU: 47 generation ended 0.718039830454
2016-12-16 15:29:27,383 - SIMU: 48 generation ended 0.602996372161
2016-12-16 15:29:38,690 - SIMU: 49 generation ended 0.530827112037
2016-12-16 15:29:48,460 - SIMU: 50 generation ended 0.805341749561
2016-12-16 15:29:58,359 - SIMU: 51 generation ended 0.763030572041
2016-12-16 15:30:08,859 - SIMU: 52 generation ended 0.922107336301
2016-12-16 15:30:18,815 - SIMU: 53 generation ended 0.933406230551
2016-12-16 15:30:29,260 - SIMU: 54 generation ended 0.999741359319
2016-12-16 15:30:39,655 - SIMU: 55 generation ended 1.0
2016-12-16 15:30:50,080 - SIMU: 56 generation ended 0.670193621708
2016-12-16 15:30:59,438 - SIMU: 57 generation ended 0.472356300861
2016-12-16 15:31:08,960 - SIMU: 58 generation ended 0.199118838013
2016-12-16 15:31:19,154 - SIMU: 59 generation ended 0.10564117277
2016-12-16 15:31:30,250 - SIMU: 60 generation ended 0.999698281628
2016-12-16 15:31:30,263 - ERROR: MainController - Request for sending com message while no simulation started.
2016-12-16 15:31:30,354 - SIMU: -------------------
2016-12-16 15:31:30,356 - SIMU: End :
2016-12-16 15:31:30,359 - SIMU: fitness_champion 0.999698281628
2016-12-16 15:31:30,360 - SIMU: champion [-7.66226009675867, 4.113084135943691, -16.73830492894901, -6.861869667699985, -5.3452953785524455, -6.540325520991477, 9.125645778884733, 3.763767401199757, 12.44733156242593, 10.343612634346185, 11.549123142319207, -11.292482194479685, 5.582376953913756, 14.603411930749461, 6.058794426493626, 9.986373055044876, 15.193861531622108, 4.7490066310702295]
2016-12-16 15:31:30,361 - SIMU: ======================================
