2016-12-16 23:20:45,447 - DEBUG: MainController - Running.
2016-12-16 23:20:45,448 - DEBUG: CommandsListener - Waiting on accept...
2016-12-16 23:21:01,410 - DEBUG: CommandsListener - Received command from (192.168.0.210, 40847)
2016-12-16 23:21:01,411 - DEBUG: CommandsListener - Receiving command...
2016-12-16 23:21:01,415 - DEBUG: CommandsListener - Received <Utils.Message instance at 0x7643c710>
2016-12-16 23:21:01,416 - DEBUG: CommandsListener - Transmitting command 5 to controller.
2016-12-16 23:21:01,416 - DEBUG: MainController - Command 5 received.
2016-12-16 23:21:01,417 - DEBUG: CommandsListener - Waiting on accept...
2016-12-16 23:21:01,418 - DEBUG: MainController - Treating command : 5
2016-12-16 23:21:01,418 - DEBUG: MainController - Setting simulation...
2016-12-16 23:21:37,276 - DEBUG: CommandsListener - Received command from (192.168.0.210, 40856)
2016-12-16 23:21:37,277 - DEBUG: CommandsListener - Receiving command...
2016-12-16 23:21:37,278 - DEBUG: CommandsListener - Received <Utils.Message instance at 0x7643e620>
2016-12-16 23:21:37,279 - DEBUG: CommandsListener - Transmitting command 0 to controller.
2016-12-16 23:21:37,279 - DEBUG: MainController - Command 0 received.
2016-12-16 23:21:37,280 - DEBUG: CommandsListener - Waiting on accept...
2016-12-16 23:21:37,292 - DEBUG: MainController - Treating command : 0
2016-12-16 23:21:37,293 - DEBUG: MainController - Loading simulation...
2016-12-16 23:21:37,293 - DEBUG: Params - Parsing configuration file.
2016-12-16 23:21:39,125 - CRITICAL: dbus.Array([dbus.String(u'thymio-II')], signature=dbus.Signature('s'))
2016-12-16 23:21:39,127 - DEBUG: ThymioController - Running.
2016-12-16 23:21:41,656 - SIMU: ======================================
2016-12-16 23:21:41,657 - SIMU: ====== SimulationFollowLightGenBis ======
2016-12-16 23:21:41,658 - SIMU: ======================================
2016-12-16 23:21:41,659 - SIMU: -------------------
2016-12-16 23:21:41,659 - SIMU: Parameters :
2016-12-16 23:21:41,660 - SIMU: duration 3000
2016-12-16 23:21:41,660 - SIMU: lifetime 60
2016-12-16 23:21:41,661 - SIMU: sleep 0.1
2016-12-16 23:21:41,662 - SIMU: windowSize 20
2016-12-16 23:21:41,662 - SIMU: probabilities pcopy pgauss prandom 0.4 0.4 0.2
2016-12-16 23:21:41,663 - SIMU: sigma 0.1
2016-12-16 23:21:41,664 - SIMU: -------------------
2016-12-16 23:21:41,664 - SIMU: Start :
2016-12-16 23:21:51,268 - SIMU: 1 generation ended 0.0
2016-12-16 23:22:00,656 - SIMU: 2 generation ended 0.00837849427254
2016-12-16 23:22:10,860 - SIMU: 3 generation ended 0.941982880189
2016-12-16 23:22:20,519 - SIMU: 4 generation ended 0.466543812382
2016-12-16 23:22:20,524 - SIMU: SimulationFollowLightGen - applyVariation() : NEW RANDOM GENOME
2016-12-16 23:22:30,247 - SIMU: 5 generation ended 0.0
2016-12-16 23:22:39,425 - SIMU: 6 generation ended 0.61436757499
2016-12-16 23:22:49,770 - SIMU: 7 generation ended 0.652015500556
2016-12-16 23:22:59,696 - SIMU: 8 generation ended 0.0115914789408
2016-12-16 23:23:10,022 - SIMU: 9 generation ended 0.269444520377
2016-12-16 23:23:20,088 - SIMU: 10 generation ended 0.668225995659
2016-12-16 23:23:20,097 - SIMU: SimulationFollowLightGen - applyVariation() : NEW RANDOM GENOME
2016-12-16 23:23:29,578 - SIMU: 11 generation ended 0.0
2016-12-16 23:23:39,647 - SIMU: 12 generation ended 0.99901329762
2016-12-16 23:23:50,244 - SIMU: 13 generation ended 0.937832487667
2016-12-16 23:23:59,530 - SIMU: 14 generation ended 0.603125495973
2016-12-16 23:24:10,059 - SIMU: 15 generation ended 0.799384998973
2016-12-16 23:24:19,739 - SIMU: 16 generation ended 0.998939559172
2016-12-16 23:24:19,747 - SIMU: SimulationFollowLightGen - applyVariation() : NEW RANDOM GENOME
2016-12-16 23:24:29,580 - SIMU: 17 generation ended 0.0
2016-12-16 23:24:29,586 - SIMU: SimulationFollowLightGen - applyVariation() : NEW RANDOM GENOME
2016-12-16 23:24:39,664 - SIMU: 18 generation ended 0.331168400357
2016-12-16 23:24:49,620 - SIMU: 19 generation ended 0.389027152286
2016-12-16 23:24:59,552 - SIMU: 20 generation ended 0.999650797824
2016-12-16 23:25:09,176 - SIMU: 21 generation ended 0.52787139654
2016-12-16 23:25:18,651 - SIMU: 22 generation ended 0.998142959751
2016-12-16 23:25:28,739 - SIMU: 23 generation ended 0.597403274968
2016-12-16 23:25:38,801 - SIMU: 24 generation ended 0.517324421647
2016-12-16 23:25:48,465 - SIMU: 25 generation ended 0.509502051467
2016-12-16 23:25:58,096 - SIMU: 26 generation ended 0.732289098319
2016-12-16 23:26:08,315 - SIMU: 27 generation ended 0.746467690893
2016-12-16 23:26:17,999 - SIMU: 28 generation ended 0.153989999609
2016-12-16 23:26:28,397 - SIMU: 29 generation ended 0.15114347993
2016-12-16 23:26:36,974 - SIMU: 30 generation ended 0.276698737066
2016-12-16 23:26:47,170 - SIMU: 31 generation ended 0.758552400472
2016-12-16 23:26:56,867 - SIMU: 32 generation ended 0.478639886088
2016-12-16 23:27:07,422 - SIMU: 33 generation ended 0.975554091635
2016-12-16 23:27:16,391 - SIMU: 34 generation ended 0.748869590128
2016-12-16 23:27:26,156 - SIMU: 35 generation ended 0.998203245287
2016-12-16 23:27:36,406 - SIMU: 36 generation ended 0.467194400771
2016-12-16 23:27:46,207 - SIMU: 37 generation ended 0.587814764943
2016-12-16 23:27:55,638 - SIMU: 38 generation ended 0.999633648804
2016-12-16 23:28:05,405 - SIMU: 39 generation ended 0.515121554391
2016-12-16 23:28:14,297 - SIMU: 40 generation ended 0.996837352873
2016-12-16 23:28:24,031 - SIMU: 41 generation ended 0.999767196342
2016-12-16 23:28:33,837 - SIMU: 42 generation ended 0.972225492194
2016-12-16 23:28:44,180 - SIMU: 43 generation ended 0.563946210073
2016-12-16 23:28:53,518 - SIMU: 44 generation ended 0.215572158736
2016-12-16 23:29:02,716 - SIMU: 45 generation ended 0.0466335538742
2016-12-16 23:29:13,263 - SIMU: 46 generation ended 0.673279467475
2016-12-16 23:29:22,952 - SIMU: 47 generation ended 0.945997109971
2016-12-16 23:29:32,969 - SIMU: 48 generation ended 0.527755565982
2016-12-16 23:29:42,417 - SIMU: 49 generation ended 0.861308068391
2016-12-16 23:29:51,916 - SIMU: 50 generation ended 0.714739798383
2016-12-16 23:30:02,046 - SIMU: 51 generation ended 0.0395593985245
2016-12-16 23:30:12,268 - SIMU: 52 generation ended 0.723007633074
2016-12-16 23:30:21,836 - SIMU: 53 generation ended 0.0636599991636
2016-12-16 23:30:31,303 - SIMU: 54 generation ended 0.0607399994062
2016-12-16 23:30:41,055 - SIMU: 55 generation ended 0.662208181409
2016-12-16 23:30:50,538 - SIMU: 56 generation ended 0.638465672454
2016-12-16 23:30:59,344 - SIMU: 57 generation ended 0.0
2016-12-16 23:31:09,268 - SIMU: 58 generation ended 0.955871950069
2016-12-16 23:31:18,897 - SIMU: 59 generation ended 0.274126259949
2016-12-16 23:31:29,856 - SIMU: 60 generation ended 0.908389195265
2016-12-16 23:31:29,935 - ERROR: MainController - Request for sending com message while no simulation started.
2016-12-16 23:31:29,959 - SIMU: -------------------
2016-12-16 23:31:29,960 - SIMU: End :
2016-12-16 23:31:29,961 - SIMU: fitness_champion 0.908389195265
2016-12-16 23:31:29,963 - SIMU: champion [-7.395701778651121, 4.200753526522889, -17.721636819757247, -6.708890610605468, -5.115002496173916, -5.9171155926738495, 9.160003900694335, 3.7632911261701505, 12.38782615950687, 10.6038972053039, 10.859815533403115, -11.249182152456457, 5.254980124090796, 13.924017827521503, 5.4057261836490005, 10.210382298454663, 14.421317190232104, 4.641312330924614]
2016-12-16 23:31:29,964 - SIMU: ======================================
2016-12-16 23:31:30,644 - ERROR: MainController - Request for sending com message while no simulation started.
2016-12-16 23:31:31,009 - ERROR: MainController - Request for sending com message while no simulation started.
2016-12-16 23:31:31,425 - ERROR: MainController - Request for sending com message while no simulation started.
2016-12-16 23:31:31,891 - ERROR: MainController - Request for sending com message while no simulation started.
2016-12-16 23:31:33,407 - ERROR: MainController - Request for sending com message while no simulation started.
2016-12-16 23:31:34,074 - ERROR: MainController - Request for sending com message while no simulation started.
2016-12-16 23:31:34,590 - ERROR: MainController - Request for sending com message while no simulation started.
2016-12-16 23:31:36,156 - ERROR: MainController - Request for sending com message while no simulation started.
2016-12-16 23:31:36,872 - ERROR: MainController - Request for sending com message while no simulation started.
2016-12-16 23:31:37,087 - ERROR: MainController - Request for sending com message while no simulation started.
2016-12-16 23:31:38,503 - ERROR: MainController - Request for sending com message while no simulation started.
2016-12-16 23:31:39,019 - ERROR: MainController - Request for sending com message while no simulation started.
2016-12-16 23:31:39,837 - ERROR: MainController - Request for sending com message while no simulation started.
2016-12-16 23:31:41,153 - ERROR: MainController - Request for sending com message while no simulation started.
2016-12-16 23:31:41,819 - ERROR: MainController - Request for sending com message while no simulation started.
2016-12-16 23:31:42,234 - ERROR: MainController - Request for sending com message while no simulation started.
2016-12-16 23:31:43,202 - ERROR: MainController - Request for sending com message while no simulation started.
2016-12-16 23:31:44,235 - ERROR: MainController - Request for sending com message while no simulation started.
2016-12-16 23:31:44,552 - ERROR: MainController - Request for sending com message while no simulation started.
2016-12-16 23:31:47,218 - ERROR: MainController - Request for sending com message while no simulation started.
2016-12-16 23:31:48,085 - ERROR: MainController - Request for sending com message while no simulation started.
2016-12-16 23:31:49,451 - ERROR: MainController - Request for sending com message while no simulation started.
2016-12-16 23:31:50,268 - ERROR: MainController - Request for sending com message while no simulation started.
2016-12-16 23:31:52,884 - ERROR: MainController - Request for sending com message while no simulation started.
2016-12-16 23:31:55,100 - ERROR: MainController - Request for sending com message while no simulation started.
2016-12-16 23:31:58,416 - ERROR: MainController - Request for sending com message while no simulation started.
