ROBOT 6
2016-12-17 04:38:09,166 - SIMU: ======================================
2016-12-17 04:38:09,167 - SIMU: ====== SimulationFollowLightGenBis ======
2016-12-17 04:38:09,168 - SIMU: ======================================
2016-12-17 04:38:09,169 - SIMU: -------------------
2016-12-17 04:38:09,169 - SIMU: Parameters :
2016-12-17 04:38:09,170 - SIMU: duration 3000
2016-12-17 04:38:09,171 - SIMU: lifetime 60
2016-12-17 04:38:09,171 - SIMU: sleep 0.1
2016-12-17 04:38:09,172 - SIMU: windowSize 20
2016-12-17 04:38:09,173 - SIMU: probabilities pcopy pgauss prandom 0.4 0.4 0.2
2016-12-17 04:38:09,173 - SIMU: sigma 0.1
2016-12-17 04:38:09,174 - SIMU: -------------------
2016-12-17 04:38:09,174 - SIMU: Start :
2016-12-17 04:38:18,946 - SIMU: 1 generation ended 0.128247318258
2016-12-17 04:38:28,387 - SIMU: 2 generation ended 0.106602505552
2016-12-17 04:38:37,863 - SIMU: 3 generation ended 0.0
2016-12-17 04:38:37,871 - SIMU: SimulationFollowLightGen - applyVariation() : NEW RANDOM GENOME
2016-12-17 04:38:46,828 - SIMU: 4 generation ended 0.00738907916295
2016-12-17 04:38:56,156 - SIMU: 5 generation ended 0.17920198699
2016-12-17 04:39:05,483 - SIMU: 6 generation ended 0.170744426266
2016-12-17 04:39:15,191 - SIMU: 7 generation ended 0.262614629313
2016-12-17 04:39:25,208 - SIMU: 8 generation ended 0.259519520448
2016-12-17 04:39:35,488 - SIMU: 9 generation ended 0.703262234906
2016-12-17 04:39:45,833 - SIMU: 10 generation ended 0.411708524216
2016-12-17 04:39:55,352 - SIMU: 11 generation ended 0.295121725196
2016-12-17 04:39:55,358 - SIMU: SimulationFollowLightGen - applyVariation() : NEW RANDOM GENOME
2016-12-17 04:40:05,095 - SIMU: 12 generation ended 0.0
2016-12-17 04:40:14,918 - SIMU: 13 generation ended 0.261216955805
2016-12-17 04:40:23,964 - SIMU: 14 generation ended 0.303408916931
2016-12-17 04:40:33,570 - SIMU: 15 generation ended 0.285129785615
2016-12-17 04:40:44,284 - SIMU: 16 generation ended 0.358505083042
2016-12-17 04:40:54,481 - SIMU: 17 generation ended 0.360229034788
2016-12-17 04:41:03,946 - SIMU: 18 generation ended 0.607735457017
2016-12-17 04:41:13,779 - SIMU: 19 generation ended 0.553155076957
2016-12-17 04:41:24,398 - SIMU: 20 generation ended 0.658533846789
2016-12-17 04:41:33,342 - SIMU: 21 generation ended 0.327589039227
2016-12-17 04:41:42,073 - SIMU: 22 generation ended 0.0017915590306
2016-12-17 04:41:51,795 - SIMU: 23 generation ended 0.527716606327
2016-12-17 04:42:02,023 - SIMU: 24 generation ended 0.139833044269
2016-12-17 04:42:12,259 - SIMU: 25 generation ended 0.505025275013
2016-12-17 04:42:22,106 - SIMU: 26 generation ended 0.336181530257
2016-12-17 04:42:31,468 - SIMU: 27 generation ended 0.503817492792
2016-12-17 04:42:40,262 - SIMU: 28 generation ended 0.633842482508
2016-12-17 04:42:49,780 - SIMU: 29 generation ended 0.033126875741
2016-12-17 04:42:59,734 - SIMU: 30 generation ended 0.290375358545
2016-12-17 04:43:10,255 - SIMU: 31 generation ended 0.275694382759
2016-12-17 04:43:20,664 - SIMU: 32 generation ended 0.58309988513
2016-12-17 04:43:31,602 - SIMU: 33 generation ended 0.269674014944
2016-12-17 04:43:41,491 - SIMU: 34 generation ended 0.30876090898
2016-12-17 04:43:51,192 - SIMU: 35 generation ended 0.625974973267
2016-12-17 04:44:00,251 - SIMU: 36 generation ended 0.0166901347296
2016-12-17 04:44:10,593 - SIMU: 37 generation ended 0.522915704226
2016-12-17 04:44:20,776 - SIMU: 38 generation ended 0.492379358308
2016-12-17 04:44:30,968 - SIMU: 39 generation ended 0.614011991578
2016-12-17 04:44:40,843 - SIMU: 40 generation ended 0.268667952002
2016-12-17 04:44:50,136 - SIMU: 41 generation ended 0.366005010754
2016-12-17 04:45:00,295 - SIMU: 42 generation ended 0.376746670298
2016-12-17 04:45:09,547 - SIMU: 43 generation ended 0.71782941489
2016-12-17 04:45:18,454 - SIMU: 44 generation ended 0.267967417689
2016-12-17 04:45:27,684 - SIMU: 45 generation ended 0.253283858806
2016-12-17 04:45:37,681 - SIMU: 46 generation ended 0.622589826366
2016-12-17 04:45:48,684 - SIMU: 47 generation ended 0.390732396115
2016-12-17 04:45:58,014 - SIMU: 48 generation ended 0.847801158958
2016-12-17 04:46:07,927 - SIMU: 49 generation ended 0.581706242893
2016-12-17 04:46:18,291 - SIMU: 50 generation ended 0.16327008211
2016-12-17 04:46:28,985 - SIMU: 51 generation ended 0.715711190349
2016-12-17 04:46:39,372 - SIMU: 52 generation ended 0.796406892409
2016-12-17 04:46:49,594 - SIMU: 53 generation ended 0.365642671874
2016-12-17 04:46:59,748 - SIMU: 54 generation ended 0.548796733167
2016-12-17 04:47:09,611 - SIMU: 55 generation ended 0.599531108559
2016-12-17 04:47:19,343 - SIMU: 56 generation ended 0.352698052515
2016-12-17 04:47:29,761 - SIMU: 57 generation ended 0.214397116694
2016-12-17 04:47:39,419 - SIMU: 58 generation ended 0.59839238862
2016-12-17 04:47:49,320 - SIMU: 59 generation ended 0.579511842775
2016-12-17 04:47:58,845 - SIMU: 60 generation ended 0.164559091903
2016-12-17 04:47:58,921 - ERROR: MainController - Request for sending com message while no simulation started.
2016-12-17 04:47:58,949 - SIMU: -------------------
2016-12-17 04:47:58,950 - SIMU: End :
2016-12-17 04:47:58,951 - SIMU: fitness_champion 0.164559091903
2016-12-17 04:47:58,952 - SIMU: champion [0.6189247576048622, -1.6994995541290492, -0.5357944606289545, -0.9949463095380108, -0.28140067515451034, -0.3054450095326669, -0.9799246658974894, 0.6603166300213076, 0.32363407612060774, 0.5803351034802263, 0.699299097296218, 0.37199412750304506, 0.6080821444945625, 1.1105543599706449, 0.7936741160280483, 0.27676381005484996, 0.36171796307028625, 0.6429242073219138]
2016-12-17 04:47:58,953 - SIMU: ======================================
