ROBOT 2
2016-12-17 08:18:40,558 - DEBUG: MainController - Running.
2016-12-17 08:18:40,559 - DEBUG: CommandsListener - Waiting on accept...
2016-12-17 08:18:53,102 - DEBUG: CommandsListener - Received command from (192.168.0.210, 38495)
2016-12-17 08:18:53,103 - DEBUG: CommandsListener - Receiving command...
2016-12-17 08:18:53,107 - DEBUG: CommandsListener - Received <Utils.Message instance at 0x7639c710>
2016-12-17 08:18:53,108 - DEBUG: CommandsListener - Transmitting command 5 to controller.
2016-12-17 08:18:53,108 - DEBUG: MainController - Command 5 received.
2016-12-17 08:18:53,109 - DEBUG: CommandsListener - Waiting on accept...
2016-12-17 08:18:53,127 - DEBUG: MainController - Treating command : 5
2016-12-17 08:18:53,127 - DEBUG: MainController - Setting simulation...
2016-12-17 08:18:59,398 - DEBUG: CommandsListener - Received command from (192.168.0.210, 38503)
2016-12-17 08:18:59,399 - DEBUG: CommandsListener - Receiving command...
2016-12-17 08:18:59,401 - DEBUG: CommandsListener - Received <Utils.Message instance at 0x7639e940>
2016-12-17 08:18:59,401 - DEBUG: CommandsListener - Transmitting command 0 to controller.
2016-12-17 08:18:59,402 - DEBUG: MainController - Command 0 received.
2016-12-17 08:18:59,403 - DEBUG: CommandsListener - Waiting on accept...
2016-12-17 08:18:59,444 - DEBUG: MainController - Treating command : 0
2016-12-17 08:18:59,444 - DEBUG: MainController - Loading simulation...
2016-12-17 08:18:59,445 - DEBUG: Params - Parsing configuration file.
2016-12-17 08:19:01,172 - CRITICAL: dbus.Array([dbus.String(u'thymio-II')], signature=dbus.Signature('s'))
2016-12-17 08:19:01,174 - DEBUG: ThymioController - Running.
2016-12-17 08:19:03,773 - SIMU: ======================================
2016-12-17 08:19:03,775 - SIMU: ====== SimulationFollowLightGenBis ======
2016-12-17 08:19:03,775 - SIMU: ======================================
2016-12-17 08:19:03,776 - SIMU: -------------------
2016-12-17 08:19:03,777 - SIMU: Parameters :
2016-12-17 08:19:03,777 - SIMU: duration 6000
2016-12-17 08:19:03,778 - SIMU: lifetime 60
2016-12-17 08:19:03,779 - SIMU: sleep 0.1
2016-12-17 08:19:03,780 - SIMU: windowSize 20
2016-12-17 08:19:03,780 - SIMU: probabilities pcopy pgauss prandom 0.4 0.4 0.2
2016-12-17 08:19:03,781 - SIMU: sigma 0.1
2016-12-17 08:19:03,782 - SIMU: -------------------
2016-12-17 08:19:03,783 - SIMU: Start :
2016-12-17 08:19:13,782 - SIMU: 0 generation ended 0.0355785358583
2016-12-17 08:19:23,611 - SIMU: 1 generation ended 0.641694759899
2016-12-17 08:19:33,701 - SIMU: 2 generation ended 0.072505205754
2016-12-17 08:19:33,706 - SIMU: SimulationFollowLightGen - applyVariation() : NEW RANDOM GENOME
2016-12-17 08:19:43,642 - SIMU: 3 generation ended 0.0
2016-12-17 08:19:52,929 - SIMU: 4 generation ended 0.626550459181
2016-12-17 08:20:03,989 - SIMU: 5 generation ended 0.510867919221
2016-12-17 08:20:13,052 - SIMU: 6 generation ended 0.585195824957
2016-12-17 08:20:13,057 - SIMU: SimulationFollowLightGen - applyVariation() : NEW RANDOM GENOME
2016-12-17 08:20:23,545 - SIMU: 7 generation ended 0.0157188689666
2016-12-17 08:20:33,150 - SIMU: 8 generation ended 0.0510733569526
2016-12-17 08:20:33,217 - SIMU: SimulationFollowLightGen - applyVariation() : NEW RANDOM GENOME
2016-12-17 08:20:43,102 - SIMU: 9 generation ended 0.0
2016-12-17 08:20:53,401 - SIMU: 10 generation ended 0.170581563945
2016-12-17 08:21:03,368 - SIMU: 11 generation ended 0.569786457124
2016-12-17 08:21:12,957 - SIMU: 12 generation ended 0.608811053788
2016-12-17 08:21:22,980 - SIMU: 13 generation ended 0.616948377877
2016-12-17 08:21:32,654 - SIMU: 14 generation ended 0.26038096225
2016-12-17 08:21:42,252 - SIMU: 15 generation ended 0.0705787288732
2016-12-17 08:21:52,131 - SIMU: 16 generation ended 0.321111543928
2016-12-17 08:21:52,196 - SIMU: SimulationFollowLightGen - applyVariation() : NEW RANDOM GENOME
2016-12-17 08:22:02,024 - SIMU: 17 generation ended 0.00773273929218
2016-12-17 08:22:11,730 - SIMU: 18 generation ended 0.185070108812
2016-12-17 08:22:22,356 - SIMU: 19 generation ended 0.185398739233
2016-12-17 08:22:32,341 - SIMU: 20 generation ended 0.38337137652
2016-12-17 08:22:41,987 - SIMU: 21 generation ended 0.407662101273
2016-12-17 08:22:52,034 - SIMU: 22 generation ended 0.259159440838
2016-12-17 08:23:02,161 - SIMU: 23 generation ended 0.392929553967
2016-12-17 08:23:12,159 - SIMU: 24 generation ended 0.38326133766
2016-12-17 08:23:21,983 - SIMU: 25 generation ended 0.452503722613
2016-12-17 08:23:31,886 - SIMU: 26 generation ended 0.764797307193
2016-12-17 08:23:42,228 - SIMU: 27 generation ended 0.267159362673
2016-12-17 08:23:51,370 - SIMU: 28 generation ended 0.0
2016-12-17 08:24:00,893 - SIMU: 29 generation ended 0.0
2016-12-17 08:24:00,900 - SIMU: SimulationFollowLightGen - applyVariation() : NEW RANDOM GENOME
2016-12-17 08:24:10,363 - SIMU: 30 generation ended 0.0
2016-12-17 08:24:20,158 - SIMU: 31 generation ended 0.0
2016-12-17 08:24:29,522 - SIMU: 32 generation ended 0.0
2016-12-17 08:24:39,026 - SIMU: 33 generation ended 0.0
2016-12-17 08:24:48,617 - SIMU: 34 generation ended 0.0
2016-12-17 08:24:58,402 - SIMU: 35 generation ended 0.0
2016-12-17 08:25:07,869 - SIMU: 36 generation ended 0.0
2016-12-17 08:25:17,889 - SIMU: 37 generation ended 0.0
2016-12-17 08:25:27,705 - SIMU: 38 generation ended 0.0
2016-12-17 08:25:37,650 - SIMU: 39 generation ended 0.0
2016-12-17 08:25:47,410 - SIMU: 40 generation ended 0.0
2016-12-17 08:25:47,414 - SIMU: SimulationFollowLightGen - applyVariation() : NEW RANDOM GENOME
2016-12-17 08:25:56,969 - SIMU: 41 generation ended 0.0
2016-12-17 08:25:56,974 - SIMU: SimulationFollowLightGen - applyVariation() : NEW RANDOM GENOME
2016-12-17 08:26:06,334 - SIMU: 42 generation ended 0.0
2016-12-17 08:26:15,331 - SIMU: 43 generation ended 0.258071737729
2016-12-17 08:26:24,907 - SIMU: 44 generation ended 0.0
2016-12-17 08:26:35,084 - SIMU: 45 generation ended 0.0
2016-12-17 08:26:44,748 - SIMU: 46 generation ended 0.0
2016-12-17 08:26:54,501 - SIMU: 47 generation ended 0.0
2016-12-17 08:26:54,507 - SIMU: SimulationFollowLightGen - applyVariation() : NEW RANDOM GENOME
2016-12-17 08:27:03,966 - SIMU: 48 generation ended 0.0
2016-12-17 08:27:13,592 - SIMU: 49 generation ended 0.754036901694
2016-12-17 08:27:13,597 - SIMU: SimulationFollowLightGen - applyVariation() : NEW RANDOM GENOME
2016-12-17 08:27:22,957 - SIMU: 50 generation ended 0.0
2016-12-17 08:27:33,047 - SIMU: 51 generation ended 0.0
2016-12-17 08:27:42,316 - SIMU: 52 generation ended 0.0
2016-12-17 08:27:52,308 - SIMU: 53 generation ended 0.0
2016-12-17 08:28:01,850 - SIMU: 54 generation ended 0.662291713259
2016-12-17 08:28:12,296 - SIMU: 55 generation ended 0.0
2016-12-17 08:28:22,790 - SIMU: 56 generation ended 0.0
2016-12-17 08:28:32,354 - SIMU: 57 generation ended 0.0
2016-12-17 08:28:42,677 - SIMU: 58 generation ended 0.0
2016-12-17 08:28:51,915 - SIMU: 59 generation ended 0.0
2016-12-17 08:29:01,333 - SIMU: 60 generation ended 0.0
2016-12-17 08:29:11,106 - SIMU: 61 generation ended 0.0
2016-12-17 08:29:21,046 - SIMU: 62 generation ended 0.0
2016-12-17 08:29:31,172 - SIMU: 63 generation ended 0.0
2016-12-17 08:29:40,798 - SIMU: 64 generation ended 0.0
2016-12-17 08:29:51,035 - SIMU: 65 generation ended 0.0
2016-12-17 08:30:00,614 - SIMU: 66 generation ended 0.0
2016-12-17 08:30:10,351 - SIMU: 67 generation ended 0.0
2016-12-17 08:30:20,020 - SIMU: 68 generation ended 0.0
2016-12-17 08:30:29,522 - SIMU: 69 generation ended 0.0
2016-12-17 08:30:39,105 - SIMU: 70 generation ended 0.0
2016-12-17 08:30:48,865 - SIMU: 71 generation ended 0.0
2016-12-17 08:30:58,504 - SIMU: 72 generation ended 0.0
2016-12-17 08:31:08,526 - SIMU: 73 generation ended 0.0
2016-12-17 08:31:17,871 - SIMU: 74 generation ended 0.0
2016-12-17 08:31:27,396 - SIMU: 75 generation ended 0.0
2016-12-17 08:31:36,989 - SIMU: 76 generation ended 0.0
2016-12-17 08:31:46,147 - SIMU: 77 generation ended 0.0
2016-12-17 08:31:55,428 - SIMU: 78 generation ended 0.0
2016-12-17 08:32:05,264 - SIMU: 79 generation ended 0.0
2016-12-17 08:32:14,950 - SIMU: 80 generation ended 0.0
2016-12-17 08:32:24,498 - SIMU: 81 generation ended 0.0
2016-12-17 08:32:34,242 - SIMU: 82 generation ended 0.0
2016-12-17 08:32:43,813 - SIMU: 83 generation ended 0.0
2016-12-17 08:32:53,940 - SIMU: 84 generation ended 0.0
2016-12-17 08:33:03,914 - SIMU: 85 generation ended 0.0
2016-12-17 08:33:13,631 - SIMU: 86 generation ended 0.0
2016-12-17 08:33:23,111 - SIMU: 87 generation ended 0.0
2016-12-17 08:33:33,096 - SIMU: 88 generation ended 0.0
2016-12-17 08:33:42,957 - SIMU: 89 generation ended 0.0
2016-12-17 08:33:52,752 - SIMU: 90 generation ended 0.0
2016-12-17 08:34:02,376 - SIMU: 91 generation ended 0.0
2016-12-17 08:34:12,145 - SIMU: 92 generation ended 0.0
2016-12-17 08:34:22,899 - SIMU: 93 generation ended 0.0
2016-12-17 08:34:32,899 - SIMU: 94 generation ended 0.0
2016-12-17 08:34:42,425 - SIMU: 95 generation ended 0.0
2016-12-17 08:34:52,183 - SIMU: 96 generation ended 0.0
2016-12-17 08:35:02,304 - SIMU: 97 generation ended 0.0
2016-12-17 08:35:12,240 - SIMU: 98 generation ended 0.0
2016-12-17 08:35:22,040 - SIMU: 99 generation ended 0.0
2016-12-17 08:35:31,477 - SIMU: 100 generation ended 0.0
2016-12-17 08:35:31,581 - SIMU: -------------------
2016-12-17 08:35:31,583 - SIMU: End :
2016-12-17 08:35:31,584 - SIMU: fitness_champion 0.0
2016-12-17 08:35:31,585 - SIMU: champion [0.35259844386991007, -0.2606297889450179, 0.6742037839893329, 1.025264369428417, 1.0779644608070096, -0.537365600212749, -0.9793741167090007, -1.12574403429186, 1.9619940990452327, -0.8939046740273966, 0.8265068882655817, 0.9912513417606734, 0.5478868752480494, -0.17625951771246162, 0.04319538936309711, 0.9794496935232235, 0.6792790017576074, 0.860343870286995]
2016-12-17 08:35:31,586 - SIMU: ======================================
2016-12-17 08:35:37,454 - ERROR: MainController - Request for simulation stop while no simulation started.
2016-12-17 08:35:40,070 - ERROR: MainController - Request for simulation stop while no simulation started.
ROBOT 3
2016-12-17 14:18:49,653 - DEBUG: MainController - Running.
2016-12-17 14:18:49,654 - DEBUG: CommandsListener - Waiting on accept...
2016-12-17 14:19:02,264 - DEBUG: CommandsListener - Received command from (192.168.0.210, 37776)
2016-12-17 14:19:02,265 - DEBUG: CommandsListener - Receiving command...
2016-12-17 14:19:02,269 - DEBUG: CommandsListener - Received <Utils.Message instance at 0x76413710>
2016-12-17 14:19:02,270 - DEBUG: CommandsListener - Transmitting command 5 to controller.
2016-12-17 14:19:02,270 - DEBUG: MainController - Command 5 received.
2016-12-17 14:19:02,271 - DEBUG: CommandsListener - Waiting on accept...
2016-12-17 14:19:02,272 - DEBUG: MainController - Treating command : 5
2016-12-17 14:19:02,273 - DEBUG: MainController - Setting simulation...
2016-12-17 14:19:08,560 - DEBUG: CommandsListener - Received command from (192.168.0.210, 37784)
2016-12-17 14:19:08,561 - DEBUG: CommandsListener - Receiving command...
2016-12-17 14:19:08,562 - DEBUG: CommandsListener - Received <Utils.Message instance at 0x76415940>
2016-12-17 14:19:08,563 - DEBUG: CommandsListener - Transmitting command 0 to controller.
2016-12-17 14:19:08,564 - DEBUG: MainController - Command 0 received.
2016-12-17 14:19:08,565 - DEBUG: CommandsListener - Waiting on accept...
2016-12-17 14:19:08,589 - DEBUG: MainController - Treating command : 0
2016-12-17 14:19:08,590 - DEBUG: MainController - Loading simulation...
2016-12-17 14:19:08,591 - DEBUG: Params - Parsing configuration file.
2016-12-17 14:19:10,344 - CRITICAL: dbus.Array([dbus.String(u'thymio-II')], signature=dbus.Signature('s'))
2016-12-17 14:19:10,345 - DEBUG: ThymioController - Running.
2016-12-17 14:19:12,877 - SIMU: ======================================
2016-12-17 14:19:12,878 - SIMU: ====== SimulationFollowLightGenBis ======
2016-12-17 14:19:12,879 - SIMU: ======================================
2016-12-17 14:19:12,879 - SIMU: -------------------
2016-12-17 14:19:12,880 - SIMU: Parameters :
2016-12-17 14:19:12,881 - SIMU: duration 6000
2016-12-17 14:19:12,881 - SIMU: lifetime 60
2016-12-17 14:19:12,882 - SIMU: sleep 0.1
2016-12-17 14:19:12,883 - SIMU: windowSize 20
2016-12-17 14:19:12,884 - SIMU: probabilities pcopy pgauss prandom 0.4 0.4 0.2
2016-12-17 14:19:12,885 - SIMU: sigma 0.1
2016-12-17 14:19:12,886 - SIMU: -------------------
2016-12-17 14:19:12,887 - SIMU: Start :
2016-12-17 14:19:22,700 - SIMU: 0 generation ended 0.0
2016-12-17 14:19:32,652 - SIMU: 1 generation ended 0.580530719424
2016-12-17 14:19:42,801 - SIMU: 2 generation ended 0.520912921759
2016-12-17 14:19:52,721 - SIMU: 3 generation ended 0.451263468869
2016-12-17 14:20:01,995 - SIMU: 4 generation ended 0.00282737283018
2016-12-17 14:20:12,888 - SIMU: 5 generation ended 0.27022364713
2016-12-17 14:20:21,953 - SIMU: 6 generation ended 0.000214342080617
2016-12-17 14:20:21,962 - SIMU: SimulationFollowLightGen - applyVariation() : NEW RANDOM GENOME
2016-12-17 14:20:32,523 - SIMU: 7 generation ended 0.0
2016-12-17 14:20:42,237 - SIMU: 8 generation ended 0.261188246555
2016-12-17 14:20:42,247 - SIMU: SimulationFollowLightGen - applyVariation() : NEW RANDOM GENOME
2016-12-17 14:20:51,994 - SIMU: 9 generation ended 0.0
2016-12-17 14:21:02,305 - SIMU: 10 generation ended 0.248754436926
2016-12-17 14:21:12,434 - SIMU: 11 generation ended 0.273586200442
2016-12-17 14:21:21,824 - SIMU: 12 generation ended 0.339936307708
2016-12-17 14:21:32,116 - SIMU: 13 generation ended 0.0625548019031
2016-12-17 14:21:32,124 - SIMU: SimulationFollowLightGen - applyVariation() : NEW RANDOM GENOME
2016-12-17 14:21:41,815 - SIMU: 14 generation ended 0.032936055259
2016-12-17 14:21:51,352 - SIMU: 15 generation ended 0.0321662155626
2016-12-17 14:22:01,107 - SIMU: 16 generation ended 0.209642320052
2016-12-17 14:22:11,223 - SIMU: 17 generation ended 0.141253117838
2016-12-17 14:22:20,834 - SIMU: 18 generation ended 0.2354332667
2016-12-17 14:22:31,372 - SIMU: 19 generation ended 0.463550877051
2016-12-17 14:22:41,391 - SIMU: 20 generation ended 0.220607155875
2016-12-17 14:22:51,135 - SIMU: 21 generation ended 0.464894609582
2016-12-17 14:22:51,141 - SIMU: SimulationFollowLightGen - applyVariation() : NEW RANDOM GENOME
2016-12-17 14:23:01,016 - SIMU: 22 generation ended 0.0
2016-12-17 14:23:11,211 - SIMU: 23 generation ended 0.354011259487
2016-12-17 14:23:21,264 - SIMU: 24 generation ended 0.385013675425
2016-12-17 14:23:21,336 - SIMU: SimulationFollowLightGen - applyVariation() : NEW RANDOM GENOME
2016-12-17 14:23:30,922 - SIMU: 25 generation ended 0.0539123659553
2016-12-17 14:23:40,922 - SIMU: 26 generation ended 0.0913631169507
2016-12-17 14:23:40,928 - SIMU: SimulationFollowLightGen - applyVariation() : NEW RANDOM GENOME
2016-12-17 14:23:51,139 - SIMU: 27 generation ended 0.00527696563198
2016-12-17 14:23:51,185 - SIMU: SimulationFollowLightGen - applyVariation() : NEW RANDOM GENOME
2016-12-17 14:24:00,432 - SIMU: 28 generation ended 0.00228986281725
2016-12-17 14:24:09,907 - SIMU: 29 generation ended 0.0
2016-12-17 14:24:19,468 - SIMU: 30 generation ended 0.0
2016-12-17 14:24:29,163 - SIMU: 31 generation ended 0.0
2016-12-17 14:24:38,723 - SIMU: 32 generation ended 0.0
2016-12-17 14:24:38,729 - SIMU: SimulationFollowLightGen - applyVariation() : NEW RANDOM GENOME
2016-12-17 14:24:48,150 - SIMU: 33 generation ended 0.0
2016-12-17 14:24:57,673 - SIMU: 34 generation ended 0.00732132843891
2016-12-17 14:25:07,468 - SIMU: 35 generation ended 0.00740347346014
2016-12-17 14:25:17,031 - SIMU: 36 generation ended 0.0071502060908
2016-12-17 14:25:26,960 - SIMU: 37 generation ended 0.00712768732528
2016-12-17 14:25:36,558 - SIMU: 38 generation ended 0.00687976423169
2016-12-17 14:25:46,714 - SIMU: 39 generation ended 0.00648363456415
2016-12-17 14:25:56,510 - SIMU: 40 generation ended 0.00624085166244
2016-12-17 14:26:05,946 - SIMU: 41 generation ended 0.00579827575925
2016-12-17 14:26:15,311 - SIMU: 42 generation ended 0.00563472523809
2016-12-17 14:26:24,452 - SIMU: 43 generation ended 0.00573750155818
2016-12-17 14:26:24,461 - SIMU: SimulationFollowLightGen - applyVariation() : NEW RANDOM GENOME
2016-12-17 14:26:33,926 - SIMU: 44 generation ended 0.0
2016-12-17 14:26:44,210 - SIMU: 45 generation ended 0.0
2016-12-17 14:26:53,810 - SIMU: 46 generation ended 0.0
2016-12-17 14:27:03,634 - SIMU: 47 generation ended 0.0
2016-12-17 14:27:13,037 - SIMU: 48 generation ended 0.0
2016-12-17 14:27:22,528 - SIMU: 49 generation ended 0.0
2016-12-17 14:27:32,085 - SIMU: 50 generation ended 0.0
2016-12-17 14:27:41,986 - SIMU: 51 generation ended 0.0
2016-12-17 14:27:51,389 - SIMU: 52 generation ended 0.0
2016-12-17 14:28:01,417 - SIMU: 53 generation ended 0.0
2016-12-17 14:28:10,992 - SIMU: 54 generation ended 0.0
2016-12-17 14:28:21,239 - SIMU: 55 generation ended 0.0
2016-12-17 14:28:31,721 - SIMU: 56 generation ended 0.0
2016-12-17 14:28:41,401 - SIMU: 57 generation ended 0.0
2016-12-17 14:28:51,584 - SIMU: 58 generation ended 0.0
2016-12-17 14:29:00,968 - SIMU: 59 generation ended 0.0
2016-12-17 14:29:10,430 - SIMU: 60 generation ended 0.0
2016-12-17 14:29:20,136 - SIMU: 61 generation ended 0.0
2016-12-17 14:29:30,201 - SIMU: 62 generation ended 0.0
2016-12-17 14:29:40,256 - SIMU: 63 generation ended 0.0
2016-12-17 14:29:50,015 - SIMU: 64 generation ended 0.0
2016-12-17 14:30:00,009 - SIMU: 65 generation ended 0.0
2016-12-17 14:30:09,593 - SIMU: 66 generation ended 0.0
2016-12-17 14:30:19,439 - SIMU: 67 generation ended 0.0
2016-12-17 14:30:29,037 - SIMU: 68 generation ended 0.0
2016-12-17 14:30:38,593 - SIMU: 69 generation ended 0.0
2016-12-17 14:30:48,258 - SIMU: 70 generation ended 0.0
2016-12-17 14:30:57,956 - SIMU: 71 generation ended 0.0
2016-12-17 14:31:07,643 - SIMU: 72 generation ended 0.0
2016-12-17 14:31:17,517 - SIMU: 73 generation ended 0.0
2016-12-17 14:31:26,922 - SIMU: 74 generation ended 0.0
2016-12-17 14:31:36,529 - SIMU: 75 generation ended 0.0
2016-12-17 14:31:46,051 - SIMU: 76 generation ended 0.0
2016-12-17 14:31:55,162 - SIMU: 77 generation ended 0.0
2016-12-17 14:32:04,626 - SIMU: 78 generation ended 0.0
2016-12-17 14:32:14,342 - SIMU: 79 generation ended 0.0
2016-12-17 14:32:24,030 - SIMU: 80 generation ended 0.0
2016-12-17 14:32:33,467 - SIMU: 81 generation ended 0.0
2016-12-17 14:32:43,331 - SIMU: 82 generation ended 0.0
2016-12-17 14:32:52,884 - SIMU: 83 generation ended 0.0
2016-12-17 14:33:02,978 - SIMU: 84 generation ended 0.0
2016-12-17 14:33:12,940 - SIMU: 85 generation ended 0.0
2016-12-17 14:33:22,744 - SIMU: 86 generation ended 0.0
2016-12-17 14:33:32,269 - SIMU: 87 generation ended 0.0
2016-12-17 14:33:42,192 - SIMU: 88 generation ended 0.0
2016-12-17 14:33:51,893 - SIMU: 89 generation ended 0.0
2016-12-17 14:34:01,837 - SIMU: 90 generation ended 0.0
2016-12-17 14:34:11,417 - SIMU: 91 generation ended 0.0
2016-12-17 14:34:21,208 - SIMU: 92 generation ended 0.0
2016-12-17 14:34:31,826 - SIMU: 93 generation ended 0.0
2016-12-17 14:34:41,861 - SIMU: 94 generation ended 0.0
2016-12-17 14:34:51,485 - SIMU: 95 generation ended 0.0
2016-12-17 14:35:01,279 - SIMU: 96 generation ended 0.0
2016-12-17 14:35:11,255 - SIMU: 97 generation ended 0.0
2016-12-17 14:35:21,310 - SIMU: 98 generation ended 0.0
2016-12-17 14:35:31,166 - SIMU: 99 generation ended 0.0
2016-12-17 14:35:40,532 - SIMU: 100 generation ended 0.0
2016-12-17 14:35:40,668 - SIMU: -------------------
2016-12-17 14:35:40,670 - SIMU: End :
2016-12-17 14:35:40,671 - SIMU: fitness_champion 0.0
2016-12-17 14:35:40,672 - SIMU: champion [0.3077762152101162, -0.07748920893451908, 1.0356886719350251, 1.5286911235341025, 1.0475725305438257, -0.24476598192925642, -1.1270534359126718, -1.1278272674004561, 2.0702574992300424, -0.607791073450595, 0.46268427627570924, 1.0792052102810046, 0.6616106184405675, 0.1260507449606783, 0.1089387174730733, 1.2702501971795455, 0.6681227931458706, 0.7460933304098805]
2016-12-17 14:35:40,674 - SIMU: ======================================
2016-12-17 14:35:46,620 - ERROR: MainController - Request for simulation stop while no simulation started.
2016-12-17 14:35:49,237 - ERROR: MainController - Request for simulation stop while no simulation started.
ROBOT 4
2016-12-17 12:18:36,910 - DEBUG: MainController - Running.
2016-12-17 12:18:36,912 - DEBUG: CommandsListener - Waiting on accept...
2016-12-17 12:18:49,174 - DEBUG: CommandsListener - Received command from (192.168.0.210, 47131)
2016-12-17 12:18:49,175 - DEBUG: CommandsListener - Receiving command...
2016-12-17 12:18:49,179 - DEBUG: CommandsListener - Received <Utils.Message instance at 0x7640b710>
2016-12-17 12:18:49,180 - DEBUG: CommandsListener - Transmitting command 5 to controller.
2016-12-17 12:18:49,180 - DEBUG: MainController - Command 5 received.
2016-12-17 12:18:49,181 - DEBUG: CommandsListener - Waiting on accept...
2016-12-17 12:18:49,230 - DEBUG: MainController - Treating command : 5
2016-12-17 12:18:49,230 - DEBUG: MainController - Setting simulation...
2016-12-17 12:18:55,472 - DEBUG: CommandsListener - Received command from (192.168.0.210, 47139)
2016-12-17 12:18:55,473 - DEBUG: CommandsListener - Receiving command...
2016-12-17 12:18:55,474 - DEBUG: CommandsListener - Received <Utils.Message instance at 0x7640d648>
2016-12-17 12:18:55,475 - DEBUG: CommandsListener - Transmitting command 0 to controller.
2016-12-17 12:18:55,475 - DEBUG: MainController - Command 0 received.
2016-12-17 12:18:55,476 - DEBUG: CommandsListener - Waiting on accept...
2016-12-17 12:18:55,496 - DEBUG: MainController - Treating command : 0
2016-12-17 12:18:55,497 - DEBUG: MainController - Loading simulation...
2016-12-17 12:18:55,498 - DEBUG: Params - Parsing configuration file.
2016-12-17 12:18:58,015 - CRITICAL: dbus.Array([dbus.String(u'thymio-II')], signature=dbus.Signature('s'))
2016-12-17 12:18:58,017 - DEBUG: ThymioController - Running.
2016-12-17 12:19:00,620 - SIMU: ======================================
2016-12-17 12:19:00,621 - SIMU: ====== SimulationFollowLightGenBis ======
2016-12-17 12:19:00,622 - SIMU: ======================================
2016-12-17 12:19:00,623 - SIMU: -------------------
2016-12-17 12:19:00,623 - SIMU: Parameters :
2016-12-17 12:19:00,624 - SIMU: duration 6000
2016-12-17 12:19:00,625 - SIMU: lifetime 60
2016-12-17 12:19:00,625 - SIMU: sleep 0.1
2016-12-17 12:19:00,626 - SIMU: windowSize 20
2016-12-17 12:19:00,627 - SIMU: probabilities pcopy pgauss prandom 0.4 0.4 0.2
2016-12-17 12:19:00,628 - SIMU: sigma 0.1
2016-12-17 12:19:00,628 - SIMU: -------------------
2016-12-17 12:19:00,629 - SIMU: Start :
2016-12-17 12:19:09,682 - SIMU: 0 generation ended 0.170978511718
2016-12-17 12:19:19,704 - SIMU: 1 generation ended 0.0332689970535
2016-12-17 12:19:19,708 - SIMU: SimulationFollowLightGen - applyVariation() : NEW RANDOM GENOME
2016-12-17 12:19:29,793 - SIMU: 2 generation ended 0.0
2016-12-17 12:19:39,683 - SIMU: 3 generation ended 0.126522195687
2016-12-17 12:19:48,913 - SIMU: 4 generation ended 0.176665367693
2016-12-17 12:20:00,016 - SIMU: 5 generation ended 0.16715672059
2016-12-17 12:20:08,875 - SIMU: 6 generation ended 0.309275951973
2016-12-17 12:20:08,884 - SIMU: SimulationFollowLightGen - applyVariation() : NEW RANDOM GENOME
2016-12-17 12:20:19,532 - SIMU: 7 generation ended 0.6808897981
2016-12-17 12:20:29,293 - SIMU: 8 generation ended 0.0592362061019
2016-12-17 12:20:39,016 - SIMU: 9 generation ended 0.483623480302
2016-12-17 12:20:49,384 - SIMU: 10 generation ended 0.142151303288
2016-12-17 12:20:49,393 - SIMU: SimulationFollowLightGen - applyVariation() : NEW RANDOM GENOME
2016-12-17 12:20:59,628 - SIMU: 11 generation ended 0.0
2016-12-17 12:20:59,633 - SIMU: SimulationFollowLightGen - applyVariation() : NEW RANDOM GENOME
2016-12-17 12:21:08,739 - SIMU: 12 generation ended 0.151061443925
2016-12-17 12:21:19,001 - SIMU: 13 generation ended 0.24897140727
2016-12-17 12:21:19,006 - SIMU: SimulationFollowLightGen - applyVariation() : NEW RANDOM GENOME
2016-12-17 12:21:28,841 - SIMU: 14 generation ended 0.0
2016-12-17 12:21:38,257 - SIMU: 15 generation ended 0.29746374776
2016-12-17 12:21:38,263 - SIMU: SimulationFollowLightGen - applyVariation() : NEW RANDOM GENOME
2016-12-17 12:21:48,116 - SIMU: 16 generation ended 0.0
2016-12-17 12:21:58,174 - SIMU: 17 generation ended 0.399720584865
2016-12-17 12:22:07,853 - SIMU: 18 generation ended 0.0302036839719
2016-12-17 12:22:18,375 - SIMU: 19 generation ended 0.409400793393
2016-12-17 12:22:28,400 - SIMU: 20 generation ended 0.427647713128
2016-12-17 12:22:38,122 - SIMU: 21 generation ended 0.442718012761
2016-12-17 12:22:38,126 - SIMU: SimulationFollowLightGen - applyVariation() : NEW RANDOM GENOME
2016-12-17 12:22:47,955 - SIMU: 22 generation ended 0.0
2016-12-17 12:22:58,126 - SIMU: 23 generation ended 0.291332789466
2016-12-17 12:23:08,209 - SIMU: 24 generation ended 0.836814147494
2016-12-17 12:23:17,953 - SIMU: 25 generation ended 0.452503722613
2016-12-17 12:23:27,872 - SIMU: 26 generation ended 0.0810711427067
2016-12-17 12:23:27,876 - SIMU: SimulationFollowLightGen - applyVariation() : NEW RANDOM GENOME
2016-12-17 12:23:38,069 - SIMU: 27 generation ended 0.0441723806726
2016-12-17 12:23:47,423 - SIMU: 28 generation ended 0.0629399826448
2016-12-17 12:23:47,430 - SIMU: SimulationFollowLightGen - applyVariation() : NEW RANDOM GENOME
2016-12-17 12:23:56,870 - SIMU: 29 generation ended 0.0440966914666
2016-12-17 12:24:06,557 - SIMU: 30 generation ended 0.0639390591001
2016-12-17 12:24:06,582 - SIMU: SimulationFollowLightGen - applyVariation() : NEW RANDOM GENOME
2016-12-17 12:24:16,142 - SIMU: 31 generation ended 0.0
2016-12-17 12:24:25,668 - SIMU: 32 generation ended 0.074495462463
2016-12-17 12:24:35,080 - SIMU: 33 generation ended 0.0601075812848
2016-12-17 12:24:44,752 - SIMU: 34 generation ended 0.0574309956409
2016-12-17 12:24:44,758 - SIMU: SimulationFollowLightGen - applyVariation() : NEW RANDOM GENOME
2016-12-17 12:24:54,455 - SIMU: 35 generation ended 0.0903916814895
2016-12-17 12:24:54,462 - SIMU: SimulationFollowLightGen - applyVariation() : NEW RANDOM GENOME
2016-12-17 12:25:04,011 - SIMU: 36 generation ended 0.132629154681
2016-12-17 12:25:13,810 - SIMU: 37 generation ended 0.523287445502
2016-12-17 12:25:13,815 - SIMU: SimulationFollowLightGen - applyVariation() : NEW RANDOM GENOME
2016-12-17 12:25:23,588 - SIMU: 38 generation ended 0.0
2016-12-17 12:25:33,763 - SIMU: 39 generation ended 0.0641245680379
2016-12-17 12:25:43,397 - SIMU: 40 generation ended 0.0578625920752
2016-12-17 12:25:52,926 - SIMU: 41 generation ended 0.0653442547838
2016-12-17 12:25:52,932 - SIMU: SimulationFollowLightGen - applyVariation() : NEW RANDOM GENOME
2016-12-17 12:26:02,359 - SIMU: 42 generation ended 0.0
2016-12-17 12:26:11,321 - SIMU: 43 generation ended 0.057928398093
2016-12-17 12:26:21,039 - SIMU: 44 generation ended 0.0556537868431
2016-12-17 12:26:21,048 - SIMU: SimulationFollowLightGen - applyVariation() : NEW RANDOM GENOME
2016-12-17 12:26:31,132 - SIMU: 45 generation ended 0.0
2016-12-17 12:26:40,900 - SIMU: 46 generation ended 0.0649081798801
2016-12-17 12:26:50,656 - SIMU: 47 generation ended 0.0621846664632
2016-12-17 12:27:00,100 - SIMU: 48 generation ended 0.0637968884539
2016-12-17 12:27:00,104 - SIMU: SimulationFollowLightGen - applyVariation() : NEW RANDOM GENOME
2016-12-17 12:27:09,565 - SIMU: 49 generation ended 0.0391826966147
2016-12-17 12:27:19,244 - SIMU: 50 generation ended 0.0641312905976
2016-12-17 12:27:28,975 - SIMU: 51 generation ended 0.0659405492592
2016-12-17 12:27:38,431 - SIMU: 52 generation ended 0.0392992870293
2016-12-17 12:27:48,490 - SIMU: 53 generation ended 0.0655035995513
2016-12-17 12:27:57,979 - SIMU: 54 generation ended 0.0212138809267
2016-12-17 12:28:08,214 - SIMU: 55 generation ended 0.0656963764977
2016-12-17 12:28:18,571 - SIMU: 56 generation ended 0.067123582373
2016-12-17 12:28:28,503 - SIMU: 57 generation ended 0.0666887467201
2016-12-17 12:28:38,467 - SIMU: 58 generation ended 0.065815337304
2016-12-17 12:28:48,093 - SIMU: 59 generation ended 0.0655999247201
2016-12-17 12:28:57,494 - SIMU: 60 generation ended 0.0620857701425
2016-12-17 12:29:07,145 - SIMU: 61 generation ended 0.0616922410923
2016-12-17 12:29:17,143 - SIMU: 62 generation ended 0.0630005207531
2016-12-17 12:29:27,372 - SIMU: 63 generation ended 0.0640422152443
2016-12-17 12:29:36,904 - SIMU: 64 generation ended 0.0636760357371
2016-12-17 12:29:47,066 - SIMU: 65 generation ended 0.0619682134532
2016-12-17 12:29:56,529 - SIMU: 66 generation ended 0.0636387278099
2016-12-17 12:30:06,319 - SIMU: 67 generation ended 0.0631030318413
2016-12-17 12:30:16,011 - SIMU: 68 generation ended 0.0635960137721
2016-12-17 12:30:25,575 - SIMU: 69 generation ended 0.0630268443921
2016-12-17 12:30:35,270 - SIMU: 70 generation ended 0.0648779705817
2016-12-17 12:30:44,941 - SIMU: 71 generation ended 0.0634659753148
2016-12-17 12:30:54,701 - SIMU: 72 generation ended 0.0614035598525
2016-12-17 12:31:04,460 - SIMU: 73 generation ended 0.0631738724488
2016-12-17 12:31:13,922 - SIMU: 74 generation ended 0.0618738306071
2016-12-17 12:31:23,486 - SIMU: 75 generation ended 0.0629272248367
2016-12-17 12:31:33,074 - SIMU: 76 generation ended 0.06017200813
2016-12-17 12:31:42,134 - SIMU: 77 generation ended 0.0633355916662
2016-12-17 12:31:51,731 - SIMU: 78 generation ended 0.0592089105854
2016-12-17 12:32:01,267 - SIMU: 79 generation ended 0.05893070464
2016-12-17 12:32:10,954 - SIMU: 80 generation ended 0.0572658996097
2016-12-17 12:32:20,346 - SIMU: 81 generation ended 0.0592379843586
2016-12-17 12:32:30,283 - SIMU: 82 generation ended 0.0570092035731
2016-12-17 12:32:39,835 - SIMU: 83 generation ended 0.058523978717
2016-12-17 12:32:50,025 - SIMU: 84 generation ended 0.0585908212773
2016-12-17 12:32:59,892 - SIMU: 85 generation ended 0.0587152584466
2016-12-17 12:33:09,725 - SIMU: 86 generation ended 0.0587464528521
2016-12-17 12:33:19,166 - SIMU: 87 generation ended 0.0604120708795
2016-12-17 12:33:29,168 - SIMU: 88 generation ended 0.0581720593056
2016-12-17 12:33:39,079 - SIMU: 89 generation ended 0.055876631087
2016-12-17 12:33:48,932 - SIMU: 90 generation ended 0.0564782452744
2016-12-17 12:33:58,464 - SIMU: 91 generation ended 0.0532890572687
2016-12-17 12:34:08,193 - SIMU: 92 generation ended 0.0604506339395
2016-12-17 12:34:18,882 - SIMU: 93 generation ended 0.0530440347315
2016-12-17 12:34:28,798 - SIMU: 94 generation ended 0.0614079271242
2016-12-17 12:34:38,443 - SIMU: 95 generation ended 0.0597130382851
2016-12-17 12:34:48,229 - SIMU: 96 generation ended 0.0600013825244
2016-12-17 12:34:58,241 - SIMU: 97 generation ended 0.0599123141656
2016-12-17 12:35:08,297 - SIMU: 98 generation ended 0.0613816832272
2016-12-17 12:35:18,120 - SIMU: 99 generation ended 0.0591357278551
2016-12-17 12:35:27,471 - SIMU: 100 generation ended 0.0617317507431
2016-12-17 12:35:27,586 - SIMU: -------------------
2016-12-17 12:35:27,589 - SIMU: End :
2016-12-17 12:35:27,589 - SIMU: fitness_champion 0.0617317507431
2016-12-17 12:35:27,590 - SIMU: champion [0.6760152240274934, -0.15506807395852845, 1.193334242249998, 1.3954660876298355, 1.0904007733858008, -0.28095505887228434, -0.9523930543101412, -1.170372738967733, 1.998632957936804, -0.667757848042033, 0.6356729244779449, 1.276076896097028, 0.6752145694382758, 0.26293781966633406, 0.08619803609116727, 1.2496314146693632, 0.8012556558175192, 1.107817714903985]
2016-12-17 12:35:27,591 - SIMU: ======================================
2016-12-17 12:35:33,564 - ERROR: MainController - Request for simulation stop while no simulation started.
2016-12-17 12:35:36,130 - ERROR: MainController - Request for simulation stop while no simulation started.
ROBOT 5
2016-12-17 02:18:46,138 - DEBUG: MainController - Running.
2016-12-17 02:18:46,139 - DEBUG: CommandsListener - Waiting on accept...
2016-12-17 02:18:58,676 - DEBUG: CommandsListener - Received command from (192.168.0.210, 32957)
2016-12-17 02:18:58,677 - DEBUG: CommandsListener - Receiving command...
2016-12-17 02:18:58,680 - DEBUG: CommandsListener - Received <Utils.Message instance at 0x76421710>
2016-12-17 02:18:58,681 - DEBUG: CommandsListener - Transmitting command 5 to controller.
2016-12-17 02:18:58,682 - DEBUG: MainController - Command 5 received.
2016-12-17 02:18:58,682 - DEBUG: CommandsListener - Waiting on accept...
2016-12-17 02:18:58,707 - DEBUG: MainController - Treating command : 5
2016-12-17 02:18:58,708 - DEBUG: MainController - Setting simulation...
2016-12-17 02:19:04,973 - DEBUG: CommandsListener - Received command from (192.168.0.210, 32965)
2016-12-17 02:19:04,974 - DEBUG: CommandsListener - Receiving command...
2016-12-17 02:19:04,976 - DEBUG: CommandsListener - Received <Utils.Message instance at 0x76423940>
2016-12-17 02:19:04,977 - DEBUG: CommandsListener - Transmitting command 0 to controller.
2016-12-17 02:19:04,977 - DEBUG: MainController - Command 0 received.
2016-12-17 02:19:04,978 - DEBUG: CommandsListener - Waiting on accept...
2016-12-17 02:19:05,024 - DEBUG: MainController - Treating command : 0
2016-12-17 02:19:05,025 - DEBUG: MainController - Loading simulation...
2016-12-17 02:19:05,026 - DEBUG: Params - Parsing configuration file.
2016-12-17 02:19:06,718 - CRITICAL: dbus.Array([dbus.String(u'thymio-II')], signature=dbus.Signature('s'))
2016-12-17 02:19:06,719 - DEBUG: ThymioController - Running.
2016-12-17 02:19:09,316 - SIMU: ======================================
2016-12-17 02:19:09,318 - SIMU: ====== SimulationFollowLightGenBis ======
2016-12-17 02:19:09,318 - SIMU: ======================================
2016-12-17 02:19:09,319 - SIMU: -------------------
2016-12-17 02:19:09,320 - SIMU: Parameters :
2016-12-17 02:19:09,320 - SIMU: duration 6000
2016-12-17 02:19:09,321 - SIMU: lifetime 60
2016-12-17 02:19:09,322 - SIMU: sleep 0.1
2016-12-17 02:19:09,322 - SIMU: windowSize 20
2016-12-17 02:19:09,323 - SIMU: probabilities pcopy pgauss prandom 0.4 0.4 0.2
2016-12-17 02:19:09,324 - SIMU: sigma 0.1
2016-12-17 02:19:09,324 - SIMU: -------------------
2016-12-17 02:19:09,325 - SIMU: Start :
2016-12-17 02:19:19,148 - SIMU: 0 generation ended 0.0
2016-12-17 02:19:19,153 - SIMU: SimulationFollowLightGen - applyVariation() : NEW RANDOM GENOME
2016-12-17 02:19:29,031 - SIMU: 1 generation ended 0.0
2016-12-17 02:19:39,348 - SIMU: 2 generation ended 0.576718398177
2016-12-17 02:19:49,103 - SIMU: 3 generation ended 0.211718396823
2016-12-17 02:19:58,576 - SIMU: 4 generation ended 0.0707434960253
2016-12-17 02:20:09,403 - SIMU: 5 generation ended 0.485630061745
2016-12-17 02:20:09,411 - SIMU: SimulationFollowLightGen - applyVariation() : NEW RANDOM GENOME
2016-12-17 02:20:18,427 - SIMU: 6 generation ended 0.0
2016-12-17 02:20:18,431 - SIMU: SimulationFollowLightGen - applyVariation() : NEW RANDOM GENOME
2016-12-17 02:20:28,929 - SIMU: 7 generation ended 0.436609027546
2016-12-17 02:20:28,940 - SIMU: SimulationFollowLightGen - applyVariation() : NEW RANDOM GENOME
2016-12-17 02:20:38,849 - SIMU: 8 generation ended 0.0
2016-12-17 02:20:48,550 - SIMU: 9 generation ended 0.294837029659
2016-12-17 02:20:58,787 - SIMU: 10 generation ended 0.361565213477
2016-12-17 02:21:08,879 - SIMU: 11 generation ended 0.433673873533
2016-12-17 02:21:08,899 - SIMU: SimulationFollowLightGen - applyVariation() : NEW RANDOM GENOME
2016-12-17 02:21:18,171 - SIMU: 12 generation ended 0.0
2016-12-17 02:21:28,545 - SIMU: 13 generation ended 0.456645326941
2016-12-17 02:21:38,252 - SIMU: 14 generation ended 0.284204266302
2016-12-17 02:21:47,968 - SIMU: 15 generation ended 0.0
2016-12-17 02:21:57,643 - SIMU: 16 generation ended 0.0
2016-12-17 02:22:07,579 - SIMU: 17 generation ended 0.281843129699
2016-12-17 02:22:17,321 - SIMU: 18 generation ended 0.357853631812
2016-12-17 02:22:27,914 - SIMU: 19 generation ended 0.534224784152
2016-12-17 02:22:37,723 - SIMU: 20 generation ended 0.379250633465
2016-12-17 02:22:37,728 - SIMU: SimulationFollowLightGen - applyVariation() : NEW RANDOM GENOME
2016-12-17 02:22:47,655 - SIMU: 21 generation ended 0.0
2016-12-17 02:22:47,660 - SIMU: SimulationFollowLightGen - applyVariation() : NEW RANDOM GENOME
2016-12-17 02:22:57,517 - SIMU: 22 generation ended 0.0
2016-12-17 02:23:07,820 - SIMU: 23 generation ended 0.407108353543
2016-12-17 02:23:17,562 - SIMU: 24 generation ended 0.376369437373
2016-12-17 02:23:17,576 - SIMU: SimulationFollowLightGen - applyVariation() : NEW RANDOM GENOME
2016-12-17 02:23:27,566 - SIMU: 25 generation ended 0.0122851776137
2016-12-17 02:23:37,308 - SIMU: 26 generation ended 0.28303887418
2016-12-17 02:23:37,321 - SIMU: SimulationFollowLightGen - applyVariation() : NEW RANDOM GENOME
2016-12-17 02:23:47,787 - SIMU: 27 generation ended 0.0981613226218
2016-12-17 02:23:56,886 - SIMU: 28 generation ended 0.749350780102
2016-12-17 02:23:56,895 - SIMU: SimulationFollowLightGen - applyVariation() : NEW RANDOM GENOME
2016-12-17 02:24:06,407 - SIMU: 29 generation ended 0.0021754922108
2016-12-17 02:24:16,002 - SIMU: 30 generation ended 0.0
2016-12-17 02:24:25,601 - SIMU: 31 generation ended 0.0
2016-12-17 02:24:35,172 - SIMU: 32 generation ended 0.0
2016-12-17 02:24:44,853 - SIMU: 33 generation ended 0.0
2016-12-17 02:24:54,177 - SIMU: 34 generation ended 0.0
2016-12-17 02:25:03,909 - SIMU: 35 generation ended 0.0
2016-12-17 02:25:13,408 - SIMU: 36 generation ended 0.0
2016-12-17 02:25:23,403 - SIMU: 37 generation ended 0.0
2016-12-17 02:25:33,145 - SIMU: 38 generation ended 0.0
2016-12-17 02:25:43,071 - SIMU: 39 generation ended 0.0
2016-12-17 02:25:53,114 - SIMU: 40 generation ended 0.0
2016-12-17 02:26:02,563 - SIMU: 41 generation ended 0.0
2016-12-17 02:26:11,770 - SIMU: 42 generation ended 0.0
2016-12-17 02:26:20,804 - SIMU: 43 generation ended 0.0
2016-12-17 02:26:20,870 - SIMU: SimulationFollowLightGen - applyVariation() : NEW RANDOM GENOME
2016-12-17 02:26:30,375 - SIMU: 44 generation ended 0.0675380786683
2016-12-17 02:26:40,659 - SIMU: 45 generation ended 0.0216429548786
2016-12-17 02:26:50,186 - SIMU: 46 generation ended 0.0
2016-12-17 02:27:00,087 - SIMU: 47 generation ended 0.0
2016-12-17 02:27:09,587 - SIMU: 48 generation ended 0.0
2016-12-17 02:27:19,039 - SIMU: 49 generation ended 0.0
2016-12-17 02:27:28,431 - SIMU: 50 generation ended 0.0
2016-12-17 02:27:38,435 - SIMU: 51 generation ended 0.0
2016-12-17 02:27:47,841 - SIMU: 52 generation ended 0.0
2016-12-17 02:27:57,859 - SIMU: 53 generation ended 0.0
2016-12-17 02:28:07,362 - SIMU: 54 generation ended 0.0
2016-12-17 02:28:17,616 - SIMU: 55 generation ended 0.0
2016-12-17 02:28:28,253 - SIMU: 56 generation ended 0.0
2016-12-17 02:28:37,868 - SIMU: 57 generation ended 0.0
2016-12-17 02:28:48,130 - SIMU: 58 generation ended 0.0
2016-12-17 02:28:57,519 - SIMU: 59 generation ended 0.0
2016-12-17 02:29:07,045 - SIMU: 60 generation ended 0.0
2016-12-17 02:29:16,533 - SIMU: 61 generation ended 0.0
2016-12-17 02:29:26,774 - SIMU: 62 generation ended 0.0
2016-12-17 02:29:36,728 - SIMU: 63 generation ended 0.0
2016-12-17 02:29:46,427 - SIMU: 64 generation ended 0.0
2016-12-17 02:29:56,504 - SIMU: 65 generation ended 0.0
2016-12-17 02:30:06,047 - SIMU: 66 generation ended 0.0
2016-12-17 02:30:15,902 - SIMU: 67 generation ended 0.0
2016-12-17 02:30:25,540 - SIMU: 68 generation ended 0.0
2016-12-17 02:30:35,031 - SIMU: 69 generation ended 0.0
2016-12-17 02:30:44,715 - SIMU: 70 generation ended 0.0
2016-12-17 02:30:54,383 - SIMU: 71 generation ended 0.0
2016-12-17 02:31:04,176 - SIMU: 72 generation ended 0.0
2016-12-17 02:31:14,008 - SIMU: 73 generation ended 0.0
2016-12-17 02:31:23,375 - SIMU: 74 generation ended 0.0
2016-12-17 02:31:33,086 - SIMU: 75 generation ended 0.0
2016-12-17 02:31:42,640 - SIMU: 76 generation ended 0.0
2016-12-17 02:31:51,683 - SIMU: 77 generation ended 0.0
2016-12-17 02:32:01,009 - SIMU: 78 generation ended 0.0
2016-12-17 02:32:10,933 - SIMU: 79 generation ended 0.0
2016-12-17 02:32:20,533 - SIMU: 80 generation ended 0.0
2016-12-17 02:32:29,979 - SIMU: 81 generation ended 0.0
2016-12-17 02:32:39,689 - SIMU: 82 generation ended 0.0
2016-12-17 02:32:49,463 - SIMU: 83 generation ended 0.0
2016-12-17 02:32:59,384 - SIMU: 84 generation ended 0.0
2016-12-17 02:33:09,245 - SIMU: 85 generation ended 0.0
2016-12-17 02:33:19,299 - SIMU: 86 generation ended 0.0
2016-12-17 02:33:28,912 - SIMU: 87 generation ended 0.0
2016-12-17 02:33:38,659 - SIMU: 88 generation ended 0.0
2016-12-17 02:33:48,342 - SIMU: 89 generation ended 0.0
2016-12-17 02:33:58,225 - SIMU: 90 generation ended 0.0
2016-12-17 02:34:08,052 - SIMU: 91 generation ended 0.0
2016-12-17 02:34:17,593 - SIMU: 92 generation ended 0.0
2016-12-17 02:34:28,233 - SIMU: 93 generation ended 0.0
2016-12-17 02:34:38,260 - SIMU: 94 generation ended 0.0
2016-12-17 02:34:47,997 - SIMU: 95 generation ended 0.0
2016-12-17 02:34:57,822 - SIMU: 96 generation ended 0.0
2016-12-17 02:35:07,745 - SIMU: 97 generation ended 0.0
2016-12-17 02:35:17,769 - SIMU: 98 generation ended 0.0
2016-12-17 02:35:27,644 - SIMU: 99 generation ended 0.0
2016-12-17 02:35:37,042 - SIMU: 100 generation ended 0.0
2016-12-17 02:35:37,144 - SIMU: -------------------
2016-12-17 02:35:37,145 - SIMU: End :
2016-12-17 02:35:37,146 - SIMU: fitness_champion 0.0
2016-12-17 02:35:37,147 - SIMU: champion [0.5261694836715836, -0.06372164710021416, 1.0864504707635358, 1.3847357966180331, 1.1687688093355229, -0.369427910826472, -0.9484444998636254, -1.1141525740734664, 2.00916340387096, -0.6739607644388228, 0.550561542242231, 1.1476606466778776, 0.6425376229244201, 0.14767549166398836, -0.008102750324390673, 1.084595782456514, 0.8378096751725274, 0.8796391477750967]
2016-12-17 02:35:37,147 - SIMU: ======================================
2016-12-17 02:35:43,027 - ERROR: MainController - Request for simulation stop while no simulation started.
2016-12-17 02:35:45,644 - ERROR: MainController - Request for simulation stop while no simulation started.
ROBOT 6
2016-12-17 12:19:09,387 - DEBUG: MainController - Running.
2016-12-17 12:19:09,388 - DEBUG: CommandsListener - Waiting on accept...
2016-12-17 12:19:22,004 - DEBUG: CommandsListener - Received command from (192.168.0.210, 57226)
2016-12-17 12:19:22,005 - DEBUG: CommandsListener - Receiving command...
2016-12-17 12:19:22,009 - DEBUG: CommandsListener - Received <Utils.Message instance at 0x7640e710>
2016-12-17 12:19:22,009 - DEBUG: CommandsListener - Transmitting command 5 to controller.
2016-12-17 12:19:22,010 - DEBUG: MainController - Command 5 received.
2016-12-17 12:19:22,011 - DEBUG: CommandsListener - Waiting on accept...
2016-12-17 12:19:22,056 - DEBUG: MainController - Treating command : 5
2016-12-17 12:19:22,057 - DEBUG: MainController - Setting simulation...
2016-12-17 12:19:28,301 - DEBUG: CommandsListener - Received command from (192.168.0.210, 57234)
2016-12-17 12:19:28,302 - DEBUG: CommandsListener - Receiving command...
2016-12-17 12:19:28,303 - DEBUG: CommandsListener - Received <Utils.Message instance at 0x76410940>
2016-12-17 12:19:28,303 - DEBUG: CommandsListener - Transmitting command 0 to controller.
2016-12-17 12:19:28,304 - DEBUG: MainController - Command 0 received.
2016-12-17 12:19:28,305 - DEBUG: CommandsListener - Waiting on accept...
2016-12-17 12:19:28,323 - DEBUG: MainController - Treating command : 0
2016-12-17 12:19:28,323 - DEBUG: MainController - Loading simulation...
2016-12-17 12:19:28,324 - DEBUG: Params - Parsing configuration file.
2016-12-17 12:19:30,028 - CRITICAL: dbus.Array([dbus.String(u'thymio-II')], signature=dbus.Signature('s'))
2016-12-17 12:19:30,029 - DEBUG: ThymioController - Running.
2016-12-17 12:19:32,620 - SIMU: ======================================
2016-12-17 12:19:32,621 - SIMU: ====== SimulationFollowLightGenBis ======
2016-12-17 12:19:32,622 - SIMU: ======================================
2016-12-17 12:19:32,623 - SIMU: -------------------
2016-12-17 12:19:32,623 - SIMU: Parameters :
2016-12-17 12:19:32,624 - SIMU: duration 6000
2016-12-17 12:19:32,625 - SIMU: lifetime 60
2016-12-17 12:19:32,625 - SIMU: sleep 0.1
2016-12-17 12:19:32,626 - SIMU: windowSize 20
2016-12-17 12:19:32,626 - SIMU: probabilities pcopy pgauss prandom 0.4 0.4 0.2
2016-12-17 12:19:32,627 - SIMU: sigma 0.1
2016-12-17 12:19:32,628 - SIMU: -------------------
2016-12-17 12:19:32,628 - SIMU: Start :
2016-12-17 12:19:42,696 - SIMU: 0 generation ended 0.0
2016-12-17 12:19:42,704 - SIMU: SimulationFollowLightGen - applyVariation() : NEW RANDOM GENOME
2016-12-17 12:19:52,328 - SIMU: 1 generation ended 0.179392536048
2016-12-17 12:20:02,840 - SIMU: 2 generation ended 0.281157903482
2016-12-17 12:20:12,555 - SIMU: 3 generation ended 0.0363578497559
2016-12-17 12:20:12,561 - SIMU: SimulationFollowLightGen - applyVariation() : NEW RANDOM GENOME
2016-12-17 12:20:21,900 - SIMU: 4 generation ended 0.504784739981
2016-12-17 12:20:32,713 - SIMU: 5 generation ended 0.473107914095
2016-12-17 12:20:41,726 - SIMU: 6 generation ended 0.31137099895
2016-12-17 12:20:41,732 - SIMU: SimulationFollowLightGen - applyVariation() : NEW RANDOM GENOME
2016-12-17 12:20:52,358 - SIMU: 7 generation ended 0.0
2016-12-17 12:21:02,020 - SIMU: 8 generation ended 0.439394490074
2016-12-17 12:21:11,697 - SIMU: 9 generation ended 0.282560543684
2016-12-17 12:21:22,123 - SIMU: 10 generation ended 0.215100799709
2016-12-17 12:21:32,203 - SIMU: 11 generation ended 0.197432858528
2016-12-17 12:21:41,641 - SIMU: 12 generation ended 0.445261410061
2016-12-17 12:21:51,912 - SIMU: 13 generation ended 0.287611429901
2016-12-17 12:22:01,622 - SIMU: 14 generation ended 0.401094281174
2016-12-17 12:22:11,124 - SIMU: 15 generation ended 0.130022510855
2016-12-17 12:22:20,848 - SIMU: 16 generation ended 0.194596530035
2016-12-17 12:22:20,857 - SIMU: SimulationFollowLightGen - applyVariation() : NEW RANDOM GENOME
2016-12-17 12:22:30,946 - SIMU: 17 generation ended 0.00249291782047
2016-12-17 12:22:40,735 - SIMU: 18 generation ended 0.133345069737
2016-12-17 12:22:51,134 - SIMU: 19 generation ended 0.367454595846
2016-12-17 12:23:01,143 - SIMU: 20 generation ended 0.25373597596
2016-12-17 12:23:01,148 - SIMU: SimulationFollowLightGen - applyVariation() : NEW RANDOM GENOME
2016-12-17 12:23:10,871 - SIMU: 21 generation ended 0.0
2016-12-17 12:23:20,759 - SIMU: 22 generation ended 0.268713421543
2016-12-17 12:23:31,196 - SIMU: 23 generation ended 0.102640851972
2016-12-17 12:23:41,017 - SIMU: 24 generation ended 0.0473439002962
2016-12-17 12:23:41,042 - SIMU: SimulationFollowLightGen - applyVariation() : NEW RANDOM GENOME
2016-12-17 12:23:50,796 - SIMU: 25 generation ended 0.0575625023378
2016-12-17 12:23:50,801 - SIMU: SimulationFollowLightGen - applyVariation() : NEW RANDOM GENOME
2016-12-17 12:24:00,673 - SIMU: 26 generation ended 0.155053911503
2016-12-17 12:24:10,946 - SIMU: 27 generation ended 0.238495500374
2016-12-17 12:24:10,951 - SIMU: SimulationFollowLightGen - applyVariation() : NEW RANDOM GENOME
2016-12-17 12:24:20,280 - SIMU: 28 generation ended 0.0
2016-12-17 12:24:29,675 - SIMU: 29 generation ended 0.0621055978536
2016-12-17 12:24:39,337 - SIMU: 30 generation ended 0.0777179076524
2016-12-17 12:24:39,342 - SIMU: SimulationFollowLightGen - applyVariation() : NEW RANDOM GENOME
2016-12-17 12:24:49,204 - SIMU: 31 generation ended 0.0
2016-12-17 12:24:58,512 - SIMU: 32 generation ended 0.0667133674283
2016-12-17 12:25:08,041 - SIMU: 33 generation ended 0.0
2016-12-17 12:25:17,552 - SIMU: 34 generation ended 0.0
2016-12-17 12:25:27,205 - SIMU: 35 generation ended 0.0
2016-12-17 12:25:36,760 - SIMU: 36 generation ended 0.0
2016-12-17 12:25:46,674 - SIMU: 37 generation ended 0.0
2016-12-17 12:25:46,745 - SIMU: SimulationFollowLightGen - applyVariation() : NEW RANDOM GENOME
2016-12-17 12:25:56,462 - SIMU: 38 generation ended 0.00469527961183
2016-12-17 12:26:06,509 - SIMU: 39 generation ended 0.357562752634
2016-12-17 12:26:16,382 - SIMU: 40 generation ended 0.0121159989686
2016-12-17 12:26:25,811 - SIMU: 41 generation ended 0.0
2016-12-17 12:26:35,244 - SIMU: 42 generation ended 0.0
2016-12-17 12:26:44,177 - SIMU: 43 generation ended 0.0
2016-12-17 12:26:53,732 - SIMU: 44 generation ended 0.0
2016-12-17 12:27:04,046 - SIMU: 45 generation ended 0.000199018332367
2016-12-17 12:27:13,723 - SIMU: 46 generation ended 0.168114762326
2016-12-17 12:27:13,728 - SIMU: SimulationFollowLightGen - applyVariation() : NEW RANDOM GENOME
2016-12-17 12:27:23,443 - SIMU: 47 generation ended 0.0358582038072
2016-12-17 12:27:32,910 - SIMU: 48 generation ended 0.0084194606075
2016-12-17 12:27:42,338 - SIMU: 49 generation ended 0.0683464484127
2016-12-17 12:27:51,887 - SIMU: 50 generation ended 0.0163916847789
2016-12-17 12:28:01,695 - SIMU: 51 generation ended 0.00646560065704
2016-12-17 12:28:11,199 - SIMU: 52 generation ended 0.0278676924962
2016-12-17 12:28:21,263 - SIMU: 53 generation ended 0.0645622389878
2016-12-17 12:28:30,695 - SIMU: 54 generation ended 0.0894859043743
2016-12-17 12:28:40,936 - SIMU: 55 generation ended 0.0688018394627
2016-12-17 12:28:51,669 - SIMU: 56 generation ended 0.0818453254602
2016-12-17 12:29:01,405 - SIMU: 57 generation ended 0.0881067737407
2016-12-17 12:29:11,336 - SIMU: 58 generation ended 0.0915273273372
2016-12-17 12:29:20,830 - SIMU: 59 generation ended 0.0774491351535
2016-12-17 12:29:30,382 - SIMU: 60 generation ended 0.0857882480542
2016-12-17 12:29:39,961 - SIMU: 61 generation ended 0.0907787374102
2016-12-17 12:29:50,121 - SIMU: 62 generation ended 0.0742751588175
2016-12-17 12:30:00,068 - SIMU: 63 generation ended 0.0679526238473
2016-12-17 12:30:09,695 - SIMU: 64 generation ended 0.0765315969182
2016-12-17 12:30:19,838 - SIMU: 65 generation ended 0.0866209699036
2016-12-17 12:30:29,379 - SIMU: 66 generation ended 0.0896774059067
2016-12-17 12:30:39,342 - SIMU: 67 generation ended 0.0883500407738
2016-12-17 12:30:48,806 - SIMU: 68 generation ended 0.0897959066293
2016-12-17 12:30:58,483 - SIMU: 69 generation ended 0.0896649793528
2016-12-17 12:31:07,974 - SIMU: 70 generation ended 0.0886301560434
2016-12-17 12:31:17,712 - SIMU: 71 generation ended 0.0897933271639
2016-12-17 12:31:27,555 - SIMU: 72 generation ended 0.0885234227513
2016-12-17 12:31:37,316 - SIMU: 73 generation ended 9.93751653775e-05
2016-12-17 12:31:46,773 - SIMU: 74 generation ended 0.0
2016-12-17 12:31:56,428 - SIMU: 75 generation ended 0.0
2016-12-17 12:32:05,910 - SIMU: 76 generation ended 0.0
2016-12-17 12:32:15,009 - SIMU: 77 generation ended 0.0189599944453
2016-12-17 12:32:24,559 - SIMU: 78 generation ended 0.0
2016-12-17 12:32:34,147 - SIMU: 79 generation ended 0.0
2016-12-17 12:32:43,756 - SIMU: 80 generation ended 0.0
2016-12-17 12:32:53,344 - SIMU: 81 generation ended 0.0
2016-12-17 12:33:03,181 - SIMU: 82 generation ended 0.0
2016-12-17 12:33:12,665 - SIMU: 83 generation ended 0.0
2016-12-17 12:33:22,769 - SIMU: 84 generation ended 0.0
2016-12-17 12:33:32,689 - SIMU: 85 generation ended 0.0
2016-12-17 12:33:42,676 - SIMU: 86 generation ended 0.0
2016-12-17 12:33:52,140 - SIMU: 87 generation ended 0.0
2016-12-17 12:34:01,939 - SIMU: 88 generation ended 0.0
2016-12-17 12:34:11,858 - SIMU: 89 generation ended 0.0
2016-12-17 12:34:21,728 - SIMU: 90 generation ended 0.0
2016-12-17 12:34:31,155 - SIMU: 91 generation ended 0.0
2016-12-17 12:34:40,935 - SIMU: 92 generation ended 0.0
2016-12-17 12:34:51,572 - SIMU: 93 generation ended 0.145957426484
2016-12-17 12:35:01,618 - SIMU: 94 generation ended 0.365885089569
2016-12-17 12:35:11,300 - SIMU: 95 generation ended 0.0
2016-12-17 12:35:21,090 - SIMU: 96 generation ended 0.0187326359091
2016-12-17 12:35:31,117 - SIMU: 97 generation ended 0.000109302507686
2016-12-17 12:35:41,079 - SIMU: 98 generation ended 0.0
2016-12-17 12:35:50,947 - SIMU: 99 generation ended 0.0
2016-12-17 12:36:00,288 - SIMU: 100 generation ended 0.0
2016-12-17 12:36:00,401 - SIMU: -------------------
2016-12-17 12:36:00,402 - SIMU: End :
2016-12-17 12:36:00,403 - SIMU: fitness_champion 0.0
2016-12-17 12:36:00,404 - SIMU: champion [0.2562971379111566, -0.3087016259125244, 0.7168691081784355, 1.1641673463718079, 1.00869136455109, -0.4875576073778076, -1.0997563622624649, -1.1499162101857456, 1.7263367179954408, -0.9552159069753079, 0.9157431456815188, 1.1589653255080572, 0.3484041796162163, -0.13498103735835648, -0.07321515243093416, 1.1504979824197263, 0.45158084891606054, 0.7904798718046797]
2016-12-17 12:36:00,404 - SIMU: ======================================
2016-12-17 12:36:06,374 - ERROR: MainController - Request for simulation stop while no simulation started.
2016-12-17 12:36:08,990 - ERROR: MainController - Request for simulation stop while no simulation started.
ROBOT 7
2016-12-17 01:18:33,102 - DEBUG: MainController - Running.
2016-12-17 01:18:33,104 - DEBUG: CommandsListener - Waiting on accept...
2016-12-17 01:18:45,445 - DEBUG: CommandsListener - Received command from (192.168.0.210, 38644)
2016-12-17 01:18:45,446 - DEBUG: CommandsListener - Receiving command...
2016-12-17 01:18:45,449 - DEBUG: CommandsListener - Received <Utils.Message instance at 0x763de710>
2016-12-17 01:18:45,450 - DEBUG: CommandsListener - Transmitting command 5 to controller.
2016-12-17 01:18:45,451 - DEBUG: MainController - Command 5 received.
2016-12-17 01:18:45,452 - DEBUG: CommandsListener - Waiting on accept...
2016-12-17 01:18:45,470 - DEBUG: MainController - Treating command : 5
2016-12-17 01:18:45,471 - DEBUG: MainController - Setting simulation...
2016-12-17 01:18:51,742 - DEBUG: CommandsListener - Received command from (192.168.0.210, 38652)
2016-12-17 01:18:51,743 - DEBUG: CommandsListener - Receiving command...
2016-12-17 01:18:51,745 - DEBUG: CommandsListener - Received <Utils.Message instance at 0x763e0940>
2016-12-17 01:18:51,745 - DEBUG: CommandsListener - Transmitting command 0 to controller.
2016-12-17 01:18:51,746 - DEBUG: MainController - Command 0 received.
2016-12-17 01:18:51,747 - DEBUG: CommandsListener - Waiting on accept...
2016-12-17 01:18:51,787 - DEBUG: MainController - Treating command : 0
2016-12-17 01:18:51,788 - DEBUG: MainController - Loading simulation...
2016-12-17 01:18:51,789 - DEBUG: Params - Parsing configuration file.
2016-12-17 01:18:53,465 - CRITICAL: dbus.Array([dbus.String(u'thymio-II')], signature=dbus.Signature('s'))
2016-12-17 01:18:53,466 - DEBUG: ThymioController - Running.
2016-12-17 01:18:56,055 - SIMU: ======================================
2016-12-17 01:18:56,056 - SIMU: ====== SimulationFollowLightGenBis ======
2016-12-17 01:18:56,057 - SIMU: ======================================
2016-12-17 01:18:56,058 - SIMU: -------------------
2016-12-17 01:18:56,058 - SIMU: Parameters :
2016-12-17 01:18:56,059 - SIMU: duration 6000
2016-12-17 01:18:56,060 - SIMU: lifetime 60
2016-12-17 01:18:56,060 - SIMU: sleep 0.1
2016-12-17 01:18:56,061 - SIMU: windowSize 20
2016-12-17 01:18:56,062 - SIMU: probabilities pcopy pgauss prandom 0.4 0.4 0.2
2016-12-17 01:18:56,062 - SIMU: sigma 0.1
2016-12-17 01:18:56,063 - SIMU: -------------------
2016-12-17 01:18:56,063 - SIMU: Start :
2016-12-17 01:19:05,904 - SIMU: 0 generation ended 0.0955087958064
2016-12-17 01:19:15,877 - SIMU: 1 generation ended 0.385105499738
2016-12-17 01:19:25,960 - SIMU: 2 generation ended 0.0274647417195
2016-12-17 01:19:35,856 - SIMU: 3 generation ended 0.0930899643054
2016-12-17 01:19:35,928 - SIMU: SimulationFollowLightGen - applyVariation() : NEW RANDOM GENOME
2016-12-17 01:19:45,273 - SIMU: 4 generation ended 0.0
2016-12-17 01:19:56,158 - SIMU: 5 generation ended 0.389285126405
2016-12-17 01:20:05,238 - SIMU: 6 generation ended 0.584751377745
2016-12-17 01:20:15,723 - SIMU: 7 generation ended 0.371928597471
2016-12-17 01:20:25,528 - SIMU: 8 generation ended 0.506193361139
2016-12-17 01:20:25,536 - SIMU: SimulationFollowLightGen - applyVariation() : NEW RANDOM GENOME
2016-12-17 01:20:35,168 - SIMU: 9 generation ended 0.0
2016-12-17 01:20:45,610 - SIMU: 10 generation ended 0.300507265094
2016-12-17 01:20:55,779 - SIMU: 11 generation ended 0.428433342011
2016-12-17 01:21:05,025 - SIMU: 12 generation ended 0.415425902359
2016-12-17 01:21:15,317 - SIMU: 13 generation ended 0.611658611307
2016-12-17 01:21:25,153 - SIMU: 14 generation ended 0.32910430934
2016-12-17 01:21:34,583 - SIMU: 15 generation ended 0.171585087662
2016-12-17 01:21:34,593 - SIMU: SimulationFollowLightGen - applyVariation() : NEW RANDOM GENOME
2016-12-17 01:21:44,365 - SIMU: 16 generation ended 0.0
2016-12-17 01:21:54,432 - SIMU: 17 generation ended 0.213010528044
2016-12-17 01:22:04,130 - SIMU: 18 generation ended 0.488988995438
2016-12-17 01:22:14,545 - SIMU: 19 generation ended 0.547945853956
2016-12-17 01:22:24,567 - SIMU: 20 generation ended 0.344667829782
2016-12-17 01:22:34,423 - SIMU: 21 generation ended 0.543285164611
2016-12-17 01:22:44,291 - SIMU: 22 generation ended 0.258464872462
2016-12-17 01:22:54,643 - SIMU: 23 generation ended 0.539188271966
2016-12-17 01:23:04,638 - SIMU: 24 generation ended 0.438595748566
2016-12-17 01:23:14,067 - SIMU: 25 generation ended 0.205475042644
2016-12-17 01:23:24,330 - SIMU: 26 generation ended 0.164378275479
2016-12-17 01:23:34,460 - SIMU: 27 generation ended 0.0682419127416
2016-12-17 01:23:43,603 - SIMU: 28 generation ended 0.0666863914193
2016-12-17 01:23:53,041 - SIMU: 29 generation ended 0.0703735197646
2016-12-17 01:24:02,643 - SIMU: 30 generation ended 0.06518346381
2016-12-17 01:24:12,397 - SIMU: 31 generation ended 0.0646099798529
2016-12-17 01:24:22,013 - SIMU: 32 generation ended 0.0651503884834
2016-12-17 01:24:31,298 - SIMU: 33 generation ended 0.0593697740063
2016-12-17 01:24:40,902 - SIMU: 34 generation ended 0.0630704489719
2016-12-17 01:24:40,911 - SIMU: SimulationFollowLightGen - applyVariation() : NEW RANDOM GENOME
2016-12-17 01:24:50,685 - SIMU: 35 generation ended 0.028733376355
2016-12-17 01:25:00,317 - SIMU: 36 generation ended 0.0569420378214
2016-12-17 01:25:10,116 - SIMU: 37 generation ended 0.0542566925028
2016-12-17 01:25:19,878 - SIMU: 38 generation ended 0.0609894189559
2016-12-17 01:25:29,924 - SIMU: 39 generation ended 0.0595780832197
2016-12-17 01:25:39,720 - SIMU: 40 generation ended 0.0644548145205
2016-12-17 01:25:49,258 - SIMU: 41 generation ended 0.0608587958089
2016-12-17 01:25:58,685 - SIMU: 42 generation ended 0.0593475434703
2016-12-17 01:25:58,690 - SIMU: SimulationFollowLightGen - applyVariation() : NEW RANDOM GENOME
2016-12-17 01:26:07,541 - SIMU: 43 generation ended 0.0107706228732
2016-12-17 01:26:17,098 - SIMU: 44 generation ended 0.0576119212979
2016-12-17 01:26:27,336 - SIMU: 45 generation ended 0.0597409817904
2016-12-17 01:26:27,341 - SIMU: SimulationFollowLightGen - applyVariation() : NEW RANDOM GENOME
2016-12-17 01:26:37,061 - SIMU: 46 generation ended 0.0
2016-12-17 01:26:46,849 - SIMU: 47 generation ended 0.668687140384
2016-12-17 01:26:56,256 - SIMU: 48 generation ended 0.0686801172941
2016-12-17 01:26:56,263 - SIMU: SimulationFollowLightGen - applyVariation() : NEW RANDOM GENOME
2016-12-17 01:27:05,880 - SIMU: 49 generation ended 0.0102648622308
2016-12-17 01:27:15,290 - SIMU: 50 generation ended 0.0407409438488
2016-12-17 01:27:25,184 - SIMU: 51 generation ended 0.0663349034305
2016-12-17 01:27:34,661 - SIMU: 52 generation ended 0.0675954916178
2016-12-17 01:27:44,789 - SIMU: 53 generation ended 0.0684805632647
2016-12-17 01:27:54,325 - SIMU: 54 generation ended 0.0668617819802
2016-12-17 01:28:04,428 - SIMU: 55 generation ended 0.0702281784111
2016-12-17 01:28:14,960 - SIMU: 56 generation ended 0.0695435343291
2016-12-17 01:28:24,705 - SIMU: 57 generation ended 0.0699872827487
2016-12-17 01:28:34,767 - SIMU: 58 generation ended 0.0690243812161
2016-12-17 01:28:44,255 - SIMU: 59 generation ended 0.0679532211275
2016-12-17 01:28:53,692 - SIMU: 60 generation ended 0.0658671446888
2016-12-17 01:29:03,348 - SIMU: 61 generation ended 0.0689362957975
2016-12-17 01:29:13,443 - SIMU: 62 generation ended 0.065280557526
2016-12-17 01:29:23,622 - SIMU: 63 generation ended 0.0650911653682
2016-12-17 01:29:33,205 - SIMU: 64 generation ended 0.0679279714548
2016-12-17 01:29:43,198 - SIMU: 65 generation ended 0.0687065320193
2016-12-17 01:29:52,829 - SIMU: 66 generation ended 0.0667168760335
2016-12-17 01:30:02,651 - SIMU: 67 generation ended 0.0668693045153
2016-12-17 01:30:12,280 - SIMU: 68 generation ended 0.0667410479463
2016-12-17 01:30:21,857 - SIMU: 69 generation ended 0.0635657993169
2016-12-17 01:30:31,640 - SIMU: 70 generation ended 0.066666144032
2016-12-17 01:30:41,349 - SIMU: 71 generation ended 0.0664753085754
2016-12-17 01:30:50,824 - SIMU: 72 generation ended 0.0660896963599
2016-12-17 01:31:00,705 - SIMU: 73 generation ended 0.0636902432166
2016-12-17 01:31:10,219 - SIMU: 74 generation ended 0.0635690315539
2016-12-17 01:31:19,871 - SIMU: 75 generation ended 0.0587346216704
2016-12-17 01:31:29,258 - SIMU: 76 generation ended 0.0659685151366
2016-12-17 01:31:38,435 - SIMU: 77 generation ended 0.0592607372013
2016-12-17 01:31:47,866 - SIMU: 78 generation ended 0.0590693283018
2016-12-17 01:31:57,531 - SIMU: 79 generation ended 0.0596156987318
2016-12-17 01:32:07,223 - SIMU: 80 generation ended 0.0593381371774
2016-12-17 01:32:16,664 - SIMU: 81 generation ended 0.0550184416293
2016-12-17 01:32:26,578 - SIMU: 82 generation ended 0.0602643778125
2016-12-17 01:32:36,052 - SIMU: 83 generation ended 0.0527393696508
2016-12-17 01:32:46,196 - SIMU: 84 generation ended 0.0588995148505
2016-12-17 01:32:56,141 - SIMU: 85 generation ended 0.0584014230332
2016-12-17 01:33:05,862 - SIMU: 86 generation ended 0.0630641662358
2016-12-17 01:33:15,585 - SIMU: 87 generation ended 0.0583189875776
2016-12-17 01:33:25,449 - SIMU: 88 generation ended 0.0622667434839
2016-12-17 01:33:35,168 - SIMU: 89 generation ended 0.0485178989549
2016-12-17 01:33:44,971 - SIMU: 90 generation ended 0.0622801917266
2016-12-17 01:33:54,759 - SIMU: 91 generation ended 0.0440650932069
2016-12-17 01:34:04,497 - SIMU: 92 generation ended 0.0631046683842
2016-12-17 01:34:15,067 - SIMU: 93 generation ended 0.046213295286
2016-12-17 01:34:25,077 - SIMU: 94 generation ended 0.0657276323395
2016-12-17 01:34:34,661 - SIMU: 95 generation ended 0.0647879294765
2016-12-17 01:34:44,701 - SIMU: 96 generation ended 0.0634571772386
2016-12-17 01:34:54,535 - SIMU: 97 generation ended 0.0653189692893
2016-12-17 01:35:04,554 - SIMU: 98 generation ended 0.0632908255092
2016-12-17 01:35:14,515 - SIMU: 99 generation ended 0.0641256707609
2016-12-17 01:35:23,749 - SIMU: 100 generation ended 0.0658649067798
2016-12-17 01:35:23,879 - SIMU: -------------------
2016-12-17 01:35:23,882 - SIMU: End :
2016-12-17 01:35:23,883 - SIMU: fitness_champion 0.0658649067798
2016-12-17 01:35:23,885 - SIMU: champion [0.2991360583358803, -0.3423612304995223, 0.6742846067367338, 1.2301113405352013, 1.1497361888044393, -0.6257601703767456, -0.9230180653456046, -1.2818782440151004, 1.8703332162906694, -0.7325994406675017, 0.8106905068176667, 1.1252196322386412, 0.47788628162141567, -0.12195196258685816, -0.03563877805293615, 1.1723467359727786, 0.692122869512857, 0.7715532021490703]
2016-12-17 01:35:23,887 - SIMU: ======================================
2016-12-17 01:35:29,796 - ERROR: MainController - Request for simulation stop while no simulation started.
2016-12-17 01:35:32,412 - ERROR: MainController - Request for simulation stop while no simulation started.
ROBOT 8
2016-12-17 00:19:06,629 - DEBUG: MainController - Running.
2016-12-17 00:19:06,631 - DEBUG: CommandsListener - Waiting on accept...
2016-12-17 00:19:18,932 - DEBUG: CommandsListener - Received command from (192.168.0.210, 48793)
2016-12-17 00:19:18,933 - DEBUG: CommandsListener - Receiving command...
2016-12-17 00:19:18,937 - DEBUG: CommandsListener - Received <Utils.Message instance at 0x763a5710>
2016-12-17 00:19:18,938 - DEBUG: CommandsListener - Transmitting command 5 to controller.
2016-12-17 00:19:18,939 - DEBUG: MainController - Command 5 received.
2016-12-17 00:19:18,939 - DEBUG: CommandsListener - Waiting on accept...
2016-12-17 00:19:18,948 - DEBUG: MainController - Treating command : 5
2016-12-17 00:19:18,949 - DEBUG: MainController - Setting simulation...
2016-12-17 00:19:25,230 - DEBUG: CommandsListener - Received command from (192.168.0.210, 48801)
2016-12-17 00:19:25,231 - DEBUG: CommandsListener - Receiving command...
2016-12-17 00:19:25,233 - DEBUG: CommandsListener - Received <Utils.Message instance at 0x763a7940>
2016-12-17 00:19:25,234 - DEBUG: CommandsListener - Transmitting command 0 to controller.
2016-12-17 00:19:25,234 - DEBUG: MainController - Command 0 received.
2016-12-17 00:19:25,235 - DEBUG: CommandsListener - Waiting on accept...
2016-12-17 00:19:25,265 - DEBUG: MainController - Treating command : 0
2016-12-17 00:19:25,266 - DEBUG: MainController - Loading simulation...
2016-12-17 00:19:25,267 - DEBUG: Params - Parsing configuration file.
2016-12-17 00:19:27,448 - CRITICAL: dbus.Array([dbus.String(u'thymio-II')], signature=dbus.Signature('s'))
2016-12-17 00:19:27,451 - DEBUG: ThymioController - Running.
2016-12-17 00:19:30,060 - SIMU: ======================================
2016-12-17 00:19:30,061 - SIMU: ====== SimulationFollowLightGenBis ======
2016-12-17 00:19:30,062 - SIMU: ======================================
2016-12-17 00:19:30,062 - SIMU: -------------------
2016-12-17 00:19:30,063 - SIMU: Parameters :
2016-12-17 00:19:30,064 - SIMU: duration 6000
2016-12-17 00:19:30,064 - SIMU: lifetime 60
2016-12-17 00:19:30,065 - SIMU: sleep 0.1
2016-12-17 00:19:30,066 - SIMU: windowSize 20
2016-12-17 00:19:30,066 - SIMU: probabilities pcopy pgauss prandom 0.4 0.4 0.2
2016-12-17 00:19:30,067 - SIMU: sigma 0.1
2016-12-17 00:19:30,068 - SIMU: -------------------
2016-12-17 00:19:30,068 - SIMU: Start :
2016-12-17 00:19:39,388 - SIMU: 0 generation ended 0.439825379306
2016-12-17 00:19:49,305 - SIMU: 1 generation ended 0.357003926424
2016-12-17 00:19:59,495 - SIMU: 2 generation ended 0.302117607053
2016-12-17 00:20:09,354 - SIMU: 3 generation ended 0.134667954916
2016-12-17 00:20:18,761 - SIMU: 4 generation ended 0.231930450438
2016-12-17 00:20:29,682 - SIMU: 5 generation ended 0.612002742139
2016-12-17 00:20:29,689 - SIMU: SimulationFollowLightGen - applyVariation() : NEW RANDOM GENOME
2016-12-17 00:20:38,736 - SIMU: 6 generation ended 0.0
2016-12-17 00:20:49,237 - SIMU: 7 generation ended 0.318507257287
2016-12-17 00:20:58,979 - SIMU: 8 generation ended 0.30271915331
2016-12-17 00:21:08,693 - SIMU: 9 generation ended 0.237502919633
2016-12-17 00:21:18,984 - SIMU: 10 generation ended 0.171661436271
2016-12-17 00:21:29,213 - SIMU: 11 generation ended 0.115273573371
2016-12-17 00:21:38,614 - SIMU: 12 generation ended 0.419074516979
2016-12-17 00:21:48,808 - SIMU: 13 generation ended 0.180063136043
2016-12-17 00:21:58,526 - SIMU: 14 generation ended 0.0209357993537
2016-12-17 00:22:08,035 - SIMU: 15 generation ended 0.0255825326507
2016-12-17 00:22:17,981 - SIMU: 16 generation ended 0.0368003312647
2016-12-17 00:22:27,822 - SIMU: 17 generation ended 0.142972885767
2016-12-17 00:22:37,548 - SIMU: 18 generation ended 0.0800027698643
2016-12-17 00:22:48,274 - SIMU: 19 generation ended 0.224367533822
2016-12-17 00:22:58,107 - SIMU: 20 generation ended 0.195583362278
2016-12-17 00:22:58,112 - SIMU: SimulationFollowLightGen - applyVariation() : NEW RANDOM GENOME
2016-12-17 00:23:07,832 - SIMU: 21 generation ended 0.0375669440486
2016-12-17 00:23:07,844 - SIMU: SimulationFollowLightGen - applyVariation() : NEW RANDOM GENOME
2016-12-17 00:23:17,689 - SIMU: 22 generation ended 0.278412934224
2016-12-17 00:23:17,695 - SIMU: SimulationFollowLightGen - applyVariation() : NEW RANDOM GENOME
2016-12-17 00:23:27,957 - SIMU: 23 generation ended 0.00431030200562
2016-12-17 00:23:38,036 - SIMU: 24 generation ended 0.385069049434
2016-12-17 00:23:38,049 - SIMU: SimulationFollowLightGen - applyVariation() : NEW RANDOM GENOME
2016-12-17 00:23:47,594 - SIMU: 25 generation ended 0.365075817506
2016-12-17 00:23:57,550 - SIMU: 26 generation ended 0.39627655356
2016-12-17 00:24:07,905 - SIMU: 27 generation ended 0.514367701889
2016-12-17 00:24:17,245 - SIMU: 28 generation ended 0.0710408221413
2016-12-17 00:24:26,622 - SIMU: 29 generation ended 0.0431568681184
2016-12-17 00:24:36,200 - SIMU: 30 generation ended 0.00251364182656
2016-12-17 00:24:45,813 - SIMU: 31 generation ended 0.0706322727314
2016-12-17 00:24:55,570 - SIMU: 32 generation ended 0.0474178807446
2016-12-17 00:25:04,978 - SIMU: 33 generation ended 0.0351118605301
2016-12-17 00:25:04,984 - SIMU: SimulationFollowLightGen - applyVariation() : NEW RANDOM GENOME
2016-12-17 00:25:14,486 - SIMU: 34 generation ended 0.0
2016-12-17 00:25:24,321 - SIMU: 35 generation ended 0.0268503041328
2016-12-17 00:25:33,820 - SIMU: 36 generation ended 0.0332725662431
2016-12-17 00:25:43,743 - SIMU: 37 generation ended 0.0343593232213
2016-12-17 00:25:53,371 - SIMU: 38 generation ended 0.047530630154
2016-12-17 00:26:03,507 - SIMU: 39 generation ended 0.057702587306
2016-12-17 00:26:13,201 - SIMU: 40 generation ended 0.0601533382623
2016-12-17 00:26:22,688 - SIMU: 41 generation ended 0.0620299886195
2016-12-17 00:26:32,151 - SIMU: 42 generation ended 0.0749842505799
2016-12-17 00:26:41,075 - SIMU: 43 generation ended 0.0747593999997
2016-12-17 00:26:50,581 - SIMU: 44 generation ended 0.0765942605462
2016-12-17 00:26:50,585 - SIMU: SimulationFollowLightGen - applyVariation() : NEW RANDOM GENOME
2016-12-17 00:27:00,905 - SIMU: 45 generation ended 0.0
2016-12-17 00:27:10,668 - SIMU: 46 generation ended 0.0735561653406
2016-12-17 00:27:20,461 - SIMU: 47 generation ended 0.076874297186
2016-12-17 00:27:29,890 - SIMU: 48 generation ended 0.0760676493802
2016-12-17 00:27:39,288 - SIMU: 49 generation ended 0.0770877976574
2016-12-17 00:27:48,727 - SIMU: 50 generation ended 0.0766889857654
2016-12-17 00:27:58,608 - SIMU: 51 generation ended 0.0394870170662
2016-12-17 00:28:08,005 - SIMU: 52 generation ended 0.0759384560995
2016-12-17 00:28:18,202 - SIMU: 53 generation ended 0.0208498789956
2016-12-17 00:28:27,661 - SIMU: 54 generation ended 0.0753529550152
2016-12-17 00:28:37,919 - SIMU: 55 generation ended 0.0760388137886
2016-12-17 00:28:48,482 - SIMU: 56 generation ended 0.0756041363035
2016-12-17 00:28:58,046 - SIMU: 57 generation ended 0.0739841331609
2016-12-17 00:29:08,369 - SIMU: 58 generation ended 0.0735169021092
2016-12-17 00:29:17,724 - SIMU: 59 generation ended 0.0733845350512
2016-12-17 00:29:27,260 - SIMU: 60 generation ended 0.071028995418
2016-12-17 00:29:36,748 - SIMU: 61 generation ended 0.0678847350192
2016-12-17 00:29:46,889 - SIMU: 62 generation ended 0.0705118570807
2016-12-17 00:29:57,013 - SIMU: 63 generation ended 0.0664953358293
2016-12-17 00:30:06,744 - SIMU: 64 generation ended 0.0692623061391
2016-12-17 00:30:16,729 - SIMU: 65 generation ended 0.0652239093161
2016-12-17 00:30:26,280 - SIMU: 66 generation ended 0.064170119059
2016-12-17 00:30:36,104 - SIMU: 67 generation ended 0.0628413862733
2016-12-17 00:30:45,784 - SIMU: 68 generation ended 0.0609988977638
2016-12-17 00:30:55,380 - SIMU: 69 generation ended 0.0589702265387
2016-12-17 00:31:04,939 - SIMU: 70 generation ended 0.055969810223
2016-12-17 00:31:14,836 - SIMU: 71 generation ended 0.0494420327714
2016-12-17 00:31:24,428 - SIMU: 72 generation ended 0.0440304373839
2016-12-17 00:31:34,185 - SIMU: 73 generation ended 0.0455491295268
2016-12-17 00:31:43,724 - SIMU: 74 generation ended 0.0591909478003
2016-12-17 00:31:53,200 - SIMU: 75 generation ended 0.0765421939417
2016-12-17 00:32:02,814 - SIMU: 76 generation ended 0.0790645997784
2016-12-17 00:32:11,912 - SIMU: 77 generation ended 0.609091776631
2016-12-17 00:32:21,375 - SIMU: 78 generation ended 0.320039702874
2016-12-17 00:32:31,061 - SIMU: 79 generation ended 0.0388932358477
2016-12-17 00:32:40,789 - SIMU: 80 generation ended 0.0358283543923
2016-12-17 00:32:50,196 - SIMU: 81 generation ended 0.0331237672098
2016-12-17 00:33:00,028 - SIMU: 82 generation ended 0.0374427071242
2016-12-17 00:33:09,683 - SIMU: 83 generation ended 0.0404436973814
2016-12-17 00:33:19,808 - SIMU: 84 generation ended 0.0392026831433
2016-12-17 00:33:29,533 - SIMU: 85 generation ended 0.0395049278036
2016-12-17 00:33:39,599 - SIMU: 86 generation ended 0.0378745468523
2016-12-17 00:33:48,962 - SIMU: 87 generation ended 0.0383705260676
2016-12-17 00:33:58,922 - SIMU: 88 generation ended 0.0357371474538
2016-12-17 00:34:08,675 - SIMU: 89 generation ended 0.0361236917735
2016-12-17 00:34:18,477 - SIMU: 90 generation ended 0.0408724263192
2016-12-17 00:34:28,203 - SIMU: 91 generation ended 0.675575234513
2016-12-17 00:34:37,926 - SIMU: 92 generation ended 0.626514481118
2016-12-17 00:34:48,524 - SIMU: 93 generation ended 0.3680340332
2016-12-17 00:34:58,524 - SIMU: 94 generation ended 0.0512829812157
2016-12-17 00:35:08,082 - SIMU: 95 generation ended 0.715476036495
2016-12-17 00:35:17,953 - SIMU: 96 generation ended 0.0453647136202
2016-12-17 00:35:27,940 - SIMU: 97 generation ended 0.0478369896068
2016-12-17 00:35:38,038 - SIMU: 98 generation ended 0.0557605575809
2016-12-17 00:35:47,957 - SIMU: 99 generation ended 0.0819573642709
2016-12-17 00:35:57,239 - SIMU: 100 generation ended 0.0547579109671
2016-12-17 00:35:57,348 - SIMU: -------------------
2016-12-17 00:35:57,351 - SIMU: End :
2016-12-17 00:35:57,352 - SIMU: fitness_champion 0.0547579109671
2016-12-17 00:35:57,354 - SIMU: champion [0.2991360583358803, -0.3423612304995223, 0.6742846067367338, 1.2301113405352013, 1.1497361888044393, -0.6257601703767456, -0.9230180653456046, -1.2818782440151004, 1.8703332162906694, -0.7325994406675017, 0.8106905068176667, 1.1252196322386412, 0.47788628162141567, -0.12195196258685816, -0.03563877805293615, 1.1723467359727786, 0.692122869512857, 0.7715532021490703]
2016-12-17 00:35:57,355 - SIMU: ======================================
2016-12-17 00:36:03,313 - ERROR: MainController - Request for simulation stop while no simulation started.
2016-12-17 00:36:05,929 - ERROR: MainController - Request for simulation stop while no simulation started.
ROBOT 11
2016-12-16 22:18:55,995 - DEBUG: MainController - Running.
2016-12-16 22:18:55,996 - DEBUG: CommandsListener - Waiting on accept...
2016-12-16 22:19:08,543 - DEBUG: CommandsListener - Received command from (192.168.0.210, 58520)
2016-12-16 22:19:08,544 - DEBUG: CommandsListener - Receiving command...
2016-12-16 22:19:08,548 - DEBUG: CommandsListener - Received <Utils.Message instance at 0x763f0710>
2016-12-16 22:19:08,549 - DEBUG: CommandsListener - Transmitting command 5 to controller.
2016-12-16 22:19:08,550 - DEBUG: MainController - Command 5 received.
2016-12-16 22:19:08,551 - DEBUG: CommandsListener - Waiting on accept...
2016-12-16 22:19:08,563 - DEBUG: MainController - Treating command : 5
2016-12-16 22:19:08,564 - DEBUG: MainController - Setting simulation...
2016-12-16 22:19:14,844 - DEBUG: CommandsListener - Received command from (192.168.0.210, 58528)
2016-12-16 22:19:14,845 - DEBUG: CommandsListener - Receiving command...
2016-12-16 22:19:14,847 - DEBUG: CommandsListener - Received <Utils.Message instance at 0x763f2648>
2016-12-16 22:19:14,848 - DEBUG: CommandsListener - Transmitting command 0 to controller.
2016-12-16 22:19:14,848 - DEBUG: MainController - Command 0 received.
2016-12-16 22:19:14,849 - DEBUG: CommandsListener - Waiting on accept...
2016-12-16 22:19:14,880 - DEBUG: MainController - Treating command : 0
2016-12-16 22:19:14,881 - DEBUG: MainController - Loading simulation...
2016-12-16 22:19:14,881 - DEBUG: Params - Parsing configuration file.
2016-12-16 22:19:16,625 - CRITICAL: dbus.Array([dbus.String(u'thymio-II')], signature=dbus.Signature('s'))
2016-12-16 22:19:16,626 - DEBUG: ThymioController - Running.
2016-12-16 22:19:19,153 - SIMU: ======================================
2016-12-16 22:19:19,154 - SIMU: ====== SimulationFollowLightGenBis ======
2016-12-16 22:19:19,155 - SIMU: ======================================
2016-12-16 22:19:19,156 - SIMU: -------------------
2016-12-16 22:19:19,156 - SIMU: Parameters :
2016-12-16 22:19:19,157 - SIMU: duration 6000
2016-12-16 22:19:19,157 - SIMU: lifetime 60
2016-12-16 22:19:19,158 - SIMU: sleep 0.1
2016-12-16 22:19:19,159 - SIMU: windowSize 20
2016-12-16 22:19:19,159 - SIMU: probabilities pcopy pgauss prandom 0.4 0.4 0.2
2016-12-16 22:19:19,160 - SIMU: sigma 0.1
2016-12-16 22:19:19,161 - SIMU: -------------------
2016-12-16 22:19:19,161 - SIMU: Start :
2016-12-16 22:19:28,931 - SIMU: 0 generation ended 0.0938182089188
2016-12-16 22:19:38,948 - SIMU: 1 generation ended 0.211718396823
2016-12-16 22:19:38,951 - SIMU: SimulationFollowLightGen - applyVariation() : NEW RANDOM GENOME
2016-12-16 22:19:49,148 - SIMU: 2 generation ended 0.417037089436
2016-12-16 22:19:58,903 - SIMU: 3 generation ended 0.374433870835
2016-12-16 22:20:08,233 - SIMU: 4 generation ended 0.10852669228
2016-12-16 22:20:19,181 - SIMU: 5 generation ended 0.458481184814
2016-12-16 22:20:19,198 - SIMU: SimulationFollowLightGen - applyVariation() : NEW RANDOM GENOME
2016-12-16 22:20:28,273 - SIMU: 6 generation ended 0.0
2016-12-16 22:20:28,289 - SIMU: SimulationFollowLightGen - applyVariation() : NEW RANDOM GENOME
2016-12-16 22:20:38,758 - SIMU: 7 generation ended 0.0
2016-12-16 22:20:48,583 - SIMU: 8 generation ended 0.265422714406
2016-12-16 22:20:58,212 - SIMU: 9 generation ended 0.426453909863
2016-12-16 22:21:08,694 - SIMU: 10 generation ended 0.537520789789
2016-12-16 22:21:18,733 - SIMU: 11 generation ended 0.543459986599
2016-12-16 22:21:18,738 - SIMU: SimulationFollowLightGen - applyVariation() : NEW RANDOM GENOME
2016-12-16 22:21:27,966 - SIMU: 12 generation ended 0.0
2016-12-16 22:21:38,284 - SIMU: 13 generation ended 0.431433212469
2016-12-16 22:21:48,013 - SIMU: 14 generation ended 0.236907710909
2016-12-16 22:21:48,074 - SIMU: SimulationFollowLightGen - applyVariation() : NEW RANDOM GENOME
2016-12-16 22:21:57,601 - SIMU: 15 generation ended 0.0
2016-12-16 22:22:07,453 - SIMU: 16 generation ended 0.374964759652
2016-12-16 22:22:17,581 - SIMU: 17 generation ended 0.0559793601571
2016-12-16 22:22:27,233 - SIMU: 18 generation ended 0.152691761081
2016-12-16 22:22:37,715 - SIMU: 19 generation ended 0.0903584849065
2016-12-16 22:22:47,707 - SIMU: 20 generation ended 0.30563472674
2016-12-16 22:22:47,736 - SIMU: SimulationFollowLightGen - applyVariation() : NEW RANDOM GENOME
2016-12-16 22:22:57,444 - SIMU: 21 generation ended 0.149459566172
2016-12-16 22:23:07,285 - SIMU: 22 generation ended 0.440695081144
2016-12-16 22:23:07,321 - SIMU: SimulationFollowLightGen - applyVariation() : NEW RANDOM GENOME
2016-12-16 22:23:17,571 - SIMU: 23 generation ended 0.0
2016-12-16 22:23:27,520 - SIMU: 24 generation ended 0.224343113406
2016-12-16 22:23:37,234 - SIMU: 25 generation ended 0.296560423937
2016-12-16 22:23:47,171 - SIMU: 26 generation ended 0.0
2016-12-16 22:23:47,181 - SIMU: SimulationFollowLightGen - applyVariation() : NEW RANDOM GENOME
2016-12-16 22:23:57,497 - SIMU: 27 generation ended 0.0
2016-12-16 22:24:06,780 - SIMU: 28 generation ended 0.339475925376
2016-12-16 22:24:16,073 - SIMU: 29 generation ended 0.786017437208
2016-12-16 22:24:25,858 - SIMU: 30 generation ended 0.0
2016-12-16 22:24:35,409 - SIMU: 31 generation ended 0.0
2016-12-16 22:24:44,907 - SIMU: 32 generation ended 0.0
2016-12-16 22:24:54,421 - SIMU: 33 generation ended 0.0
2016-12-16 22:25:04,011 - SIMU: 34 generation ended 0.0
2016-12-16 22:25:13,822 - SIMU: 35 generation ended 0.0
2016-12-16 22:25:23,326 - SIMU: 36 generation ended 0.0
2016-12-16 22:25:33,165 - SIMU: 37 generation ended 0.0
2016-12-16 22:25:42,869 - SIMU: 38 generation ended 0.0
2016-12-16 22:25:52,947 - SIMU: 39 generation ended 0.0
2016-12-16 22:26:02,800 - SIMU: 40 generation ended 0.0
2016-12-16 22:26:12,337 - SIMU: 41 generation ended 0.0
2016-12-16 22:26:21,532 - SIMU: 42 generation ended 0.0
2016-12-16 22:26:30,734 - SIMU: 43 generation ended 0.0
2016-12-16 22:26:40,258 - SIMU: 44 generation ended 0.0
2016-12-16 22:26:50,382 - SIMU: 45 generation ended 0.0
2016-12-16 22:27:00,146 - SIMU: 46 generation ended 0.0
2016-12-16 22:27:09,837 - SIMU: 47 generation ended 0.0
2016-12-16 22:27:19,232 - SIMU: 48 generation ended 0.0
2016-12-16 22:27:28,859 - SIMU: 49 generation ended 0.0
2016-12-16 22:27:38,324 - SIMU: 50 generation ended 0.0
2016-12-16 22:27:48,262 - SIMU: 51 generation ended 0.0
2016-12-16 22:27:57,745 - SIMU: 52 generation ended 0.0
2016-12-16 22:28:07,651 - SIMU: 53 generation ended 0.0
2016-12-16 22:28:17,224 - SIMU: 54 generation ended 0.0
2016-12-16 22:28:27,401 - SIMU: 55 generation ended 0.0
2016-12-16 22:28:38,042 - SIMU: 56 generation ended 0.0
2016-12-16 22:28:47,939 - SIMU: 57 generation ended 0.0
2016-12-16 22:28:57,944 - SIMU: 58 generation ended 0.0
2016-12-16 22:29:07,367 - SIMU: 59 generation ended 0.0
2016-12-16 22:29:16,713 - SIMU: 60 generation ended 0.0
2016-12-16 22:29:26,539 - SIMU: 61 generation ended 0.0
2016-12-16 22:29:36,422 - SIMU: 62 generation ended 0.0
2016-12-16 22:29:46,471 - SIMU: 63 generation ended 0.0
2016-12-16 22:29:56,316 - SIMU: 64 generation ended 0.0
2016-12-16 22:30:06,375 - SIMU: 65 generation ended 0.0
2016-12-16 22:30:15,785 - SIMU: 66 generation ended 0.0
2016-12-16 22:30:25,681 - SIMU: 67 generation ended 0.0
2016-12-16 22:30:35,291 - SIMU: 68 generation ended 0.0
2016-12-16 22:30:44,888 - SIMU: 69 generation ended 0.0
2016-12-16 22:30:54,536 - SIMU: 70 generation ended 0.0
2016-12-16 22:31:04,226 - SIMU: 71 generation ended 0.0
2016-12-16 22:31:13,827 - SIMU: 72 generation ended 0.0
2016-12-16 22:31:23,802 - SIMU: 73 generation ended 0.0
2016-12-16 22:31:33,168 - SIMU: 74 generation ended 0.0
2016-12-16 22:31:42,844 - SIMU: 75 generation ended 0.0
2016-12-16 22:31:52,310 - SIMU: 76 generation ended 0.0
2016-12-16 22:32:01,514 - SIMU: 77 generation ended 0.0
2016-12-16 22:32:10,945 - SIMU: 78 generation ended 0.0
2016-12-16 22:32:20,661 - SIMU: 79 generation ended 0.0
2016-12-16 22:32:30,314 - SIMU: 80 generation ended 0.0
2016-12-16 22:32:39,765 - SIMU: 81 generation ended 0.0
2016-12-16 22:32:49,561 - SIMU: 82 generation ended 0.0
2016-12-16 22:32:59,131 - SIMU: 83 generation ended 0.0
2016-12-16 22:33:09,379 - SIMU: 84 generation ended 0.0
2016-12-16 22:33:19,240 - SIMU: 85 generation ended 0.0
2016-12-16 22:33:28,980 - SIMU: 86 generation ended 0.0
2016-12-16 22:33:38,565 - SIMU: 87 generation ended 0.0
2016-12-16 22:33:48,371 - SIMU: 88 generation ended 0.0
2016-12-16 22:33:58,156 - SIMU: 89 generation ended 0.0
2016-12-16 22:34:08,080 - SIMU: 90 generation ended 0.0
2016-12-16 22:34:17,725 - SIMU: 91 generation ended 0.0
2016-12-16 22:34:27,485 - SIMU: 92 generation ended 0.0
2016-12-16 22:34:38,042 - SIMU: 93 generation ended 0.0
2016-12-16 22:34:48,103 - SIMU: 94 generation ended 0.0
2016-12-16 22:34:57,679 - SIMU: 95 generation ended 0.0
2016-12-16 22:35:07,585 - SIMU: 96 generation ended 0.0
2016-12-16 22:35:17,555 - SIMU: 97 generation ended 0.0
2016-12-16 22:35:27,447 - SIMU: 98 generation ended 0.0
2016-12-16 22:35:37,380 - SIMU: 99 generation ended 0.0
2016-12-16 22:35:46,840 - SIMU: 100 generation ended 0.0
2016-12-16 22:35:46,973 - SIMU: -------------------
2016-12-16 22:35:46,975 - SIMU: End :
2016-12-16 22:35:46,976 - SIMU: fitness_champion 0.0
2016-12-16 22:35:46,976 - SIMU: champion [0.5261694836715836, -0.06372164710021416, 1.0864504707635358, 1.3847357966180331, 1.1687688093355229, -0.369427910826472, -0.9484444998636254, -1.1141525740734664, 2.00916340387096, -0.6739607644388228, 0.550561542242231, 1.1476606466778776, 0.6425376229244201, 0.14767549166398836, -0.008102750324390673, 1.084595782456514, 0.8378096751725274, 0.8796391477750967]
2016-12-16 22:35:46,977 - SIMU: ======================================
2016-12-16 22:35:52,919 - ERROR: MainController - Request for simulation stop while no simulation started.
2016-12-16 22:35:55,536 - ERROR: MainController - Request for simulation stop while no simulation started.
