ROBOT 6
2016-12-17 03:55:00,243 - SIMU: ======================================
2016-12-17 03:55:00,245 - SIMU: ====== SimulationFollowLightGenBis ======
2016-12-17 03:55:00,245 - SIMU: ======================================
2016-12-17 03:55:00,246 - SIMU: -------------------
2016-12-17 03:55:00,247 - SIMU: Parameters :
2016-12-17 03:55:00,247 - SIMU: duration 3000
2016-12-17 03:55:00,248 - SIMU: lifetime 60
2016-12-17 03:55:00,249 - SIMU: sleep 0.1
2016-12-17 03:55:00,249 - SIMU: windowSize 20
2016-12-17 03:55:00,250 - SIMU: probabilities pcopy pgauss prandom 0.4 0.4 0.2
2016-12-17 03:55:00,251 - SIMU: sigma 0.1
2016-12-17 03:55:00,251 - SIMU: -------------------
2016-12-17 03:55:00,252 - SIMU: Start :
2016-12-17 03:55:09,691 - SIMU: 1 generation ended 0.0
2016-12-17 03:55:19,732 - SIMU: 2 generation ended 0.594079999996
2016-12-17 03:55:29,139 - SIMU: 3 generation ended 0.0103472268827
2016-12-17 03:55:39,328 - SIMU: 4 generation ended 0.557955973354
2016-12-17 03:55:49,905 - SIMU: 5 generation ended 0.60674
2016-12-17 03:55:59,503 - SIMU: 6 generation ended 0.462550268821
2016-12-17 03:56:10,478 - SIMU: 7 generation ended 0.999290577317
2016-12-17 03:56:21,179 - SIMU: 8 generation ended 0.920840254375
2016-12-17 03:56:32,256 - SIMU: 9 generation ended 0.999818449243
2016-12-17 03:56:41,705 - SIMU: 10 generation ended 0.582774368825
2016-12-17 03:56:41,712 - SIMU: SimulationFollowLightGen - applyVariation() : NEW RANDOM GENOME
2016-12-17 03:56:51,797 - SIMU: 11 generation ended 0.0376652203648
2016-12-17 03:56:51,803 - SIMU: SimulationFollowLightGen - applyVariation() : NEW RANDOM GENOME
2016-12-17 03:57:00,899 - SIMU: 12 generation ended 0.0272882726608
2016-12-17 03:57:11,106 - SIMU: 13 generation ended 0.999905548267
2016-12-17 03:57:20,714 - SIMU: 14 generation ended 0.998445706322
2016-12-17 03:57:30,607 - SIMU: 15 generation ended 1.0
2016-12-17 03:57:40,124 - SIMU: 16 generation ended 0.998445706322
2016-12-17 03:57:50,593 - SIMU: 17 generation ended 0.825909510176
2016-12-17 03:58:00,306 - SIMU: 18 generation ended 0.94587831146
2016-12-17 03:58:00,314 - SIMU: SimulationFollowLightGen - applyVariation() : NEW RANDOM GENOME
2016-12-17 03:58:09,842 - SIMU: 19 generation ended 0.0322182610643
2016-12-17 03:58:20,245 - SIMU: 20 generation ended 0.57066614835
2016-12-17 03:58:30,184 - SIMU: 21 generation ended 0.634759318022
2016-12-17 03:58:30,197 - SIMU: SimulationFollowLightGen - applyVariation() : NEW RANDOM GENOME
2016-12-17 03:58:39,847 - SIMU: 22 generation ended 0.0
2016-12-17 03:58:50,074 - SIMU: 23 generation ended 0.738089809665
2016-12-17 03:59:00,129 - SIMU: 24 generation ended 0.844592337691
2016-12-17 03:59:00,133 - SIMU: SimulationFollowLightGen - applyVariation() : NEW RANDOM GENOME
2016-12-17 03:59:09,942 - SIMU: 25 generation ended 0.236076953643
2016-12-17 03:59:20,288 - SIMU: 26 generation ended 0.594336916884
2016-12-17 03:59:30,679 - SIMU: 27 generation ended 0.984319382751
2016-12-17 03:59:40,298 - SIMU: 28 generation ended 0.45
2016-12-17 03:59:40,310 - SIMU: SimulationFollowLightGen - applyVariation() : NEW RANDOM GENOME
2016-12-17 03:59:50,080 - SIMU: 29 generation ended 0.0
2016-12-17 04:00:00,398 - SIMU: 30 generation ended 0.713013696894
2016-12-17 04:00:10,737 - SIMU: 31 generation ended 0.999522587996
2016-12-17 04:00:20,492 - SIMU: 32 generation ended 0.769158964712
2016-12-17 04:00:30,115 - SIMU: 33 generation ended 0.633098840137
2016-12-17 04:00:39,773 - SIMU: 34 generation ended 0.196209999278
2016-12-17 04:00:49,377 - SIMU: 35 generation ended 0.723661182038
2016-12-17 04:00:59,007 - SIMU: 36 generation ended 0.977739474068
2016-12-17 04:01:08,927 - SIMU: 37 generation ended 0.131741300536
2016-12-17 04:01:18,957 - SIMU: 38 generation ended 0.463384145187
2016-12-17 04:01:28,592 - SIMU: 39 generation ended 0.706249977583
2016-12-17 04:01:38,609 - SIMU: 40 generation ended 0.252603757069
2016-12-17 04:01:48,311 - SIMU: 41 generation ended 0.348422001391
2016-12-17 04:01:58,329 - SIMU: 42 generation ended 0.595763993608
2016-12-17 04:02:08,074 - SIMU: 43 generation ended 0.568710600628
2016-12-17 04:02:18,027 - SIMU: 44 generation ended 0.123645980976
2016-12-17 04:02:28,537 - SIMU: 45 generation ended 0.701484367315
2016-12-17 04:02:38,501 - SIMU: 46 generation ended 0.999824407149
2016-12-17 04:02:47,983 - SIMU: 47 generation ended 0.917095065428
2016-12-17 04:02:58,641 - SIMU: 48 generation ended 0.920822391872
2016-12-17 04:03:09,096 - SIMU: 49 generation ended 0.999054299573
2016-12-17 04:03:18,713 - SIMU: 50 generation ended 0.0
2016-12-17 04:03:27,968 - SIMU: 51 generation ended 0.0829319705547
2016-12-17 04:03:38,284 - SIMU: 52 generation ended 0.627869766448
2016-12-17 04:03:49,113 - SIMU: 53 generation ended 0.496860666398
2016-12-17 04:03:58,342 - SIMU: 54 generation ended 0.956429998086
2016-12-17 04:04:07,866 - SIMU: 55 generation ended 0.721769969774
2016-12-17 04:04:18,753 - SIMU: 56 generation ended 0.99923764292
2016-12-17 04:04:28,129 - SIMU: 57 generation ended 0.504984842147
2016-12-17 04:04:38,446 - SIMU: 58 generation ended 0.999204526311
2016-12-17 04:04:48,415 - SIMU: 59 generation ended 0.862939999996
2016-12-17 04:04:58,092 - SIMU: 60 generation ended 0.0
2016-12-17 04:04:58,203 - SIMU: -------------------
2016-12-17 04:04:58,204 - SIMU: End :
2016-12-17 04:04:58,205 - SIMU: fitness_champion 0.0
2016-12-17 04:04:58,207 - SIMU: champion [-8.491827249598828, 2.8214863352407136, -17.72520908769199, -6.042811810574371, -4.383639895469698, -7.5198097301664975, 8.705172225619965, 3.784771955210174, 12.319566580047159, 9.56652163214906, 11.679339884710348, -9.342913403015405, 5.667112282827671, 14.080351231290637, 6.8908291966564015, 10.244972872771282, 13.754058240160932, 4.031186736891125]
2016-12-17 04:04:58,208 - SIMU: ======================================
