2016-12-15 22:10:21,199 - SIMU: ======================================
2016-12-15 22:10:21,200 - SIMU: ====== SimulationFollowLightGen ======
2016-12-15 22:10:21,201 - SIMU: ======================================
2016-12-15 22:10:21,202 - SIMU: -------------------
2016-12-15 22:10:21,202 - SIMU: Parameters :
2016-12-15 22:10:21,203 - SIMU: duration 6000
2016-12-15 22:10:21,203 - SIMU: lifetime 60
2016-12-15 22:10:21,204 - SIMU: sleep 0.1
2016-12-15 22:10:21,205 - SIMU: windowSize 20
2016-12-15 22:10:21,205 - SIMU: tournamentSize 20
2016-12-15 22:10:21,206 - SIMU: sigma 0.1
2016-12-15 22:10:21,207 - SIMU: -------------------
2016-12-15 22:10:21,207 - SIMU: Start :
2016-12-15 22:10:32,937 - SIMU: 1 generation ended 0.45379408087
2016-12-15 22:10:45,467 - SIMU: 2 generation ended 0.876897713101
2016-12-15 22:10:57,348 - SIMU: 3 generation ended 0.603260831461
2016-12-15 22:11:10,010 - SIMU: 4 generation ended 0.679421601773
2016-12-15 22:11:21,748 - SIMU: 5 generation ended 0.626086827432
2016-12-15 22:11:34,631 - SIMU: 6 generation ended 0.600402408032
2016-12-15 22:11:46,134 - SIMU: 7 generation ended 0.825950416587
2016-12-15 22:11:48,622 - SIMU: -------------------
2016-12-15 22:11:48,623 - SIMU: End :
2016-12-15 22:11:48,623 - SIMU: fitness_champion 0.747899553613
2016-12-15 22:11:48,624 - SIMU: champion [-0.7262744830136567, 3.2424630268647223, -3.1341437800819887, 2.343139058053522, -1.0143893979078935, 1.1844252832145366, 3.397817994952139, 0.7446543659787118, 5.0410276625538595, -0.7933680195500921, -0.07433340543225875, 0.8457853469369354, -9.256758191648498, -0.8319126408521215, 2.4074218509499947, -2.066800969676841, 0.743934870383748, 0.5474541576757997]
2016-12-15 22:11:48,625 - SIMU: ======================================
2016-12-15 22:11:48,724 - ERROR: MainController - Request for sending com message while no simulation started.
2016-12-15 22:14:53,525 - ERROR: MainController - Request for simulation stop while no simulation started.
2016-12-15 22:16:33,177 - DEBUG: MainController - Running.
2016-12-15 22:16:33,179 - DEBUG: CommandsListener - Waiting on accept...
2016-12-15 22:16:43,254 - DEBUG: CommandsListener - Received command from (192.168.0.210, 55880)
2016-12-15 22:16:43,254 - DEBUG: CommandsListener - Receiving command...
2016-12-15 22:16:43,257 - DEBUG: CommandsListener - Received <Utils.Message instance at 0x217a7d8>
2016-12-15 22:16:43,257 - DEBUG: CommandsListener - Transmitting command 5 to controller.
2016-12-15 22:16:43,258 - DEBUG: MainController - Command 5 received.
2016-12-15 22:16:43,259 - DEBUG: CommandsListener - Waiting on accept...
2016-12-15 22:16:43,295 - DEBUG: MainController - Treating command : 5
2016-12-15 22:16:43,296 - DEBUG: MainController - Setting simulation...
2016-12-15 22:16:56,582 - DEBUG: CommandsListener - Received command from (192.168.0.210, 55885)
2016-12-15 22:16:56,583 - DEBUG: CommandsListener - Receiving command...
2016-12-15 22:16:56,584 - DEBUG: CommandsListener - Received <Utils.Message instance at 0x217a0f8>
2016-12-15 22:16:56,584 - DEBUG: CommandsListener - Transmitting command 0 to controller.
2016-12-15 22:16:56,585 - DEBUG: MainController - Command 0 received.
2016-12-15 22:16:56,586 - DEBUG: CommandsListener - Waiting on accept...
2016-12-15 22:16:56,613 - DEBUG: MainController - Treating command : 0
2016-12-15 22:16:56,614 - DEBUG: MainController - Loading simulation...
2016-12-15 22:16:56,614 - DEBUG: Params - Parsing configuration file.
2016-12-15 22:16:57,393 - DEBUG: ThymioController - Running.
2016-12-15 22:16:59,824 - SIMU: ======================================
2016-12-15 22:16:59,825 - SIMU: ====== SimulationFollowLightGen ======
2016-12-15 22:16:59,825 - SIMU: ======================================
2016-12-15 22:16:59,826 - SIMU: -------------------
2016-12-15 22:16:59,827 - SIMU: Parameters :
2016-12-15 22:16:59,827 - SIMU: duration 6000
2016-12-15 22:16:59,828 - SIMU: lifetime 60
2016-12-15 22:16:59,828 - SIMU: sleep 0.1
2016-12-15 22:16:59,829 - SIMU: windowSize 20
2016-12-15 22:16:59,830 - SIMU: tournamentSize 20
2016-12-15 22:16:59,830 - SIMU: sigma 0.1
2016-12-15 22:16:59,831 - SIMU: -------------------
2016-12-15 22:16:59,831 - SIMU: Start :
2016-12-15 22:17:10,890 - SIMU: 1 generation ended 0.0571119429747
2016-12-15 22:17:21,909 - SIMU: 2 generation ended 0.0714113014712
2016-12-15 22:17:33,426 - SIMU: 3 generation ended 0.104521177955
2016-12-15 22:17:44,902 - SIMU: 4 generation ended 0.12433330537
2016-12-15 22:17:56,025 - SIMU: 5 generation ended 0.0752751396873
2016-12-15 22:18:07,242 - SIMU: 6 generation ended 0.117871903768
2016-12-15 22:18:18,184 - SIMU: 7 generation ended 0.181504794026
2016-12-15 22:18:29,169 - SIMU: 8 generation ended 0.106411565451
2016-12-15 22:18:39,343 - SIMU: 9 generation ended 0.0498511111673
2016-12-15 22:18:49,951 - SIMU: 10 generation ended 0.0107462386706
2016-12-15 22:19:00,286 - SIMU: 11 generation ended 0.0254523718151
2016-12-15 22:19:11,089 - SIMU: 12 generation ended 0.0483250281962
2016-12-15 22:19:21,844 - SIMU: 13 generation ended 0.100943804342
2016-12-15 22:19:32,337 - SIMU: 14 generation ended 0.109153204199
2016-12-15 22:19:42,450 - SIMU: 15 generation ended 0.0374124316341
2016-12-15 22:19:52,731 - SIMU: 16 generation ended 0.0268990228472
2016-12-15 22:20:03,064 - SIMU: 17 generation ended 0.0266192933937
2016-12-15 22:20:13,447 - SIMU: 18 generation ended 0.0265181434019
2016-12-15 22:20:23,489 - SIMU: 19 generation ended 0.0200560031068
2016-12-15 22:20:34,743 - SIMU: 20 generation ended 0.03055969451
2016-12-15 22:20:45,004 - SIMU: 21 generation ended 0.0138370451059
2016-12-15 22:20:55,161 - SIMU: 22 generation ended 0.0161379123597
2016-12-15 22:21:05,217 - SIMU: 23 generation ended 0.057709881458
2016-12-15 22:21:15,564 - SIMU: 24 generation ended 0.014848352626
2016-12-15 22:21:25,720 - SIMU: 25 generation ended 0.175744803262
2016-12-15 22:21:36,950 - SIMU: 26 generation ended 0.247379335144
2016-12-15 22:21:47,896 - SIMU: 27 generation ended 0.196495115505
2016-12-15 22:21:58,451 - SIMU: 28 generation ended 0.066527480877
2016-12-15 22:22:09,489 - SIMU: 29 generation ended 0.051147569129
2016-12-15 22:22:21,293 - SIMU: 30 generation ended 0.134794404988
2016-12-15 22:22:33,651 - SIMU: 31 generation ended 0.0767722108085
2016-12-15 22:22:44,742 - SIMU: 32 generation ended 0.0182588334557
2016-12-15 22:22:54,660 - SIMU: 33 generation ended 0.014265023724
2016-12-15 22:23:04,527 - SIMU: 34 generation ended 0.041104008791
2016-12-15 22:23:14,660 - SIMU: 35 generation ended 0.0149806195254
2016-12-15 22:23:24,786 - SIMU: 36 generation ended 0.142609015863
2016-12-15 22:23:36,220 - SIMU: 37 generation ended 0.128231679841
2016-12-15 22:23:46,258 - SIMU: 38 generation ended 0.117448677824
2016-12-15 22:23:56,920 - SIMU: 39 generation ended 0.117448677824
2016-12-15 22:24:08,502 - SIMU: 40 generation ended 0.131681677885
2016-12-15 22:24:20,162 - SIMU: 41 generation ended 0.212616859505
2016-12-15 22:24:32,094 - SIMU: 42 generation ended 0.212616859505
2016-12-15 22:24:43,715 - SIMU: 43 generation ended 0.212616859505
2016-12-15 22:24:54,082 - SIMU: 44 generation ended 0.119447281502
2016-12-15 22:25:04,861 - SIMU: 45 generation ended 0.194240551556
2016-12-15 22:25:09,073 - SIMU: -------------------
2016-12-15 22:25:09,075 - SIMU: End :
2016-12-15 22:25:09,075 - SIMU: fitness_champion 0.094608078631
2016-12-15 22:25:09,076 - SIMU: champion [-0.3694219004867014, 0.3648905910283876, 0.3993367404703258, 0.8214003650642635, 0.006376598452507435, 0.3704142491824551, 0.6051869282426136, -0.8714423529107804, 0.46854903738344933, -0.8310307353136867, -0.7388490871445332, -0.021054928869907036, -0.7914317666444344, -0.7741210749768781, 0.1206416347244324, -0.7756066172846422, 1.0991504593696242, -1.0060249811846178]
2016-12-15 22:25:09,077 - SIMU: ======================================
2016-12-15 22:33:14,376 - ERROR: MainController - Request for simulation stop while no simulation started.
2016-12-15 22:35:05,330 - DEBUG: MainController - Running.
2016-12-15 22:35:05,332 - DEBUG: CommandsListener - Waiting on accept...
2016-12-15 22:35:59,167 - DEBUG: CommandsListener - Received command from (192.168.0.210, 57519)
2016-12-15 22:35:59,168 - DEBUG: CommandsListener - Receiving command...
2016-12-15 22:35:59,171 - DEBUG: CommandsListener - Received <Utils.Message instance at 0x6787d8>
2016-12-15 22:35:59,172 - DEBUG: CommandsListener - Transmitting command 5 to controller.
2016-12-15 22:35:59,173 - DEBUG: MainController - Command 5 received.
2016-12-15 22:35:59,173 - DEBUG: CommandsListener - Waiting on accept...
2016-12-15 22:35:59,208 - DEBUG: MainController - Treating command : 5
2016-12-15 22:35:59,208 - DEBUG: MainController - Setting simulation...
2016-12-15 22:36:14,504 - DEBUG: CommandsListener - Received command from (192.168.0.210, 57524)
2016-12-15 22:36:14,505 - DEBUG: CommandsListener - Receiving command...
2016-12-15 22:36:14,507 - DEBUG: CommandsListener - Received <Utils.Message instance at 0x6780f8>
2016-12-15 22:36:14,507 - DEBUG: CommandsListener - Transmitting command 0 to controller.
2016-12-15 22:36:14,508 - DEBUG: MainController - Command 0 received.
2016-12-15 22:36:14,509 - DEBUG: CommandsListener - Waiting on accept...
2016-12-15 22:36:14,526 - DEBUG: MainController - Treating command : 0
2016-12-15 22:36:14,527 - DEBUG: MainController - Loading simulation...
2016-12-15 22:36:14,527 - DEBUG: Params - Parsing configuration file.
2016-12-15 22:36:15,165 - DEBUG: ThymioController - Running.
2016-12-15 22:36:17,594 - SIMU: ======================================
2016-12-15 22:36:17,596 - SIMU: ====== SimulationFollowLightGen ======
2016-12-15 22:36:17,596 - SIMU: ======================================
2016-12-15 22:36:17,597 - SIMU: -------------------
2016-12-15 22:36:17,597 - SIMU: Parameters :
2016-12-15 22:36:17,598 - SIMU: duration 24000
2016-12-15 22:36:17,599 - SIMU: lifetime 60
2016-12-15 22:36:17,599 - SIMU: sleep 0.1
2016-12-15 22:36:17,600 - SIMU: windowSize 20
2016-12-15 22:36:17,601 - SIMU: tournamentSize 5
2016-12-15 22:36:17,601 - SIMU: sigma 0.1
2016-12-15 22:36:17,602 - SIMU: -------------------
2016-12-15 22:36:17,602 - SIMU: Start :
2016-12-15 22:36:28,578 - SIMU: 1 generation ended 0.317569527455
2016-12-15 22:36:39,731 - SIMU: 2 generation ended 0.200849993558
2016-12-15 22:36:50,777 - SIMU: 3 generation ended 0.178836190362
2016-12-15 22:37:01,767 - SIMU: 4 generation ended 0.167634670308
2016-12-15 22:37:12,792 - SIMU: 5 generation ended 0.242851374932
2016-12-15 22:37:24,930 - SIMU: 6 generation ended 0.242851374932
2016-12-15 22:37:35,293 - SIMU: 7 generation ended 0.116956908619
2016-12-15 22:37:43,093 - SIMU: -------------------
2016-12-15 22:37:43,096 - SIMU: End :
2016-12-15 22:37:43,097 - SIMU: fitness_champion 0.158156021122
2016-12-15 22:37:43,099 - SIMU: champion [-0.5838687732463397, 0.05288276442293031, -0.07954916750194667, 0.0668504803901602, 0.8194525811056155, 0.5105793833657848, -0.5000726472719867, -0.854537038534788, 0.6071333212519445, -0.6381469833928396, -0.5340363832872597, -1.0459921592942734, 0.5495610350899786, -0.40445557559252204, 0.3524674048282779, -0.702790791755896, -0.43517435050468634, 0.18671831032605482]
2016-12-15 22:37:43,099 - SIMU: ======================================
2016-12-15 22:37:43,197 - ERROR: MainController - Request for sending com message while no simulation started.
2016-12-15 22:39:01,326 - ERROR: MainController - Request for simulation stop while no simulation started.
2016-12-15 22:39:09,739 - DEBUG: MainController - Running.
2016-12-15 22:39:09,741 - DEBUG: CommandsListener - Waiting on accept...
2016-12-15 22:39:36,808 - DEBUG: CommandsListener - Received command from (192.168.0.210, 57946)
2016-12-15 22:39:36,809 - DEBUG: CommandsListener - Receiving command...
2016-12-15 22:39:36,812 - DEBUG: CommandsListener - Received <Utils.Message instance at 0x7937d8>
2016-12-15 22:39:36,813 - DEBUG: CommandsListener - Transmitting command 5 to controller.
2016-12-15 22:39:36,813 - DEBUG: MainController - Command 5 received.
2016-12-15 22:39:36,814 - DEBUG: CommandsListener - Waiting on accept...
2016-12-15 22:39:36,860 - DEBUG: MainController - Treating command : 5
2016-12-15 22:39:36,861 - DEBUG: MainController - Setting simulation...
2016-12-15 22:39:50,995 - DEBUG: CommandsListener - Received command from (192.168.0.210, 57951)
2016-12-15 22:39:50,996 - DEBUG: CommandsListener - Receiving command...
2016-12-15 22:39:50,997 - DEBUG: CommandsListener - Received <Utils.Message instance at 0x7930f8>
2016-12-15 22:39:50,998 - DEBUG: CommandsListener - Transmitting command 0 to controller.
2016-12-15 22:39:50,998 - DEBUG: MainController - Command 0 received.
2016-12-15 22:39:50,999 - DEBUG: CommandsListener - Waiting on accept...
2016-12-15 22:39:51,028 - DEBUG: MainController - Treating command : 0
2016-12-15 22:39:51,029 - DEBUG: MainController - Loading simulation...
2016-12-15 22:39:51,029 - DEBUG: Params - Parsing configuration file.
2016-12-15 22:39:51,662 - DEBUG: ThymioController - Running.
2016-12-15 22:39:54,090 - SIMU: ======================================
2016-12-15 22:39:54,091 - SIMU: ====== SimulationFollowLightGen ======
2016-12-15 22:39:54,092 - SIMU: ======================================
2016-12-15 22:39:54,092 - SIMU: -------------------
2016-12-15 22:39:54,093 - SIMU: Parameters :
2016-12-15 22:39:54,094 - SIMU: duration 24000
2016-12-15 22:39:54,094 - SIMU: lifetime 60
2016-12-15 22:39:54,095 - SIMU: sleep 0.1
2016-12-15 22:39:54,096 - SIMU: windowSize 20
2016-12-15 22:39:54,096 - SIMU: tournamentSize 5
2016-12-15 22:39:54,097 - SIMU: sigma 0.1
2016-12-15 22:39:54,097 - SIMU: -------------------
2016-12-15 22:39:54,098 - SIMU: Start :
2016-12-15 22:40:05,530 - SIMU: 1 generation ended 0.525667775278
2016-12-15 22:40:17,871 - SIMU: 2 generation ended 0.533652033487
2016-12-15 22:40:29,605 - SIMU: 3 generation ended 0.509699258861
2016-12-15 22:40:41,239 - SIMU: 4 generation ended 0.51768351707
2016-12-15 22:40:53,297 - SIMU: 5 generation ended 0.533652033487
2016-12-15 22:41:04,628 - SIMU: 6 generation ended 0.541636291695
2016-12-15 22:41:16,798 - SIMU: 7 generation ended 0.525667775278
2016-12-15 22:41:28,252 - SIMU: 8 generation ended 0.541636291695
2016-12-15 22:41:39,273 - SIMU: 9 generation ended 0.495115599786
2016-12-15 22:41:46,775 - SIMU: -------------------
2016-12-15 22:41:46,776 - SIMU: End :
2016-12-15 22:41:46,777 - SIMU: fitness_champion 0.573573324529
2016-12-15 22:41:46,778 - SIMU: champion [-0.5479522385146416, 0.17758349711679844, 0.31485202530383916, 0.1560871844482543, 0.08487550154429768, -0.541027327100525, -0.8931355343040861, 0.2609086088609154, 0.4053257456784418, 0.7723463876678209, -0.4310235495974464, 0.10813966006744402, 0.4444235942422232, 0.2153902831674368, -0.9491283531341612, 0.7986748104826824, 0.36870367887702926, 0.9418598908597104]
2016-12-15 22:41:46,780 - SIMU: ======================================
2016-12-15 22:46:19,303 - SIMU: ======================================
2016-12-15 22:46:19,304 - SIMU: ====== SimulationFollowLightGen ======
2016-12-15 22:46:19,305 - SIMU: ======================================
2016-12-15 22:46:19,306 - SIMU: -------------------
2016-12-15 22:46:19,306 - SIMU: Parameters :
2016-12-15 22:46:19,307 - SIMU: duration 24000
2016-12-15 22:46:19,307 - SIMU: lifetime 60
2016-12-15 22:46:19,308 - SIMU: sleep 0.1
2016-12-15 22:46:19,309 - SIMU: windowSize 20
2016-12-15 22:46:19,309 - SIMU: tournamentSize 5
2016-12-15 22:46:19,310 - SIMU: sigma 0.1
2016-12-15 22:46:19,310 - SIMU: -------------------
2016-12-15 22:46:19,311 - SIMU: Start :
2016-12-15 22:46:29,831 - SIMU: 1 generation ended 0.0688253178324
2016-12-15 22:46:39,986 - SIMU: 2 generation ended 0.0623938615293
2016-12-15 22:46:49,794 - SIMU: 3 generation ended 0.0843552786497
2016-12-15 22:47:01,357 - SIMU: 4 generation ended 0.0847189345893
2016-12-15 22:47:12,744 - SIMU: 5 generation ended 0.0867319053777
2016-12-15 22:47:23,929 - SIMU: 6 generation ended 0.0964360818102
2016-12-15 22:47:34,619 - SIMU: 7 generation ended 0.0887033638488
2016-12-15 22:47:44,998 - SIMU: 8 generation ended 0.0369414054624
2016-12-15 22:47:55,645 - SIMU: 9 generation ended 0.0600651415612
2016-12-15 22:48:06,357 - SIMU: 10 generation ended 0.0823146728512
2016-12-15 22:48:16,961 - SIMU: 11 generation ended 0.0669579570549
2016-12-15 22:48:27,296 - SIMU: 12 generation ended 0.0775042310005
2016-12-15 22:48:37,313 - SIMU: 13 generation ended 0.0573603563796
2016-12-15 22:48:47,694 - SIMU: 14 generation ended 0.0793313866218
2016-12-15 22:48:58,319 - SIMU: 15 generation ended 0.0508074389631
2016-12-15 22:49:08,914 - SIMU: 16 generation ended 0.0381399523764
2016-12-15 22:49:19,854 - SIMU: 17 generation ended 0.0838878619751
2016-12-15 22:49:30,327 - SIMU: 18 generation ended 0.0767405651701
2016-12-15 22:49:40,974 - SIMU: 19 generation ended 0.0564109886208
2016-12-15 22:49:51,758 - SIMU: 20 generation ended 0.0556604969006
2016-12-15 22:50:01,536 - SIMU: 21 generation ended 0.0483646576152
2016-12-15 22:50:12,059 - SIMU: 22 generation ended 0.127195445507
2016-12-15 22:50:22,710 - SIMU: 23 generation ended 0.114917744331
2016-12-15 22:50:33,794 - SIMU: 24 generation ended 0.107910721237
2016-12-15 22:50:44,128 - SIMU: 25 generation ended 0.11636393933
2016-12-15 22:50:54,693 - SIMU: 26 generation ended 0.059362197872
2016-12-15 22:51:05,197 - SIMU: 27 generation ended 0.167242650333
2016-12-15 22:51:05,669 - SIMU: -------------------
2016-12-15 22:51:05,670 - SIMU: End :
2016-12-15 22:51:05,671 - SIMU: fitness_champion 0.0906922616147
2016-12-15 22:51:05,672 - SIMU: champion [0.2878517742833709, 0.32109932586704976, 0.005637994663522366, -0.25772962577024616, 0.9967173135511901, 0.9395328490686006, -0.8717871402105397, -0.18859935384725263, 0.34541171677662197, -0.754192689637391, -0.8013557724010462, 0.35783608730427263, -0.5755049445130938, 0.6257480443057889, 0.5161270315579964, 0.9267021384272817, 0.6604029279954956, -0.9580616823478807]
2016-12-15 22:51:05,673 - SIMU: ======================================
2016-12-15 22:52:38,790 - ERROR: MainController - Request for simulation stop while no simulation started.
2016-12-15 22:53:52,051 - DEBUG: MainController - Running.
2016-12-15 22:53:52,052 - DEBUG: CommandsListener - Waiting on accept...
2016-12-15 22:53:56,783 - DEBUG: CommandsListener - Received command from (192.168.0.210, 59660)
2016-12-15 22:53:56,784 - DEBUG: CommandsListener - Receiving command...
2016-12-15 22:53:56,793 - DEBUG: CommandsListener - Received <Utils.Message instance at 0xc137d8>
2016-12-15 22:53:56,794 - DEBUG: CommandsListener - Transmitting command 5 to controller.
2016-12-15 22:53:56,795 - DEBUG: MainController - Command 5 received.
2016-12-15 22:53:56,795 - DEBUG: CommandsListener - Waiting on accept...
2016-12-15 22:53:56,818 - DEBUG: MainController - Treating command : 5
2016-12-15 22:53:56,819 - DEBUG: MainController - Setting simulation...
2016-12-15 22:54:03,872 - DEBUG: CommandsListener - Received command from (192.168.0.210, 59665)
2016-12-15 22:54:03,873 - DEBUG: CommandsListener - Receiving command...
2016-12-15 22:54:03,875 - DEBUG: CommandsListener - Received <Utils.Message instance at 0xc130f8>
2016-12-15 22:54:03,875 - DEBUG: CommandsListener - Transmitting command 0 to controller.
2016-12-15 22:54:03,876 - DEBUG: MainController - Command 0 received.
2016-12-15 22:54:03,877 - DEBUG: CommandsListener - Waiting on accept...
2016-12-15 22:54:03,884 - DEBUG: MainController - Treating command : 0
2016-12-15 22:54:03,885 - DEBUG: MainController - Loading simulation...
2016-12-15 22:54:03,886 - DEBUG: Params - Parsing configuration file.
2016-12-15 22:54:04,775 - DEBUG: ThymioController - Running.
2016-12-15 22:54:07,209 - SIMU: ======================================
2016-12-15 22:54:07,210 - SIMU: ====== SimulationFollowLightGen ======
2016-12-15 22:54:07,211 - SIMU: ======================================
2016-12-15 22:54:07,212 - SIMU: -------------------
2016-12-15 22:54:07,212 - SIMU: Parameters :
2016-12-15 22:54:07,213 - SIMU: duration 24000
2016-12-15 22:54:07,213 - SIMU: lifetime 60
2016-12-15 22:54:07,214 - SIMU: sleep 0.1
2016-12-15 22:54:07,215 - SIMU: windowSize 20
2016-12-15 22:54:07,215 - SIMU: tournamentSize 5
2016-12-15 22:54:07,216 - SIMU: sigma 0.1
2016-12-15 22:54:07,217 - SIMU: -------------------
2016-12-15 22:54:07,217 - SIMU: Start :
2016-12-15 22:54:17,642 - SIMU: 1 generation ended 0.024229427184
2016-12-15 22:54:29,501 - SIMU: 2 generation ended 0.264941400922
2016-12-15 22:54:40,010 - SIMU: 3 generation ended 0.132555298033
2016-12-15 22:54:50,256 - SIMU: 4 generation ended 0.0672276226853
2016-12-15 22:55:00,477 - SIMU: 5 generation ended 0.0518145714214
2016-12-15 22:55:10,540 - SIMU: 6 generation ended 0.111538859107
2016-12-15 22:55:21,011 - SIMU: 7 generation ended 0.0936878971649
2016-12-15 22:55:31,221 - SIMU: 8 generation ended 0.0549494216803
2016-12-15 22:55:42,305 - SIMU: 9 generation ended 0.0742775980725
2016-12-15 22:55:53,002 - SIMU: 10 generation ended 0.120572042604
2016-12-15 22:56:03,631 - SIMU: 11 generation ended 0.0719910641277
2016-12-15 22:56:13,917 - SIMU: 12 generation ended 0.104957055966
2016-12-15 22:56:24,164 - SIMU: 13 generation ended 0.0263726164244
2016-12-15 22:56:33,948 - SIMU: 14 generation ended 0.0270164818153
2016-12-15 22:56:44,365 - SIMU: 15 generation ended 0.0228573361361
2016-12-15 22:56:54,623 - SIMU: 16 generation ended 0.0344515822148
2016-12-15 22:57:04,694 - SIMU: 17 generation ended 0.0404269468159
2016-12-15 22:57:14,599 - SIMU: 18 generation ended 0.0317302210658
2016-12-15 22:57:24,772 - SIMU: 19 generation ended 0.0634571169396
2016-12-15 22:57:34,655 - SIMU: 20 generation ended 0.0276974201931
2016-12-15 22:57:45,117 - SIMU: 21 generation ended 0.0582614565472
2016-12-15 22:57:55,099 - SIMU: 22 generation ended 0.0447362917155
2016-12-15 22:58:05,174 - SIMU: 23 generation ended 0.0311905620263
2016-12-15 22:58:15,686 - SIMU: 24 generation ended 0.032481743592
2016-12-15 22:58:25,900 - SIMU: 25 generation ended 0.0418110351454
2016-12-15 22:58:35,830 - SIMU: 26 generation ended 0.0297392819812
2016-12-15 22:58:37,773 - SIMU: -------------------
2016-12-15 22:58:37,774 - SIMU: End :
2016-12-15 22:58:37,774 - SIMU: fitness_champion 0.0222641221789
2016-12-15 22:58:37,775 - SIMU: champion [0.48569405813664857, 0.3072630813859926, 0.7498665860805438, -0.7917961150690673, 0.12333350733340787, 0.6222373222794199, 1.1944063084438232, 0.3758744071847404, 0.5995069056183954, -0.11289058037376323, -0.205622894282092, 0.12611535091567144, -0.5944571817720212, -1.6865446270884932, -1.5223228828734732, -1.3315028552204355, -0.9636009167358134, -0.4073093397449034]
2016-12-15 22:58:37,777 - SIMU: ======================================
2016-12-15 23:02:13,130 - ERROR: MainController - Request for simulation stop while no simulation started.
2016-12-15 23:02:25,774 - DEBUG: MainController - Running.
2016-12-15 23:02:25,776 - DEBUG: CommandsListener - Waiting on accept...
2016-12-15 23:02:27,205 - DEBUG: CommandsListener - Received command from (192.168.0.210, 34542)
2016-12-15 23:02:27,206 - DEBUG: CommandsListener - Receiving command...
2016-12-15 23:02:27,209 - DEBUG: CommandsListener - Received <Utils.Message instance at 0x1b827d8>
2016-12-15 23:02:27,209 - DEBUG: CommandsListener - Transmitting command 5 to controller.
2016-12-15 23:02:27,210 - DEBUG: MainController - Command 5 received.
2016-12-15 23:02:27,211 - DEBUG: CommandsListener - Waiting on accept...
2016-12-15 23:02:27,241 - DEBUG: MainController - Treating command : 5
2016-12-15 23:02:27,241 - DEBUG: MainController - Setting simulation...
2016-12-15 23:02:31,709 - DEBUG: CommandsListener - Received command from (192.168.0.210, 34547)
2016-12-15 23:02:31,711 - DEBUG: CommandsListener - Receiving command...
2016-12-15 23:02:31,712 - DEBUG: CommandsListener - Received <Utils.Message instance at 0x1b820f8>
2016-12-15 23:02:31,713 - DEBUG: CommandsListener - Transmitting command 0 to controller.
2016-12-15 23:02:31,713 - DEBUG: MainController - Command 0 received.
2016-12-15 23:02:31,714 - DEBUG: CommandsListener - Waiting on accept...
2016-12-15 23:02:31,757 - DEBUG: MainController - Treating command : 0
2016-12-15 23:02:31,758 - DEBUG: MainController - Loading simulation...
2016-12-15 23:02:31,759 - DEBUG: Params - Parsing configuration file.
2016-12-15 23:02:32,528 - DEBUG: ThymioController - Running.
2016-12-15 23:02:34,976 - SIMU: ======================================
2016-12-15 23:02:34,977 - SIMU: ====== SimulationFollowLightGen ======
2016-12-15 23:02:34,977 - SIMU: ======================================
2016-12-15 23:02:34,978 - SIMU: -------------------
2016-12-15 23:02:34,979 - SIMU: Parameters :
2016-12-15 23:02:34,979 - SIMU: duration 24000
2016-12-15 23:02:34,980 - SIMU: lifetime 60
2016-12-15 23:02:34,981 - SIMU: sleep 0.1
2016-12-15 23:02:34,981 - SIMU: windowSize 20
2016-12-15 23:02:34,982 - SIMU: tournamentSize 5
2016-12-15 23:02:34,982 - SIMU: sigma 0.1
2016-12-15 23:02:34,983 - SIMU: -------------------
2016-12-15 23:02:34,983 - SIMU: Start :
2016-12-15 23:02:45,061 - SIMU: 1 generation ended 0.177177207176
2016-12-15 23:02:55,964 - SIMU: 2 generation ended 0.113698263073
2016-12-15 23:03:07,681 - SIMU: 3 generation ended 0.0184222592839
2016-12-15 23:03:19,778 - SIMU: 4 generation ended 0.0116461952563
2016-12-15 23:03:30,559 - SIMU: 5 generation ended 0.0132288699061
2016-12-15 23:03:31,731 - SIMU: -------------------
2016-12-15 23:03:31,732 - SIMU: End :
2016-12-15 23:03:31,733 - SIMU: fitness_champion 0.0107029486293
2016-12-15 23:03:31,734 - SIMU: champion [0.2722871313081307, 0.4406679671926824, -1.1862997482336406, -0.33604201653679366, -0.3981131000411118, 0.22115696145538077, -1.124469432371015, 0.2319061559112288, -1.0423124949068194, -0.18600556507098975, 0.106002643014138, 0.1698418822905334, -0.862990996461973, 0.551989905691592, -0.2915122498283443, -0.7518630931529219, 0.23051822635112862, 0.23089920193638752]
2016-12-15 23:03:31,735 - SIMU: ======================================
2016-12-15 23:06:24,874 - ERROR: MainController - Request for simulation stop while no simulation started.
2016-12-15 23:06:39,501 - DEBUG: MainController - Running.
2016-12-15 23:06:39,503 - DEBUG: CommandsListener - Waiting on accept...
2016-12-15 23:06:41,466 - DEBUG: CommandsListener - Received command from (192.168.0.210, 35992)
2016-12-15 23:06:41,467 - DEBUG: CommandsListener - Receiving command...
2016-12-15 23:06:41,470 - DEBUG: CommandsListener - Received <Utils.Message instance at 0xb5c7d8>
2016-12-15 23:06:41,471 - DEBUG: CommandsListener - Transmitting command 5 to controller.
2016-12-15 23:06:41,471 - DEBUG: MainController - Command 5 received.
2016-12-15 23:06:41,472 - DEBUG: CommandsListener - Waiting on accept...
2016-12-15 23:06:41,504 - DEBUG: MainController - Treating command : 5
2016-12-15 23:06:41,505 - DEBUG: MainController - Setting simulation...
2016-12-15 23:06:41,505 - ERROR: MainController - No configuration file named config_FollowLightGen.cf
2016-12-15 23:07:03,970 - DEBUG: CommandsListener - Received command from (192.168.0.210, 35997)
2016-12-15 23:07:03,971 - DEBUG: CommandsListener - Receiving command...
2016-12-15 23:07:03,972 - DEBUG: CommandsListener - Received <Utils.Message instance at 0xb5c0f8>
2016-12-15 23:07:03,973 - DEBUG: CommandsListener - Transmitting command 5 to controller.
2016-12-15 23:07:03,973 - DEBUG: MainController - Command 5 received.
2016-12-15 23:07:03,974 - DEBUG: CommandsListener - Waiting on accept...
2016-12-15 23:07:03,975 - DEBUG: MainController - Treating command : 5
2016-12-15 23:07:03,975 - DEBUG: MainController - Setting simulation...
2016-12-15 23:07:10,176 - DEBUG: CommandsListener - Received command from (192.168.0.210, 36002)
2016-12-15 23:07:10,177 - DEBUG: CommandsListener - Receiving command...
2016-12-15 23:07:10,179 - DEBUG: CommandsListener - Received <Utils.Message instance at 0xb5cc10>
2016-12-15 23:07:10,179 - DEBUG: CommandsListener - Transmitting command 0 to controller.
2016-12-15 23:07:10,180 - DEBUG: MainController - Command 0 received.
2016-12-15 23:07:10,181 - DEBUG: CommandsListener - Waiting on accept...
2016-12-15 23:07:10,191 - DEBUG: MainController - Treating command : 0
2016-12-15 23:07:10,192 - DEBUG: MainController - Loading simulation...
2016-12-15 23:07:10,192 - DEBUG: Params - Parsing configuration file.
2016-12-15 23:07:13,279 - SIMU: ======================================
2016-12-15 23:07:13,280 - SIMU: ====== SimulationFollowLightGen ======
2016-12-15 23:07:13,281 - SIMU: ======================================
2016-12-15 23:07:13,281 - SIMU: -------------------
2016-12-15 23:07:13,282 - SIMU: Parameters :
2016-12-15 23:07:13,282 - SIMU: duration 24000
2016-12-15 23:07:13,283 - SIMU: lifetime 60
2016-12-15 23:07:13,284 - SIMU: sleep 0.1
2016-12-15 23:07:13,284 - SIMU: windowSize 20
2016-12-15 23:07:13,285 - SIMU: tournamentSize 1
2016-12-15 23:07:13,285 - SIMU: sigma 0.1
2016-12-15 23:07:13,286 - SIMU: -------------------
2016-12-15 23:07:13,286 - SIMU: Start :
2016-12-15 23:07:24,927 - SIMU: 1 generation ended 0.000394026296846
2016-12-15 23:07:36,428 - SIMU: 2 generation ended 0.00265233919618
2016-12-15 23:07:47,439 - SIMU: 3 generation ended 0.0225943728914
2016-12-15 23:07:53,975 - SIMU: -------------------
2016-12-15 23:07:53,976 - SIMU: End :
2016-12-15 23:07:53,978 - SIMU: fitness_champion 0.0283512266952
2016-12-15 23:07:53,981 - SIMU: champion [-0.7126937960165729, -0.3796314645268485, -0.33326185660815655, 0.36508375291471085, 0.1845984629240615, -0.0322949889682016, 0.47216662010257693, -0.21809875404080342, -0.3917447247636587, 0.07044885344565341, -0.09902616372379311, 0.6353871469706578, -0.3748131323591326, 0.3087024955793988, -1.053612411031078, 0.5927106388343752, 0.3181163615962172, 0.1008153688092916]
2016-12-15 23:07:53,982 - SIMU: ======================================
2016-12-15 23:09:05,243 - SIMU: ======================================
2016-12-15 23:09:05,244 - SIMU: ====== SimulationFollowLightGen ======
2016-12-15 23:09:05,245 - SIMU: ======================================
2016-12-15 23:09:05,246 - SIMU: -------------------
2016-12-15 23:09:05,246 - SIMU: Parameters :
2016-12-15 23:09:05,247 - SIMU: duration 24000
2016-12-15 23:09:05,248 - SIMU: lifetime 60
2016-12-15 23:09:05,248 - SIMU: sleep 0.1
2016-12-15 23:09:05,249 - SIMU: windowSize 20
2016-12-15 23:09:05,250 - SIMU: tournamentSize 1
2016-12-15 23:09:05,250 - SIMU: sigma 0.1
2016-12-15 23:09:05,251 - SIMU: -------------------
2016-12-15 23:09:05,252 - SIMU: Start :
2016-12-15 23:09:16,237 - SIMU: 1 generation ended 0.0609051154745
2016-12-15 23:09:26,217 - SIMU: 2 generation ended 0.0231517973957
2016-12-15 23:09:32,495 - SIMU: -------------------
2016-12-15 23:09:32,496 - SIMU: End :
2016-12-15 23:09:32,497 - SIMU: fitness_champion 0.0401154919927
2016-12-15 23:09:32,498 - SIMU: champion [-0.7758522545371977, -0.5451990974468754, -0.2634167036405445, -0.7999881882587003, -0.5210393491628994, 0.11217733320461311, 0.3443191673199068, 0.5677739252287632, 0.8337705796603399, 0.38978770881137215, 0.924706867829528, -1.0357161986443872, -0.4348821435984323, -0.49910202472540455, 0.6763015777348288, 0.42285956902957056, 0.32295074445882666, -0.8335584198067126]
2016-12-15 23:09:32,499 - SIMU: ======================================
2016-12-15 23:10:41,630 - ERROR: MainController - Request for simulation stop while no simulation started.
2016-12-15 23:10:53,349 - DEBUG: MainController - Running.
2016-12-15 23:10:53,351 - DEBUG: CommandsListener - Waiting on accept...
2016-12-15 23:10:56,108 - DEBUG: CommandsListener - Received command from (192.168.0.210, 36972)
2016-12-15 23:10:56,109 - DEBUG: CommandsListener - Receiving command...
2016-12-15 23:10:56,112 - DEBUG: CommandsListener - Received <Utils.Message instance at 0xeeb7d8>
2016-12-15 23:10:56,112 - DEBUG: CommandsListener - Transmitting command 5 to controller.
2016-12-15 23:10:56,113 - DEBUG: MainController - Command 5 received.
2016-12-15 23:10:56,113 - DEBUG: CommandsListener - Waiting on accept...
2016-12-15 23:10:56,116 - DEBUG: MainController - Treating command : 5
2016-12-15 23:10:56,116 - DEBUG: MainController - Setting simulation...
2016-12-15 23:10:58,453 - DEBUG: CommandsListener - Received command from (192.168.0.210, 36977)
2016-12-15 23:10:58,453 - DEBUG: CommandsListener - Receiving command...
2016-12-15 23:10:58,455 - DEBUG: CommandsListener - Received <Utils.Message instance at 0xeeb0f8>
2016-12-15 23:10:58,455 - DEBUG: CommandsListener - Transmitting command 0 to controller.
2016-12-15 23:10:58,456 - DEBUG: MainController - Command 0 received.
2016-12-15 23:10:58,457 - DEBUG: CommandsListener - Waiting on accept...
2016-12-15 23:10:58,482 - DEBUG: MainController - Treating command : 0
2016-12-15 23:10:58,483 - DEBUG: MainController - Loading simulation...
2016-12-15 23:10:58,483 - DEBUG: Params - Parsing configuration file.
2016-12-15 23:10:59,104 - DEBUG: ThymioController - Running.
2016-12-15 23:11:01,534 - SIMU: ======================================
2016-12-15 23:11:01,541 - SIMU: ====== SimulationFollowLightGen ======
2016-12-15 23:11:01,542 - SIMU: ======================================
2016-12-15 23:11:01,542 - SIMU: -------------------
2016-12-15 23:11:01,543 - SIMU: Parameters :
2016-12-15 23:11:01,544 - SIMU: duration 24000
2016-12-15 23:11:01,544 - SIMU: lifetime 60
2016-12-15 23:11:01,545 - SIMU: sleep 0.1
2016-12-15 23:11:01,545 - SIMU: windowSize 20
2016-12-15 23:11:01,546 - SIMU: tournamentSize 1
2016-12-15 23:11:01,547 - SIMU: sigma 0.1
2016-12-15 23:11:01,547 - SIMU: -------------------
2016-12-15 23:11:01,548 - SIMU: Start :
2016-12-15 23:11:13,779 - SIMU: 1 generation ended 0.235961613952
2016-12-15 23:11:25,643 - SIMU: 2 generation ended 0.268207164328
2016-12-15 23:11:38,302 - SIMU: 3 generation ended 0.154974901542
2016-12-15 23:11:50,313 - SIMU: 4 generation ended 0.184727409981
2016-12-15 23:11:59,077 - SIMU: -------------------
2016-12-15 23:11:59,078 - SIMU: End :
2016-12-15 23:11:59,079 - SIMU: fitness_champion 0.195414491697
2016-12-15 23:11:59,082 - SIMU: champion [-0.5374834595014557, -0.7653626266110416, 0.8612520293220247, 1.017512258343208, 0.5628388956311239, 0.9546843394411144, -0.1910750584970963, 0.21840410646583505, 0.5776430799044224, -0.4425128846542753, 0.22637132447998812, -0.6023807231412186, -0.2396627562457384, 0.9995462806096536, -0.18590717586758773, 0.3997387039831083, -0.7878588016109929, 0.5011032838760185]
2016-12-15 23:11:59,084 - SIMU: ======================================
2016-12-15 23:11:59,180 - ERROR: MainController - Request for sending com message while no simulation started.
2016-12-15 23:11:59,182 - ERROR: MainController - Request for sending com message while no simulation started.
2016-12-15 23:11:59,185 - ERROR: MainController - Request for sending com message while no simulation started.
2016-12-15 23:11:59,188 - ERROR: MainController - Request for sending com message while no simulation started.
2016-12-15 23:12:48,512 - ERROR: MainController - Request for simulation stop while no simulation started.
2016-12-15 23:12:51,641 - DEBUG: MainController - Running.
2016-12-15 23:12:51,642 - DEBUG: CommandsListener - Waiting on accept...
2016-12-15 23:13:05,914 - DEBUG: CommandsListener - Received command from (192.168.0.210, 44327)
2016-12-15 23:13:05,915 - DEBUG: CommandsListener - Receiving command...
2016-12-15 23:13:05,917 - DEBUG: CommandsListener - Received <Utils.Message instance at 0x13727d8>
2016-12-15 23:13:05,918 - DEBUG: CommandsListener - Transmitting command 5 to controller.
2016-12-15 23:13:05,919 - DEBUG: MainController - Command 5 received.
2016-12-15 23:13:05,919 - DEBUG: CommandsListener - Waiting on accept...
2016-12-15 23:13:05,959 - DEBUG: MainController - Treating command : 5
2016-12-15 23:13:05,960 - DEBUG: MainController - Setting simulation...
2016-12-15 23:13:11,254 - DEBUG: CommandsListener - Received command from (192.168.0.210, 44332)
2016-12-15 23:13:11,255 - DEBUG: CommandsListener - Receiving command...
2016-12-15 23:13:11,256 - DEBUG: CommandsListener - Received <Utils.Message instance at 0x13720f8>
2016-12-15 23:13:11,257 - DEBUG: CommandsListener - Transmitting command 0 to controller.
2016-12-15 23:13:11,257 - DEBUG: MainController - Command 0 received.
2016-12-15 23:13:11,258 - DEBUG: CommandsListener - Waiting on accept...
2016-12-15 23:13:11,276 - DEBUG: MainController - Treating command : 0
2016-12-15 23:13:11,276 - DEBUG: MainController - Loading simulation...
2016-12-15 23:13:11,277 - DEBUG: Params - Parsing configuration file.
2016-12-15 23:13:11,914 - DEBUG: ThymioController - Running.
2016-12-15 23:13:14,343 - SIMU: ======================================
2016-12-15 23:13:14,344 - SIMU: ====== SimulationFollowLightGen ======
2016-12-15 23:13:14,345 - SIMU: ======================================
2016-12-15 23:13:14,346 - SIMU: -------------------
2016-12-15 23:13:14,346 - SIMU: Parameters :
2016-12-15 23:13:14,347 - SIMU: duration 24000
2016-12-15 23:13:14,348 - SIMU: lifetime 60
2016-12-15 23:13:14,348 - SIMU: sleep 0.1
2016-12-15 23:13:14,349 - SIMU: windowSize 20
2016-12-15 23:13:14,350 - SIMU: tournamentSize 1
2016-12-15 23:13:14,350 - SIMU: sigma 0.0001
2016-12-15 23:13:14,351 - SIMU: -------------------
2016-12-15 23:13:14,351 - SIMU: Start :
2016-12-15 23:13:27,096 - SIMU: 1 generation ended 0.36317123768
2016-12-15 23:13:41,799 - SIMU: 2 generation ended 0.479196519736
2016-12-15 23:13:54,759 - SIMU: 3 generation ended 0.174995060587
2016-12-15 23:14:07,366 - SIMU: 4 generation ended 0.504453779793
2016-12-15 23:14:18,325 - SIMU: 5 generation ended 0.0762144712039
2016-12-15 23:14:21,966 - SIMU: -------------------
2016-12-15 23:14:21,968 - SIMU: End :
2016-12-15 23:14:21,968 - SIMU: fitness_champion 0.00542257726674
2016-12-15 23:14:21,969 - SIMU: champion [-0.765610001867929, 0.9239249729724015, -0.2291753437024661, -0.10219363730055417, -0.315878723563376, -0.09740637636318718, 0.7045097799529026, 0.9273835224532521, 0.1243360412210058, 0.7246126298813984, -0.5822129049136476, 0.18573644737737993, -0.7392788484794546, 0.8687883765042878, -0.5956907078559742, 0.25012979324159185, 0.09019554460654818, 0.6503824779454143]
2016-12-15 23:14:21,970 - SIMU: ======================================
2016-12-15 23:14:22,071 - ERROR: MainController - Request for sending com message while no simulation started.
2016-12-15 23:14:22,073 - ERROR: MainController - Request for sending com message while no simulation started.
2016-12-15 23:14:22,073 - ERROR: MainController - Request for sending com message while no simulation started.
2016-12-15 23:14:22,074 - ERROR: MainController - Request for sending com message while no simulation started.
2016-12-15 23:14:22,077 - ERROR: MainController - Request for sending com message while no simulation started.
2016-12-15 23:20:45,673 - ERROR: MainController - Request for simulation stop while no simulation started.
2016-12-15 23:20:52,652 - DEBUG: MainController - Running.
2016-12-15 23:20:52,654 - DEBUG: CommandsListener - Waiting on accept...
2016-12-15 23:21:00,953 - DEBUG: CommandsListener - Received command from (192.168.0.210, 52778)
2016-12-15 23:21:00,953 - DEBUG: CommandsListener - Receiving command...
2016-12-15 23:21:00,956 - DEBUG: CommandsListener - Received <Utils.Message instance at 0x21127d8>
2016-12-15 23:21:00,956 - DEBUG: CommandsListener - Transmitting command 5 to controller.
2016-12-15 23:21:00,957 - DEBUG: MainController - Command 5 received.
2016-12-15 23:21:00,958 - DEBUG: CommandsListener - Waiting on accept...
2016-12-15 23:21:00,969 - DEBUG: MainController - Treating command : 5
2016-12-15 23:21:00,970 - DEBUG: MainController - Setting simulation...
2016-12-15 23:21:08,710 - DEBUG: CommandsListener - Received command from (192.168.0.210, 52783)
2016-12-15 23:21:08,711 - DEBUG: CommandsListener - Receiving command...
2016-12-15 23:21:08,712 - DEBUG: CommandsListener - Received <Utils.Message instance at 0x21120f8>
2016-12-15 23:21:08,712 - DEBUG: CommandsListener - Transmitting command 0 to controller.
2016-12-15 23:21:08,713 - DEBUG: MainController - Command 0 received.
2016-12-15 23:21:08,714 - DEBUG: CommandsListener - Waiting on accept...
2016-12-15 23:21:08,737 - DEBUG: MainController - Treating command : 0
2016-12-15 23:21:08,738 - DEBUG: MainController - Loading simulation...
2016-12-15 23:21:08,738 - DEBUG: Params - Parsing configuration file.
2016-12-15 23:21:09,707 - DEBUG: ThymioController - Running.
2016-12-15 23:21:12,147 - SIMU: ======================================
2016-12-15 23:21:12,149 - SIMU: ====== SimulationFollowLightGen ======
2016-12-15 23:21:12,149 - SIMU: ======================================
2016-12-15 23:21:12,150 - SIMU: -------------------
2016-12-15 23:21:12,151 - SIMU: Parameters :
2016-12-15 23:21:12,151 - SIMU: duration 24000
2016-12-15 23:21:12,152 - SIMU: lifetime 60
2016-12-15 23:21:12,153 - SIMU: sleep 0.1
2016-12-15 23:21:12,153 - SIMU: windowSize 20
2016-12-15 23:21:12,154 - SIMU: tournamentSize 1
2016-12-15 23:21:12,155 - SIMU: sigma 0.0001
2016-12-15 23:21:12,155 - SIMU: -------------------
2016-12-15 23:21:12,156 - SIMU: Start :
2016-12-15 23:21:23,988 - SIMU: 1 generation ended 0.0151167462881
2016-12-15 23:21:34,599 - SIMU: 2 generation ended 0.590865174562
2016-12-15 23:21:36,701 - SIMU: -------------------
2016-12-15 23:21:36,706 - SIMU: End :
2016-12-15 23:21:36,708 - SIMU: fitness_champion 0.273330214828
2016-12-15 23:21:36,711 - SIMU: champion [-0.7253403403449431, 3.3987374572106703, -2.858351452326495, 2.5809305465906296, -0.9528846102649619, 1.3626974642448497, 3.2927217863571387, 0.6995576337333413, 4.879195893230309, -0.5731866070641952, 0.24727133626786515, 0.7606001086721028, -9.570929783560656, -0.9258435706519416, 2.207284973822899, -2.331992507272732, 0.9082318621004299, 0.6166885342180374]
2016-12-15 23:21:36,712 - SIMU: ======================================
2016-12-15 23:21:36,785 - ERROR: MainController - Request for sending com message while no simulation started.
2016-12-15 23:21:36,788 - ERROR: MainController - Request for sending com message while no simulation started.
2016-12-15 23:21:36,792 - ERROR: MainController - Request for sending com message while no simulation started.
2016-12-15 23:21:36,794 - ERROR: MainController - Request for sending com message while no simulation started.
2016-12-15 23:23:28,285 - ERROR: MainController - Request for simulation stop while no simulation started.
2016-12-15 23:23:32,051 - DEBUG: MainController - Running.
2016-12-15 23:23:32,053 - DEBUG: CommandsListener - Waiting on accept...
2016-12-15 23:23:46,737 - CRITICAL: Error in main: <class 'socket.error'> - Traceback (most recent call last):
  File "/home/pi/dev/thymioPYPI/OctoPY/rpifiles/MainController.py", line 395, in <module>
    controller = MainController()
  File "/home/pi/dev/thymioPYPI/OctoPY/rpifiles/MainController.py", line 85, in __init__
    self.__cmdListener = CommandsListener(self)
  File "/home/pi/dev/thymioPYPI/OctoPY/rpifiles/MainController.py", line 302, in __init__
    self.__sock.bind((COMMANDS_LISTENER_HOST, COMMANDS_LISTENER_PORT))
  File "/usr/lib/python2.7/socket.py", line 224, in meth
    return getattr(self._sock,name)(*args)
error: [Errno 98] Address already in use

2016-12-15 23:23:54,488 - DEBUG: CommandsListener - Received command from (192.168.0.210, 55948)
2016-12-15 23:23:54,489 - DEBUG: CommandsListener - Receiving command...
2016-12-15 23:23:54,492 - DEBUG: CommandsListener - Received <Utils.Message instance at 0x12cd7d8>
2016-12-15 23:23:54,493 - DEBUG: CommandsListener - Transmitting command 5 to controller.
2016-12-15 23:23:54,493 - DEBUG: MainController - Command 5 received.
2016-12-15 23:23:54,494 - DEBUG: CommandsListener - Waiting on accept...
2016-12-15 23:23:54,522 - DEBUG: MainController - Treating command : 5
2016-12-15 23:23:54,523 - DEBUG: MainController - Setting simulation...
2016-12-15 23:23:59,946 - DEBUG: CommandsListener - Received command from (192.168.0.210, 55953)
2016-12-15 23:23:59,947 - DEBUG: CommandsListener - Receiving command...
2016-12-15 23:23:59,950 - DEBUG: CommandsListener - Received <Utils.Message instance at 0x12cd0f8>
2016-12-15 23:23:59,953 - DEBUG: CommandsListener - Transmitting command 0 to controller.
2016-12-15 23:23:59,954 - DEBUG: MainController - Command 0 received.
2016-12-15 23:23:59,955 - DEBUG: CommandsListener - Waiting on accept...
2016-12-15 23:23:59,989 - DEBUG: MainController - Treating command : 0
2016-12-15 23:23:59,990 - DEBUG: MainController - Loading simulation...
2016-12-15 23:23:59,991 - DEBUG: Params - Parsing configuration file.
2016-12-15 23:24:00,601 - DEBUG: ThymioController - Running.
2016-12-15 23:24:03,032 - SIMU: ======================================
2016-12-15 23:24:03,033 - SIMU: ====== SimulationFollowLightGen ======
2016-12-15 23:24:03,034 - SIMU: ======================================
2016-12-15 23:24:03,034 - SIMU: -------------------
2016-12-15 23:24:03,035 - SIMU: Parameters :
2016-12-15 23:24:03,036 - SIMU: duration 24000
2016-12-15 23:24:03,036 - SIMU: lifetime 60
2016-12-15 23:24:03,037 - SIMU: sleep 0.1
2016-12-15 23:24:03,038 - SIMU: windowSize 20
2016-12-15 23:24:03,039 - SIMU: tournamentSize 10
2016-12-15 23:24:03,043 - SIMU: sigma 0.1
2016-12-15 23:24:03,043 - SIMU: -------------------
2016-12-15 23:24:03,044 - SIMU: Start :
2016-12-15 23:24:13,557 - SIMU: 1 generation ended 0.14019497433
2016-12-15 23:24:26,832 - SIMU: 2 generation ended 0.773353449005
2016-12-15 23:24:31,955 - SIMU: -------------------
2016-12-15 23:24:31,959 - SIMU: End :
2016-12-15 23:24:31,961 - SIMU: fitness_champion 0.361084625906
2016-12-15 23:24:31,963 - SIMU: champion [-0.7458288436330428, 3.365013904692046, -2.777306434004299, 2.7678848525127515, -1.134547378461186, 1.4937954318085027, 3.3082109022060378, 0.7053201059793931, 4.949234578222193, -0.9561082222978942, 0.43517914554204884, 0.5764288639975469, -9.974001998053334, -0.9774206461831366, 2.0158304196972643, -2.20024577637654, 1.217562683458705, 0.8382678245085307]
2016-12-15 23:24:31,964 - SIMU: ======================================
2016-12-15 23:24:31,988 - ERROR: MainController - Request for sending com message while no simulation started.
2016-12-15 23:24:31,989 - ERROR: MainController - Request for sending com message while no simulation started.
2016-12-15 23:24:31,991 - ERROR: MainController - Request for sending com message while no simulation started.
2016-12-15 23:24:32,056 - ERROR: MainController - Request for sending com message while no simulation started.
2016-12-15 23:25:18,830 - ERROR: MainController - Request for simulation stop while no simulation started.
2016-12-15 23:25:33,775 - DEBUG: MainController - Running.
2016-12-15 23:25:33,776 - DEBUG: CommandsListener - Waiting on accept...
2016-12-15 23:25:35,420 - DEBUG: CommandsListener - Received command from (192.168.0.210, 58258)
2016-12-15 23:25:35,421 - DEBUG: CommandsListener - Receiving command...
2016-12-15 23:25:35,424 - DEBUG: CommandsListener - Received <Utils.Message instance at 0xf9e7d8>
2016-12-15 23:25:35,424 - DEBUG: CommandsListener - Transmitting command 5 to controller.
2016-12-15 23:25:35,425 - DEBUG: MainController - Command 5 received.
2016-12-15 23:25:35,426 - DEBUG: CommandsListener - Waiting on accept...
2016-12-15 23:25:35,442 - DEBUG: MainController - Treating command : 5
2016-12-15 23:25:35,443 - DEBUG: MainController - Setting simulation...
2016-12-15 23:26:29,573 - DEBUG: CommandsListener - Received command from (192.168.0.210, 58263)
2016-12-15 23:26:29,573 - DEBUG: CommandsListener - Receiving command...
2016-12-15 23:26:29,575 - DEBUG: CommandsListener - Received <Utils.Message instance at 0xf9e0f8>
2016-12-15 23:26:29,576 - DEBUG: CommandsListener - Transmitting command 0 to controller.
2016-12-15 23:26:29,576 - DEBUG: MainController - Command 0 received.
2016-12-15 23:26:29,577 - DEBUG: CommandsListener - Waiting on accept...
2016-12-15 23:26:29,618 - DEBUG: MainController - Treating command : 0
2016-12-15 23:26:29,619 - DEBUG: MainController - Loading simulation...
2016-12-15 23:26:29,619 - DEBUG: Params - Parsing configuration file.
2016-12-15 23:26:30,260 - DEBUG: ThymioController - Running.
2016-12-15 23:26:32,691 - SIMU: ======================================
2016-12-15 23:26:32,692 - SIMU: ====== SimulationFollowLightGen ======
2016-12-15 23:26:32,693 - SIMU: ======================================
2016-12-15 23:26:32,693 - SIMU: -------------------
2016-12-15 23:26:32,694 - SIMU: Parameters :
2016-12-15 23:26:32,695 - SIMU: duration 24000
2016-12-15 23:26:32,696 - SIMU: lifetime 60
2016-12-15 23:26:32,696 - SIMU: sleep 0.1
2016-12-15 23:26:32,697 - SIMU: windowSize 20
2016-12-15 23:26:32,698 - SIMU: tournamentSize 10
2016-12-15 23:26:32,698 - SIMU: sigma 0.1
2016-12-15 23:26:32,699 - SIMU: -------------------
2016-12-15 23:26:32,699 - SIMU: Start :
2016-12-15 23:26:44,147 - SIMU: 1 generation ended 0.415727664399
2016-12-15 23:26:56,660 - SIMU: 2 generation ended 0.78253538033
2016-12-15 23:27:08,637 - SIMU: 3 generation ended 0.890255290565
2016-12-15 23:27:17,181 - SIMU: -------------------
2016-12-15 23:27:17,183 - SIMU: End :
2016-12-15 23:27:17,184 - SIMU: fitness_champion 0.897200823806
2016-12-15 23:27:17,185 - SIMU: champion [-0.7105186736336002, 3.4016995308175195, -2.7164917109982842, 2.8075322324934744, -0.8307550152606188, 1.2682047569759238, 3.269466544285602, 0.8160211047691486, 4.983001382678872, -0.31601794798292293, 0.28963275646506387, 0.529958152498118, -9.628518009834988, -0.9684737492791174, 1.9736421755342108, -2.1093629086422676, 1.0245587059957801, 0.4190093562726857]
2016-12-15 23:27:17,186 - SIMU: ======================================
2016-12-15 23:27:17,283 - ERROR: MainController - Request for sending com message while no simulation started.
2016-12-15 23:28:47,514 - ERROR: MainController - Request for simulation stop while no simulation started.
2016-12-15 23:28:59,472 - DEBUG: MainController - Running.
2016-12-15 23:28:59,474 - DEBUG: CommandsListener - Waiting on accept...
2016-12-15 23:29:04,645 - DEBUG: CommandsListener - Received command from (192.168.0.210, 59302)
2016-12-15 23:29:04,646 - DEBUG: CommandsListener - Receiving command...
2016-12-15 23:29:04,648 - DEBUG: CommandsListener - Received <Utils.Message instance at 0x10b87d8>
2016-12-15 23:29:04,649 - DEBUG: CommandsListener - Transmitting command 5 to controller.
2016-12-15 23:29:04,649 - DEBUG: MainController - Command 5 received.
2016-12-15 23:29:04,650 - DEBUG: CommandsListener - Waiting on accept...
2016-12-15 23:29:04,689 - DEBUG: MainController - Treating command : 5
2016-12-15 23:29:04,690 - DEBUG: MainController - Setting simulation...
2016-12-15 23:29:47,238 - DEBUG: CommandsListener - Received command from (192.168.0.210, 59307)
2016-12-15 23:29:47,238 - DEBUG: CommandsListener - Receiving command...
2016-12-15 23:29:47,240 - DEBUG: CommandsListener - Received <Utils.Message instance at 0x10b80f8>
2016-12-15 23:29:47,240 - DEBUG: CommandsListener - Transmitting command 0 to controller.
2016-12-15 23:29:47,241 - DEBUG: MainController - Command 0 received.
2016-12-15 23:29:47,242 - DEBUG: CommandsListener - Waiting on accept...
2016-12-15 23:29:47,263 - DEBUG: MainController - Treating command : 0
2016-12-15 23:29:47,263 - DEBUG: MainController - Loading simulation...
2016-12-15 23:29:47,264 - DEBUG: Params - Parsing configuration file.
2016-12-15 23:29:48,126 - DEBUG: ThymioController - Running.
2016-12-15 23:29:50,560 - SIMU: ======================================
2016-12-15 23:29:50,561 - SIMU: ====== SimulationFollowLightGen ======
2016-12-15 23:29:50,562 - SIMU: ======================================
2016-12-15 23:29:50,562 - SIMU: -------------------
2016-12-15 23:29:50,563 - SIMU: Parameters :
2016-12-15 23:29:50,563 - SIMU: duration 24000
2016-12-15 23:29:50,564 - SIMU: lifetime 60
2016-12-15 23:29:50,565 - SIMU: sleep 0.1
2016-12-15 23:29:50,565 - SIMU: windowSize 20
2016-12-15 23:29:50,566 - SIMU: tournamentSize 10
2016-12-15 23:29:50,566 - SIMU: sigma 0.1
2016-12-15 23:29:50,567 - SIMU: -------------------
2016-12-15 23:29:50,567 - SIMU: Start :
2016-12-15 23:30:01,357 - SIMU: 1 generation ended 0.0274231276614
2016-12-15 23:30:12,236 - SIMU: 2 generation ended 0.026726674885
2016-12-15 23:30:22,383 - SIMU: 3 generation ended 0.177658420164
2016-12-15 23:30:32,105 - SIMU: 4 generation ended 0.055576376879
2016-12-15 23:30:41,520 - SIMU: 5 generation ended 0.0505722277202
2016-12-15 23:30:51,353 - SIMU: 6 generation ended 0.047521353993
2016-12-15 23:31:01,106 - SIMU: 7 generation ended 0.0449512272921
2016-12-15 23:31:10,674 - SIMU: 8 generation ended 0.0401036231662
2016-12-15 23:31:21,902 - SIMU: 9 generation ended 0.289811715124
2016-12-15 23:31:33,338 - SIMU: 10 generation ended 0.237788822567
2016-12-15 23:31:44,344 - SIMU: 11 generation ended 0.236887022316
2016-12-15 23:31:54,521 - SIMU: 12 generation ended 0.0755964977213
2016-12-15 23:32:06,437 - SIMU: 13 generation ended 0.229899536053
2016-12-15 23:32:12,551 - SIMU: -------------------
2016-12-15 23:32:12,552 - SIMU: End :
2016-12-15 23:32:12,553 - SIMU: fitness_champion 0.237788822567
2016-12-15 23:32:12,554 - SIMU: champion [-0.21994483667819323, 0.17680863970948896, 1.2149199341165557, -0.10757623119342877, 0.7436247056136098, -0.7362352810965067, -0.37409564702026077, 0.12281553373061525, 0.16044170661203794, -0.4793586474228627, 0.8329504152347154, -0.3949126226909412, 0.035200360841882467, 0.4523315433811649, -0.3253687474926764, 0.11318636791930331, -0.14462382812162528, 0.3650317493515587]
2016-12-15 23:32:12,555 - SIMU: ======================================
2016-12-15 23:34:50,100 - ERROR: MainController - Request for simulation stop while no simulation started.
2016-12-15 23:35:01,294 - DEBUG: MainController - Running.
2016-12-15 23:35:01,295 - DEBUG: CommandsListener - Waiting on accept...
2016-12-15 23:35:10,218 - DEBUG: CommandsListener - Received command from (192.168.0.210, 59909)
2016-12-15 23:35:10,219 - DEBUG: CommandsListener - Receiving command...
2016-12-15 23:35:10,222 - DEBUG: CommandsListener - Received <Utils.Message instance at 0x156e7d8>
2016-12-15 23:35:10,223 - DEBUG: CommandsListener - Transmitting command 5 to controller.
2016-12-15 23:35:10,224 - DEBUG: MainController - Command 5 received.
2016-12-15 23:35:10,224 - DEBUG: CommandsListener - Waiting on accept...
2016-12-15 23:35:10,263 - DEBUG: MainController - Treating command : 5
2016-12-15 23:35:10,263 - DEBUG: MainController - Setting simulation...
2016-12-15 23:35:21,098 - DEBUG: CommandsListener - Received command from (192.168.0.210, 59914)
2016-12-15 23:35:21,099 - DEBUG: CommandsListener - Receiving command...
2016-12-15 23:35:21,101 - DEBUG: CommandsListener - Received <Utils.Message instance at 0x156e0f8>
2016-12-15 23:35:21,101 - DEBUG: CommandsListener - Transmitting command 0 to controller.
2016-12-15 23:35:21,102 - DEBUG: MainController - Command 0 received.
2016-12-15 23:35:21,103 - DEBUG: CommandsListener - Waiting on accept...
2016-12-15 23:35:21,131 - DEBUG: MainController - Treating command : 0
2016-12-15 23:35:21,132 - DEBUG: MainController - Loading simulation...
2016-12-15 23:35:21,133 - DEBUG: Params - Parsing configuration file.
2016-12-15 23:35:21,817 - DEBUG: ThymioController - Running.
2016-12-15 23:35:24,248 - SIMU: ======================================
2016-12-15 23:35:24,249 - SIMU: ====== SimulationFollowLightGen ======
2016-12-15 23:35:24,249 - SIMU: ======================================
2016-12-15 23:35:24,250 - SIMU: -------------------
2016-12-15 23:35:24,251 - SIMU: Parameters :
2016-12-15 23:35:24,251 - SIMU: duration 24000
2016-12-15 23:35:24,252 - SIMU: lifetime 60
2016-12-15 23:35:24,253 - SIMU: sleep 0.1
2016-12-15 23:35:24,253 - SIMU: windowSize 20
2016-12-15 23:35:24,254 - SIMU: tournamentSize 2
2016-12-15 23:35:24,254 - SIMU: sigma 0.1
2016-12-15 23:35:24,255 - SIMU: -------------------
2016-12-15 23:35:24,256 - SIMU: Start :
2016-12-15 23:35:35,658 - SIMU: 1 generation ended 0.466109612276
2016-12-15 23:35:47,023 - SIMU: 2 generation ended 0.0855724407217
2016-12-15 23:35:58,161 - SIMU: 3 generation ended 0.0888689905101
2016-12-15 23:36:10,364 - SIMU: 4 generation ended 0.40930121118
2016-12-15 23:36:21,465 - SIMU: 5 generation ended 0.166705696499
2016-12-15 23:36:32,146 - SIMU: 6 generation ended 0.0243793341739
2016-12-15 23:36:42,876 - SIMU: 7 generation ended 0.00600695372134
2016-12-15 23:36:53,737 - SIMU: 8 generation ended 0.00587639208539
2016-12-15 23:37:05,492 - SIMU: 9 generation ended 0.00466974048194
2016-12-15 23:37:15,185 - SIMU: 10 generation ended 0.00678037807345
2016-12-15 23:37:25,830 - SIMU: 11 generation ended 0.0113494030288
2016-12-15 23:37:37,776 - SIMU: 12 generation ended 0.087117589505
2016-12-15 23:37:49,484 - SIMU: 13 generation ended 0.0953902878812
2016-12-15 23:37:59,980 - SIMU: 14 generation ended 0.0221821805882
2016-12-15 23:38:11,215 - SIMU: 15 generation ended 0.0395796518894
2016-12-15 23:38:21,950 - SIMU: 16 generation ended 0.0328531240465
2016-12-15 23:38:31,295 - SIMU: 17 generation ended 0.0062376438035
2016-12-15 23:38:41,287 - SIMU: 18 generation ended 0.00607559953778
2016-12-15 23:38:50,722 - SIMU: 19 generation ended 0.00593039542195
2016-12-15 23:39:00,531 - SIMU: 20 generation ended 0.00580456715299
2016-12-15 23:39:01,123 - SIMU: -------------------
2016-12-15 23:39:01,124 - SIMU: End :
2016-12-15 23:39:01,125 - SIMU: fitness_champion 0.00574970795368
2016-12-15 23:39:01,126 - SIMU: champion [-0.26624398743503175, -1.0543839849316947, -0.9242549096550022, 0.08884567780305182, -0.050034314565735746, -0.5100854565625633, 0.247593426784636, -0.9630287369412297, -0.7233764905819094, -0.36487910767230286, 1.0881067158825826, 0.09680540131872445, 0.7718588468023129, 0.2907040225632616, -0.5254610184064374, -0.35903156947400766, -0.6976011741064956, 0.08395797680840089]
2016-12-15 23:39:01,127 - SIMU: ======================================
2016-12-15 23:39:06,343 - ERROR: MainController - Request for simulation stop while no simulation started.
2016-12-15 23:40:42,556 - DEBUG: MainController - Running.
2016-12-15 23:40:42,557 - DEBUG: CommandsListener - Waiting on accept...
2016-12-15 23:40:44,432 - DEBUG: CommandsListener - Received command from (192.168.0.210, 60957)
2016-12-15 23:40:44,433 - DEBUG: CommandsListener - Receiving command...
2016-12-15 23:40:44,435 - DEBUG: CommandsListener - Received <Utils.Message instance at 0x1e7a7d8>
2016-12-15 23:40:44,436 - DEBUG: CommandsListener - Transmitting command 5 to controller.
2016-12-15 23:40:44,436 - DEBUG: MainController - Command 5 received.
2016-12-15 23:40:44,437 - DEBUG: CommandsListener - Waiting on accept...
2016-12-15 23:40:44,473 - DEBUG: MainController - Treating command : 5
2016-12-15 23:40:44,474 - DEBUG: MainController - Setting simulation...
2016-12-15 23:41:18,226 - DEBUG: CommandsListener - Received command from (192.168.0.210, 60962)
2016-12-15 23:41:18,227 - DEBUG: CommandsListener - Receiving command...
2016-12-15 23:41:18,229 - DEBUG: CommandsListener - Received <Utils.Message instance at 0x1e7a0f8>
2016-12-15 23:41:18,229 - DEBUG: CommandsListener - Transmitting command 0 to controller.
2016-12-15 23:41:18,230 - DEBUG: MainController - Command 0 received.
2016-12-15 23:41:18,231 - DEBUG: CommandsListener - Waiting on accept...
2016-12-15 23:41:18,246 - DEBUG: MainController - Treating command : 0
2016-12-15 23:41:18,247 - DEBUG: MainController - Loading simulation...
2016-12-15 23:41:18,247 - DEBUG: Params - Parsing configuration file.
2016-12-15 23:41:18,897 - DEBUG: ThymioController - Running.
2016-12-15 23:41:21,330 - SIMU: ======================================
2016-12-15 23:41:21,331 - SIMU: ====== SimulationFollowLightGen ======
2016-12-15 23:41:21,332 - SIMU: ======================================
2016-12-15 23:41:21,332 - SIMU: -------------------
2016-12-15 23:41:21,333 - SIMU: Parameters :
2016-12-15 23:41:21,334 - SIMU: duration 24000
2016-12-15 23:41:21,334 - SIMU: lifetime 60
2016-12-15 23:41:21,335 - SIMU: sleep 0.1
2016-12-15 23:41:21,335 - SIMU: windowSize 20
2016-12-15 23:41:21,336 - SIMU: tournamentSize 10
2016-12-15 23:41:21,337 - SIMU: sigma 0.1
2016-12-15 23:41:21,337 - SIMU: -------------------
2016-12-15 23:41:21,338 - SIMU: Start :
2016-12-15 23:41:30,233 - SIMU: -------------------
2016-12-15 23:41:30,234 - SIMU: End :
2016-12-15 23:41:30,235 - SIMU: fitness_champion 0.0515025945647
2016-12-15 23:41:30,236 - SIMU: champion [-0.1629242909094757, -0.6710179340441782, -0.9494500031628412, 0.4737576554670042, 0.39716625770016045, 0.7028679706653536, -0.08358950757085815, -0.21226420511658972, -0.18989565881938741, 0.6613522350472811, 0.6494179070326935, 0.6980668505018273, -0.23164734557400113, 0.19462634549247926, 0.5811367783503658, -0.173041435693144, 0.21889378595570497, -0.03616747655054442]
2016-12-15 23:41:30,236 - SIMU: ======================================
2016-12-15 23:41:30,339 - ERROR: MainController - Request for sending com message while no simulation started.
2016-12-15 23:42:06,772 - SIMU: ======================================
2016-12-15 23:42:06,773 - SIMU: ====== SimulationFollowLightGen ======
2016-12-15 23:42:06,774 - SIMU: ======================================
2016-12-15 23:42:06,774 - SIMU: -------------------
2016-12-15 23:42:06,775 - SIMU: Parameters :
2016-12-15 23:42:06,775 - SIMU: duration 24000
2016-12-15 23:42:06,776 - SIMU: lifetime 60
2016-12-15 23:42:06,777 - SIMU: sleep 0.1
2016-12-15 23:42:06,777 - SIMU: windowSize 20
2016-12-15 23:42:06,778 - SIMU: tournamentSize 10
2016-12-15 23:42:06,779 - SIMU: sigma 0.1
2016-12-15 23:42:06,779 - SIMU: -------------------
2016-12-15 23:42:06,780 - SIMU: Start :
2016-12-15 23:42:16,929 - SIMU: 1 generation ended 0.0813864090261
2016-12-15 23:42:28,111 - SIMU: 2 generation ended 0.294897038528
2016-12-15 23:42:39,901 - SIMU: 3 generation ended 0.374822209768
2016-12-15 23:42:52,366 - SIMU: 4 generation ended 0.483182373948
2016-12-15 23:43:03,973 - SIMU: 5 generation ended 0.500389274725
2016-12-15 23:43:15,142 - SIMU: 6 generation ended 0.274560349634
2016-12-15 23:43:27,274 - SIMU: 7 generation ended 0.00616072165108
2016-12-15 23:43:38,918 - SIMU: 8 generation ended 0.00526987981158
2016-12-15 23:43:50,964 - SIMU: 9 generation ended 0.00529857084744
2016-12-15 23:44:02,029 - SIMU: 10 generation ended 0.00527704414879
2016-12-15 23:44:14,011 - SIMU: 11 generation ended 0.00621556956007
2016-12-15 23:44:18,864 - SIMU: -------------------
2016-12-15 23:44:18,865 - SIMU: End :
2016-12-15 23:44:18,868 - SIMU: fitness_champion 0.00632969376137
2016-12-15 23:44:18,869 - SIMU: champion [-1.112915758889106, -0.1305975871293354, -0.6067367198532768, 1.1724894139295865, -1.3598327960611565, -1.2929333220329973, -0.5033796761632665, 0.18557943911933727, -0.5431877931436875, 0.42119188845703187, -0.29144867435155375, 0.11552032038986043, -0.21936827321604568, -1.4982915173525277, 0.23696825882764266, -0.34840986716434635, -0.16806832382806736, -1.1395484371588152]
2016-12-15 23:44:18,870 - SIMU: ======================================
2016-12-15 23:47:09,166 - ERROR: MainController - Request for simulation stop while no simulation started.
2016-12-15 23:47:11,938 - DEBUG: MainController - Running.
2016-12-15 23:47:11,939 - DEBUG: CommandsListener - Waiting on accept...
2016-12-15 23:47:35,769 - DEBUG: CommandsListener - Received command from (192.168.0.210, 35515)
2016-12-15 23:47:35,770 - DEBUG: CommandsListener - Receiving command...
2016-12-15 23:47:35,773 - DEBUG: CommandsListener - Received <Utils.Message instance at 0x1b657d8>
2016-12-15 23:47:35,773 - DEBUG: CommandsListener - Transmitting command 5 to controller.
2016-12-15 23:47:35,774 - DEBUG: MainController - Command 5 received.
2016-12-15 23:47:35,775 - DEBUG: CommandsListener - Waiting on accept...
2016-12-15 23:47:35,809 - DEBUG: MainController - Treating command : 5
2016-12-15 23:47:35,810 - DEBUG: MainController - Setting simulation...
2016-12-15 23:47:37,983 - DEBUG: CommandsListener - Received command from (192.168.0.210, 35520)
2016-12-15 23:47:37,984 - DEBUG: CommandsListener - Receiving command...
2016-12-15 23:47:37,985 - DEBUG: CommandsListener - Received <Utils.Message instance at 0x1b650f8>
2016-12-15 23:47:37,986 - DEBUG: CommandsListener - Transmitting command 0 to controller.
2016-12-15 23:47:37,987 - DEBUG: MainController - Command 0 received.
2016-12-15 23:47:37,987 - DEBUG: CommandsListener - Waiting on accept...
2016-12-15 23:47:38,025 - DEBUG: MainController - Treating command : 0
2016-12-15 23:47:38,025 - DEBUG: MainController - Loading simulation...
2016-12-15 23:47:38,026 - DEBUG: Params - Parsing configuration file.
2016-12-15 23:47:39,114 - DEBUG: ThymioController - Running.
2016-12-15 23:47:41,542 - SIMU: ======================================
2016-12-15 23:47:41,543 - SIMU: ====== SimulationFollowLightGen ======
2016-12-15 23:47:41,544 - SIMU: ======================================
2016-12-15 23:47:41,544 - SIMU: -------------------
2016-12-15 23:47:41,545 - SIMU: Parameters :
2016-12-15 23:47:41,546 - SIMU: duration 24000
2016-12-15 23:47:41,546 - SIMU: lifetime 60
2016-12-15 23:47:41,547 - SIMU: sleep 0.1
2016-12-15 23:47:41,548 - SIMU: windowSize 20
2016-12-15 23:47:41,548 - SIMU: tournamentSize 10
2016-12-15 23:47:41,549 - SIMU: sigma 0.1
2016-12-15 23:47:41,550 - SIMU: -------------------
2016-12-15 23:47:41,550 - SIMU: Start :
2016-12-15 23:47:51,499 - SIMU: 1 generation ended 0.0782661241453
2016-12-15 23:47:52,179 - SIMU: -------------------
2016-12-15 23:47:52,181 - SIMU: End :
2016-12-15 23:47:52,182 - SIMU: fitness_champion 0.148900056046
2016-12-15 23:47:52,183 - SIMU: champion [0.2551783827223146, -0.8683904778485128, -0.6798139418930585, 0.9378404987444997, -0.638430309907272, -0.7098509890604733, 0.6369093701860634, 0.0304725111878327, 1.133325754564965, -0.5797962376637802, -0.9929512059444765, -0.29431690227980195, -0.21144729520353134, -0.47929923352449866, 0.9860649060550963, -0.5917593590026576, -0.47754544809046295, -0.09429167640443759]
2016-12-15 23:47:52,184 - SIMU: ======================================
2016-12-15 23:48:26,462 - SIMU: ======================================
2016-12-15 23:48:26,464 - SIMU: ====== SimulationFollowLightGen ======
2016-12-15 23:48:26,464 - SIMU: ======================================
2016-12-15 23:48:26,465 - SIMU: -------------------
2016-12-15 23:48:26,465 - SIMU: Parameters :
2016-12-15 23:48:26,466 - SIMU: duration 24000
2016-12-15 23:48:26,467 - SIMU: lifetime 60
2016-12-15 23:48:26,467 - SIMU: sleep 0.1
2016-12-15 23:48:26,468 - SIMU: windowSize 20
2016-12-15 23:48:26,468 - SIMU: tournamentSize 10
2016-12-15 23:48:26,469 - SIMU: sigma 0.1
2016-12-15 23:48:26,470 - SIMU: -------------------
2016-12-15 23:48:26,470 - SIMU: Start :
2016-12-15 23:48:37,084 - SIMU: 1 generation ended 0.16071331387
2016-12-15 23:48:48,174 - SIMU: 2 generation ended 0.186016330162
2016-12-15 23:48:57,999 - SIMU: 3 generation ended 0.057348421953
2016-12-15 23:49:07,911 - SIMU: 4 generation ended 0.0703756638969
2016-12-15 23:49:17,658 - SIMU: 5 generation ended 0.0610153711512
2016-12-15 23:49:28,004 - SIMU: 6 generation ended 0.145493653366
2016-12-15 23:49:38,627 - SIMU: 7 generation ended 0.0476870143473
2016-12-15 23:49:49,650 - SIMU: 8 generation ended 0.581826155631
2016-12-15 23:50:00,724 - SIMU: 9 generation ended 0.13193513277
2016-12-15 23:50:12,265 - SIMU: 10 generation ended 0.0177894748582
2016-12-15 23:50:22,159 - SIMU: 11 generation ended 0.0282261058499
2016-12-15 23:50:31,556 - SIMU: 12 generation ended 0.020915715343
2016-12-15 23:50:41,146 - SIMU: 13 generation ended 0.0385158684007
2016-12-15 23:50:50,522 - SIMU: 14 generation ended 0.0477738711106
2016-12-15 23:51:00,192 - SIMU: 15 generation ended 0.0378503365083
2016-12-15 23:51:09,850 - SIMU: 16 generation ended 0.0480458952367
2016-12-15 23:51:20,370 - SIMU: 17 generation ended 0.0604795817248
2016-12-15 23:51:29,827 - SIMU: 18 generation ended 0.0652029249612
2016-12-15 23:51:39,606 - SIMU: 19 generation ended 0.0681918645653
2016-12-15 23:51:49,481 - SIMU: 20 generation ended 0.0677164271428
2016-12-15 23:51:58,096 - SIMU: -------------------
2016-12-15 23:51:58,097 - SIMU: End :
2016-12-15 23:51:58,098 - SIMU: fitness_champion 0.0722174958131
2016-12-15 23:51:58,099 - SIMU: champion [1.3908929576862543, -1.0360526098410459, 0.2950492000723573, 0.7970072222315292, -1.2187680610977876, 0.4591376833461407, -0.7542117908110263, -0.5179298019773769, 1.497029245228183, 0.4334090867391104, 0.07368158613165912, 1.1444039710918528, 0.3643742986379932, 1.2339974104992686, 0.3335327844627741, 1.1277019895304552, 0.3121297971764762, 0.512636044303947]
2016-12-15 23:51:58,101 - SIMU: ======================================
2016-12-15 23:52:44,579 - ERROR: MainController - Request for simulation stop while no simulation started.
2016-12-15 23:54:15,309 - DEBUG: MainController - Running.
2016-12-15 23:54:15,311 - DEBUG: CommandsListener - Waiting on accept...
2016-12-15 23:55:26,980 - DEBUG: CommandsListener - Received command from (192.168.0.210, 43600)
2016-12-15 23:55:26,981 - DEBUG: CommandsListener - Receiving command...
2016-12-15 23:55:26,983 - DEBUG: CommandsListener - Received <Utils.Message instance at 0x4fc7d8>
2016-12-15 23:55:26,984 - DEBUG: CommandsListener - Transmitting command 5 to controller.
2016-12-15 23:55:26,984 - DEBUG: MainController - Command 5 received.
2016-12-15 23:55:26,985 - DEBUG: CommandsListener - Waiting on accept...
2016-12-15 23:55:26,990 - DEBUG: MainController - Treating command : 5
2016-12-15 23:55:26,991 - DEBUG: MainController - Setting simulation...
2016-12-15 23:55:28,956 - DEBUG: CommandsListener - Received command from (192.168.0.210, 43605)
2016-12-15 23:55:28,957 - DEBUG: CommandsListener - Receiving command...
2016-12-15 23:55:28,959 - DEBUG: CommandsListener - Received <Utils.Message instance at 0x4fc0f8>
2016-12-15 23:55:28,959 - DEBUG: CommandsListener - Transmitting command 0 to controller.
2016-12-15 23:55:28,960 - DEBUG: MainController - Command 0 received.
2016-12-15 23:55:28,961 - DEBUG: CommandsListener - Waiting on accept...
2016-12-15 23:55:28,992 - DEBUG: MainController - Treating command : 0
2016-12-15 23:55:28,993 - DEBUG: MainController - Loading simulation...
2016-12-15 23:55:28,993 - DEBUG: Params - Parsing configuration file.
2016-12-15 23:55:29,633 - DEBUG: ThymioController - Running.
2016-12-15 23:55:32,066 - SIMU: ======================================
2016-12-15 23:55:32,067 - SIMU: ====== SimulationFollowLightGen ======
2016-12-15 23:55:32,068 - SIMU: ======================================
2016-12-15 23:55:32,068 - SIMU: -------------------
2016-12-15 23:55:32,069 - SIMU: Parameters :
2016-12-15 23:55:32,069 - SIMU: duration 24000
2016-12-15 23:55:32,070 - SIMU: lifetime 60
2016-12-15 23:55:32,071 - SIMU: sleep 0.1
2016-12-15 23:55:32,071 - SIMU: windowSize 20
2016-12-15 23:55:32,072 - SIMU: tournamentSize 10
2016-12-15 23:55:32,073 - SIMU: sigma 0.5
2016-12-15 23:55:32,073 - SIMU: -------------------
2016-12-15 23:55:32,074 - SIMU: Start :
2016-12-15 23:55:41,502 - SIMU: 1 generation ended 0.223700209582
2016-12-15 23:55:52,229 - SIMU: 2 generation ended 0.243488130305
2016-12-15 23:56:10,259 - SIMU: 3 generation ended 0.243416863233
2016-12-15 23:56:37,638 - SIMU: 4 generation ended 0.236456907652
2016-12-15 23:56:51,022 - SIMU: 5 generation ended 0.0542282673785
2016-12-15 23:57:04,365 - SIMU: 6 generation ended 0.118554182667
2016-12-15 23:57:20,672 - SIMU: 7 generation ended 3.1792895199e-05
2016-12-15 23:57:31,908 - SIMU: 8 generation ended 0.000148092628369
2016-12-15 23:57:42,633 - SIMU: 9 generation ended 0.00111675454501
2016-12-15 23:57:43,772 - SIMU: -------------------
2016-12-15 23:57:43,773 - SIMU: End :
2016-12-15 23:57:43,773 - SIMU: fitness_champion 0.000625555334226
2016-12-15 23:57:43,774 - SIMU: champion [-0.2543650796880983, 0.13291201252682705, 2.699929498520408, 1.9977958026521843, -0.09518240790547483, 1.528762572594819, 1.1454964091493256, 0.8655795142493838, -0.8843494827962999, -1.6700180910121254, 0.7791750299488381, -1.2137471402875537, 1.5703999371794566, 0.559973894223468, 0.36163781886975954, -0.7024266695082366, 0.9238374175526705, -1.0792971894037013]
2016-12-15 23:57:43,775 - SIMU: ======================================
2016-12-15 23:57:43,862 - ERROR: MainController - Request for sending com message while no simulation started.
2016-12-15 23:57:46,628 - ERROR: MainController - Request for sending com message while no simulation started.
2016-12-15 23:57:49,630 - ERROR: MainController - Request for sending com message while no simulation started.
2016-12-15 23:57:52,631 - ERROR: MainController - Request for sending com message while no simulation started.
2016-12-15 23:57:55,633 - ERROR: MainController - Request for simulation stop while no simulation started.
2016-12-16 00:04:51,310 - DEBUG: MainController - Running.
2016-12-16 00:04:51,312 - DEBUG: CommandsListener - Waiting on accept...
2016-12-16 00:04:52,821 - DEBUG: CommandsListener - Received command from (192.168.0.210, 45771)
2016-12-16 00:04:52,822 - DEBUG: CommandsListener - Receiving command...
2016-12-16 00:04:52,824 - DEBUG: CommandsListener - Received <Utils.Message instance at 0x153c7d8>
2016-12-16 00:04:52,825 - DEBUG: CommandsListener - Transmitting command 5 to controller.
2016-12-16 00:04:52,825 - DEBUG: MainController - Command 5 received.
2016-12-16 00:04:52,826 - DEBUG: CommandsListener - Waiting on accept...
2016-12-16 00:04:52,826 - DEBUG: MainController - Treating command : 5
2016-12-16 00:04:52,827 - DEBUG: MainController - Setting simulation...
2016-12-16 00:09:33,680 - DEBUG: CommandsListener - Received command from (192.168.0.210, 45776)
2016-12-16 00:09:33,681 - DEBUG: CommandsListener - Receiving command...
2016-12-16 00:09:33,682 - DEBUG: CommandsListener - Received <Utils.Message instance at 0x153c0f8>
2016-12-16 00:09:33,683 - DEBUG: CommandsListener - Transmitting command 0 to controller.
2016-12-16 00:09:33,683 - DEBUG: MainController - Command 0 received.
2016-12-16 00:09:33,684 - DEBUG: CommandsListener - Waiting on accept...
2016-12-16 00:09:33,696 - DEBUG: MainController - Treating command : 0
2016-12-16 00:09:33,696 - DEBUG: MainController - Loading simulation...
2016-12-16 00:09:33,697 - DEBUG: Params - Parsing configuration file.
2016-12-16 00:09:34,300 - DEBUG: ThymioController - Running.
2016-12-16 00:09:36,729 - SIMU: ======================================
2016-12-16 00:09:36,730 - SIMU: ====== SimulationFollowLightGen ======
2016-12-16 00:09:36,731 - SIMU: ======================================
2016-12-16 00:09:36,731 - SIMU: -------------------
2016-12-16 00:09:36,732 - SIMU: Parameters :
2016-12-16 00:09:36,733 - SIMU: duration 24000
2016-12-16 00:09:36,733 - SIMU: lifetime 60
2016-12-16 00:09:36,734 - SIMU: sleep 0.1
2016-12-16 00:09:36,734 - SIMU: windowSize 20
2016-12-16 00:09:36,735 - SIMU: tournamentSize 10
2016-12-16 00:09:36,736 - SIMU: sigma 0.1
2016-12-16 00:09:36,736 - SIMU: -------------------
2016-12-16 00:09:36,737 - SIMU: Start :
2016-12-16 00:09:49,598 - SIMU: 1 generation ended 0.367927987563
2016-12-16 00:10:00,615 - SIMU: 2 generation ended 0.149358951776
2016-12-16 00:10:09,132 - SIMU: -------------------
2016-12-16 00:10:09,133 - SIMU: End :
2016-12-16 00:10:09,134 - SIMU: fitness_champion 0.0879780598851
2016-12-16 00:10:09,135 - SIMU: champion [-0.9102683118565389, -0.0721081220930306, -0.7254625512684117, -0.4758257918996587, 0.411363419695758, 0.30905065030061646, 0.7475957889125737, -0.09796644080697375, 0.8747070070660828, 0.2719117385940907, 0.1273612148675487, 0.23695715530352404, -1.1110238430839334, 0.23592991685714393, 0.44481084232705603, -0.31131010578513835, 0.03864309886303394, 0.9483760807489612]
2016-12-16 00:10:09,136 - SIMU: ======================================
