ROBOT 3
2016-12-18 12:41:14,244 - SIMU: ======================================
2016-12-18 12:41:14,245 - SIMU: ====== SimulationFollowLightGen ======
2016-12-18 12:41:14,245 - SIMU: ======================================
2016-12-18 12:41:14,246 - SIMU: -------------------
2016-12-18 12:41:14,246 - SIMU: Parameters :
2016-12-18 12:41:14,246 - SIMU: duration 24000
2016-12-18 12:41:14,246 - SIMU: lifetime 60
2016-12-18 12:41:14,247 - SIMU: sleep 0.1
2016-12-18 12:41:14,247 - SIMU: windowSize 20
2016-12-18 12:41:14,247 - SIMU: tournamentSize 5
2016-12-18 12:41:14,248 - SIMU: sigma 0.1
2016-12-18 12:41:14,248 - SIMU: -------------------
2016-12-18 12:41:14,248 - SIMU: Start :
2016-12-18 12:41:24,723 - SIMU: 1 generation ended 0.329623224148
2016-12-18 12:41:36,045 - SIMU: 2 generation ended 0.460066446845
2016-12-18 12:41:47,830 - SIMU: 3 generation ended 0.750521948308
2016-12-18 12:41:58,424 - SIMU: 4 generation ended 0.094559387341
2016-12-18 12:42:08,387 - SIMU: 5 generation ended 0.0203610229634
2016-12-18 12:42:18,840 - SIMU: 6 generation ended 0.077044948221
2016-12-18 12:42:29,601 - SIMU: 7 generation ended 0.087600089867
2016-12-18 12:42:39,407 - SIMU: 8 generation ended 0.106638483737
2016-12-18 12:42:49,535 - SIMU: 9 generation ended 0.102757420641
2016-12-18 12:43:00,051 - SIMU: 10 generation ended 0.110171553248
2016-12-18 12:43:10,800 - SIMU: 11 generation ended 0.0170319944499
2016-12-18 12:43:21,319 - SIMU: 12 generation ended 0.0724964391573
2016-12-18 12:43:31,830 - SIMU: 13 generation ended 0.0320942578588
2016-12-18 12:43:42,280 - SIMU: 14 generation ended 0.0180985855308
2016-12-18 12:43:52,634 - SIMU: 15 generation ended 0.0441805123925
2016-12-18 12:44:03,362 - SIMU: 16 generation ended 0.00935050492871
2016-12-18 12:44:13,781 - SIMU: 17 generation ended 0.0304020411794
2016-12-18 12:44:23,651 - SIMU: 18 generation ended 0.0395290595182
2016-12-18 12:44:33,446 - SIMU: 19 generation ended 0.0319918386107
2016-12-18 12:44:43,284 - SIMU: 20 generation ended 0.0360259532016
2016-12-18 12:44:53,549 - SIMU: 21 generation ended 0.120069325324
2016-12-18 12:45:04,141 - SIMU: 22 generation ended 0.131966416963
2016-12-18 12:45:14,688 - SIMU: 23 generation ended 0.0485976438933
2016-12-18 12:45:25,258 - SIMU: 24 generation ended 0.0528586266166
2016-12-18 12:45:34,914 - SIMU: 25 generation ended 0.0168688485109
2016-12-18 12:45:44,937 - SIMU: 26 generation ended 0.0281818435932
2016-12-18 12:45:45,039 - SIMU: -------------------
2016-12-18 12:45:45,040 - SIMU: End :
2016-12-18 12:45:45,041 - SIMU: fitness_champion 0.0281818435932
2016-12-18 12:45:45,042 - SIMU: champion [0.12559810446584307, 0.3038161997368264, 0.7933171137881323, -0.9241331987559487, 0.08152528057301639, 0.6336961767322735, 1.1535663097109032, 0.2063520273638164, 0.29369875331786394, -0.47848248153915574, -0.27203905085714186, -0.24307719487736199, -0.6738628037042566, -1.5966149890389176, -1.4762255936376625, -1.2989304511565485, -1.0106057831889677, -0.09335695559465282]
2016-12-18 12:45:45,043 - SIMU: ======================================
ROBOT 5
2017-05-08 00:18:57,010 - SIMU: ======================================
2017-05-08 00:18:57,010 - SIMU: ====== SimulationFollowLightGen ======
2017-05-08 00:18:57,011 - SIMU: ======================================
2017-05-08 00:18:57,011 - SIMU: -------------------
2017-05-08 00:18:57,011 - SIMU: Parameters :
2017-05-08 00:18:57,012 - SIMU: duration 24000
2017-05-08 00:18:57,012 - SIMU: lifetime 60
2017-05-08 00:18:57,012 - SIMU: sleep 0.1
2017-05-08 00:18:57,012 - SIMU: windowSize 20
2017-05-08 00:18:57,013 - SIMU: tournamentSize 5
2017-05-08 00:18:57,013 - SIMU: sigma 0.1
2017-05-08 00:18:57,013 - SIMU: -------------------
2017-05-08 00:18:57,014 - SIMU: Start :
2017-05-08 00:19:06,630 - SIMU: 1 generation ended 0.083021985876
2017-05-08 00:19:16,634 - SIMU: 2 generation ended 0.377973684194
2017-05-08 00:19:26,751 - SIMU: 3 generation ended 0.445419344819
2017-05-08 00:19:36,234 - SIMU: 4 generation ended 0.0492250062597
2017-05-08 00:19:45,642 - SIMU: 5 generation ended 0.0991503460046
2017-05-08 00:19:55,048 - SIMU: 6 generation ended 0.0463331966288
2017-05-08 00:20:04,645 - SIMU: 7 generation ended 0.229288856545
2017-05-08 00:20:13,695 - SIMU: 8 generation ended 0.0460500890504
2017-05-08 00:20:23,754 - SIMU: 9 generation ended 0.0689411211687
2017-05-08 00:20:33,001 - SIMU: 10 generation ended 0.056556296827
2017-05-08 00:20:43,023 - SIMU: 11 generation ended 0.0498015118969
2017-05-08 00:20:53,025 - SIMU: 12 generation ended 0.150332848389
2017-05-08 00:21:02,388 - SIMU: 13 generation ended 0.0120794224786
2017-05-08 00:21:12,412 - SIMU: 14 generation ended 0.0634190038385
2017-05-08 00:21:22,275 - SIMU: 15 generation ended 0.0615873220845
2017-05-08 00:21:32,295 - SIMU: 16 generation ended 0.0664481545492
2017-05-08 00:21:41,578 - SIMU: 17 generation ended 0.00021107248444
2017-05-08 00:21:50,993 - SIMU: 18 generation ended 0.0493730517158
2017-05-08 00:22:01,042 - SIMU: 19 generation ended 0.0384217646499
2017-05-08 00:22:11,225 - SIMU: 20 generation ended 0.0348630987196
2017-05-08 00:22:21,391 - SIMU: 21 generation ended 0.104740976524
2017-05-08 00:22:30,931 - SIMU: 22 generation ended 0.0497035889763
2017-05-08 00:22:40,275 - SIMU: 23 generation ended 0.0602804715412
2017-05-08 00:22:49,866 - SIMU: 24 generation ended 0.0557833709938
2017-05-08 00:22:59,951 - SIMU: 25 generation ended 0.0319034107601
2017-05-08 00:23:09,411 - SIMU: 26 generation ended 0.0233621790728
2017-05-08 00:23:18,958 - SIMU: 27 generation ended 0.0592368614201
2017-05-08 00:23:27,893 - SIMU: -------------------
2017-05-08 00:23:27,894 - SIMU: End :
2017-05-08 00:23:27,894 - SIMU: fitness_champion 0.0392316690686
2017-05-08 00:23:27,895 - SIMU: champion [0.2537734937593792, 0.11719727745075192, 0.8248407050494331, -0.9606194303257011, 0.12438834667220608, 0.6599099683443566, 1.2071869435141398, 0.32923656312603955, 0.3924247503050054, -0.3410843287973153, -0.34962809119430593, -0.10368907236444014, -0.6894908688930128, -1.5111949286586266, -1.4217010718312906, -1.04994374286626, -0.8899328711932156, -0.22304794722689358]
2017-05-08 00:23:27,896 - SIMU: ======================================
ROBOT 7
2016-12-16 01:19:51,358 - SIMU: ======================================
2016-12-16 01:24:23,881 - SIMU: ======================================
2016-12-16 01:24:23,882 - SIMU: ====== SimulationFollowLightGen ======
2016-12-16 01:24:23,882 - SIMU: ======================================
2016-12-16 01:24:23,883 - SIMU: -------------------
2016-12-16 01:24:23,883 - SIMU: Parameters :
2016-12-16 01:24:23,883 - SIMU: duration 24000
2016-12-16 01:24:23,883 - SIMU: lifetime 60
2016-12-16 01:24:23,884 - SIMU: sleep 0.1
2016-12-16 01:24:23,884 - SIMU: windowSize 20
2016-12-16 01:24:23,884 - SIMU: tournamentSize 5
2016-12-16 01:24:23,885 - SIMU: sigma 0.1
2016-12-16 01:24:23,885 - SIMU: -------------------
2016-12-16 01:24:23,885 - SIMU: Start :
2016-12-16 01:24:33,619 - SIMU: 1 generation ended 0.110283144288
2016-12-16 01:24:43,422 - SIMU: 2 generation ended 0.106771405039
2016-12-16 01:24:54,079 - SIMU: 3 generation ended 0.108527274664
2016-12-16 01:25:04,224 - SIMU: 4 generation ended 0.115550753163
2016-12-16 01:25:14,840 - SIMU: 5 generation ended 0.112039013913
2016-12-16 01:25:25,657 - SIMU: 6 generation ended 0.110283144288
2016-12-16 01:25:35,625 - SIMU: 7 generation ended 0.108527274664
2016-12-16 01:25:46,646 - SIMU: 8 generation ended 0.242767049371
2016-12-16 01:25:57,073 - SIMU: 9 generation ended 0.242767049371
2016-12-16 01:26:07,200 - SIMU: 10 generation ended 0.11769661374
2016-12-16 01:26:17,606 - SIMU: 11 generation ended 0.11996947772
2016-12-16 01:26:28,623 - SIMU: 12 generation ended 0.11769661374
2016-12-16 01:26:39,796 - SIMU: 13 generation ended 0.289817366867
2016-12-16 01:26:50,449 - SIMU: 14 generation ended 0.289817366867
2016-12-16 01:27:00,489 - SIMU: 15 generation ended 0.207588124104
2016-12-16 01:27:11,451 - SIMU: 16 generation ended 0.219821547294
2016-12-16 01:27:21,379 - SIMU: 17 generation ended 0.207588124104
2016-12-16 01:27:31,258 - SIMU: 18 generation ended 0.28069313923
2016-12-16 01:27:42,851 - SIMU: 19 generation ended 0.160813194415
2016-12-16 01:27:52,732 - SIMU: 20 generation ended 0.00914075124843
2016-12-16 01:28:02,956 - SIMU: 21 generation ended 0.0114504977996
2016-12-16 01:28:12,650 - SIMU: 22 generation ended 0.0216710374237
2016-12-16 01:28:22,200 - SIMU: 23 generation ended 0.0230912289552
2016-12-16 01:28:32,215 - SIMU: 24 generation ended 0.0211490824786
2016-12-16 01:28:42,811 - SIMU: 25 generation ended 0.0153512767178
2016-12-16 01:28:52,875 - SIMU: 26 generation ended 0.018700863382
2016-12-16 01:29:02,270 - SIMU: 27 generation ended 0.0113780189611
2016-12-16 01:29:10,431 - SIMU: -------------------
2016-12-16 01:29:10,432 - SIMU: End :
2016-12-16 01:29:10,433 - SIMU: fitness_champion 0.01430329859
2016-12-16 01:29:10,434 - SIMU: champion [0.1819965060223092, 0.7035775352648429, -0.022328638778286183, -0.25654311348741055, 0.80629191797174, 0.9121829006389581, -0.8531011063382822, -0.3402242325358131, -0.0404405121197694, -0.9512148499813661, -0.9435017513445838, 0.8080770393992032, -0.8718532606305095, 0.8202498482281264, 0.5412713675724539, 1.0191750772631063, 0.5085407549222593, -0.7531583795218519]
2016-12-16 01:29:10,435 - SIMU: ======================================
ROBOT 8
2016-12-16 15:10:30,969 - SIMU: ======================================
2016-12-16 15:15:03,446 - SIMU: ======================================
2016-12-16 15:15:03,447 - SIMU: ====== SimulationFollowLightGen ======
2016-12-16 15:15:03,448 - SIMU: ======================================
2016-12-16 15:15:03,448 - SIMU: -------------------
2016-12-16 15:15:03,449 - SIMU: Parameters :
2016-12-16 15:15:03,450 - SIMU: duration 24000
2016-12-16 15:15:03,450 - SIMU: lifetime 60
2016-12-16 15:15:03,451 - SIMU: sleep 0.1
2016-12-16 15:15:03,452 - SIMU: windowSize 20
2016-12-16 15:15:03,452 - SIMU: tournamentSize 5
2016-12-16 15:15:03,453 - SIMU: sigma 0.1
2016-12-16 15:15:03,454 - SIMU: -------------------
2016-12-16 15:15:03,455 - SIMU: Start :
2016-12-16 15:15:13,940 - SIMU: 1 generation ended 0.148431573165
2016-12-16 15:15:25,204 - SIMU: 2 generation ended 0.15097641419
2016-12-16 15:15:36,174 - SIMU: 3 generation ended 0.158610937264
2016-12-16 15:15:47,246 - SIMU: 4 generation ended 0.14588673214
2016-12-16 15:15:58,095 - SIMU: 5 generation ended 0.153521255214
2016-12-16 15:16:08,976 - SIMU: 6 generation ended 0.143341891116
2016-12-16 15:16:19,774 - SIMU: 7 generation ended 0.153521255214
2016-12-16 15:16:31,086 - SIMU: 8 generation ended 0.15097641419
2016-12-16 15:16:41,782 - SIMU: 9 generation ended 0.15097641419
2016-12-16 15:16:52,983 - SIMU: 10 generation ended 0.15097641419
2016-12-16 15:17:03,702 - SIMU: 11 generation ended 0.133162527017
2016-12-16 15:17:14,161 - SIMU: 12 generation ended 0.14588673214
2016-12-16 15:17:25,776 - SIMU: 13 generation ended 0.15097641419
2016-12-16 15:17:36,165 - SIMU: 14 generation ended 0.14588673214
2016-12-16 15:17:47,664 - SIMU: 15 generation ended 0.15097641419
2016-12-16 15:17:59,335 - SIMU: 16 generation ended 0.153521255214
2016-12-16 15:18:10,113 - SIMU: 17 generation ended 0.153521255214
2016-12-16 15:18:21,016 - SIMU: 18 generation ended 0.14588673214
2016-12-16 15:18:31,975 - SIMU: 19 generation ended 0.156066096239
2016-12-16 15:18:42,823 - SIMU: 20 generation ended 0.0157531432567
2016-12-16 15:18:53,205 - SIMU: 21 generation ended 0.0503036852007
2016-12-16 15:19:04,695 - SIMU: 22 generation ended 0.0488813032208
2016-12-16 15:19:14,642 - SIMU: 23 generation ended 0.0831148526415
2016-12-16 15:19:24,911 - SIMU: 24 generation ended 0.0979920168004
2016-12-16 15:19:35,893 - SIMU: 25 generation ended 0.0804937998263
2016-12-16 15:19:47,307 - SIMU: 26 generation ended 0.00130808929428
2016-12-16 15:19:49,816 - SIMU: -------------------
2016-12-16 15:19:49,881 - SIMU: End :
2016-12-16 15:19:49,882 - SIMU: fitness_champion 0.000921506124471
2016-12-16 15:19:49,883 - SIMU: champion [0.22320679327608817, 0.6297911570900343, -0.07671998836027649, -0.29873521569780603, 0.9555343420879572, 0.8163075531437414, -0.802854585983616, -0.15857314983466142, 0.10962942904610484, -0.8500063552169199, -0.8688396791095752, 0.6146283613814394, -0.8811157578411857, 0.8101052269959013, 0.642148682767756, 0.9874048091024263, 0.5957542652601946, -0.8126795232338284]
2016-12-16 15:19:49,884 - SIMU: ======================================
ROBOT 11
2016-12-15 22:54:07,209 - SIMU: ======================================
2016-12-15 22:54:07,210 - SIMU: ====== SimulationFollowLightGen ======
2016-12-15 22:54:07,211 - SIMU: ======================================
2016-12-15 22:54:07,212 - SIMU: -------------------
2016-12-15 22:54:07,212 - SIMU: Parameters :
2016-12-15 22:54:07,213 - SIMU: duration 24000
2016-12-15 22:54:07,213 - SIMU: lifetime 60
2016-12-15 22:54:07,214 - SIMU: sleep 0.1
2016-12-15 22:54:07,215 - SIMU: windowSize 20
2016-12-15 22:54:07,215 - SIMU: tournamentSize 5
2016-12-15 22:54:07,216 - SIMU: sigma 0.1
2016-12-15 22:54:07,217 - SIMU: -------------------
2016-12-15 22:54:07,217 - SIMU: Start :
2016-12-15 22:54:17,642 - SIMU: 1 generation ended 0.024229427184
2016-12-15 22:54:29,501 - SIMU: 2 generation ended 0.264941400922
2016-12-15 22:54:40,010 - SIMU: 3 generation ended 0.132555298033
2016-12-15 22:54:50,256 - SIMU: 4 generation ended 0.0672276226853
2016-12-15 22:55:00,477 - SIMU: 5 generation ended 0.0518145714214
2016-12-15 22:55:10,540 - SIMU: 6 generation ended 0.111538859107
2016-12-15 22:55:21,011 - SIMU: 7 generation ended 0.0936878971649
2016-12-15 22:55:31,221 - SIMU: 8 generation ended 0.0549494216803
2016-12-15 22:55:42,305 - SIMU: 9 generation ended 0.0742775980725
2016-12-15 22:55:53,002 - SIMU: 10 generation ended 0.120572042604
2016-12-15 22:56:03,631 - SIMU: 11 generation ended 0.0719910641277
2016-12-15 22:56:13,917 - SIMU: 12 generation ended 0.104957055966
2016-12-15 22:56:24,164 - SIMU: 13 generation ended 0.0263726164244
2016-12-15 22:56:33,948 - SIMU: 14 generation ended 0.0270164818153
2016-12-15 22:56:44,365 - SIMU: 15 generation ended 0.0228573361361
2016-12-15 22:56:54,623 - SIMU: 16 generation ended 0.0344515822148
2016-12-15 22:57:04,694 - SIMU: 17 generation ended 0.0404269468159
2016-12-15 22:57:14,599 - SIMU: 18 generation ended 0.0317302210658
2016-12-15 22:57:24,772 - SIMU: 19 generation ended 0.0634571169396
2016-12-15 22:57:34,655 - SIMU: 20 generation ended 0.0276974201931
2016-12-15 22:57:45,117 - SIMU: 21 generation ended 0.0582614565472
2016-12-15 22:57:55,099 - SIMU: 22 generation ended 0.0447362917155
2016-12-15 22:58:05,174 - SIMU: 23 generation ended 0.0311905620263
2016-12-15 22:58:15,686 - SIMU: 24 generation ended 0.032481743592
2016-12-15 22:58:25,900 - SIMU: 25 generation ended 0.0418110351454
2016-12-15 22:58:35,830 - SIMU: 26 generation ended 0.0297392819812
2016-12-15 22:58:37,773 - SIMU: -------------------
2016-12-15 22:58:37,774 - SIMU: End :
2016-12-15 22:58:37,774 - SIMU: fitness_champion 0.0222641221789
2016-12-15 22:58:37,775 - SIMU: champion [0.48569405813664857, 0.3072630813859926, 0.7498665860805438, -0.7917961150690673, 0.12333350733340787, 0.6222373222794199, 1.1944063084438232, 0.3758744071847404, 0.5995069056183954, -0.11289058037376323, -0.205622894282092, 0.12611535091567144, -0.5944571817720212, -1.6865446270884932, -1.5223228828734732, -1.3315028552204355, -0.9636009167358134, -0.4073093397449034]
2016-12-15 22:58:37,777 - SIMU: ======================================

