ROBOT 9
2016-12-16 15:39:48,228 - SIMU: ======================================
2016-12-16 15:39:48,229 - SIMU: ====== SimulationFollowLightGenBis ======
2016-12-16 15:39:48,230 - SIMU: ======================================
2016-12-16 15:39:48,231 - SIMU: -------------------
2016-12-16 15:39:48,231 - SIMU: Parameters :
2016-12-16 15:39:48,232 - SIMU: duration 3000
2016-12-16 15:39:48,233 - SIMU: lifetime 60
2016-12-16 15:39:48,233 - SIMU: sleep 0.1
2016-12-16 15:39:48,234 - SIMU: windowSize 20
2016-12-16 15:39:48,235 - SIMU: probabilities pcopy pgauss prandom 0.4 0.4 0.2
2016-12-16 15:39:48,236 - SIMU: sigma 0.1
2016-12-16 15:39:48,236 - SIMU: -------------------
2016-12-16 15:39:48,237 - SIMU: Start :
2016-12-16 15:39:56,835 - SIMU: 1 generation ended 0.0
2016-12-16 15:40:06,998 - SIMU: 2 generation ended 0.298477943996
2016-12-16 15:40:15,749 - SIMU: 3 generation ended 0.0411660043375
2016-12-16 15:40:24,125 - SIMU: 4 generation ended 0.0399313727131
2016-12-16 15:40:32,517 - SIMU: 5 generation ended 0.0268976912111
2016-12-16 15:40:40,675 - SIMU: 6 generation ended 0.0418925016578
2016-12-16 15:40:50,072 - SIMU: 7 generation ended 0.181751529231
2016-12-16 15:40:59,278 - SIMU: 8 generation ended 0.278227637506
2016-12-16 15:40:59,282 - SIMU: SimulationFollowLightGen - applyVariation() : NEW RANDOM GENOME
2016-12-16 15:41:09,063 - SIMU: 9 generation ended 0.0
2016-12-16 15:41:18,925 - SIMU: 10 generation ended 0.393883735676
2016-12-16 15:41:28,017 - SIMU: 11 generation ended 0.130823160791
2016-12-16 15:41:36,968 - SIMU: 12 generation ended 0.128390540369
2016-12-16 15:41:46,696 - SIMU: 13 generation ended 0.427815526281
2016-12-16 15:41:55,612 - SIMU: 14 generation ended 0.319559087385
2016-12-16 15:42:04,537 - SIMU: 15 generation ended 0.343417031489
2016-12-16 15:42:14,321 - SIMU: 16 generation ended 0.42626826167
2016-12-16 15:42:23,462 - SIMU: 17 generation ended 0.0308461684276
2016-12-16 15:42:33,013 - SIMU: 18 generation ended 0.247532815432
2016-12-16 15:42:41,755 - SIMU: 19 generation ended 0.34860132607
2016-12-16 15:42:51,013 - SIMU: 20 generation ended 0.460923131097
2016-12-16 15:43:00,581 - SIMU: 21 generation ended 0.4287643035
2016-12-16 15:43:09,917 - SIMU: 22 generation ended 0.410399125489
2016-12-16 15:43:20,117 - SIMU: 23 generation ended 0.465217345316
2016-12-16 15:43:28,844 - SIMU: 24 generation ended 0.428941750341
2016-12-16 15:43:37,751 - SIMU: 25 generation ended 0.476276587627
2016-12-16 15:43:46,853 - SIMU: 26 generation ended 0.535093831606
2016-12-16 15:43:56,880 - SIMU: 27 generation ended 0.433076037732
2016-12-16 15:44:06,855 - SIMU: 28 generation ended 0.437625360007
2016-12-16 15:44:16,784 - SIMU: 29 generation ended 0.457665907446
2016-12-16 15:44:26,014 - SIMU: 30 generation ended 0.495793453452
2016-12-16 15:44:35,318 - SIMU: 31 generation ended 0.429457866053
2016-12-16 15:44:45,030 - SIMU: 32 generation ended 0.47509920275
2016-12-16 15:44:54,090 - SIMU: 33 generation ended 0.478065745048
2016-12-16 15:45:03,367 - SIMU: 34 generation ended 0.330491376067
2016-12-16 15:45:12,207 - SIMU: 35 generation ended 0.0623518209565
2016-12-16 15:45:21,322 - SIMU: 36 generation ended 0.0734765623693
2016-12-16 15:45:30,493 - SIMU: 37 generation ended 0.36033494835
2016-12-16 15:45:38,572 - SIMU: 38 generation ended 0.305683481426
2016-12-16 15:45:48,116 - SIMU: 39 generation ended 0.60008337903
2016-12-16 15:45:57,335 - SIMU: 40 generation ended 0.249398293692
2016-12-16 15:46:06,147 - SIMU: 41 generation ended 0.334107001649
2016-12-16 15:46:15,171 - SIMU: 42 generation ended 0.0510980514031
2016-12-16 15:46:24,279 - SIMU: 43 generation ended 0.0438840245957
2016-12-16 15:46:33,467 - SIMU: 44 generation ended 0.0388632456018
2016-12-16 15:46:42,602 - SIMU: 45 generation ended 0.0192594727645
2016-12-16 15:46:51,991 - SIMU: 46 generation ended 0.0247454703353
2016-12-16 15:47:01,061 - SIMU: 47 generation ended 0.029214374344
2016-12-16 15:47:10,580 - SIMU: 48 generation ended 0.0274871129453
2016-12-16 15:47:19,594 - SIMU: 49 generation ended 0.0348093164728
2016-12-16 15:47:28,652 - SIMU: 50 generation ended 0.022492155907
2016-12-16 15:47:38,100 - SIMU: 51 generation ended 0.0242739052097
2016-12-16 15:47:47,695 - SIMU: 52 generation ended 0.0202314051863
2016-12-16 15:47:57,141 - SIMU: 53 generation ended 0.011048360839
2016-12-16 15:48:06,374 - SIMU: 54 generation ended 0.000791689068779
2016-12-16 15:48:15,764 - SIMU: 55 generation ended 0.016133386421
2016-12-16 15:48:24,877 - SIMU: 56 generation ended 0.0219293739394
2016-12-16 15:48:34,381 - SIMU: 57 generation ended 0.342954136419
2016-12-16 15:48:43,592 - SIMU: 58 generation ended 0.352823012703
2016-12-16 15:48:51,941 - SIMU: 59 generation ended 0.0450640483499
2016-12-16 15:49:00,775 - SIMU: 60 generation ended 0.0505734488184
2016-12-16 15:49:00,882 - SIMU: -------------------
2016-12-16 15:49:00,883 - SIMU: End :
2016-12-16 15:49:00,885 - SIMU: fitness_champion 0.0505734488184
2016-12-16 15:49:00,886 - SIMU: champion [0.19791965614514623, -0.24426119940752303, 0.38176997837797166, 0.2500696018232184, -1.054473013850936, 0.3769540412480088, 0.8673933107845959, 0.2435854218585761, 0.03834167794113861, 0.934958610891693, -0.24530217500034865, 0.3244111757467084, 1.1541760129886918, 0.30423520701663676, 0.4825696190305764, -1.2114993951588913, 0.5289226369105502, 0.5763309256784104]
2016-12-16 15:49:00,886 - SIMU: ======================================
