ROBOT 2
2016-12-17 01:22:52,740 - SIMU: ======================================
2016-12-17 01:22:52,742 - SIMU: ====== SimulationFollowLightGenBis ======
2016-12-17 01:22:52,743 - SIMU: ======================================
2016-12-17 01:22:52,744 - SIMU: -------------------
2016-12-17 01:22:52,746 - SIMU: Parameters :
2016-12-17 01:22:52,748 - SIMU: duration 3000
2016-12-17 01:22:52,749 - SIMU: lifetime 60
2016-12-17 01:22:52,751 - SIMU: sleep 0.1
2016-12-17 01:22:52,752 - SIMU: windowSize 20
2016-12-17 01:22:52,753 - SIMU: probabilities pcopy pgauss prandom 0.4 0.4 0.2
2016-12-17 01:22:52,755 - SIMU: sigma 0.1
2016-12-17 01:22:52,756 - SIMU: -------------------
2016-12-17 01:22:52,758 - SIMU: Start :
2016-12-17 01:23:03,956 - SIMU: 1 generation ended 0.0
2016-12-17 01:23:13,943 - SIMU: 2 generation ended 0.410628980172
2016-12-17 01:23:23,436 - SIMU: 3 generation ended 0.0
2016-12-17 01:23:32,141 - SIMU: 4 generation ended 0.0
2016-12-17 01:23:41,597 - SIMU: 5 generation ended 0.0
2016-12-17 01:23:50,468 - SIMU: 6 generation ended 0.0
2016-12-17 01:24:00,486 - SIMU: 7 generation ended 0.0
2016-12-17 01:24:09,809 - SIMU: 8 generation ended 0.0
2016-12-17 01:24:19,143 - SIMU: 9 generation ended 0.0
2016-12-17 01:24:28,476 - SIMU: 10 generation ended 0.0853545567824
2016-12-17 01:24:39,370 - SIMU: 11 generation ended 0.0287522921737
2016-12-17 01:24:49,963 - SIMU: 12 generation ended 0.221737494005
2016-12-17 01:25:00,062 - SIMU: 13 generation ended 0.234703164117
2016-12-17 01:25:10,307 - SIMU: 14 generation ended 0.127927576579
2016-12-17 01:25:19,513 - SIMU: 15 generation ended 0.0
2016-12-17 01:25:28,537 - SIMU: 16 generation ended 0.0
2016-12-17 01:25:38,052 - SIMU: 17 generation ended 0.207852353967
2016-12-17 01:25:38,061 - SIMU: SimulationFollowLightGen - applyVariation() : NEW RANDOM GENOME
2016-12-17 01:25:47,265 - SIMU: 18 generation ended 0.0
2016-12-17 01:25:57,025 - SIMU: 19 generation ended 0.0
2016-12-17 01:26:06,547 - SIMU: 20 generation ended 0.011198135152
2016-12-17 01:26:17,284 - SIMU: 21 generation ended 0.514463948223
2016-12-17 01:26:26,418 - SIMU: 22 generation ended 0.0212119253329
2016-12-17 01:26:36,370 - SIMU: 23 generation ended 0.0146496484544
2016-12-17 01:26:46,115 - SIMU: 24 generation ended 0.00212054097836
2016-12-17 01:26:56,202 - SIMU: 25 generation ended 0.271452962678
2016-12-17 01:26:56,211 - SIMU: SimulationFollowLightGen - applyVariation() : NEW RANDOM GENOME
2016-12-17 01:27:06,595 - SIMU: 26 generation ended 0.0
2016-12-17 01:27:15,976 - SIMU: 27 generation ended 0.309470617999
2016-12-17 01:27:25,780 - SIMU: 28 generation ended 0.621164870383
2016-12-17 01:27:35,706 - SIMU: 29 generation ended 0.0651270714443
2016-12-17 01:27:45,696 - SIMU: 30 generation ended 0.60586245827
2016-12-17 01:27:45,715 - SIMU: SimulationFollowLightGen - applyVariation() : NEW RANDOM GENOME
2016-12-17 01:27:56,232 - SIMU: 31 generation ended 0.0
2016-12-17 01:28:06,036 - SIMU: 32 generation ended 0.389645816488
2016-12-17 01:28:16,102 - SIMU: 33 generation ended 0.23578106317
2016-12-17 01:28:26,650 - SIMU: 34 generation ended 0.461733301683
2016-12-17 01:28:37,016 - SIMU: 35 generation ended 0.367040170141
2016-12-17 01:28:46,666 - SIMU: 36 generation ended 0.103121566467
2016-12-17 01:28:56,636 - SIMU: 37 generation ended 0.304151566336
2016-12-17 01:29:06,237 - SIMU: 38 generation ended 0.577220237178
2016-12-17 01:29:17,592 - SIMU: 39 generation ended 0.683951824735
2016-12-17 01:29:27,915 - SIMU: 40 generation ended 0.657458013603
2016-12-17 01:29:38,138 - SIMU: 41 generation ended 0.560618492949
2016-12-17 01:29:48,867 - SIMU: 42 generation ended 0.444681237529
2016-12-17 01:29:58,631 - SIMU: 43 generation ended 0.490684694388
2016-12-17 01:30:08,628 - SIMU: 44 generation ended 0.341508685223
2016-12-17 01:30:18,785 - SIMU: 45 generation ended 0.363495744831
2016-12-17 01:30:28,573 - SIMU: 46 generation ended 0.598884672458
2016-12-17 01:30:38,648 - SIMU: 47 generation ended 0.0833757797383
2016-12-17 01:30:49,099 - SIMU: 48 generation ended 0.461930827335
2016-12-17 01:30:58,514 - SIMU: 49 generation ended 0.454791097066
2016-12-17 01:31:08,202 - SIMU: 50 generation ended 0.322183616772
2016-12-17 01:31:18,021 - SIMU: 51 generation ended 0.451871340118
2016-12-17 01:31:27,535 - SIMU: 52 generation ended 0.526077910721
2016-12-17 01:31:37,383 - SIMU: 53 generation ended 0.46753032855
2016-12-17 01:31:47,566 - SIMU: 54 generation ended 0.472085845171
2016-12-17 01:31:57,217 - SIMU: 55 generation ended 0.367973600721
2016-12-17 01:32:07,295 - SIMU: 56 generation ended 0.23156318012
2016-12-17 01:32:16,867 - SIMU: 57 generation ended 0.466570866899
2016-12-17 01:32:27,059 - SIMU: 58 generation ended 0.294932995147
2016-12-17 01:32:36,887 - SIMU: 59 generation ended 0.390900980353
2016-12-17 01:32:46,740 - SIMU: 60 generation ended 0.362682762547
2016-12-17 01:32:46,845 - SIMU: -------------------
2016-12-17 01:32:46,847 - SIMU: End :
2016-12-17 01:32:46,848 - SIMU: fitness_champion 0.362682762547
2016-12-17 01:32:46,849 - SIMU: champion [-0.22281183239572305, -0.2661090276441238, 0.5520742259666905, 0.9045811488518717, 0.7829433089770532, -0.06883147382896607, 0.21012025556420633, 0.05248543632218139, 0.8979031734630383, -1.1640541328674239, 0.2916496774451407, -0.7284210940697549, -0.3475808894068942, -0.7016530984199236, -0.031612697670733096, 0.513460913456734, -0.23974731774567518, 0.46766314572192214]
2016-12-17 01:32:46,850 - SIMU: ======================================
ROBOT 3
2016-12-17 00:21:03,500 - SIMU: ======================================
2016-12-17 00:21:03,502 - SIMU: ====== SimulationFollowLightGenBis ======
2016-12-17 00:21:03,502 - SIMU: ======================================
2016-12-17 00:21:03,503 - SIMU: -------------------
2016-12-17 00:21:03,504 - SIMU: Parameters :
2016-12-17 00:21:03,504 - SIMU: duration 3000
2016-12-17 00:21:03,505 - SIMU: lifetime 60
2016-12-17 00:21:03,506 - SIMU: sleep 0.1
2016-12-17 00:21:03,506 - SIMU: windowSize 20
2016-12-17 00:21:03,507 - SIMU: probabilities pcopy pgauss prandom 0.4 0.4 0.2
2016-12-17 00:21:03,508 - SIMU: sigma 0.1
2016-12-17 00:21:03,508 - SIMU: -------------------
2016-12-17 00:21:03,509 - SIMU: Start :
2016-12-17 00:21:14,648 - SIMU: 1 generation ended 0.0402687621098
2016-12-17 00:21:24,440 - SIMU: 2 generation ended 0.0
2016-12-17 00:21:24,445 - SIMU: SimulationFollowLightGen - applyVariation() : NEW RANDOM GENOME
2016-12-17 00:21:33,800 - SIMU: 3 generation ended 0.0
2016-12-17 00:21:33,804 - SIMU: SimulationFollowLightGen - applyVariation() : NEW RANDOM GENOME
2016-12-17 00:21:43,039 - SIMU: 4 generation ended 0.0
2016-12-17 00:21:51,960 - SIMU: 5 generation ended 0.00983869639781
2016-12-17 00:22:01,313 - SIMU: 6 generation ended 0.0
2016-12-17 00:22:01,319 - SIMU: SimulationFollowLightGen - applyVariation() : NEW RANDOM GENOME
2016-12-17 00:22:10,649 - SIMU: 7 generation ended 0.0
2016-12-17 00:22:10,659 - SIMU: SimulationFollowLightGen - applyVariation() : NEW RANDOM GENOME
2016-12-17 00:22:20,187 - SIMU: 8 generation ended 0.00169489442829
2016-12-17 00:22:30,013 - SIMU: 9 generation ended 0.0590596983847
2016-12-17 00:22:30,019 - SIMU: SimulationFollowLightGen - applyVariation() : NEW RANDOM GENOME
2016-12-17 00:22:40,336 - SIMU: 10 generation ended 0.0
2016-12-17 00:22:40,343 - SIMU: SimulationFollowLightGen - applyVariation() : NEW RANDOM GENOME
2016-12-17 00:22:49,734 - SIMU: 11 generation ended 0.00588922070551
2016-12-17 00:22:59,987 - SIMU: 12 generation ended 0.00687225961277
2016-12-17 00:23:09,763 - SIMU: 13 generation ended 0.0
2016-12-17 00:23:19,646 - SIMU: 14 generation ended 0.0176675635256
2016-12-17 00:23:28,873 - SIMU: 15 generation ended 0.036216981338
2016-12-17 00:23:38,142 - SIMU: 16 generation ended 0.0157478685636
2016-12-17 00:23:47,699 - SIMU: 17 generation ended 0.0190359979618
2016-12-17 00:23:57,489 - SIMU: 18 generation ended 0.00398730710554
2016-12-17 00:24:07,503 - SIMU: 19 generation ended 0.00194194194759
2016-12-17 00:24:16,970 - SIMU: 20 generation ended 0.0
2016-12-17 00:24:26,606 - SIMU: 21 generation ended 0.270301384438
2016-12-17 00:24:36,603 - SIMU: 22 generation ended 0.37224714474
2016-12-17 00:24:36,610 - SIMU: SimulationFollowLightGen - applyVariation() : NEW RANDOM GENOME
2016-12-17 00:24:46,374 - SIMU: 23 generation ended 0.00196734201427
2016-12-17 00:24:56,361 - SIMU: 24 generation ended 0.211553050206
2016-12-17 00:25:06,924 - SIMU: 25 generation ended 0.186526424326
2016-12-17 00:25:06,933 - SIMU: SimulationFollowLightGen - applyVariation() : NEW RANDOM GENOME
2016-12-17 00:25:17,690 - SIMU: 26 generation ended 0.0
2016-12-17 00:25:27,475 - SIMU: 27 generation ended 0.533725793145
2016-12-17 00:25:37,674 - SIMU: 28 generation ended 0.65024929291
2016-12-17 00:25:47,333 - SIMU: 29 generation ended 0.0185843058804
2016-12-17 00:25:47,339 - SIMU: SimulationFollowLightGen - applyVariation() : NEW RANDOM GENOME
2016-12-17 00:25:57,776 - SIMU: 30 generation ended 0.0442249053003
2016-12-17 00:26:07,987 - SIMU: 31 generation ended 0.304991002762
2016-12-17 00:26:17,620 - SIMU: 32 generation ended 0.616466263115
2016-12-17 00:26:27,552 - SIMU: 33 generation ended 0.484571847436
2016-12-17 00:26:37,415 - SIMU: 34 generation ended 0.341932464356
2016-12-17 00:26:46,671 - SIMU: 35 generation ended 0.447347058679
2016-12-17 00:26:56,211 - SIMU: 36 generation ended 0.424665517198
2016-12-17 00:27:05,698 - SIMU: 37 generation ended 0.410167994106
2016-12-17 00:27:15,531 - SIMU: 38 generation ended 0.463547246678
2016-12-17 00:27:25,451 - SIMU: 39 generation ended 0.565714200034
2016-12-17 00:27:34,988 - SIMU: 40 generation ended 0.379845401895
2016-12-17 00:27:45,243 - SIMU: 41 generation ended 0.421633712031
2016-12-17 00:27:55,077 - SIMU: 42 generation ended 0.570741939639
2016-12-17 00:28:05,169 - SIMU: 43 generation ended 0.474280234082
2016-12-17 00:28:14,636 - SIMU: 44 generation ended 0.572872790907
2016-12-17 00:28:24,812 - SIMU: 45 generation ended 0.358070753766
2016-12-17 00:28:34,951 - SIMU: 46 generation ended 0.601311351415
2016-12-17 00:28:45,270 - SIMU: 47 generation ended 0.488308895944
2016-12-17 00:28:55,568 - SIMU: 48 generation ended 0.470998564256
2016-12-17 00:29:06,315 - SIMU: 49 generation ended 0.628592077352
2016-12-17 00:29:15,715 - SIMU: 50 generation ended 0.320621395314
2016-12-17 00:29:25,277 - SIMU: 51 generation ended 0.588785320216
2016-12-17 00:29:34,690 - SIMU: 52 generation ended 0.539021096432
2016-12-17 00:29:43,984 - SIMU: 53 generation ended 0.0894212184711
2016-12-17 00:29:54,605 - SIMU: 54 generation ended 0.526077910721
2016-12-17 00:30:04,200 - SIMU: 55 generation ended 0.0
2016-12-17 00:30:13,579 - SIMU: 56 generation ended 0.0
2016-12-17 00:30:23,525 - SIMU: 57 generation ended 0.450157283935
2016-12-17 00:30:33,338 - SIMU: 58 generation ended 0.57182213635
2016-12-17 00:30:43,352 - SIMU: 59 generation ended 0.405774605319
2016-12-17 00:30:53,138 - SIMU: 60 generation ended 0.390813089497
2016-12-17 00:30:53,270 - SIMU: -------------------
2016-12-17 00:30:53,272 - SIMU: End :
2016-12-17 00:30:53,273 - SIMU: fitness_champion 0.390813089497
2016-12-17 00:30:53,274 - SIMU: champion [-0.16151248096343598, -0.19168994378521337, 0.5535800650383627, 0.8555299102380021, 0.9610783198644441, 0.09958475550929949, 0.14457937499050708, -0.0607536434748214, 0.9437414418066906, -1.0681716741015326, 0.4066248495566041, -0.8147073381998996, -0.23630122372131918, -0.688477402220146, 0.023226625906059895, 0.5890726073682662, -0.11164228307426563, 0.560828232899931]
2016-12-17 00:30:53,275 - SIMU: ======================================
ROBOT 4
2016-12-17 03:21:24,084 - SIMU: ======================================
2016-12-17 03:21:24,086 - SIMU: ====== SimulationFollowLightGenBis ======
2016-12-17 03:21:24,087 - SIMU: ======================================
2016-12-17 03:21:24,088 - SIMU: -------------------
2016-12-17 03:21:24,089 - SIMU: Parameters :
2016-12-17 03:21:24,090 - SIMU: duration 3000
2016-12-17 03:21:24,091 - SIMU: lifetime 60
2016-12-17 03:21:24,093 - SIMU: sleep 0.1
2016-12-17 03:21:24,094 - SIMU: windowSize 20
2016-12-17 03:21:24,095 - SIMU: probabilities pcopy pgauss prandom 0.4 0.4 0.2
2016-12-17 03:21:24,097 - SIMU: sigma 0.1
2016-12-17 03:21:24,098 - SIMU: -------------------
2016-12-17 03:21:24,099 - SIMU: Start :
2016-12-17 03:21:34,325 - SIMU: 1 generation ended 0.0
2016-12-17 03:21:43,572 - SIMU: 2 generation ended 0.0
2016-12-17 03:21:43,586 - SIMU: SimulationFollowLightGen - applyVariation() : NEW RANDOM GENOME
2016-12-17 03:21:53,413 - SIMU: 3 generation ended 0.0
2016-12-17 03:22:03,386 - SIMU: 4 generation ended 0.206873538691
2016-12-17 03:22:12,754 - SIMU: 5 generation ended 0.0474080806455
2016-12-17 03:22:21,372 - SIMU: 6 generation ended 0.0499405989015
2016-12-17 03:22:30,793 - SIMU: 7 generation ended 0.0481612249152
2016-12-17 03:22:40,086 - SIMU: 8 generation ended 0.0813968178478
2016-12-17 03:22:49,543 - SIMU: 9 generation ended 0.110182678681
2016-12-17 03:22:58,842 - SIMU: 10 generation ended 0.0710543899507
2016-12-17 03:23:08,945 - SIMU: 11 generation ended 0.298146519621
2016-12-17 03:23:08,951 - SIMU: SimulationFollowLightGen - applyVariation() : NEW RANDOM GENOME
2016-12-17 03:23:18,316 - SIMU: 12 generation ended 0.0
2016-12-17 03:23:28,105 - SIMU: 13 generation ended 0.0
2016-12-17 03:23:28,112 - SIMU: SimulationFollowLightGen - applyVariation() : NEW RANDOM GENOME
2016-12-17 03:23:37,702 - SIMU: 14 generation ended 0.21078722786
2016-12-17 03:23:48,664 - SIMU: 15 generation ended 0.0376658381962
2016-12-17 03:23:57,933 - SIMU: 16 generation ended 0.0533838985767
2016-12-17 03:23:57,937 - SIMU: SimulationFollowLightGen - applyVariation() : NEW RANDOM GENOME
2016-12-17 03:24:06,840 - SIMU: 17 generation ended 0.0
2016-12-17 03:24:16,497 - SIMU: 18 generation ended 0.0507690508464
2016-12-17 03:24:27,477 - SIMU: 19 generation ended 0.0559889261317
2016-12-17 03:24:37,418 - SIMU: 20 generation ended 0.0239466234829
2016-12-17 03:24:46,451 - SIMU: 21 generation ended 0.0348685617375
2016-12-17 03:24:55,633 - SIMU: 22 generation ended 0.0803001778831
2016-12-17 03:24:55,642 - SIMU: SimulationFollowLightGen - applyVariation() : NEW RANDOM GENOME
2016-12-17 03:25:05,055 - SIMU: 23 generation ended 0.0
2016-12-17 03:25:14,941 - SIMU: 24 generation ended 0.172215448611
2016-12-17 03:25:14,945 - SIMU: SimulationFollowLightGen - applyVariation() : NEW RANDOM GENOME
2016-12-17 03:25:24,077 - SIMU: 25 generation ended 0.0735800246258
2016-12-17 03:25:34,044 - SIMU: 26 generation ended 0.394674365644
2016-12-17 03:25:34,050 - SIMU: SimulationFollowLightGen - applyVariation() : NEW RANDOM GENOME
2016-12-17 03:25:44,069 - SIMU: 27 generation ended 0.0
2016-12-17 03:25:53,566 - SIMU: 28 generation ended 0.0337901025321
2016-12-17 03:26:04,285 - SIMU: 29 generation ended 0.249114898787
2016-12-17 03:26:14,132 - SIMU: 30 generation ended 0.333892422411
2016-12-17 03:26:24,310 - SIMU: 31 generation ended 0.285669327878
2016-12-17 03:26:33,864 - SIMU: 32 generation ended 0.198514866527
2016-12-17 03:26:43,323 - SIMU: 33 generation ended 0.061074468897
2016-12-17 03:26:52,900 - SIMU: 34 generation ended 0.00777292585857
2016-12-17 03:27:02,452 - SIMU: 35 generation ended 0.0120648146556
2016-12-17 03:27:11,850 - SIMU: 36 generation ended 0.153005658671
2016-12-17 03:27:21,643 - SIMU: 37 generation ended 0.0157160911545
2016-12-17 03:27:31,436 - SIMU: 38 generation ended 0.369715638207
2016-12-17 03:27:41,435 - SIMU: 39 generation ended 0.544067846744
2016-12-17 03:27:51,441 - SIMU: 40 generation ended 0.241678946719
2016-12-17 03:28:01,725 - SIMU: 41 generation ended 0.342187789339
2016-12-17 03:28:11,301 - SIMU: 42 generation ended 0.0155072446508
2016-12-17 03:28:21,660 - SIMU: 43 generation ended 0.467837045062
2016-12-17 03:28:32,200 - SIMU: 44 generation ended 0.0197561095273
2016-12-17 03:28:42,160 - SIMU: 45 generation ended 0.718316924108
2016-12-17 03:28:51,908 - SIMU: 46 generation ended 0.542112742629
2016-12-17 03:29:01,429 - SIMU: 47 generation ended 0.247787863288
2016-12-17 03:29:11,427 - SIMU: 48 generation ended 0.413842762944
2016-12-17 03:29:21,168 - SIMU: 49 generation ended 0.474542878459
2016-12-17 03:29:31,159 - SIMU: 50 generation ended 0.391855953143
2016-12-17 03:29:41,196 - SIMU: 51 generation ended 0.519247247102
2016-12-17 03:29:50,949 - SIMU: 52 generation ended 0.210059437119
2016-12-17 03:30:01,071 - SIMU: 53 generation ended 0.362812845503
2016-12-17 03:30:11,475 - SIMU: 54 generation ended 0.416693177854
2016-12-17 03:30:21,320 - SIMU: 55 generation ended 0.318437362888
2016-12-17 03:30:31,389 - SIMU: 56 generation ended 0.555381255323
2016-12-17 03:30:41,373 - SIMU: 57 generation ended 0.400614003062
2016-12-17 03:30:51,525 - SIMU: 58 generation ended 0.486151946489
2016-12-17 03:31:02,036 - SIMU: 59 generation ended 0.673615109514
2016-12-17 03:31:11,992 - SIMU: 60 generation ended 0.539656659579
2016-12-17 03:31:12,101 - SIMU: -------------------
2016-12-17 03:31:12,102 - SIMU: End :
2016-12-17 03:31:12,104 - SIMU: fitness_champion 0.539656659579
2016-12-17 03:31:12,106 - SIMU: champion [0.30763458879297123, -0.21032019163628585, 0.8480803865868242, 0.9172201454508648, 1.1514665253523877, 0.31064249306216934, 0.33646866745431364, -0.744166722062026, 1.663806847632642, -0.8052689051024353, 0.09640352225760407, -0.027786640176215294, -0.2105848908562834, -1.1836745472203953, 1.0576586656125073, -0.35587785054085974, -0.46270796345635923, 0.5599537659538898]
2016-12-17 03:31:12,111 - SIMU: ======================================
ROBOT 5
2016-12-16 17:20:58,410 - SIMU: ======================================
2016-12-16 17:20:58,412 - SIMU: ====== SimulationFollowLightGenBis ======
2016-12-16 17:20:58,412 - SIMU: ======================================
2016-12-16 17:20:58,413 - SIMU: -------------------
2016-12-16 17:20:58,414 - SIMU: Parameters :
2016-12-16 17:20:58,414 - SIMU: duration 3000
2016-12-16 17:20:58,415 - SIMU: lifetime 60
2016-12-16 17:20:58,416 - SIMU: sleep 0.1
2016-12-16 17:20:58,416 - SIMU: windowSize 20
2016-12-16 17:20:58,417 - SIMU: probabilities pcopy pgauss prandom 0.4 0.4 0.2
2016-12-16 17:20:58,418 - SIMU: sigma 0.1
2016-12-16 17:20:58,418 - SIMU: -------------------
2016-12-16 17:20:58,419 - SIMU: Start :
2016-12-16 17:21:07,752 - SIMU: 1 generation ended 0.0
2016-12-16 17:21:16,939 - SIMU: 2 generation ended 0.000238756922498
2016-12-16 17:21:26,307 - SIMU: 3 generation ended 0.0
2016-12-16 17:21:35,442 - SIMU: 4 generation ended 0.0
2016-12-16 17:21:44,738 - SIMU: 5 generation ended 0.0717390885784
2016-12-16 17:21:54,167 - SIMU: 6 generation ended 0.0790283485033
2016-12-16 17:21:54,173 - SIMU: SimulationFollowLightGen - applyVariation() : NEW RANDOM GENOME
2016-12-16 17:22:03,456 - SIMU: 7 generation ended 0.000482114613098
2016-12-16 17:22:03,473 - SIMU: SimulationFollowLightGen - applyVariation() : NEW RANDOM GENOME
2016-12-16 17:22:12,713 - SIMU: 8 generation ended 0.10647893927
2016-12-16 17:22:22,834 - SIMU: 9 generation ended 0.0374861920518
2016-12-16 17:22:32,406 - SIMU: 10 generation ended 0.264616564842
2016-12-16 17:22:42,041 - SIMU: 11 generation ended 0.145681964125
2016-12-16 17:22:50,935 - SIMU: 12 generation ended 0.0116082574731
2016-12-16 17:23:00,354 - SIMU: 13 generation ended 0.0261985828506
2016-12-16 17:23:00,358 - SIMU: SimulationFollowLightGen - applyVariation() : NEW RANDOM GENOME
2016-12-16 17:23:09,186 - SIMU: 14 generation ended 0.0
2016-12-16 17:23:18,422 - SIMU: 15 generation ended 0.0340742141657
2016-12-16 17:23:27,851 - SIMU: 16 generation ended 0.192265005236
2016-12-16 17:23:36,846 - SIMU: 17 generation ended 0.036972787255
2016-12-16 17:23:46,264 - SIMU: 18 generation ended 0.0808675188826
2016-12-16 17:23:55,531 - SIMU: 19 generation ended 0.00210389197558
2016-12-16 17:24:05,243 - SIMU: 20 generation ended 0.047040734624
2016-12-16 17:24:15,187 - SIMU: 21 generation ended 0.0342753874648
2016-12-16 17:24:24,840 - SIMU: 22 generation ended 0.255986233781
2016-12-16 17:24:33,583 - SIMU: 23 generation ended 0.0289039444264
2016-12-16 17:24:33,591 - SIMU: SimulationFollowLightGen - applyVariation() : NEW RANDOM GENOME
2016-12-16 17:24:42,604 - SIMU: 24 generation ended 0.0
2016-12-16 17:24:51,933 - SIMU: 25 generation ended 0.0491136488908
2016-12-16 17:25:01,489 - SIMU: 26 generation ended 0.141000677037
2016-12-16 17:25:11,292 - SIMU: 27 generation ended 0.0153000971484
2016-12-16 17:25:11,298 - SIMU: SimulationFollowLightGen - applyVariation() : NEW RANDOM GENOME
2016-12-16 17:25:21,077 - SIMU: 28 generation ended 0.110129232482
2016-12-16 17:25:21,081 - SIMU: SimulationFollowLightGen - applyVariation() : NEW RANDOM GENOME
2016-12-16 17:25:30,511 - SIMU: 29 generation ended 0.0
2016-12-16 17:25:40,282 - SIMU: 30 generation ended 0.041545430604
2016-12-16 17:25:49,980 - SIMU: 31 generation ended 0.440235275729
2016-12-16 17:25:59,513 - SIMU: 32 generation ended 0.465906937908
2016-12-16 17:26:08,963 - SIMU: 33 generation ended 0.283908225555
2016-12-16 17:26:18,677 - SIMU: 34 generation ended 0.171265228995
2016-12-16 17:26:28,326 - SIMU: 35 generation ended 0.0499327035732
2016-12-16 17:26:37,182 - SIMU: 36 generation ended 0.0176834592438
2016-12-16 17:26:46,478 - SIMU: 37 generation ended 0.454592524226
2016-12-16 17:26:56,496 - SIMU: 38 generation ended 0.233121046951
2016-12-16 17:27:06,385 - SIMU: 39 generation ended 0.0172687004289
2016-12-16 17:27:15,977 - SIMU: 40 generation ended 0.0861221634716
2016-12-16 17:27:25,709 - SIMU: 41 generation ended 0.277438512913
2016-12-16 17:27:35,416 - SIMU: 42 generation ended 0.61461853083
2016-12-16 17:27:45,707 - SIMU: 43 generation ended 0.599647297627
2016-12-16 17:27:55,568 - SIMU: 44 generation ended 0.333032477536
2016-12-16 17:28:05,660 - SIMU: 45 generation ended 0.551051713286
2016-12-16 17:28:15,699 - SIMU: 46 generation ended 0.253645324378
2016-12-16 17:28:26,214 - SIMU: 47 generation ended 0.311688310768
2016-12-16 17:28:35,732 - SIMU: 48 generation ended 0.454181788725
2016-12-16 17:28:44,935 - SIMU: 49 generation ended 0.372110888225
2016-12-16 17:28:54,985 - SIMU: 50 generation ended 0.322110905429
2016-12-16 17:29:04,195 - SIMU: 51 generation ended 0.215997749565
2016-12-16 17:29:13,888 - SIMU: 52 generation ended 0.381352174038
2016-12-16 17:29:23,528 - SIMU: 53 generation ended 0.310285755646
2016-12-16 17:29:33,173 - SIMU: 54 generation ended 0.612270775031
2016-12-16 17:29:42,797 - SIMU: 55 generation ended 0.455706928564
2016-12-16 17:29:52,856 - SIMU: 56 generation ended 0.0219364353222
2016-12-16 17:30:02,702 - SIMU: 57 generation ended 0.314809375607
2016-12-16 17:30:11,549 - SIMU: 58 generation ended 0.530476332349
2016-12-16 17:30:21,746 - SIMU: 59 generation ended 0.489048742254
2016-12-16 17:30:31,976 - SIMU: 60 generation ended 0.247607964179
2016-12-16 17:30:32,084 - ERROR: MainController - Request for sending com message while no simulation started.
2016-12-16 17:30:32,084 - SIMU: -------------------
2016-12-16 17:30:32,086 - SIMU: End :
2016-12-16 17:30:32,087 - SIMU: fitness_champion 0.247607964179
2016-12-16 17:30:32,088 - SIMU: champion [-0.6973505882730437, -1.1777744441598212, 0.9372279299465567, 0.9951846272303273, 0.05436142134207052, 0.601859260442727, 0.9137157008389597, -0.23505119649710676, 0.8866826594239303, -1.1996400732325794, 0.14732461984162515, -1.449891909559154, -0.33357626120020695, -0.840893277191668, -0.40091551334475123, 0.6086780380066984, -0.09208071669605467, 1.2118520279283567]
2016-12-16 17:30:32,089 - SIMU: ======================================
ROBOT 6
2016-12-17 04:22:34,709 - SIMU: ======================================
2016-12-17 04:22:34,711 - SIMU: ====== SimulationFollowLightGenBis ======
2016-12-17 04:22:34,711 - SIMU: ======================================
2016-12-17 04:22:34,712 - SIMU: -------------------
2016-12-17 04:22:34,712 - SIMU: Parameters :
2016-12-17 04:22:34,713 - SIMU: duration 3000
2016-12-17 04:22:34,714 - SIMU: lifetime 60
2016-12-17 04:22:34,714 - SIMU: sleep 0.1
2016-12-17 04:22:34,715 - SIMU: windowSize 20
2016-12-17 04:22:34,716 - SIMU: probabilities pcopy pgauss prandom 0.4 0.4 0.2
2016-12-17 04:22:34,716 - SIMU: sigma 0.1
2016-12-17 04:22:34,717 - SIMU: -------------------
2016-12-17 04:22:34,718 - SIMU: Start :
2016-12-17 04:22:44,635 - SIMU: 1 generation ended 0.0
2016-12-17 04:22:54,339 - SIMU: 2 generation ended 0.222876366129
2016-12-17 04:23:04,372 - SIMU: 3 generation ended 0.247383183581
2016-12-17 04:23:13,561 - SIMU: 4 generation ended 0.0
2016-12-17 04:23:22,617 - SIMU: 5 generation ended 0.0
2016-12-17 04:23:31,858 - SIMU: 6 generation ended 0.0
2016-12-17 04:23:41,209 - SIMU: 7 generation ended 0.0
2016-12-17 04:23:50,320 - SIMU: 8 generation ended 0.0
2016-12-17 04:23:50,385 - SIMU: SimulationFollowLightGen - applyVariation() : NEW RANDOM GENOME
2016-12-17 04:23:59,790 - SIMU: 9 generation ended 0.0
2016-12-17 04:23:59,798 - SIMU: SimulationFollowLightGen - applyVariation() : NEW RANDOM GENOME
2016-12-17 04:24:09,954 - SIMU: 10 generation ended 0.0
2016-12-17 04:24:21,034 - SIMU: 11 generation ended 0.240215618506
2016-12-17 04:24:31,450 - SIMU: 12 generation ended 0.277171867507
2016-12-17 04:24:41,768 - SIMU: 13 generation ended 0.277171867507
2016-12-17 04:24:51,620 - SIMU: 14 generation ended 0.229908328073
2016-12-17 04:25:01,437 - SIMU: 15 generation ended 0.129426036709
2016-12-17 04:25:10,706 - SIMU: 16 generation ended 0.0285957679531
2016-12-17 04:25:10,712 - SIMU: SimulationFollowLightGen - applyVariation() : NEW RANDOM GENOME
2016-12-17 04:25:19,805 - SIMU: 17 generation ended 0.00376036510027
2016-12-17 04:25:28,803 - SIMU: 18 generation ended 0.00304613168121
2016-12-17 04:25:38,062 - SIMU: 19 generation ended 0.0770255913144
2016-12-17 04:25:48,456 - SIMU: 20 generation ended 0.627111119036
2016-12-17 04:25:57,659 - SIMU: 21 generation ended 0.327354042552
2016-12-17 04:26:06,904 - SIMU: 22 generation ended 0.019540859185
2016-12-17 04:26:06,909 - SIMU: SimulationFollowLightGen - applyVariation() : NEW RANDOM GENOME
2016-12-17 04:26:16,459 - SIMU: 23 generation ended 0.0
2016-12-17 04:26:26,413 - SIMU: 24 generation ended 0.425942606815
2016-12-17 04:26:36,274 - SIMU: 25 generation ended 0.258564839141
2016-12-17 04:26:45,830 - SIMU: 26 generation ended 0.363275123866
2016-12-17 04:26:56,155 - SIMU: 27 generation ended 0.464888890337
2016-12-17 04:27:05,478 - SIMU: 28 generation ended 0.241985941255
2016-12-17 04:27:14,779 - SIMU: 29 generation ended 0.121392693563
2016-12-17 04:27:24,386 - SIMU: 30 generation ended 0.457238110753
2016-12-17 04:27:34,222 - SIMU: 31 generation ended 0.165056713234
2016-12-17 04:27:44,221 - SIMU: 32 generation ended 0.473885261402
2016-12-17 04:27:54,139 - SIMU: 33 generation ended 0.0230928543161
2016-12-17 04:28:04,022 - SIMU: 34 generation ended 0.206455367798
2016-12-17 04:28:14,010 - SIMU: 35 generation ended 0.319684597559
2016-12-17 04:28:23,268 - SIMU: 36 generation ended 0.274029685179
2016-12-17 04:28:33,115 - SIMU: 37 generation ended 0.494214072347
2016-12-17 04:28:42,371 - SIMU: 38 generation ended 0.182465412688
2016-12-17 04:28:51,982 - SIMU: 39 generation ended 0.403521099478
2016-12-17 04:29:01,879 - SIMU: 40 generation ended 0.642213946165
2016-12-17 04:29:12,490 - SIMU: 41 generation ended 0.385511905587
2016-12-17 04:29:22,370 - SIMU: 42 generation ended 0.409182624826
2016-12-17 04:29:32,641 - SIMU: 43 generation ended 0.581062832073
2016-12-17 04:29:42,112 - SIMU: 44 generation ended 0.628552655615
2016-12-17 04:29:51,267 - SIMU: 45 generation ended 0.52684315064
2016-12-17 04:30:00,952 - SIMU: 46 generation ended 0.303984211475
2016-12-17 04:30:10,978 - SIMU: 47 generation ended 0.396873297848
2016-12-17 04:30:21,430 - SIMU: 48 generation ended 0.508473424607
2016-12-17 04:30:31,252 - SIMU: 49 generation ended 0.320437640361
2016-12-17 04:30:41,168 - SIMU: 50 generation ended 0.582252727724
2016-12-17 04:30:51,338 - SIMU: 51 generation ended 0.358398223059
2016-12-17 04:31:01,529 - SIMU: 52 generation ended 0.408952639552
2016-12-17 04:31:11,222 - SIMU: 53 generation ended 0.188710896751
2016-12-17 04:31:20,972 - SIMU: 54 generation ended 0.711678601642
2016-12-17 04:31:31,061 - SIMU: 55 generation ended 0.0664502750083
2016-12-17 04:31:40,597 - SIMU: 56 generation ended 0.240855420836
2016-12-17 04:31:50,057 - SIMU: 57 generation ended 0.0147453152373
2016-12-17 04:31:59,842 - SIMU: 58 generation ended 0.00613108009984
2016-12-17 04:32:08,956 - SIMU: 59 generation ended 0.0442666716896
2016-12-17 04:32:19,018 - SIMU: 60 generation ended 0.527855701389
2016-12-17 04:32:19,033 - ERROR: MainController - Request for sending com message while no simulation started.
2016-12-17 04:32:19,127 - SIMU: -------------------
2016-12-17 04:32:19,132 - SIMU: End :
2016-12-17 04:32:19,133 - SIMU: fitness_champion 0.527855701389
2016-12-17 04:32:19,136 - SIMU: champion [-0.12989953811731247, -0.5920505772399705, 1.009930505606767, 0.7255041713375542, 1.1263379555701323, 0.48899283251801257, 0.35294694250305186, -0.8179348924035601, 1.8220955433239885, -0.8723455492622374, 0.09728721456386236, -0.31824997078666684, -0.04868471805382371, -1.5321307774764774, 0.516556429518401, -0.3733096540649306, -0.20694562787860193, 0.8228335991536994]
2016-12-17 04:32:19,137 - SIMU: ======================================
ROBOT 7
2016-12-16 18:22:47,217 - SIMU: ======================================
2016-12-16 18:22:47,218 - SIMU: ====== SimulationFollowLightGenBis ======
2016-12-16 18:22:47,219 - SIMU: ======================================
2016-12-16 18:22:47,220 - SIMU: -------------------
2016-12-16 18:22:47,220 - SIMU: Parameters :
2016-12-16 18:22:47,221 - SIMU: duration 3000
2016-12-16 18:22:47,222 - SIMU: lifetime 60
2016-12-16 18:22:47,223 - SIMU: sleep 0.1
2016-12-16 18:22:47,223 - SIMU: windowSize 20
2016-12-16 18:22:47,224 - SIMU: probabilities pcopy pgauss prandom 0.4 0.4 0.2
2016-12-16 18:22:47,225 - SIMU: sigma 0.1
2016-12-16 18:22:47,225 - SIMU: -------------------
2016-12-16 18:22:47,226 - SIMU: Start :
2016-12-16 18:22:57,058 - SIMU: 1 generation ended 0.165464818178
2016-12-16 18:23:07,579 - SIMU: 2 generation ended 0.376948593348
2016-12-16 18:23:18,272 - SIMU: 3 generation ended 0.435680347846
2016-12-16 18:23:27,816 - SIMU: 4 generation ended 0.364422338717
2016-12-16 18:23:27,822 - SIMU: SimulationFollowLightGen - applyVariation() : NEW RANDOM GENOME
2016-12-16 18:23:36,724 - SIMU: 5 generation ended 0.0268218918466
2016-12-16 18:23:46,304 - SIMU: 6 generation ended 0.0473295262691
2016-12-16 18:23:46,309 - SIMU: SimulationFollowLightGen - applyVariation() : NEW RANDOM GENOME
2016-12-16 18:23:55,933 - SIMU: 7 generation ended 0.0
2016-12-16 18:24:05,001 - SIMU: 8 generation ended 0.0724103019239
2016-12-16 18:24:14,824 - SIMU: 9 generation ended 0.0716980694104
2016-12-16 18:24:24,717 - SIMU: 10 generation ended 0.0
2016-12-16 18:24:34,635 - SIMU: 11 generation ended 0.163824561765
2016-12-16 18:24:44,050 - SIMU: 12 generation ended 0.0142718305755
2016-12-16 18:24:53,119 - SIMU: 13 generation ended 0.0660464195443
2016-12-16 18:24:53,134 - SIMU: SimulationFollowLightGen - applyVariation() : NEW RANDOM GENOME
2016-12-16 18:25:02,995 - SIMU: 14 generation ended 0.381152987253
2016-12-16 18:25:13,363 - SIMU: 15 generation ended 0.222946761565
2016-12-16 18:25:24,053 - SIMU: 16 generation ended 0.630741955684
2016-12-16 18:25:33,928 - SIMU: 17 generation ended 0.49400129432
2016-12-16 18:25:44,020 - SIMU: 18 generation ended 0.0
2016-12-16 18:25:54,236 - SIMU: 19 generation ended 0.529627099153
2016-12-16 18:26:03,401 - SIMU: 20 generation ended 0.0175980865992
2016-12-16 18:26:12,813 - SIMU: 21 generation ended 0.0756625213505
2016-12-16 18:26:22,316 - SIMU: 22 generation ended 0.221379202001
2016-12-16 18:26:31,888 - SIMU: 23 generation ended 0.029165728653
2016-12-16 18:26:40,722 - SIMU: 24 generation ended 0.696358005518
2016-12-16 18:26:49,871 - SIMU: 25 generation ended 0.409408649423
2016-12-16 18:26:59,231 - SIMU: 26 generation ended 0.211398931774
2016-12-16 18:27:09,572 - SIMU: 27 generation ended 0.607510035412
2016-12-16 18:27:19,730 - SIMU: 28 generation ended 0.458465935953
2016-12-16 18:27:30,174 - SIMU: 29 generation ended 0.351946396191
2016-12-16 18:27:30,188 - SIMU: SimulationFollowLightGen - applyVariation() : NEW RANDOM GENOME
2016-12-16 18:27:40,378 - SIMU: 30 generation ended 0.0315392436664
2016-12-16 18:27:50,107 - SIMU: 31 generation ended 0.48418165337
2016-12-16 18:27:59,844 - SIMU: 32 generation ended 0.0919351518342
2016-12-16 18:28:09,788 - SIMU: 33 generation ended 0.129594511062
2016-12-16 18:28:19,050 - SIMU: 34 generation ended 0.046392385881
2016-12-16 18:28:28,503 - SIMU: 35 generation ended 0.11424735766
2016-12-16 18:28:38,198 - SIMU: 36 generation ended 0.182015156574
2016-12-16 18:28:47,739 - SIMU: 37 generation ended 0.128992608181
2016-12-16 18:28:57,100 - SIMU: 38 generation ended 0.344465977979
2016-12-16 18:29:06,397 - SIMU: 39 generation ended 0.0482656341468
2016-12-16 18:29:16,057 - SIMU: 40 generation ended 0.294807852269
2016-12-16 18:29:25,526 - SIMU: 41 generation ended 0.0829230490749
2016-12-16 18:29:35,145 - SIMU: 42 generation ended 0.551705516404
2016-12-16 18:29:44,732 - SIMU: 43 generation ended 0.393002905085
2016-12-16 18:29:54,630 - SIMU: 44 generation ended 0.245617240849
2016-12-16 18:30:04,592 - SIMU: 45 generation ended 0.416655392667
2016-12-16 18:30:15,066 - SIMU: 46 generation ended 0.508473424607
2016-12-16 18:30:25,227 - SIMU: 47 generation ended 0.679638706738
2016-12-16 18:30:35,184 - SIMU: 48 generation ended 0.494928765234
2016-12-16 18:30:44,529 - SIMU: 49 generation ended 0.0652252857864
2016-12-16 18:30:55,255 - SIMU: 50 generation ended 0.202559383069
2016-12-16 18:31:05,799 - SIMU: 51 generation ended 0.111781603687
2016-12-16 18:31:16,269 - SIMU: 52 generation ended 0.419509008825
2016-12-16 18:31:26,790 - SIMU: 53 generation ended 0.652379098003
2016-12-16 18:31:37,145 - SIMU: 54 generation ended 0.509314994452
2016-12-16 18:31:46,675 - SIMU: 55 generation ended 0.0692104968153
2016-12-16 18:31:56,706 - SIMU: 56 generation ended 0.407614686702
2016-12-16 18:32:06,776 - SIMU: 57 generation ended 0.476256728368
2016-12-16 18:32:16,159 - SIMU: 58 generation ended 0.139993970726
2016-12-16 18:32:25,788 - SIMU: 59 generation ended 0.51662705714
2016-12-16 18:32:35,855 - SIMU: 60 generation ended 0.370803792211
2016-12-16 18:32:35,887 - ERROR: MainController - Request for sending com message while no simulation started.
2016-12-16 18:32:35,960 - SIMU: -------------------
2016-12-16 18:32:35,961 - SIMU: End :
2016-12-16 18:32:35,962 - SIMU: fitness_champion 0.370803792211
2016-12-16 18:32:35,963 - SIMU: champion [-0.12989953811731247, -0.5920505772399705, 1.009930505606767, 0.7255041713375542, 1.1263379555701323, 0.48899283251801257, 0.35294694250305186, -0.8179348924035601, 1.8220955433239885, -0.8723455492622374, 0.09728721456386236, -0.31824997078666684, -0.04868471805382371, -1.5321307774764774, 0.516556429518401, -0.3733096540649306, -0.20694562787860193, 0.8228335991536994]
2016-12-16 18:32:35,963 - SIMU: ======================================
ROBOT 8
2016-12-16 16:22:57,602 - SIMU: ======================================
2016-12-16 16:22:57,604 - SIMU: ====== SimulationFollowLightGenBis ======
2016-12-16 16:22:57,605 - SIMU: ======================================
2016-12-16 16:22:57,606 - SIMU: -------------------
2016-12-16 16:22:57,607 - SIMU: Parameters :
2016-12-16 16:22:57,609 - SIMU: duration 3000
2016-12-16 16:22:57,610 - SIMU: lifetime 60
2016-12-16 16:22:57,612 - SIMU: sleep 0.1
2016-12-16 16:22:57,613 - SIMU: windowSize 20
2016-12-16 16:22:57,615 - SIMU: probabilities pcopy pgauss prandom 0.4 0.4 0.2
2016-12-16 16:22:57,616 - SIMU: sigma 0.1
2016-12-16 16:22:57,618 - SIMU: -------------------
2016-12-16 16:22:57,619 - SIMU: Start :
2016-12-16 16:23:07,785 - SIMU: 1 generation ended 0.0
2016-12-16 16:23:17,337 - SIMU: 2 generation ended 0.0409185371871
2016-12-16 16:23:17,357 - SIMU: SimulationFollowLightGen - applyVariation() : NEW RANDOM GENOME
2016-12-16 16:23:27,959 - SIMU: 3 generation ended 0.0
2016-12-16 16:23:38,557 - SIMU: 4 generation ended 0.443471586113
2016-12-16 16:23:47,758 - SIMU: 5 generation ended 0.0712585960552
2016-12-16 16:23:57,151 - SIMU: 6 generation ended 0.0591828264214
2016-12-16 16:24:06,312 - SIMU: 7 generation ended 0.0521197284417
2016-12-16 16:24:15,419 - SIMU: 8 generation ended 0.0631587137572
2016-12-16 16:24:24,973 - SIMU: 9 generation ended 0.0702170002481
2016-12-16 16:24:33,767 - SIMU: 10 generation ended 0.034741331917
2016-12-16 16:24:42,897 - SIMU: 11 generation ended 0.0121850733402
2016-12-16 16:24:52,485 - SIMU: 12 generation ended 0.0557803786173
2016-12-16 16:24:52,490 - SIMU: SimulationFollowLightGen - applyVariation() : NEW RANDOM GENOME
2016-12-16 16:25:02,024 - SIMU: 13 generation ended 0.0129473368316
2016-12-16 16:25:11,077 - SIMU: 14 generation ended 0.0370978676441
2016-12-16 16:25:20,392 - SIMU: 15 generation ended 0.0
2016-12-16 16:25:29,703 - SIMU: 16 generation ended 0.00190714326367
2016-12-16 16:25:39,391 - SIMU: 17 generation ended 0.0
2016-12-16 16:25:48,497 - SIMU: 18 generation ended 0.0321979479481
2016-12-16 16:25:57,620 - SIMU: 19 generation ended 0.0286995472487
2016-12-16 16:25:57,624 - SIMU: SimulationFollowLightGen - applyVariation() : NEW RANDOM GENOME
2016-12-16 16:26:07,074 - SIMU: 20 generation ended 0.241164537971
2016-12-16 16:26:16,480 - SIMU: 21 generation ended 0.0207089864569
2016-12-16 16:26:27,511 - SIMU: 22 generation ended 0.641246093931
2016-12-16 16:26:37,855 - SIMU: 23 generation ended 0.485565755263
2016-12-16 16:26:37,863 - SIMU: SimulationFollowLightGen - applyVariation() : NEW RANDOM GENOME
2016-12-16 16:26:47,277 - SIMU: 24 generation ended 0.0
2016-12-16 16:26:57,089 - SIMU: 25 generation ended 0.206670615736
2016-12-16 16:27:06,864 - SIMU: 26 generation ended 0.377123567128
2016-12-16 16:27:16,109 - SIMU: 27 generation ended 0.584523851376
2016-12-16 16:27:16,116 - SIMU: SimulationFollowLightGen - applyVariation() : NEW RANDOM GENOME
2016-12-16 16:27:26,115 - SIMU: 28 generation ended 0.0
2016-12-16 16:27:26,123 - SIMU: SimulationFollowLightGen - applyVariation() : NEW RANDOM GENOME
2016-12-16 16:27:36,360 - SIMU: 29 generation ended 0.0
2016-12-16 16:27:46,069 - SIMU: 30 generation ended 0.387429790072
2016-12-16 16:27:55,790 - SIMU: 31 generation ended 0.217994091375
2016-12-16 16:28:05,594 - SIMU: 32 generation ended 0.19727494481
2016-12-16 16:28:15,480 - SIMU: 33 generation ended 0.679321395485
2016-12-16 16:28:25,479 - SIMU: 34 generation ended 0.543962390009
2016-12-16 16:28:35,259 - SIMU: 35 generation ended 0.645167681701
2016-12-16 16:28:44,766 - SIMU: 36 generation ended 0.0194718937137
2016-12-16 16:28:54,979 - SIMU: 37 generation ended 0.322291026881
2016-12-16 16:29:04,325 - SIMU: 38 generation ended 0.154394315331
2016-12-16 16:29:13,973 - SIMU: 39 generation ended 0.485027460945
2016-12-16 16:29:23,741 - SIMU: 40 generation ended 0.479782575032
2016-12-16 16:29:33,416 - SIMU: 41 generation ended 0.0362669486713
2016-12-16 16:29:42,702 - SIMU: 42 generation ended 0.406105107485
2016-12-16 16:29:52,164 - SIMU: 43 generation ended 0.68134562918
2016-12-16 16:30:02,135 - SIMU: 44 generation ended 0.515662300742
2016-12-16 16:30:11,386 - SIMU: 45 generation ended 0.566805183719
2016-12-16 16:30:21,453 - SIMU: 46 generation ended 0.630128627559
2016-12-16 16:30:31,327 - SIMU: 47 generation ended 0.672756963278
2016-12-16 16:30:41,069 - SIMU: 48 generation ended 0.585260054888
2016-12-16 16:30:50,541 - SIMU: 49 generation ended 0.724914643678
2016-12-16 16:31:00,262 - SIMU: 50 generation ended 0.460341694873
2016-12-16 16:31:11,055 - SIMU: 51 generation ended 0.656817048219
2016-12-16 16:31:20,549 - SIMU: 52 generation ended 0.495413246261
2016-12-16 16:31:30,610 - SIMU: 53 generation ended 0.454491530827
2016-12-16 16:31:40,257 - SIMU: 54 generation ended 0.090794120652
2016-12-16 16:31:49,539 - SIMU: 55 generation ended 0.72043380628
2016-12-16 16:31:59,056 - SIMU: 56 generation ended 0.444117252904
2016-12-16 16:32:08,680 - SIMU: 57 generation ended 0.33264722016
2016-12-16 16:32:18,495 - SIMU: 58 generation ended 0.632642996824
2016-12-16 16:32:28,213 - SIMU: 59 generation ended 0.513707043754
2016-12-16 16:32:38,237 - SIMU: 60 generation ended 0.0633924228942
2016-12-16 16:32:38,341 - SIMU: -------------------
2016-12-16 16:32:38,343 - SIMU: End :
2016-12-16 16:32:38,344 - SIMU: fitness_champion 0.0633924228942
2016-12-16 16:32:38,345 - SIMU: champion [-0.9104613346851567, -0.9491391077852376, 1.1882395998888229, 1.6173115515150778, 0.8181675443515743, 0.2283125623500749, 0.6261217504418165, -0.2375791139096929, 1.1751569875995567, -0.9667492777666444, 0.2614757300104056, -1.0223768582833799, -0.4609937815577816, -0.9606961470417338, -0.14457131462493372, 0.3628015358633044, -0.5443099820912021, 0.8062306980956673]
2016-12-16 16:32:38,346 - SIMU: ======================================
ROBOT 9
2016-12-16 16:21:16,096 - SIMU: ======================================
2016-12-16 16:21:16,097 - SIMU: ====== SimulationFollowLightGenBis ======
2016-12-16 16:21:16,098 - SIMU: ======================================
2016-12-16 16:21:16,099 - SIMU: -------------------
2016-12-16 16:21:16,099 - SIMU: Parameters :
2016-12-16 16:21:16,100 - SIMU: duration 3000
2016-12-16 16:21:16,101 - SIMU: lifetime 60
2016-12-16 16:21:16,101 - SIMU: sleep 0.1
2016-12-16 16:21:16,102 - SIMU: windowSize 20
2016-12-16 16:21:16,103 - SIMU: probabilities pcopy pgauss prandom 0.4 0.4 0.2
2016-12-16 16:21:16,103 - SIMU: sigma 0.1
2016-12-16 16:21:16,104 - SIMU: -------------------
2016-12-16 16:21:16,104 - SIMU: Start :
2016-12-16 16:21:24,443 - SIMU: 1 generation ended 0.0
2016-12-16 16:21:24,449 - SIMU: SimulationFollowLightGen - applyVariation() : NEW RANDOM GENOME
2016-12-16 16:21:33,465 - SIMU: 2 generation ended 0.0
2016-12-16 16:21:42,131 - SIMU: 3 generation ended 0.557707490932
2016-12-16 16:21:50,898 - SIMU: 4 generation ended 0.264299341608
2016-12-16 16:21:58,849 - SIMU: 5 generation ended 0.0325374480702
2016-12-16 16:22:07,493 - SIMU: 6 generation ended 0.0222233275396
2016-12-16 16:22:16,359 - SIMU: 7 generation ended 0.0403063394901
2016-12-16 16:22:25,231 - SIMU: 8 generation ended 0.0343165037756
2016-12-16 16:22:25,237 - SIMU: SimulationFollowLightGen - applyVariation() : NEW RANDOM GENOME
2016-12-16 16:22:33,623 - SIMU: 9 generation ended 0.00711432710187
2016-12-16 16:22:42,423 - SIMU: 10 generation ended 0.0
2016-12-16 16:22:42,426 - SIMU: SimulationFollowLightGen - applyVariation() : NEW RANDOM GENOME
2016-12-16 16:22:50,629 - SIMU: 11 generation ended 0.0
2016-12-16 16:22:50,639 - SIMU: SimulationFollowLightGen - applyVariation() : NEW RANDOM GENOME
2016-12-16 16:22:58,950 - SIMU: 12 generation ended 0.0
2016-12-16 16:23:07,890 - SIMU: 13 generation ended 0.0
2016-12-16 16:23:16,213 - SIMU: 14 generation ended 0.0
2016-12-16 16:23:24,583 - SIMU: 15 generation ended 0.0
2016-12-16 16:23:32,950 - SIMU: 16 generation ended 0.0
2016-12-16 16:23:41,777 - SIMU: 17 generation ended 0.630741955684
2016-12-16 16:23:50,389 - SIMU: 18 generation ended 0.13226009467
2016-12-16 16:23:50,392 - SIMU: SimulationFollowLightGen - applyVariation() : NEW RANDOM GENOME
2016-12-16 16:23:58,718 - SIMU: 19 generation ended 0.0
2016-12-16 16:24:07,244 - SIMU: 20 generation ended 0.259326954954
2016-12-16 16:24:16,148 - SIMU: 21 generation ended 0.0181966538366
2016-12-16 16:24:24,439 - SIMU: 22 generation ended 0.0492029709065
2016-12-16 16:24:33,709 - SIMU: 23 generation ended 0.342991973556
2016-12-16 16:24:42,098 - SIMU: 24 generation ended 0.0860417621955
2016-12-16 16:24:50,770 - SIMU: 25 generation ended 0.359800855412
2016-12-16 16:24:59,069 - SIMU: 26 generation ended 0.22536183834
2016-12-16 16:25:07,675 - SIMU: 27 generation ended 0.17450725751
2016-12-16 16:25:16,268 - SIMU: 28 generation ended 0.259179954263
2016-12-16 16:25:16,271 - SIMU: SimulationFollowLightGen - applyVariation() : NEW RANDOM GENOME
2016-12-16 16:25:24,622 - SIMU: 29 generation ended 0.0
2016-12-16 16:25:33,464 - SIMU: 30 generation ended 0.0820063740424
2016-12-16 16:25:41,852 - SIMU: 31 generation ended 0.372711224095
2016-12-16 16:25:50,515 - SIMU: 32 generation ended 0.717867196128
2016-12-16 16:25:58,416 - SIMU: 33 generation ended 0.588242742082
2016-12-16 16:26:07,452 - SIMU: 34 generation ended 0.646408957377
2016-12-16 16:26:15,460 - SIMU: 35 generation ended 0.504947624353
2016-12-16 16:26:23,855 - SIMU: 36 generation ended 0.512964975545
2016-12-16 16:26:32,710 - SIMU: 37 generation ended 0.426401522924
2016-12-16 16:26:40,979 - SIMU: 38 generation ended 0.0335574863985
2016-12-16 16:26:49,207 - SIMU: 39 generation ended 0.025891735221
2016-12-16 16:26:57,951 - SIMU: 40 generation ended 0.251284603491
2016-12-16 16:27:06,453 - SIMU: 41 generation ended 0.221983547626
2016-12-16 16:27:14,807 - SIMU: 42 generation ended 0.513097334192
2016-12-16 16:27:23,842 - SIMU: 43 generation ended 0.562888034245
2016-12-16 16:27:32,574 - SIMU: 44 generation ended 0.360565991121
2016-12-16 16:27:41,063 - SIMU: 45 generation ended 0.4535011275
2016-12-16 16:27:49,795 - SIMU: 46 generation ended 0.417814784547
2016-12-16 16:27:58,293 - SIMU: 47 generation ended 0.58551365343
2016-12-16 16:28:06,429 - SIMU: 48 generation ended 0.405400146888
2016-12-16 16:28:14,855 - SIMU: 49 generation ended 0.692156790274
2016-12-16 16:28:23,231 - SIMU: 50 generation ended 0.103049048191
2016-12-16 16:28:31,684 - SIMU: 51 generation ended 0.541936861282
2016-12-16 16:28:40,199 - SIMU: 52 generation ended 0.54130060194
2016-12-16 16:28:48,696 - SIMU: 53 generation ended 0.644806891737
2016-12-16 16:28:56,973 - SIMU: 54 generation ended 0.310751542478
2016-12-16 16:29:05,613 - SIMU: 55 generation ended 0.336344543149
2016-12-16 16:29:14,287 - SIMU: 56 generation ended 0.464752754197
2016-12-16 16:29:22,582 - SIMU: 57 generation ended 0.724914643678
2016-12-16 16:29:30,819 - SIMU: 58 generation ended 0.434119126132
2016-12-16 16:29:39,582 - SIMU: 59 generation ended 0.0715163928112
2016-12-16 16:29:47,972 - SIMU: 60 generation ended 0.674209251456
2016-12-16 16:29:48,075 - SIMU: -------------------
2016-12-16 16:29:48,076 - SIMU: End :
2016-12-16 16:29:48,076 - SIMU: fitness_champion 0.674209251456
2016-12-16 16:29:48,077 - SIMU: champion [0.20784269744327438, -0.507674963326792, 1.0076306077721593, 0.4948026563926035, 0.7900332978668545, 0.34237873839084637, 0.1867798457406198, -0.7467282319410214, 1.3567475063214647, -0.7564793402848623, 0.174000992150557, -0.55953949491828, -0.24100197203912982, -1.531876535366712, 0.6266907433587282, -0.30271541936615043, -0.32660422206131434, 0.6139927392899939]
2016-12-16 16:29:48,077 - SIMU: ======================================
ROBOT 11
2016-12-16 16:21:29,531 - SIMU: ======================================
2016-12-16 16:21:29,533 - SIMU: ====== SimulationFollowLightGenBis ======
2016-12-16 16:21:29,533 - SIMU: ======================================
2016-12-16 16:21:29,534 - SIMU: -------------------
2016-12-16 16:21:29,535 - SIMU: Parameters :
2016-12-16 16:21:29,536 - SIMU: duration 3000
2016-12-16 16:21:29,536 - SIMU: lifetime 60
2016-12-16 16:21:29,537 - SIMU: sleep 0.1
2016-12-16 16:21:29,537 - SIMU: windowSize 20
2016-12-16 16:21:29,538 - SIMU: probabilities pcopy pgauss prandom 0.4 0.4 0.2
2016-12-16 16:21:29,539 - SIMU: sigma 0.1
2016-12-16 16:21:29,539 - SIMU: -------------------
2016-12-16 16:21:29,540 - SIMU: Start :
2016-12-16 16:21:39,942 - SIMU: 1 generation ended 0.569510040669
2016-12-16 16:21:49,442 - SIMU: 2 generation ended 0.106043988068
2016-12-16 16:21:59,257 - SIMU: 3 generation ended 0.0325760428468
2016-12-16 16:22:07,887 - SIMU: 4 generation ended 0.0
2016-12-16 16:22:17,691 - SIMU: 5 generation ended 0.0
2016-12-16 16:22:27,000 - SIMU: 6 generation ended 0.0
2016-12-16 16:22:36,118 - SIMU: 7 generation ended 0.0
2016-12-16 16:22:45,544 - SIMU: 8 generation ended 0.00549994386429
2016-12-16 16:22:45,549 - SIMU: SimulationFollowLightGen - applyVariation() : NEW RANDOM GENOME
2016-12-16 16:22:55,278 - SIMU: 9 generation ended 0.0
2016-12-16 16:23:05,425 - SIMU: 10 generation ended 0.0
2016-12-16 16:23:15,470 - SIMU: 11 generation ended 0.0
2016-12-16 16:23:25,821 - SIMU: 12 generation ended 0.0
2016-12-16 16:23:36,088 - SIMU: 13 generation ended 0.0
2016-12-16 16:23:46,177 - SIMU: 14 generation ended 0.0
2016-12-16 16:23:55,973 - SIMU: 15 generation ended 0.287915509812
2016-12-16 16:24:04,706 - SIMU: 16 generation ended 0.00909796362416
2016-12-16 16:24:13,434 - SIMU: 17 generation ended 0.0
2016-12-16 16:24:23,223 - SIMU: 18 generation ended 0.02562674829
2016-12-16 16:24:32,512 - SIMU: 19 generation ended 0.0258166561218
2016-12-16 16:24:42,342 - SIMU: 20 generation ended 0.0203405221692
2016-12-16 16:24:52,877 - SIMU: 21 generation ended 0.226990629357
2016-12-16 16:25:03,195 - SIMU: 22 generation ended 0.627111119036
2016-12-16 16:25:12,573 - SIMU: 23 generation ended 0.0429922566041
2016-12-16 16:25:22,355 - SIMU: 24 generation ended 0.0124077645715
2016-12-16 16:25:33,059 - SIMU: 25 generation ended 0.0215692281151
2016-12-16 16:25:42,773 - SIMU: 26 generation ended 0.0
2016-12-16 16:25:53,049 - SIMU: 27 generation ended 0.478900963525
2016-12-16 16:26:02,842 - SIMU: 28 generation ended 0.546180558526
2016-12-16 16:26:12,897 - SIMU: 29 generation ended 0.206055592292
2016-12-16 16:26:22,508 - SIMU: 30 generation ended 0.333025564427
2016-12-16 16:26:22,516 - SIMU: SimulationFollowLightGen - applyVariation() : NEW RANDOM GENOME
2016-12-16 16:26:32,817 - SIMU: 31 generation ended 0.0
2016-12-16 16:26:43,766 - SIMU: 32 generation ended 0.142471860148
2016-12-16 16:26:53,945 - SIMU: 33 generation ended 0.12637710032
2016-12-16 16:27:03,478 - SIMU: 34 generation ended 0.188421813415
2016-12-16 16:27:13,273 - SIMU: 35 generation ended 0.314705586293
2016-12-16 16:27:23,120 - SIMU: 36 generation ended 0.0451566538342
2016-12-16 16:27:32,598 - SIMU: 37 generation ended 0.245528399278
2016-12-16 16:27:42,091 - SIMU: 38 generation ended 0.0663572573137
2016-12-16 16:27:51,838 - SIMU: 39 generation ended 0.227871596027
2016-12-16 16:28:01,346 - SIMU: 40 generation ended 0.060348321724
2016-12-16 16:28:11,493 - SIMU: 41 generation ended 0.127056976131
2016-12-16 16:28:21,101 - SIMU: 42 generation ended 0.526593651202
2016-12-16 16:28:30,672 - SIMU: 43 generation ended 0.484115187084
2016-12-16 16:28:40,841 - SIMU: 44 generation ended 0.438760511477
2016-12-16 16:28:50,984 - SIMU: 45 generation ended 0.442219011597
2016-12-16 16:29:00,524 - SIMU: 46 generation ended 0.304898395219
2016-12-16 16:29:10,201 - SIMU: 47 generation ended 0.183436533141
2016-12-16 16:29:20,323 - SIMU: 48 generation ended 0.556504465677
2016-12-16 16:29:30,509 - SIMU: 49 generation ended 0.259137309777
2016-12-16 16:29:40,295 - SIMU: 50 generation ended 0.477244374314
2016-12-16 16:29:49,589 - SIMU: 51 generation ended 0.498029824524
2016-12-16 16:29:59,380 - SIMU: 52 generation ended 0.0804431627744
2016-12-16 16:30:09,376 - SIMU: 53 generation ended 0.205407360448
2016-12-16 16:30:19,897 - SIMU: 54 generation ended 0.378149514303
2016-12-16 16:30:29,831 - SIMU: 55 generation ended 0.399517420281
2016-12-16 16:30:40,277 - SIMU: 56 generation ended 0.425146972186
2016-12-16 16:30:49,756 - SIMU: 57 generation ended 0.387282965956
2016-12-16 16:30:59,071 - SIMU: 58 generation ended 0.672758122666
2016-12-16 16:31:09,075 - SIMU: 59 generation ended 0.688559514933
2016-12-16 16:31:18,882 - SIMU: 60 generation ended 0.510208411834
2016-12-16 16:31:18,984 - SIMU: -------------------
2016-12-16 16:31:18,985 - SIMU: End :
2016-12-16 16:31:18,985 - SIMU: fitness_champion 0.510208411834
2016-12-16 16:31:18,986 - SIMU: champion [-0.013120832812889905, -0.2705470046901703, 0.6949238362743377, 0.8702751544426299, 0.9674869621966107, -0.04062370247276411, -0.03170987274313302, 0.04444614281351497, 0.8450960245478677, -1.1755988541057414, 0.30387141389774897, -0.7584418529393354, -0.093962688936295, -0.6971832401234611, 0.2847036678415092, 0.5073786773737716, -0.36257324558729687, 0.317799985503213]
2016-12-16 16:31:18,986 - SIMU: ======================================
