ROBOT 8
2016-12-16 16:22:57,602 - SIMU: ======================================
2016-12-16 16:22:57,604 - SIMU: ====== SimulationFollowLightGenBis ======
2016-12-16 16:22:57,605 - SIMU: ======================================
2016-12-16 16:22:57,606 - SIMU: -------------------
2016-12-16 16:22:57,607 - SIMU: Parameters :
2016-12-16 16:22:57,609 - SIMU: duration 3000
2016-12-16 16:22:57,610 - SIMU: lifetime 60
2016-12-16 16:22:57,612 - SIMU: sleep 0.1
2016-12-16 16:22:57,613 - SIMU: windowSize 20
2016-12-16 16:22:57,615 - SIMU: probabilities pcopy pgauss prandom 0.4 0.4 0.2
2016-12-16 16:22:57,616 - SIMU: sigma 0.1
2016-12-16 16:22:57,618 - SIMU: -------------------
2016-12-16 16:22:57,619 - SIMU: Start :
2016-12-16 16:23:07,785 - SIMU: 1 generation ended 0.0
2016-12-16 16:23:17,337 - SIMU: 2 generation ended 0.0409185371871
2016-12-16 16:23:17,357 - SIMU: SimulationFollowLightGen - applyVariation() : NEW RANDOM GENOME
2016-12-16 16:23:27,959 - SIMU: 3 generation ended 0.0
2016-12-16 16:23:38,557 - SIMU: 4 generation ended 0.443471586113
2016-12-16 16:23:47,758 - SIMU: 5 generation ended 0.0712585960552
2016-12-16 16:23:57,151 - SIMU: 6 generation ended 0.0591828264214
2016-12-16 16:24:06,312 - SIMU: 7 generation ended 0.0521197284417
2016-12-16 16:24:15,419 - SIMU: 8 generation ended 0.0631587137572
2016-12-16 16:24:24,973 - SIMU: 9 generation ended 0.0702170002481
2016-12-16 16:24:33,767 - SIMU: 10 generation ended 0.034741331917
2016-12-16 16:24:42,897 - SIMU: 11 generation ended 0.0121850733402
2016-12-16 16:24:52,485 - SIMU: 12 generation ended 0.0557803786173
2016-12-16 16:24:52,490 - SIMU: SimulationFollowLightGen - applyVariation() : NEW RANDOM GENOME
2016-12-16 16:25:02,024 - SIMU: 13 generation ended 0.0129473368316
2016-12-16 16:25:11,077 - SIMU: 14 generation ended 0.0370978676441
2016-12-16 16:25:20,392 - SIMU: 15 generation ended 0.0
2016-12-16 16:25:29,703 - SIMU: 16 generation ended 0.00190714326367
2016-12-16 16:25:39,391 - SIMU: 17 generation ended 0.0
2016-12-16 16:25:48,497 - SIMU: 18 generation ended 0.0321979479481
2016-12-16 16:25:57,620 - SIMU: 19 generation ended 0.0286995472487
2016-12-16 16:25:57,624 - SIMU: SimulationFollowLightGen - applyVariation() : NEW RANDOM GENOME
2016-12-16 16:26:07,074 - SIMU: 20 generation ended 0.241164537971
2016-12-16 16:26:16,480 - SIMU: 21 generation ended 0.0207089864569
2016-12-16 16:26:27,511 - SIMU: 22 generation ended 0.641246093931
2016-12-16 16:26:37,855 - SIMU: 23 generation ended 0.485565755263
2016-12-16 16:26:37,863 - SIMU: SimulationFollowLightGen - applyVariation() : NEW RANDOM GENOME
2016-12-16 16:26:47,277 - SIMU: 24 generation ended 0.0
2016-12-16 16:26:57,089 - SIMU: 25 generation ended 0.206670615736
2016-12-16 16:27:06,864 - SIMU: 26 generation ended 0.377123567128
2016-12-16 16:27:16,109 - SIMU: 27 generation ended 0.584523851376
2016-12-16 16:27:16,116 - SIMU: SimulationFollowLightGen - applyVariation() : NEW RANDOM GENOME
2016-12-16 16:27:26,115 - SIMU: 28 generation ended 0.0
2016-12-16 16:27:26,123 - SIMU: SimulationFollowLightGen - applyVariation() : NEW RANDOM GENOME
2016-12-16 16:27:36,360 - SIMU: 29 generation ended 0.0
2016-12-16 16:27:46,069 - SIMU: 30 generation ended 0.387429790072
2016-12-16 16:27:55,790 - SIMU: 31 generation ended 0.217994091375
2016-12-16 16:28:05,594 - SIMU: 32 generation ended 0.19727494481
2016-12-16 16:28:15,480 - SIMU: 33 generation ended 0.679321395485
2016-12-16 16:28:25,479 - SIMU: 34 generation ended 0.543962390009
2016-12-16 16:28:35,259 - SIMU: 35 generation ended 0.645167681701
2016-12-16 16:28:44,766 - SIMU: 36 generation ended 0.0194718937137
2016-12-16 16:28:54,979 - SIMU: 37 generation ended 0.322291026881
2016-12-16 16:29:04,325 - SIMU: 38 generation ended 0.154394315331
2016-12-16 16:29:13,973 - SIMU: 39 generation ended 0.485027460945
2016-12-16 16:29:23,741 - SIMU: 40 generation ended 0.479782575032
2016-12-16 16:29:33,416 - SIMU: 41 generation ended 0.0362669486713
2016-12-16 16:29:42,702 - SIMU: 42 generation ended 0.406105107485
2016-12-16 16:29:52,164 - SIMU: 43 generation ended 0.68134562918
2016-12-16 16:30:02,135 - SIMU: 44 generation ended 0.515662300742
2016-12-16 16:30:11,386 - SIMU: 45 generation ended 0.566805183719
2016-12-16 16:30:21,453 - SIMU: 46 generation ended 0.630128627559
2016-12-16 16:30:31,327 - SIMU: 47 generation ended 0.672756963278
2016-12-16 16:30:41,069 - SIMU: 48 generation ended 0.585260054888
2016-12-16 16:30:50,541 - SIMU: 49 generation ended 0.724914643678
2016-12-16 16:31:00,262 - SIMU: 50 generation ended 0.460341694873
2016-12-16 16:31:11,055 - SIMU: 51 generation ended 0.656817048219
2016-12-16 16:31:20,549 - SIMU: 52 generation ended 0.495413246261
2016-12-16 16:31:30,610 - SIMU: 53 generation ended 0.454491530827
2016-12-16 16:31:40,257 - SIMU: 54 generation ended 0.090794120652
2016-12-16 16:31:49,539 - SIMU: 55 generation ended 0.72043380628
2016-12-16 16:31:59,056 - SIMU: 56 generation ended 0.444117252904
2016-12-16 16:32:08,680 - SIMU: 57 generation ended 0.33264722016
2016-12-16 16:32:18,495 - SIMU: 58 generation ended 0.632642996824
2016-12-16 16:32:28,213 - SIMU: 59 generation ended 0.513707043754
2016-12-16 16:32:38,237 - SIMU: 60 generation ended 0.0633924228942
2016-12-16 16:32:38,341 - SIMU: -------------------
2016-12-16 16:32:38,343 - SIMU: End :
2016-12-16 16:32:38,344 - SIMU: fitness_champion 0.0633924228942
2016-12-16 16:32:38,345 - SIMU: champion [-0.9104613346851567, -0.9491391077852376, 1.1882395998888229, 1.6173115515150778, 0.8181675443515743, 0.2283125623500749, 0.6261217504418165, -0.2375791139096929, 1.1751569875995567, -0.9667492777666444, 0.2614757300104056, -1.0223768582833799, -0.4609937815577816, -0.9606961470417338, -0.14457131462493372, 0.3628015358633044, -0.5443099820912021, 0.8062306980956673]
2016-12-16 16:32:38,346 - SIMU: ======================================
