ROBOT 9
2016-12-16 17:10:36,482 - SIMU: ======================================
2016-12-16 17:10:36,484 - SIMU: ====== SimulationFollowLightGenBis ======
2016-12-16 17:10:36,485 - SIMU: ======================================
2016-12-16 17:10:36,485 - SIMU: -------------------
2016-12-16 17:10:36,486 - SIMU: Parameters :
2016-12-16 17:10:36,487 - SIMU: duration 3000
2016-12-16 17:10:36,487 - SIMU: lifetime 60
2016-12-16 17:10:36,488 - SIMU: sleep 0.1
2016-12-16 17:10:36,488 - SIMU: windowSize 20
2016-12-16 17:10:36,489 - SIMU: probabilities pcopy pgauss prandom 0.4 0.4 0.2
2016-12-16 17:10:36,490 - SIMU: sigma 0.1
2016-12-16 17:10:36,490 - SIMU: -------------------
2016-12-16 17:10:36,491 - SIMU: Start :
2016-12-16 17:10:44,785 - SIMU: 1 generation ended 0.0
2016-12-16 17:10:54,185 - SIMU: 2 generation ended 0.530874378761
2016-12-16 17:11:03,185 - SIMU: 3 generation ended 0.0145885781713
2016-12-16 17:11:03,191 - SIMU: SimulationFollowLightGen - applyVariation() : NEW RANDOM GENOME
2016-12-16 17:11:11,349 - SIMU: 4 generation ended 0.0
2016-12-16 17:11:20,035 - SIMU: 5 generation ended 0.0501684725932
2016-12-16 17:11:20,101 - SIMU: SimulationFollowLightGen - applyVariation() : NEW RANDOM GENOME
2016-12-16 17:11:28,651 - SIMU: 6 generation ended 0.0
2016-12-16 17:11:36,975 - SIMU: 7 generation ended 0.0541244723051
2016-12-16 17:11:45,014 - SIMU: 8 generation ended 0.0561741192049
2016-12-16 17:11:53,968 - SIMU: 9 generation ended 0.0629710469221
2016-12-16 17:12:03,240 - SIMU: 10 generation ended 0.596043641186
2016-12-16 17:12:12,737 - SIMU: 11 generation ended 0.480702058631
2016-12-16 17:12:21,143 - SIMU: 12 generation ended 0.0
2016-12-16 17:12:21,148 - SIMU: SimulationFollowLightGen - applyVariation() : NEW RANDOM GENOME
2016-12-16 17:12:29,206 - SIMU: 13 generation ended 0.125939391415
2016-12-16 17:12:29,210 - SIMU: SimulationFollowLightGen - applyVariation() : NEW RANDOM GENOME
2016-12-16 17:12:38,334 - SIMU: 14 generation ended 0.0
2016-12-16 17:12:47,039 - SIMU: 15 generation ended 0.676528866992
2016-12-16 17:12:56,058 - SIMU: 16 generation ended 0.100558078891
2016-12-16 17:13:04,901 - SIMU: 17 generation ended 0.541082907451
2016-12-16 17:13:13,157 - SIMU: 18 generation ended 0.243684552364
2016-12-16 17:13:21,826 - SIMU: 19 generation ended 0.235151494909
2016-12-16 17:13:30,724 - SIMU: 20 generation ended 0.171898956965
2016-12-16 17:13:39,104 - SIMU: 21 generation ended 0.699186105267
2016-12-16 17:13:39,109 - SIMU: SimulationFollowLightGen - applyVariation() : NEW RANDOM GENOME
2016-12-16 17:13:47,819 - SIMU: 22 generation ended 0.0
2016-12-16 17:13:56,314 - SIMU: 23 generation ended 0.419896994338
2016-12-16 17:13:56,318 - SIMU: SimulationFollowLightGen - applyVariation() : NEW RANDOM GENOME
2016-12-16 17:14:05,530 - SIMU: 24 generation ended 0.0
2016-12-16 17:14:14,353 - SIMU: 25 generation ended 0.509859445549
2016-12-16 17:14:22,709 - SIMU: 26 generation ended 0.243669351574
2016-12-16 17:14:31,162 - SIMU: 27 generation ended 0.421408089373
2016-12-16 17:14:39,682 - SIMU: 28 generation ended 0.712015243283
2016-12-16 17:14:49,379 - SIMU: 29 generation ended 0.532044756416
2016-12-16 17:14:49,386 - SIMU: SimulationFollowLightGen - applyVariation() : NEW RANDOM GENOME
2016-12-16 17:14:58,718 - SIMU: 30 generation ended 0.242011754453
2016-12-16 17:15:07,315 - SIMU: 31 generation ended 0.569943399162
2016-12-16 17:15:16,677 - SIMU: 32 generation ended 0.71372088921
2016-12-16 17:15:25,274 - SIMU: 33 generation ended 0.537275859107
2016-12-16 17:15:34,665 - SIMU: 34 generation ended 0.689025379284
2016-12-16 17:15:42,903 - SIMU: 35 generation ended 0.556565114233
2016-12-16 17:15:52,172 - SIMU: 36 generation ended 0.661699063324
2016-12-16 17:16:01,224 - SIMU: 37 generation ended 0.689025379284
2016-12-16 17:16:10,266 - SIMU: 38 generation ended 0.492297047651
2016-12-16 17:16:19,589 - SIMU: 39 generation ended 0.749364050906
2016-12-16 17:16:28,229 - SIMU: 40 generation ended 0.234732571912
2016-12-16 17:16:36,930 - SIMU: 41 generation ended 0.805887596762
2016-12-16 17:16:45,823 - SIMU: 42 generation ended 0.586516260489
2016-12-16 17:16:55,016 - SIMU: 43 generation ended 0.623382930757
2016-12-16 17:17:03,776 - SIMU: 44 generation ended 0.686631771171
2016-12-16 17:17:12,055 - SIMU: 45 generation ended 0.658094050351
2016-12-16 17:17:21,232 - SIMU: 46 generation ended 0.658867725267
2016-12-16 17:17:30,582 - SIMU: 47 generation ended 0.361733598718
2016-12-16 17:17:39,216 - SIMU: 48 generation ended 0.651588728956
2016-12-16 17:17:48,080 - SIMU: 49 generation ended 0.421425393685
2016-12-16 17:17:57,446 - SIMU: 50 generation ended 0.639210183527
2016-12-16 17:18:07,099 - SIMU: 51 generation ended 0.562832910412
2016-12-16 17:18:15,146 - SIMU: 52 generation ended 0.128933053191
2016-12-16 17:18:24,734 - SIMU: 53 generation ended 0.378811946649
2016-12-16 17:18:33,417 - SIMU: 54 generation ended 0.74896369287
2016-12-16 17:18:41,637 - SIMU: 55 generation ended 0.0477374634442
2016-12-16 17:18:50,362 - SIMU: 56 generation ended 0.276920926996
2016-12-16 17:18:59,569 - SIMU: 57 generation ended 0.178937918572
2016-12-16 17:19:08,250 - SIMU: 58 generation ended 0.672272591595
2016-12-16 17:19:17,357 - SIMU: 59 generation ended 0.733614894381
2016-12-16 17:19:26,390 - SIMU: 60 generation ended 0.116674232595
2016-12-16 17:19:26,485 - ERROR: MainController - Request for sending com message while no simulation started.
2016-12-16 17:19:26,499 - SIMU: -------------------
2016-12-16 17:19:26,499 - SIMU: End :
2016-12-16 17:19:26,500 - SIMU: fitness_champion 0.116674232595
2016-12-16 17:19:26,500 - SIMU: champion [-0.8823542829520378, -0.370051790562313, -0.2644911981918241, -0.5691532374167155, -0.7681126801400391, 0.0013791423764075578, -0.617728872088163, 0.20780131578543348, 0.9960448728728915, -0.8163268661172388, -0.7790717658051852, 0.480090754981287, 1.09405505455578, -0.646235293928395, -0.6519727887845557, -0.3873197281146775, 1.087002347852026, 0.7518662515365958]
2016-12-16 17:19:26,501 - SIMU: ======================================
