ROBOT 7
2016-12-16 17:21:10,230 - SIMU: ======================================
2016-12-16 17:21:10,231 - SIMU: ====== SimulationFollowLightGenBis ======
2016-12-16 17:21:10,232 - SIMU: ======================================
2016-12-16 17:21:10,233 - SIMU: -------------------
2016-12-16 17:21:10,233 - SIMU: Parameters :
2016-12-16 17:21:10,234 - SIMU: duration 3000
2016-12-16 17:21:10,235 - SIMU: lifetime 60
2016-12-16 17:21:10,235 - SIMU: sleep 0.1
2016-12-16 17:21:10,236 - SIMU: windowSize 20
2016-12-16 17:21:10,237 - SIMU: probabilities pcopy pgauss prandom 0.4 0.4 0.2
2016-12-16 17:21:10,237 - SIMU: sigma 0.1
2016-12-16 17:21:10,238 - SIMU: -------------------
2016-12-16 17:21:10,238 - SIMU: Start :
2016-12-16 17:21:19,239 - SIMU: 1 generation ended 0.0509368681786
2016-12-16 17:21:28,560 - SIMU: 2 generation ended 0.999246040595
2016-12-16 17:21:28,564 - SIMU: SimulationFollowLightGen - applyVariation() : NEW RANDOM GENOME
2016-12-16 17:21:37,346 - SIMU: 3 generation ended 0.364749051942
2016-12-16 17:21:46,321 - SIMU: 4 generation ended 0.956422988862
2016-12-16 17:21:46,327 - SIMU: SimulationFollowLightGen - applyVariation() : NEW RANDOM GENOME
2016-12-16 17:21:55,220 - SIMU: 5 generation ended 0.216478718196
2016-12-16 17:22:04,597 - SIMU: 6 generation ended 0.113329327781
2016-12-16 17:22:13,238 - SIMU: 7 generation ended 0.0754992794897
2016-12-16 17:22:22,440 - SIMU: 8 generation ended 0.446099474668
2016-12-16 17:22:32,081 - SIMU: 9 generation ended 0.688003233159
2016-12-16 17:22:41,087 - SIMU: 10 generation ended 1.0
2016-12-16 17:22:50,143 - SIMU: 11 generation ended 0.69589358242
2016-12-16 17:22:59,014 - SIMU: 12 generation ended 0.999561629843
2016-12-16 17:22:59,020 - SIMU: SimulationFollowLightGen - applyVariation() : NEW RANDOM GENOME
2016-12-16 17:23:07,644 - SIMU: 13 generation ended 0.0
2016-12-16 17:23:07,656 - SIMU: SimulationFollowLightGen - applyVariation() : NEW RANDOM GENOME
2016-12-16 17:23:16,458 - SIMU: 14 generation ended 0.101999449979
2016-12-16 17:23:25,488 - SIMU: 15 generation ended 0.665640771796
2016-12-16 17:23:35,519 - SIMU: 16 generation ended 0.998752422555
2016-12-16 17:23:44,592 - SIMU: 17 generation ended 0.783554632991
2016-12-16 17:23:53,515 - SIMU: 18 generation ended 0.371994231214
2016-12-16 17:24:02,745 - SIMU: 19 generation ended 0.658899982827
2016-12-16 17:24:11,610 - SIMU: 20 generation ended 0.343770013462
2016-12-16 17:24:19,948 - SIMU: 21 generation ended 0.600717762712
2016-12-16 17:24:29,232 - SIMU: 22 generation ended 0.265798623736
2016-12-16 17:24:38,054 - SIMU: 23 generation ended 0.415182361467
2016-12-16 17:24:46,993 - SIMU: 24 generation ended 0.565022131438
2016-12-16 17:24:55,757 - SIMU: 25 generation ended 0.341827337481
2016-12-16 17:25:04,974 - SIMU: 26 generation ended 0.997815246765
2016-12-16 17:25:13,243 - SIMU: 27 generation ended 0.623286361883
2016-12-16 17:25:13,245 - SIMU: SimulationFollowLightGen - applyVariation() : NEW RANDOM GENOME
2016-12-16 17:25:22,159 - SIMU: 28 generation ended 0.592401968901
2016-12-16 17:25:30,764 - SIMU: 29 generation ended 0.317063452863
2016-12-16 17:25:39,593 - SIMU: 30 generation ended 0.910783679347
2016-12-16 17:25:48,023 - SIMU: 31 generation ended 0.672715962022
2016-12-16 17:25:56,917 - SIMU: 32 generation ended 0.998711583726
2016-12-16 17:26:05,750 - SIMU: 33 generation ended 0.999754701696
2016-12-16 17:26:14,611 - SIMU: 34 generation ended 0.430499695716
2016-12-16 17:26:23,437 - SIMU: 35 generation ended 0.798371274537
2016-12-16 17:26:32,574 - SIMU: 36 generation ended 0.999323120868
2016-12-16 17:26:40,822 - SIMU: 37 generation ended 0.302879308621
2016-12-16 17:26:49,159 - SIMU: 38 generation ended 0.377110070942
2016-12-16 17:26:58,484 - SIMU: 39 generation ended 0.671292905449
2016-12-16 17:27:07,450 - SIMU: 40 generation ended 0.153588462591
2016-12-16 17:27:16,331 - SIMU: 41 generation ended 0.587819999948
2016-12-16 17:27:24,993 - SIMU: 42 generation ended 0.362498286127
2016-12-16 17:27:34,062 - SIMU: 43 generation ended 0.537472002388
2016-12-16 17:27:43,026 - SIMU: 44 generation ended 0.0949897449531
2016-12-16 17:27:51,979 - SIMU: 45 generation ended 0.93873737743
2016-12-16 17:28:00,955 - SIMU: 46 generation ended 0.911299134526
2016-12-16 17:28:09,737 - SIMU: 47 generation ended 0.923524582267
2016-12-16 17:28:18,907 - SIMU: 48 generation ended 0.994555252326
2016-12-16 17:28:28,563 - SIMU: 49 generation ended 0.997144744558
2016-12-16 17:28:37,485 - SIMU: 50 generation ended 0.995415121605
2016-12-16 17:28:46,211 - SIMU: 51 generation ended 0.315344151778
2016-12-16 17:28:54,669 - SIMU: 52 generation ended 0.448649646748
2016-12-16 17:29:03,418 - SIMU: 53 generation ended 0.804952194994
2016-12-16 17:29:12,487 - SIMU: 54 generation ended 0.96898698484
2016-12-16 17:29:20,111 - SIMU: 55 generation ended 0.395033457189
2016-12-16 17:29:29,211 - SIMU: 56 generation ended 0.999762049686
2016-12-16 17:29:37,524 - SIMU: 57 generation ended 0.101901073365
2016-12-16 17:29:46,369 - SIMU: 58 generation ended 0.94461992873
2016-12-16 17:29:55,464 - SIMU: 59 generation ended 0.929559765952
2016-12-16 17:30:04,484 - SIMU: 60 generation ended 0.985059566845
2016-12-16 17:30:04,619 - SIMU: -------------------
2016-12-16 17:30:04,619 - SIMU: End :
2016-12-16 17:30:04,620 - SIMU: fitness_champion 0.985059566845
2016-12-16 17:30:04,621 - SIMU: champion [-7.8581835969710365, 4.182555864117801, -17.514393566500733, -6.735925890196117, -5.344596193747231, -6.110172872436686, 9.489327103613892, 3.4504364668891045, 12.196145572227648, 10.498211485690693, 11.342400119724822, -11.010933995112689, 5.485054873835339, 14.02782153149111, 6.058699572602467, 10.097297425985618, 14.414198893151688, 4.332156123957701]
2016-12-16 17:30:04,621 - SIMU: ======================================
