ROBOT 5
2016-12-16 16:54:49,451 - SIMU: ======================================
2016-12-16 16:54:49,453 - SIMU: ====== SimulationFollowLightGenBis ======
2016-12-16 16:54:49,453 - SIMU: ======================================
2016-12-16 16:54:49,454 - SIMU: -------------------
2016-12-16 16:54:49,455 - SIMU: Parameters :
2016-12-16 16:54:49,455 - SIMU: duration 3000
2016-12-16 16:54:49,456 - SIMU: lifetime 60
2016-12-16 16:54:49,456 - SIMU: sleep 0.1
2016-12-16 16:54:49,457 - SIMU: windowSize 20
2016-12-16 16:54:49,458 - SIMU: probabilities pcopy pgauss prandom 0.4 0.4 0.2
2016-12-16 16:54:49,458 - SIMU: sigma 0.1
2016-12-16 16:54:49,459 - SIMU: -------------------
2016-12-16 16:54:49,460 - SIMU: Start :
2016-12-16 16:54:59,982 - SIMU: 1 generation ended 0.0851131799464
2016-12-16 16:55:10,124 - SIMU: 2 generation ended 0.149916312818
2016-12-16 16:55:19,355 - SIMU: 3 generation ended 0.275476171066
2016-12-16 16:55:29,486 - SIMU: 4 generation ended 0.866550177141
2016-12-16 16:55:40,173 - SIMU: 5 generation ended 0.683949418861
2016-12-16 16:55:49,940 - SIMU: 6 generation ended 0.0936160670861
2016-12-16 16:56:00,195 - SIMU: 7 generation ended 0.124269244682
2016-12-16 16:56:10,326 - SIMU: 8 generation ended 0.64086532809
2016-12-16 16:56:19,949 - SIMU: 9 generation ended 0.248244518877
2016-12-16 16:56:31,191 - SIMU: 10 generation ended 0.999882349451
2016-12-16 16:56:40,841 - SIMU: 11 generation ended 0.512596903799
2016-12-16 16:56:40,846 - SIMU: SimulationFollowLightGen - applyVariation() : NEW RANDOM GENOME
2016-12-16 16:56:50,678 - SIMU: 12 generation ended 0.0
2016-12-16 16:57:00,337 - SIMU: 13 generation ended 0.999245887043
2016-12-16 16:57:10,602 - SIMU: 14 generation ended 0.100729922705
2016-12-16 16:57:20,324 - SIMU: 15 generation ended 0.974966284732
2016-12-16 16:57:30,088 - SIMU: 16 generation ended 1.0
2016-12-16 16:57:39,523 - SIMU: 17 generation ended 0.588785905412
2016-12-16 16:57:49,807 - SIMU: 18 generation ended 0.996861646141
2016-12-16 16:57:49,813 - SIMU: SimulationFollowLightGen - applyVariation() : NEW RANDOM GENOME
2016-12-16 16:58:00,211 - SIMU: 19 generation ended 0.0
2016-12-16 16:58:00,219 - SIMU: SimulationFollowLightGen - applyVariation() : NEW RANDOM GENOME
2016-12-16 16:58:09,582 - SIMU: 20 generation ended 0.0
2016-12-16 16:58:19,169 - SIMU: 21 generation ended 0.403239294353
2016-12-16 16:58:28,627 - SIMU: 22 generation ended 0.605753558194
2016-12-16 16:58:38,505 - SIMU: 23 generation ended 0.594187413384
2016-12-16 16:58:47,620 - SIMU: 24 generation ended 0.753338057519
2016-12-16 16:58:58,579 - SIMU: 25 generation ended 0.534684690659
2016-12-16 16:58:58,583 - SIMU: SimulationFollowLightGen - applyVariation() : NEW RANDOM GENOME
2016-12-16 16:59:08,448 - SIMU: 26 generation ended 0.0
2016-12-16 16:59:18,383 - SIMU: 27 generation ended 0.622933527987
2016-12-16 16:59:29,220 - SIMU: 28 generation ended 0.998517794758
2016-12-16 16:59:39,447 - SIMU: 29 generation ended 1.0
2016-12-16 16:59:49,441 - SIMU: 30 generation ended 1.0
2016-12-16 16:59:59,137 - SIMU: 31 generation ended 0.999593804095
2016-12-16 17:00:09,750 - SIMU: 32 generation ended 0.699283705759
2016-12-16 17:00:19,602 - SIMU: 33 generation ended 0.999299483046
2016-12-16 17:00:30,199 - SIMU: 34 generation ended 0.998912031867
2016-12-16 17:00:40,090 - SIMU: 35 generation ended 0.482489999901
2016-12-16 17:00:49,752 - SIMU: 36 generation ended 0.702089765505
2016-12-16 17:00:58,964 - SIMU: 37 generation ended 0.947419274526
2016-12-16 17:01:08,210 - SIMU: 38 generation ended 0.0
2016-12-16 17:01:18,425 - SIMU: 39 generation ended 0.999701544066
2016-12-16 17:01:28,746 - SIMU: 40 generation ended 0.794128418406
2016-12-16 17:01:38,029 - SIMU: 41 generation ended 0.999203629883
2016-12-16 17:01:47,747 - SIMU: 42 generation ended 0.600649990826
2016-12-16 17:01:57,315 - SIMU: 43 generation ended 0.205802565812
2016-12-16 17:02:06,989 - SIMU: 44 generation ended 0.489505218129
2016-12-16 17:02:17,761 - SIMU: 45 generation ended 1.0
2016-12-16 17:02:27,478 - SIMU: 46 generation ended 0.663819999915
2016-12-16 17:02:37,648 - SIMU: 47 generation ended 0.445460857717
2016-12-16 17:02:47,746 - SIMU: 48 generation ended 0.975539999999
2016-12-16 17:02:57,748 - SIMU: 49 generation ended 0.90244800416
2016-12-16 17:03:07,147 - SIMU: 50 generation ended 0.318931017349
2016-12-16 17:03:17,765 - SIMU: 51 generation ended 0.99966900485
2016-12-16 17:03:27,098 - SIMU: 52 generation ended 0.634008514261
2016-12-16 17:03:37,962 - SIMU: 53 generation ended 0.999886523294
2016-12-16 17:03:47,672 - SIMU: 54 generation ended 0.646349999828
2016-12-16 17:03:57,518 - SIMU: 55 generation ended 0.468526718638
2016-12-16 17:04:08,356 - SIMU: 56 generation ended 0.658795602751
2016-12-16 17:04:18,357 - SIMU: 57 generation ended 0.999504068272
2016-12-16 17:04:28,752 - SIMU: 58 generation ended 0.0
2016-12-16 17:04:39,025 - SIMU: 59 generation ended 0.0635756015343
2016-12-16 17:04:49,216 - SIMU: 60 generation ended 0.999361414983
2016-12-16 17:04:49,321 - SIMU: -------------------
2016-12-16 17:04:49,322 - SIMU: End :
2016-12-16 17:04:49,324 - SIMU: fitness_champion 0.999361414983
2016-12-16 17:04:49,325 - SIMU: champion [-7.728998403351556, 3.0501702716061834, -17.365401520059578, -5.790386584569613, -4.653520397642232, -7.121719595392241, 8.48956120594359, 3.608971829423493, 12.823917118558755, 9.152390366132666, 11.774613168944885, -9.681049145631667, 5.563214698065941, 13.902893779316555, 6.658077033434817, 9.963846759012613, 14.32161718871395, 3.9139394575959434]
2016-12-16 17:04:49,325 - SIMU: ======================================
