ROBOT 3
2016-12-17 00:36:37,943 - SIMU: ======================================
2016-12-17 00:36:37,944 - SIMU: ====== SimulationFollowLightGenBis ======
2016-12-17 00:36:37,945 - SIMU: ======================================
2016-12-17 00:36:37,945 - SIMU: -------------------
2016-12-17 00:36:37,946 - SIMU: Parameters :
2016-12-17 00:36:37,947 - SIMU: duration 3000
2016-12-17 00:36:37,947 - SIMU: lifetime 60
2016-12-17 00:36:37,948 - SIMU: sleep 0.1
2016-12-17 00:36:37,949 - SIMU: windowSize 20
2016-12-17 00:36:37,949 - SIMU: probabilities pcopy pgauss prandom 0.4 0.4 0.2
2016-12-17 00:36:37,950 - SIMU: sigma 0.1
2016-12-17 00:36:37,951 - SIMU: -------------------
2016-12-17 00:36:37,951 - SIMU: Start :
2016-12-17 00:36:47,254 - SIMU: 1 generation ended 0.026073569954
2016-12-17 00:36:47,260 - SIMU: SimulationFollowLightGen - applyVariation() : NEW RANDOM GENOME
2016-12-17 00:36:57,474 - SIMU: 2 generation ended 0.464662582601
2016-12-17 00:36:57,479 - SIMU: SimulationFollowLightGen - applyVariation() : NEW RANDOM GENOME
2016-12-17 00:37:07,452 - SIMU: 3 generation ended 0.0
2016-12-17 00:37:17,534 - SIMU: 4 generation ended 0.404732347594
2016-12-17 00:37:26,900 - SIMU: 5 generation ended 0.183716843735
2016-12-17 00:37:26,917 - SIMU: SimulationFollowLightGen - applyVariation() : NEW RANDOM GENOME
2016-12-17 00:37:36,064 - SIMU: 6 generation ended 0.0
2016-12-17 00:37:46,586 - SIMU: 7 generation ended 0.387829507402
2016-12-17 00:37:56,179 - SIMU: 8 generation ended 0.340963220303
2016-12-17 00:38:05,838 - SIMU: 9 generation ended 0.28719359149
2016-12-17 00:38:15,378 - SIMU: 10 generation ended 0.494478566539
2016-12-17 00:38:25,238 - SIMU: 11 generation ended 0.270419209483
2016-12-17 00:38:35,016 - SIMU: 12 generation ended 0.38995464651
2016-12-17 00:38:45,381 - SIMU: 13 generation ended 0.49915531913
2016-12-17 00:38:55,362 - SIMU: 14 generation ended 0.633472037711
2016-12-17 00:39:05,615 - SIMU: 15 generation ended 0.686713464442
2016-12-17 00:39:15,324 - SIMU: 16 generation ended 0.488754583432
2016-12-17 00:39:15,330 - SIMU: SimulationFollowLightGen - applyVariation() : NEW RANDOM GENOME
2016-12-17 00:39:24,943 - SIMU: 17 generation ended 0.0
2016-12-17 00:39:24,950 - SIMU: SimulationFollowLightGen - applyVariation() : NEW RANDOM GENOME
2016-12-17 00:39:34,450 - SIMU: 18 generation ended 0.0
2016-12-17 00:39:44,165 - SIMU: 19 generation ended 0.558120799687
2016-12-17 00:39:53,767 - SIMU: 20 generation ended 0.430171489808
2016-12-17 00:40:04,588 - SIMU: 21 generation ended 0.712815549518
2016-12-17 00:40:14,266 - SIMU: 22 generation ended 0.319754933443
2016-12-17 00:40:23,876 - SIMU: 23 generation ended 0.240646551496
2016-12-17 00:40:34,117 - SIMU: 24 generation ended 0.322710174536
2016-12-17 00:40:34,124 - SIMU: SimulationFollowLightGen - applyVariation() : NEW RANDOM GENOME
2016-12-17 00:40:44,366 - SIMU: 25 generation ended 0.0
2016-12-17 00:40:53,459 - SIMU: 26 generation ended 0.363836902957
2016-12-17 00:41:02,984 - SIMU: 27 generation ended 0.632674383451
2016-12-17 00:41:13,085 - SIMU: 28 generation ended 0.639195452027
2016-12-17 00:41:13,093 - SIMU: SimulationFollowLightGen - applyVariation() : NEW RANDOM GENOME
2016-12-17 00:41:22,556 - SIMU: 29 generation ended 0.36623550784
2016-12-17 00:41:31,770 - SIMU: 30 generation ended 0.185101710075
2016-12-17 00:41:41,692 - SIMU: 31 generation ended 0.0842152365572
2016-12-17 00:41:51,888 - SIMU: 32 generation ended 0.327160208418
2016-12-17 00:42:01,324 - SIMU: 33 generation ended 0.0
2016-12-17 00:42:11,083 - SIMU: 34 generation ended 0.276525727876
2016-12-17 00:42:21,307 - SIMU: 35 generation ended 0.0473464027163
2016-12-17 00:42:32,334 - SIMU: 36 generation ended 0.705138037507
2016-12-17 00:42:42,659 - SIMU: 37 generation ended 0.584618699418
2016-12-17 00:42:53,056 - SIMU: 38 generation ended 0.771400704154
2016-12-17 00:43:02,815 - SIMU: 39 generation ended 0.577098893179
2016-12-17 00:43:12,850 - SIMU: 40 generation ended 0.487955998892
2016-12-17 00:43:23,541 - SIMU: 41 generation ended 0.595095866127
2016-12-17 00:43:33,583 - SIMU: 42 generation ended 0.5192894889
2016-12-17 00:43:44,959 - SIMU: 43 generation ended 0.595423012856
2016-12-17 00:43:54,776 - SIMU: 44 generation ended 0.468792326858
2016-12-17 00:44:04,812 - SIMU: 45 generation ended 0.523080285056
2016-12-17 00:44:14,674 - SIMU: 46 generation ended 0.779695429907
2016-12-17 00:44:25,013 - SIMU: 47 generation ended 0.660405223939
2016-12-17 00:44:35,406 - SIMU: 48 generation ended 0.7789506148
2016-12-17 00:44:45,801 - SIMU: 49 generation ended 0.74218696485
2016-12-17 00:44:56,293 - SIMU: 50 generation ended 0.167155481948
2016-12-17 00:45:05,477 - SIMU: 51 generation ended 0.441658293261
2016-12-17 00:45:15,191 - SIMU: 52 generation ended 0.788131934524
2016-12-17 00:45:24,783 - SIMU: 53 generation ended 0.221358995354
2016-12-17 00:45:36,005 - SIMU: 54 generation ended 0.442206105496
2016-12-17 00:45:46,713 - SIMU: 55 generation ended 0.42463242013
2016-12-17 00:45:57,039 - SIMU: 56 generation ended 0.541583597592
2016-12-17 00:46:06,890 - SIMU: 57 generation ended 0.441540819002
2016-12-17 00:46:16,213 - SIMU: 58 generation ended 0.576717272886
2016-12-17 00:46:26,923 - SIMU: 59 generation ended 0.517881281528
2016-12-17 00:46:36,385 - SIMU: 60 generation ended 0.373486950205
2016-12-17 00:46:36,395 - ERROR: MainController - Request for sending com message while no simulation started.
2016-12-17 00:46:36,487 - SIMU: -------------------
2016-12-17 00:46:36,488 - SIMU: End :
2016-12-17 00:46:36,489 - SIMU: fitness_champion 0.373486950205
2016-12-17 00:46:36,490 - SIMU: champion [0.7344096202371195, -1.5696537034268705, -0.5859343910367842, -0.9314934365655028, -0.26900890021344137, -0.09692077137044088, -0.8180510023176534, 0.5494629345622527, 0.18755333002307817, 0.31649386635734683, 0.38152424309370014, 0.4081017329092349, 0.9751512262144508, 1.0560003005341414, 0.6183056668846296, -0.01001878104155933, 0.3332673523969011, 0.7954809893754203]
2016-12-17 00:46:36,491 - SIMU: ======================================
