ROBOT 7
2016-12-16 17:54:24,204 - SIMU: ======================================
2016-12-16 17:54:24,205 - SIMU: ====== SimulationFollowLightGenBis ======
2016-12-16 17:54:24,206 - SIMU: ======================================
2016-12-16 17:54:24,207 - SIMU: -------------------
2016-12-16 17:54:24,207 - SIMU: Parameters :
2016-12-16 17:54:24,208 - SIMU: duration 3000
2016-12-16 17:54:24,209 - SIMU: lifetime 60
2016-12-16 17:54:24,209 - SIMU: sleep 0.1
2016-12-16 17:54:24,210 - SIMU: windowSize 20
2016-12-16 17:54:24,211 - SIMU: probabilities pcopy pgauss prandom 0.4 0.4 0.2
2016-12-16 17:54:24,211 - SIMU: sigma 0.1
2016-12-16 17:54:24,212 - SIMU: -------------------
2016-12-16 17:54:24,212 - SIMU: Start :
2016-12-16 17:54:32,671 - SIMU: 1 generation ended 0.496390008184
2016-12-16 17:54:32,674 - SIMU: SimulationFollowLightGen - applyVariation() : NEW RANDOM GENOME
2016-12-16 17:54:40,527 - SIMU: 2 generation ended 0.156833701019
2016-12-16 17:54:48,822 - SIMU: 3 generation ended 0.999226065579
2016-12-16 17:54:57,325 - SIMU: 4 generation ended 0.188895040462
2016-12-16 17:54:57,328 - SIMU: SimulationFollowLightGen - applyVariation() : NEW RANDOM GENOME
2016-12-16 17:55:06,292 - SIMU: 5 generation ended 0.0893520334718
2016-12-16 17:55:06,300 - SIMU: SimulationFollowLightGen - applyVariation() : NEW RANDOM GENOME
2016-12-16 17:55:15,322 - SIMU: 6 generation ended 0.0
2016-12-16 17:55:24,517 - SIMU: 7 generation ended 0.498168804945
2016-12-16 17:55:33,034 - SIMU: 8 generation ended 0.719963773187
2016-12-16 17:55:41,768 - SIMU: 9 generation ended 0.84143658822
2016-12-16 17:55:50,817 - SIMU: 10 generation ended 0.144356942314
2016-12-16 17:55:59,585 - SIMU: 11 generation ended 0.539282886929
2016-12-16 17:56:08,729 - SIMU: 12 generation ended 0.601434083346
2016-12-16 17:56:17,710 - SIMU: 13 generation ended 0.641718334886
2016-12-16 17:56:17,713 - SIMU: SimulationFollowLightGen - applyVariation() : NEW RANDOM GENOME
2016-12-16 17:56:26,577 - SIMU: 14 generation ended 0.0
2016-12-16 17:56:35,569 - SIMU: 15 generation ended 1.0
2016-12-16 17:56:44,370 - SIMU: 16 generation ended 0.10711224938
2016-12-16 17:56:53,238 - SIMU: 17 generation ended 0.999735783231
2016-12-16 17:57:02,330 - SIMU: 18 generation ended 0.915287160639
2016-12-16 17:57:11,125 - SIMU: 19 generation ended 0.302167925392
2016-12-16 17:57:20,594 - SIMU: 20 generation ended 0.77635088747
2016-12-16 17:57:29,309 - SIMU: 21 generation ended 1.0
2016-12-16 17:57:38,180 - SIMU: 22 generation ended 0.998676191116
2016-12-16 17:57:46,844 - SIMU: 23 generation ended 0.731806115234
2016-12-16 17:57:46,848 - SIMU: SimulationFollowLightGen - applyVariation() : NEW RANDOM GENOME
2016-12-16 17:57:55,196 - SIMU: 24 generation ended 0.0
2016-12-16 17:58:04,458 - SIMU: 25 generation ended 0.999170670975
2016-12-16 17:58:13,016 - SIMU: 26 generation ended 0.696983579039
2016-12-16 17:58:22,192 - SIMU: 27 generation ended 0.618640639029
2016-12-16 17:58:31,076 - SIMU: 28 generation ended 0.573556750691
2016-12-16 17:58:39,482 - SIMU: 29 generation ended 0.95274
2016-12-16 17:58:48,299 - SIMU: 30 generation ended 0.757114808827
2016-12-16 17:58:57,602 - SIMU: 31 generation ended 0.99890141927
2016-12-16 17:59:06,288 - SIMU: 32 generation ended 0.865929998911
2016-12-16 17:59:15,363 - SIMU: 33 generation ended 0.541240706799
2016-12-16 17:59:24,744 - SIMU: 34 generation ended 0.0967821320532
2016-12-16 17:59:33,384 - SIMU: 35 generation ended 0.983725867452
2016-12-16 17:59:42,181 - SIMU: 36 generation ended 0.910014643753
2016-12-16 17:59:50,943 - SIMU: 37 generation ended 0.904381966281
2016-12-16 17:59:59,311 - SIMU: 38 generation ended 0.577022420524
2016-12-16 18:00:07,993 - SIMU: 39 generation ended 0.607758044998
2016-12-16 18:00:17,064 - SIMU: 40 generation ended 0.69999994303
2016-12-16 18:00:26,185 - SIMU: 41 generation ended 0.539101661742
2016-12-16 18:00:35,083 - SIMU: 42 generation ended 0.999224014572
2016-12-16 18:00:44,103 - SIMU: 43 generation ended 1.0
2016-12-16 18:00:53,144 - SIMU: 44 generation ended 0.152422982409
2016-12-16 18:01:01,696 - SIMU: 45 generation ended 0.567261505976
2016-12-16 18:01:10,797 - SIMU: 46 generation ended 0.576973782532
2016-12-16 18:01:20,186 - SIMU: 47 generation ended 0.999317663038
2016-12-16 18:01:29,085 - SIMU: 48 generation ended 0.919109999999
2016-12-16 18:01:37,827 - SIMU: 49 generation ended 0.916750960476
2016-12-16 18:01:46,501 - SIMU: 50 generation ended 0.999735759231
2016-12-16 18:01:55,362 - SIMU: 51 generation ended 0.737819999804
2016-12-16 18:02:04,469 - SIMU: 52 generation ended 0.999513439188
2016-12-16 18:02:13,472 - SIMU: 53 generation ended 0.527143302885
2016-12-16 18:02:22,432 - SIMU: 54 generation ended 0.860833927959
2016-12-16 18:02:30,645 - SIMU: 55 generation ended 0.78068356637
2016-12-16 18:02:39,788 - SIMU: 56 generation ended 0.999741493478
2016-12-16 18:02:48,635 - SIMU: 57 generation ended 0.749405893312
2016-12-16 18:02:57,076 - SIMU: 58 generation ended 0.52296878618
2016-12-16 18:03:05,793 - SIMU: 59 generation ended 1.0
2016-12-16 18:03:14,823 - SIMU: 60 generation ended 0.619436889937
2016-12-16 18:03:14,953 - SIMU: -------------------
2016-12-16 18:03:14,954 - SIMU: End :
2016-12-16 18:03:14,955 - SIMU: fitness_champion 0.619436889937
2016-12-16 18:03:14,956 - SIMU: champion [-7.721605682066716, 3.098288042631578, -17.52881175358792, -5.667599158840689, -4.481823760812628, -7.031874860221299, 8.340718390072706, 4.233435316968091, 12.898190885326041, 9.113192383181811, 11.282658656081228, -9.301979950364554, 5.486234098006912, 13.891346415821644, 6.181421410319055, 9.830481116802448, 14.237264687005705, 3.964740251562732]
2016-12-16 18:03:14,957 - SIMU: ======================================
