ROBOT 7
2016-12-16 17:39:54,128 - SIMU: ======================================
2016-12-16 17:39:54,130 - SIMU: ====== SimulationFollowLightGenBis ======
2016-12-16 17:39:54,130 - SIMU: ======================================
2016-12-16 17:39:54,131 - SIMU: -------------------
2016-12-16 17:39:54,132 - SIMU: Parameters :
2016-12-16 17:39:54,132 - SIMU: duration 3000
2016-12-16 17:39:54,133 - SIMU: lifetime 60
2016-12-16 17:39:54,134 - SIMU: sleep 0.1
2016-12-16 17:39:54,134 - SIMU: windowSize 20
2016-12-16 17:39:54,135 - SIMU: probabilities pcopy pgauss prandom 0.4 0.4 0.2
2016-12-16 17:39:54,136 - SIMU: sigma 0.1
2016-12-16 17:39:54,136 - SIMU: -------------------
2016-12-16 17:39:54,137 - SIMU: Start :
2016-12-16 17:40:02,876 - SIMU: 1 generation ended 0.0
2016-12-16 17:40:11,754 - SIMU: 2 generation ended 0.313125429139
2016-12-16 17:40:21,493 - SIMU: 3 generation ended 0.419402575892
2016-12-16 17:40:30,894 - SIMU: 4 generation ended 0.27527017136
2016-12-16 17:40:39,646 - SIMU: 5 generation ended 0.386563718521
2016-12-16 17:40:48,180 - SIMU: 6 generation ended 0.345895204601
2016-12-16 17:40:57,405 - SIMU: 7 generation ended 0.447710304099
2016-12-16 17:41:05,771 - SIMU: 8 generation ended 0.4538308304
2016-12-16 17:41:13,973 - SIMU: 9 generation ended 0.0819119589871
2016-12-16 17:41:14,037 - SIMU: SimulationFollowLightGen - applyVariation() : NEW RANDOM GENOME
2016-12-16 17:41:22,415 - SIMU: 10 generation ended 0.0735511000075
2016-12-16 17:41:22,420 - SIMU: SimulationFollowLightGen - applyVariation() : NEW RANDOM GENOME
2016-12-16 17:41:30,444 - SIMU: 11 generation ended 0.0622701126242
2016-12-16 17:41:39,673 - SIMU: 12 generation ended 0.430446693161
2016-12-16 17:41:48,514 - SIMU: 13 generation ended 0.055054876761
2016-12-16 17:41:48,519 - SIMU: SimulationFollowLightGen - applyVariation() : NEW RANDOM GENOME
2016-12-16 17:41:57,180 - SIMU: 14 generation ended 0.0242732327561
2016-12-16 17:42:05,692 - SIMU: 15 generation ended 0.0415557880389
2016-12-16 17:42:14,301 - SIMU: 16 generation ended 0.0384262714503
2016-12-16 17:42:14,307 - SIMU: SimulationFollowLightGen - applyVariation() : NEW RANDOM GENOME
2016-12-16 17:42:23,028 - SIMU: 17 generation ended 0.0
2016-12-16 17:42:31,792 - SIMU: 18 generation ended 0.428950558383
2016-12-16 17:42:40,570 - SIMU: 19 generation ended 0.306090294461
2016-12-16 17:42:40,574 - SIMU: SimulationFollowLightGen - applyVariation() : NEW RANDOM GENOME
2016-12-16 17:42:49,668 - SIMU: 20 generation ended 0.0
2016-12-16 17:42:58,513 - SIMU: 21 generation ended 0.208573626306
2016-12-16 17:43:07,572 - SIMU: 22 generation ended 0.356915067161
2016-12-16 17:43:16,292 - SIMU: 23 generation ended 0.161081014893
2016-12-16 17:43:16,295 - SIMU: SimulationFollowLightGen - applyVariation() : NEW RANDOM GENOME
2016-12-16 17:43:25,516 - SIMU: 24 generation ended 0.218808716489
2016-12-16 17:43:34,420 - SIMU: 25 generation ended 0.465141754825
2016-12-16 17:43:43,345 - SIMU: 26 generation ended 0.346925841788
2016-12-16 17:43:43,350 - SIMU: SimulationFollowLightGen - applyVariation() : NEW RANDOM GENOME
2016-12-16 17:43:52,536 - SIMU: 27 generation ended 0.0190568898574
2016-12-16 17:44:01,150 - SIMU: 28 generation ended 0.008868310263
2016-12-16 17:44:09,607 - SIMU: 29 generation ended 0.0217599558405
2016-12-16 17:44:18,535 - SIMU: 30 generation ended 0.476581490279
2016-12-16 17:44:18,540 - SIMU: SimulationFollowLightGen - applyVariation() : NEW RANDOM GENOME
2016-12-16 17:44:27,161 - SIMU: 31 generation ended 0.0
2016-12-16 17:44:36,045 - SIMU: 32 generation ended 0.575281503039
2016-12-16 17:44:44,620 - SIMU: 33 generation ended 0.362500937094
2016-12-16 17:44:53,470 - SIMU: 34 generation ended 0.214540831506
2016-12-16 17:45:02,345 - SIMU: 35 generation ended 0.0451096822589
2016-12-16 17:45:11,227 - SIMU: 36 generation ended 0.0413434542376
2016-12-16 17:45:19,827 - SIMU: 37 generation ended 0.0398961502827
2016-12-16 17:45:28,431 - SIMU: 38 generation ended 0.0469206157605
2016-12-16 17:45:37,946 - SIMU: 39 generation ended 0.0466087525805
2016-12-16 17:45:46,952 - SIMU: 40 generation ended 0.0469408714474
2016-12-16 17:45:56,065 - SIMU: 41 generation ended 0.0437929569034
2016-12-16 17:46:04,670 - SIMU: 42 generation ended 0.0334832623066
2016-12-16 17:46:13,260 - SIMU: 43 generation ended 0.399341233144
2016-12-16 17:46:22,056 - SIMU: 44 generation ended 0.19103928439
2016-12-16 17:46:31,017 - SIMU: 45 generation ended 0.228852360687
2016-12-16 17:46:39,593 - SIMU: 46 generation ended 0.278640498856
2016-12-16 17:46:48,319 - SIMU: 47 generation ended 0.335272167088
2016-12-16 17:46:57,440 - SIMU: 48 generation ended 0.438830195299
2016-12-16 17:47:06,320 - SIMU: 49 generation ended 0.0317344820351
2016-12-16 17:47:15,205 - SIMU: 50 generation ended 0.455085121044
2016-12-16 17:47:23,667 - SIMU: 51 generation ended 0.400767377122
2016-12-16 17:47:33,055 - SIMU: 52 generation ended 0.526423108875
2016-12-16 17:47:42,231 - SIMU: 53 generation ended 0.437590420441
2016-12-16 17:47:51,140 - SIMU: 54 generation ended 0.39686211636
2016-12-16 17:48:00,405 - SIMU: 55 generation ended 0.453065196414
2016-12-16 17:48:08,945 - SIMU: 56 generation ended 0.495936488465
2016-12-16 17:48:17,860 - SIMU: 57 generation ended 0.333251613939
2016-12-16 17:48:26,399 - SIMU: 58 generation ended 0.419897630998
2016-12-16 17:48:35,335 - SIMU: 59 generation ended 0.336609613248
2016-12-16 17:48:44,161 - SIMU: 60 generation ended 0.296657648185
2016-12-16 17:48:44,302 - SIMU: -------------------
2016-12-16 17:48:44,307 - SIMU: End :
2016-12-16 17:48:44,308 - SIMU: fitness_champion 0.296657648185
2016-12-16 17:48:44,309 - SIMU: champion [-0.782740173549793, 0.2182400680652579, 0.3895681502430269, 0.39793967759017157, -1.7852311322873402, 0.6800634686531672, 0.24601268435735527, 0.5695865892059941, 0.0314991540147484, 0.8588629328690915, -0.4794515951632863, 0.4452966159940783, 1.0724215328874, 0.9089191741267604, 0.5536818135214086, -1.116634764493043, 0.33194171609839407, 0.8761110862732453]
2016-12-16 17:48:44,309 - SIMU: ======================================
