2016-12-17 06:39:11,049 - DEBUG: MainController - Running.
2016-12-17 06:39:11,050 - DEBUG: CommandsListener - Waiting on accept...
2016-12-17 06:39:24,817 - DEBUG: CommandsListener - Received command from (192.168.0.210, 53770)
2016-12-17 06:39:24,818 - DEBUG: CommandsListener - Receiving command...
2016-12-17 06:39:24,821 - DEBUG: CommandsListener - Received <Utils.Message instance at 0x763db710>
2016-12-17 06:39:24,822 - DEBUG: CommandsListener - Transmitting command 5 to controller.
2016-12-17 06:39:24,822 - DEBUG: MainController - Command 5 received.
2016-12-17 06:39:24,823 - DEBUG: CommandsListener - Waiting on accept...
2016-12-17 06:39:24,869 - DEBUG: MainController - Treating command : 5
2016-12-17 06:39:24,870 - DEBUG: MainController - Setting simulation...
2016-12-17 06:39:43,922 - DEBUG: CommandsListener - Received command from (192.168.0.210, 53778)
2016-12-17 06:39:43,923 - DEBUG: CommandsListener - Receiving command...
2016-12-17 06:39:43,924 - DEBUG: CommandsListener - Received <Utils.Message instance at 0x763dd940>
2016-12-17 06:39:43,925 - DEBUG: CommandsListener - Transmitting command 0 to controller.
2016-12-17 06:39:43,925 - DEBUG: MainController - Command 0 received.
2016-12-17 06:39:43,926 - DEBUG: CommandsListener - Waiting on accept...
2016-12-17 06:39:43,939 - DEBUG: MainController - Treating command : 0
2016-12-17 06:39:43,939 - DEBUG: MainController - Loading simulation...
2016-12-17 06:39:43,940 - DEBUG: Params - Parsing configuration file.
2016-12-17 06:39:44,644 - CRITICAL: dbus.Array([dbus.String(u'thymio-II')], signature=dbus.Signature('s'))
2016-12-17 06:39:44,645 - DEBUG: ThymioController - Running.
2016-12-17 06:39:47,069 - SIMU: ======================================
2016-12-17 06:39:47,071 - SIMU: ====== SimulationFollowLightGenBis ======
2016-12-17 06:39:47,072 - SIMU: ======================================
2016-12-17 06:39:47,072 - SIMU: -------------------
2016-12-17 06:39:47,073 - SIMU: Parameters :
2016-12-17 06:39:47,074 - SIMU: duration 6000
2016-12-17 06:39:47,074 - SIMU: lifetime 60
2016-12-17 06:39:47,075 - SIMU: sleep 0.1
2016-12-17 06:39:47,076 - SIMU: windowSize 20
2016-12-17 06:39:47,076 - SIMU: probabilities pcopy pgauss prandom 0.4 0.4 0.2
2016-12-17 06:39:47,077 - SIMU: sigma 0.1
2016-12-17 06:39:47,078 - SIMU: -------------------
2016-12-17 06:39:47,078 - SIMU: Start :
2016-12-17 06:39:57,050 - SIMU: 0 generation ended 0.0958727913196
2016-12-17 06:40:07,242 - SIMU: 1 generation ended 0.0
2016-12-17 06:40:17,403 - SIMU: 2 generation ended 0.133137629087
2016-12-17 06:40:27,426 - SIMU: 3 generation ended 0.172680304472
2016-12-17 06:40:27,434 - SIMU: SimulationFollowLightGen - applyVariation() : NEW RANDOM GENOME
2016-12-17 06:40:37,967 - SIMU: 4 generation ended 0.0
2016-12-17 06:40:48,116 - SIMU: 5 generation ended 0.0668062927462
2016-12-17 06:40:48,203 - SIMU: SimulationFollowLightGen - applyVariation() : NEW RANDOM GENOME
2016-12-17 06:40:57,780 - SIMU: 6 generation ended 0.0
2016-12-17 06:41:08,057 - SIMU: 7 generation ended 0.0240906958464
2016-12-17 06:41:17,905 - SIMU: 8 generation ended 0.0127396687791
2016-12-17 06:41:17,910 - SIMU: SimulationFollowLightGen - applyVariation() : NEW RANDOM GENOME
2016-12-17 06:41:28,000 - SIMU: 9 generation ended 0.0
2016-12-17 06:41:37,864 - SIMU: 10 generation ended 0.698416416248
2016-12-17 06:41:48,687 - SIMU: 11 generation ended 0.387183973279
2016-12-17 06:41:59,278 - SIMU: 12 generation ended 0.0562955828082
2016-12-17 06:42:09,706 - SIMU: 13 generation ended 0.111648910783
2016-12-17 06:42:19,854 - SIMU: 14 generation ended 0.557977295678
2016-12-17 06:42:29,573 - SIMU: 15 generation ended 0.184747897994
2016-12-17 06:42:39,329 - SIMU: 16 generation ended 0.528557339367
2016-12-17 06:42:48,912 - SIMU: 17 generation ended 0.0417578694468
2016-12-17 06:42:58,952 - SIMU: 18 generation ended 0.0
2016-12-17 06:43:09,176 - SIMU: 19 generation ended 0.605613577504
2016-12-17 06:43:19,839 - SIMU: 20 generation ended 0.494151929015
2016-12-17 06:43:19,845 - SIMU: SimulationFollowLightGen - applyVariation() : NEW RANDOM GENOME
2016-12-17 06:43:30,162 - SIMU: 21 generation ended 0.113329838199
2016-12-17 06:43:40,289 - SIMU: 22 generation ended 0.534931240693
2016-12-17 06:43:40,296 - SIMU: SimulationFollowLightGen - applyVariation() : NEW RANDOM GENOME
2016-12-17 06:43:51,122 - SIMU: 23 generation ended 0.0
2016-12-17 06:43:51,128 - SIMU: SimulationFollowLightGen - applyVariation() : NEW RANDOM GENOME
2016-12-17 06:44:01,217 - SIMU: 24 generation ended 0.0
2016-12-17 06:44:01,225 - SIMU: SimulationFollowLightGen - applyVariation() : NEW RANDOM GENOME
2016-12-17 06:44:12,037 - SIMU: 25 generation ended 0.0618968904992
2016-12-17 06:44:22,091 - SIMU: 26 generation ended 0.310095724853
2016-12-17 06:44:32,265 - SIMU: 27 generation ended 0.682522637536
2016-12-17 06:44:32,271 - SIMU: SimulationFollowLightGen - applyVariation() : NEW RANDOM GENOME
2016-12-17 06:44:42,889 - SIMU: 28 generation ended 0.00264138912789
2016-12-17 06:44:52,406 - SIMU: 29 generation ended 0.0243269299958
2016-12-17 06:45:02,538 - SIMU: 30 generation ended 0.011429119174
2016-12-17 06:45:12,775 - SIMU: 31 generation ended 0.288690176176
2016-12-17 06:45:22,505 - SIMU: 32 generation ended 0.501914559345
2016-12-17 06:45:32,304 - SIMU: 33 generation ended 0.597107998382
2016-12-17 06:45:32,312 - SIMU: SimulationFollowLightGen - applyVariation() : NEW RANDOM GENOME
2016-12-17 06:45:42,693 - SIMU: 34 generation ended 0.0
2016-12-17 06:45:52,619 - SIMU: 35 generation ended 0.146372325872
2016-12-17 06:46:02,658 - SIMU: 36 generation ended 0.0
2016-12-17 06:46:02,686 - SIMU: SimulationFollowLightGen - applyVariation() : NEW RANDOM GENOME
2016-12-17 06:46:12,723 - SIMU: 37 generation ended 0.103705038026
2016-12-17 06:46:12,728 - SIMU: SimulationFollowLightGen - applyVariation() : NEW RANDOM GENOME
2016-12-17 06:46:23,837 - SIMU: 38 generation ended 0.0
2016-12-17 06:46:23,844 - SIMU: SimulationFollowLightGen - applyVariation() : NEW RANDOM GENOME
2016-12-17 06:46:33,805 - SIMU: 39 generation ended 0.0
2016-12-17 06:46:43,780 - SIMU: 40 generation ended 0.228803290388
2016-12-17 06:46:53,725 - SIMU: 41 generation ended 0.697156820978
2016-12-17 06:47:04,136 - SIMU: 42 generation ended 0.00172090526245
2016-12-17 06:47:15,405 - SIMU: 43 generation ended 0.00219843868002
2016-12-17 06:47:15,412 - SIMU: SimulationFollowLightGen - applyVariation() : NEW RANDOM GENOME
2016-12-17 06:47:25,625 - SIMU: 44 generation ended 0.0
2016-12-17 06:47:25,629 - SIMU: SimulationFollowLightGen - applyVariation() : NEW RANDOM GENOME
2016-12-17 06:47:36,171 - SIMU: 45 generation ended 0.0
2016-12-17 06:47:46,566 - SIMU: 46 generation ended 0.647350020387
2016-12-17 06:47:56,795 - SIMU: 47 generation ended 0.661132946355
2016-12-17 06:48:07,688 - SIMU: 48 generation ended 0.377524962202
2016-12-17 06:48:17,819 - SIMU: 49 generation ended 0.128655280351
2016-12-17 06:48:17,829 - SIMU: SimulationFollowLightGen - applyVariation() : NEW RANDOM GENOME
2016-12-17 06:48:27,943 - SIMU: 50 generation ended 0.0
2016-12-17 06:48:37,960 - SIMU: 51 generation ended 0.0
2016-12-17 06:48:48,383 - SIMU: 52 generation ended 0.274927910335
2016-12-17 06:48:58,992 - SIMU: 53 generation ended 0.530228211348
2016-12-17 06:49:09,215 - SIMU: 54 generation ended 0.32448848346
2016-12-17 06:49:19,242 - SIMU: 55 generation ended 0.45587670469
2016-12-17 06:49:29,901 - SIMU: 56 generation ended 0.323031282828
2016-12-17 06:49:40,800 - SIMU: 57 generation ended 0.363501078999
2016-12-17 06:49:50,600 - SIMU: 58 generation ended 0.355663422545
2016-12-17 06:50:01,209 - SIMU: 59 generation ended 0.593095606592
2016-12-17 06:50:11,258 - SIMU: 60 generation ended 0.545182975226
2016-12-17 06:50:21,682 - SIMU: 61 generation ended 0.501691536559
2016-12-17 06:50:32,010 - SIMU: 62 generation ended 0.4950581385
2016-12-17 06:50:42,007 - SIMU: 63 generation ended 0.636201121879
2016-12-17 06:50:51,696 - SIMU: 64 generation ended 0.459238080277
2016-12-17 06:51:02,186 - SIMU: 65 generation ended 0.835144368595
2016-12-17 06:51:11,817 - SIMU: 66 generation ended 0.640273835327
2016-12-17 06:51:22,356 - SIMU: 67 generation ended 0.579670246473
2016-12-17 06:51:32,779 - SIMU: 68 generation ended 0.462416805957
2016-12-17 06:51:42,904 - SIMU: 69 generation ended 0.690972824866
2016-12-17 06:51:53,382 - SIMU: 70 generation ended 0.677469183095
2016-12-17 06:52:03,280 - SIMU: 71 generation ended 0.893833753843
2016-12-17 06:52:13,688 - SIMU: 72 generation ended 0.540926693937
2016-12-17 06:52:23,983 - SIMU: 73 generation ended 0.381251245952
2016-12-17 06:52:34,051 - SIMU: 74 generation ended 0.552365543432
2016-12-17 06:52:43,872 - SIMU: 75 generation ended 0.792490057641
2016-12-17 06:52:54,004 - SIMU: 76 generation ended 0.78443797334
2016-12-17 06:53:04,671 - SIMU: 77 generation ended 0.771144915651
2016-12-17 06:53:15,253 - SIMU: 78 generation ended 0.679786603841
2016-12-17 06:53:25,286 - SIMU: 79 generation ended 0.885051418046
2016-12-17 06:53:35,664 - SIMU: 80 generation ended 0.746951349991
2016-12-17 06:53:45,171 - SIMU: 81 generation ended 0.748367114917
2016-12-17 06:53:55,907 - SIMU: 82 generation ended 0.842512936733
2016-12-17 06:54:05,895 - SIMU: 83 generation ended 0.619988209039
2016-12-17 06:54:15,822 - SIMU: 84 generation ended 0.538143531942
2016-12-17 06:54:26,085 - SIMU: 85 generation ended 0.686538615924
2016-12-17 06:54:36,976 - SIMU: 86 generation ended 0.433437558202
2016-12-17 06:54:47,157 - SIMU: 87 generation ended 0.675026165389
2016-12-17 06:54:57,199 - SIMU: 88 generation ended 0.617753962444
2016-12-17 06:55:08,057 - SIMU: 89 generation ended 0.679753229942
2016-12-17 06:55:18,226 - SIMU: 90 generation ended 0.491835054705
2016-12-17 06:55:29,055 - SIMU: 91 generation ended 0.55374205069
2016-12-17 06:55:39,712 - SIMU: 92 generation ended 0.212253703053
2016-12-17 06:55:49,846 - SIMU: 93 generation ended 0.68456401026
2016-12-17 06:56:01,294 - SIMU: 94 generation ended 0.860575150624
2016-12-17 06:56:11,228 - SIMU: 95 generation ended 0.5670152523
2016-12-17 06:56:21,251 - SIMU: 96 generation ended 0.596677439633
2016-12-17 06:56:31,786 - SIMU: 97 generation ended 0.711470639056
2016-12-17 06:56:41,669 - SIMU: 98 generation ended 0.781997324046
2016-12-17 06:56:52,190 - SIMU: 99 generation ended 0.443009538754
2016-12-17 06:57:02,404 - SIMU: 100 generation ended 0.641915312683
2016-12-17 06:57:02,508 - SIMU: -------------------
2016-12-17 06:57:02,509 - SIMU: End :
2016-12-17 06:57:02,510 - SIMU: fitness_champion 0.641915312683
2016-12-17 06:57:02,511 - SIMU: champion [-0.6110313774013675, 0.3600247085469394, -0.9780305318480117, -1.540426402169243, -0.3144666226541517, 0.3122073053733032, -0.8283067205100595, 0.34409893671097014, 0.8984971154810943, 0.28224701632573884, 0.06120328373489045, 1.2003410729867756, 1.0453751093612038, 0.27931968114861216, 0.07309514234625568, 0.7251848005412399, 0.37935135900944417, 0.9280779222858189]
2016-12-17 06:57:02,512 - SIMU: ======================================
2016-12-17 06:57:12,377 - ERROR: MainController - Request for simulation stop while no simulation started.
2016-12-17 06:57:14,798 - ERROR: MainController - Request for simulation stop while no simulation started.
