2016-12-16 22:04:24,075 - DEBUG: MainController - Running.
2016-12-16 22:04:24,076 - DEBUG: CommandsListener - Waiting on accept...
2016-12-16 22:04:31,513 - DEBUG: CommandsListener - Received command from (192.168.0.210, 45308)
2016-12-16 22:04:31,514 - DEBUG: CommandsListener - Receiving command...
2016-12-16 22:04:31,516 - DEBUG: CommandsListener - Received <Utils.Message instance at 0x763e2710>
2016-12-16 22:04:31,517 - DEBUG: CommandsListener - Transmitting command 5 to controller.
2016-12-16 22:04:31,518 - DEBUG: MainController - Command 5 received.
2016-12-16 22:04:31,518 - DEBUG: CommandsListener - Waiting on accept...
2016-12-16 22:04:31,542 - DEBUG: MainController - Treating command : 5
2016-12-16 22:04:31,543 - DEBUG: MainController - Setting simulation...
2016-12-16 22:04:36,101 - DEBUG: CommandsListener - Received command from (192.168.0.210, 45316)
2016-12-16 22:04:36,102 - DEBUG: CommandsListener - Receiving command...
2016-12-16 22:04:36,106 - DEBUG: CommandsListener - Received <Utils.Message instance at 0x763e4940>
2016-12-16 22:04:36,106 - DEBUG: CommandsListener - Transmitting command 0 to controller.
2016-12-16 22:04:36,107 - DEBUG: MainController - Command 0 received.
2016-12-16 22:04:36,108 - DEBUG: CommandsListener - Waiting on accept...
2016-12-16 22:04:36,109 - DEBUG: MainController - Treating command : 0
2016-12-16 22:04:36,110 - DEBUG: MainController - Loading simulation...
2016-12-16 22:04:36,111 - DEBUG: Params - Parsing configuration file.
2016-12-16 22:04:36,843 - CRITICAL: dbus.Array([dbus.String(u'thymio-II')], signature=dbus.Signature('s'))
2016-12-16 22:04:36,845 - DEBUG: ThymioController - Running.
2016-12-16 22:04:39,270 - SIMU: ======================================
2016-12-16 22:04:39,271 - SIMU: ====== SimulationFollowLightGenBis ======
2016-12-16 22:04:39,272 - SIMU: ======================================
2016-12-16 22:04:39,272 - SIMU: -------------------
2016-12-16 22:04:39,273 - SIMU: Parameters :
2016-12-16 22:04:39,274 - SIMU: duration 6000
2016-12-16 22:04:39,274 - SIMU: lifetime 60
2016-12-16 22:04:39,275 - SIMU: sleep 0.1
2016-12-16 22:04:39,276 - SIMU: windowSize 20
2016-12-16 22:04:39,276 - SIMU: probabilities pcopy pgauss prandom 0.4 0.4 0.2
2016-12-16 22:04:39,277 - SIMU: sigma 0.1
2016-12-16 22:04:39,278 - SIMU: -------------------
2016-12-16 22:04:39,278 - SIMU: Start :
2016-12-16 22:04:49,754 - SIMU: 0 generation ended 0.136523979349
2016-12-16 22:04:49,758 - SIMU: SimulationFollowLightGen - applyVariation() : NEW RANDOM GENOME
2016-12-16 22:04:59,725 - SIMU: 1 generation ended 0.0
2016-12-16 22:05:09,918 - SIMU: 2 generation ended 0.31472647026
2016-12-16 22:05:19,649 - SIMU: 3 generation ended 0.0550731801332
2016-12-16 22:05:29,676 - SIMU: 4 generation ended 0.0197819209923
2016-12-16 22:05:39,885 - SIMU: 5 generation ended 0.278292487864
2016-12-16 22:05:49,456 - SIMU: 6 generation ended 0.390852198851
2016-12-16 22:05:59,436 - SIMU: 7 generation ended 0.241997120515
2016-12-16 22:06:09,164 - SIMU: 8 generation ended 0.35827755127
2016-12-16 22:06:09,168 - SIMU: SimulationFollowLightGen - applyVariation() : NEW RANDOM GENOME
2016-12-16 22:06:19,393 - SIMU: 9 generation ended 0.0
2016-12-16 22:06:19,395 - SIMU: SimulationFollowLightGenBis - select() : somme des fitness est nulle
2016-12-16 22:06:29,623 - SIMU: 10 generation ended 0.250965689987
2016-12-16 22:06:39,816 - SIMU: 11 generation ended 0.227306601987
2016-12-16 22:06:49,465 - SIMU: 12 generation ended 0.153171676863
2016-12-16 22:06:59,235 - SIMU: 13 generation ended 0.442314844199
2016-12-16 22:06:59,266 - SIMU: SimulationFollowLightGen - applyVariation() : NEW RANDOM GENOME
2016-12-16 22:07:08,991 - SIMU: 14 generation ended 0.139402566393
2016-12-16 22:07:09,024 - SIMU: SimulationFollowLightGenBis - select() : somme des fitness est nulle
2016-12-16 22:07:18,099 - SIMU: 15 generation ended 0.456125765294
2016-12-16 22:07:30,977 - SIMU: 16 generation ended 0.543621100835
2016-12-16 22:07:31,010 - SIMU: SimulationFollowLightGen - applyVariation() : NEW RANDOM GENOME
2016-12-16 22:07:41,372 - SIMU: 17 generation ended 0.0
2016-12-16 22:07:50,679 - SIMU: 18 generation ended 0.281489793641
2016-12-16 22:08:00,629 - SIMU: 19 generation ended 0.526050058578
2016-12-16 22:08:00,632 - SIMU: SimulationFollowLightGen - applyVariation() : NEW RANDOM GENOME
2016-12-16 22:08:11,062 - SIMU: 20 generation ended 0.0
2016-12-16 22:08:20,979 - SIMU: 21 generation ended 0.664386001693
2016-12-16 22:08:31,033 - SIMU: 22 generation ended 0.574952329763
2016-12-16 22:08:41,027 - SIMU: 23 generation ended 0.607343470486
2016-12-16 22:08:50,690 - SIMU: 24 generation ended 0.625954070736
2016-12-16 22:09:00,332 - SIMU: 25 generation ended 0.0
2016-12-16 22:09:10,004 - SIMU: 26 generation ended 0.0
2016-12-16 22:09:19,475 - SIMU: 27 generation ended 0.0
2016-12-16 22:09:29,026 - SIMU: 28 generation ended 0.0
2016-12-16 22:09:38,426 - SIMU: 29 generation ended 0.0
2016-12-16 22:09:48,151 - SIMU: 30 generation ended 0.0
2016-12-16 22:09:48,172 - SIMU: SimulationFollowLightGen - applyVariation() : NEW RANDOM GENOME
2016-12-16 22:09:58,315 - SIMU: 31 generation ended 0.0
2016-12-16 22:10:08,495 - SIMU: 32 generation ended 0.0
2016-12-16 22:10:18,258 - SIMU: 33 generation ended 0.0
2016-12-16 22:10:28,036 - SIMU: 34 generation ended 0.0
2016-12-16 22:10:37,789 - SIMU: 35 generation ended 0.0
2016-12-16 22:10:48,428 - SIMU: 36 generation ended 0.0
2016-12-16 22:10:58,104 - SIMU: 37 generation ended 0.0
2016-12-16 22:11:08,340 - SIMU: 38 generation ended 0.0
2016-12-16 22:11:18,357 - SIMU: 39 generation ended 0.0
2016-12-16 22:11:29,133 - SIMU: 40 generation ended 0.0
2016-12-16 22:11:39,367 - SIMU: 41 generation ended 0.0
2016-12-16 22:11:39,380 - SIMU: SimulationFollowLightGen - applyVariation() : NEW RANDOM GENOME
2016-12-16 22:11:49,122 - SIMU: 42 generation ended 0.0
2016-12-16 22:11:58,812 - SIMU: 43 generation ended 0.0
2016-12-16 22:12:08,436 - SIMU: 44 generation ended 0.0
2016-12-16 22:12:08,489 - SIMU: SimulationFollowLightGen - applyVariation() : NEW RANDOM GENOME
2016-12-16 22:12:18,304 - SIMU: 45 generation ended 0.0
2016-12-16 22:12:27,866 - SIMU: 46 generation ended 0.0
2016-12-16 22:12:37,530 - SIMU: 47 generation ended 0.0
2016-12-16 22:12:47,313 - SIMU: 48 generation ended 0.0
2016-12-16 22:12:56,752 - SIMU: 49 generation ended 0.0
2016-12-16 22:13:06,612 - SIMU: 50 generation ended 0.0
2016-12-16 22:13:16,440 - SIMU: 51 generation ended 0.0
2016-12-16 22:13:26,333 - SIMU: 52 generation ended 0.0
2016-12-16 22:13:36,466 - SIMU: 53 generation ended 0.0
2016-12-16 22:13:45,780 - SIMU: 54 generation ended 0.0
2016-12-16 22:13:55,523 - SIMU: 55 generation ended 0.0
2016-12-16 22:14:04,984 - SIMU: 56 generation ended 0.0
2016-12-16 22:14:14,944 - SIMU: 57 generation ended 0.0
2016-12-16 22:14:24,642 - SIMU: 58 generation ended 0.0
2016-12-16 22:14:34,367 - SIMU: 59 generation ended 0.0
2016-12-16 22:14:43,627 - SIMU: 60 generation ended 0.0
2016-12-16 22:14:52,811 - SIMU: 61 generation ended 0.0
2016-12-16 22:15:02,682 - SIMU: 62 generation ended 0.0
2016-12-16 22:15:12,215 - SIMU: 63 generation ended 0.0
2016-12-16 22:15:21,943 - SIMU: 64 generation ended 0.0
2016-12-16 22:15:31,423 - SIMU: 65 generation ended 0.0
2016-12-16 22:15:40,769 - SIMU: 66 generation ended 0.0
2016-12-16 22:15:50,761 - SIMU: 67 generation ended 0.0
2016-12-16 22:16:01,014 - SIMU: 68 generation ended 0.0
2016-12-16 22:16:10,804 - SIMU: 69 generation ended 0.0
2016-12-16 22:16:20,518 - SIMU: 70 generation ended 0.0
2016-12-16 22:16:30,443 - SIMU: 71 generation ended 0.0
2016-12-16 22:16:40,229 - SIMU: 72 generation ended 0.0
2016-12-16 22:16:50,358 - SIMU: 73 generation ended 0.0
2016-12-16 22:17:00,078 - SIMU: 74 generation ended 0.0
2016-12-16 22:17:09,990 - SIMU: 75 generation ended 0.0
2016-12-16 22:17:19,582 - SIMU: 76 generation ended 0.0
2016-12-16 22:17:29,600 - SIMU: 77 generation ended 0.0
2016-12-16 22:17:39,428 - SIMU: 78 generation ended 0.0
2016-12-16 22:17:49,029 - SIMU: 79 generation ended 0.0
2016-12-16 22:17:58,181 - SIMU: 80 generation ended 0.0
2016-12-16 22:18:08,122 - SIMU: 81 generation ended 0.0
2016-12-16 22:18:17,880 - SIMU: 82 generation ended 0.0
2016-12-16 22:18:27,452 - SIMU: 83 generation ended 0.0
2016-12-16 22:18:36,928 - SIMU: 84 generation ended 0.0
2016-12-16 22:18:46,352 - SIMU: 85 generation ended 0.0
2016-12-16 22:18:56,349 - SIMU: 86 generation ended 0.0
2016-12-16 22:19:05,617 - SIMU: 87 generation ended 0.0
2016-12-16 22:19:15,368 - SIMU: 88 generation ended 0.0
2016-12-16 22:19:25,066 - SIMU: 89 generation ended 0.0
2016-12-16 22:19:34,734 - SIMU: 90 generation ended 0.0
2016-12-16 22:19:44,325 - SIMU: 91 generation ended 0.0
2016-12-16 22:19:54,152 - SIMU: 92 generation ended 0.0
2016-12-16 22:20:03,576 - SIMU: 93 generation ended 0.0
2016-12-16 22:20:13,543 - SIMU: 94 generation ended 0.0
2016-12-16 22:20:23,246 - SIMU: 95 generation ended 0.0
2016-12-16 22:20:33,090 - SIMU: 96 generation ended 0.0
2016-12-16 22:20:43,072 - SIMU: 97 generation ended 0.0
2016-12-16 22:20:52,930 - SIMU: 98 generation ended 0.0
2016-12-16 22:21:02,555 - SIMU: 99 generation ended 0.0
2016-12-16 22:21:12,423 - SIMU: 100 generation ended 0.0
2016-12-16 22:21:12,543 - SIMU: -------------------
2016-12-16 22:21:12,544 - SIMU: End :
2016-12-16 22:21:12,545 - SIMU: fitness_champion 0.0
2016-12-16 22:21:12,545 - SIMU: champion [-0.6159301457501163, 1.2507674147633692, 0.35422068390754, 0.9607055602966499, 0.7915822057797732, 0.08841667099607116, 1.8756129121609646, -0.038846653093307426, 2.096440770104773, 1.726543787939321, 0.5501640149784015, 0.22919574521599997, -0.015323549801126157, 1.155111934487193, -0.4467214002792552, -1.8311421692400718, 1.0148809915469459, -0.022232209608585157]
2016-12-16 22:21:12,546 - SIMU: ======================================
2016-12-16 22:21:44,635 - ERROR: MainController - Request for simulation stop while no simulation started.
2016-12-16 22:21:47,452 - ERROR: MainController - Request for simulation stop while no simulation started.
