ROBOT 11
2016-12-16 15:54:38,569 - SIMU: ======================================
2016-12-16 15:54:38,571 - SIMU: ====== SimulationFollowLightGenBis ======
2016-12-16 15:54:38,571 - SIMU: ======================================
2016-12-16 15:54:38,572 - SIMU: -------------------
2016-12-16 15:54:38,573 - SIMU: Parameters :
2016-12-16 15:54:38,573 - SIMU: duration 3000
2016-12-16 15:54:38,574 - SIMU: lifetime 60
2016-12-16 15:54:38,575 - SIMU: sleep 0.1
2016-12-16 15:54:38,575 - SIMU: windowSize 20
2016-12-16 15:54:38,576 - SIMU: probabilities pcopy pgauss prandom 0.4 0.4 0.2
2016-12-16 15:54:38,577 - SIMU: sigma 0.1
2016-12-16 15:54:38,577 - SIMU: -------------------
2016-12-16 15:54:38,578 - SIMU: Start :
2016-12-16 15:54:47,937 - SIMU: 1 generation ended 0.0
2016-12-16 15:54:57,554 - SIMU: 2 generation ended 0.533156033521
2016-12-16 15:55:08,544 - SIMU: 3 generation ended 0.597449908773
2016-12-16 15:55:19,070 - SIMU: 4 generation ended 0.442081599167
2016-12-16 15:55:29,274 - SIMU: 5 generation ended 0.896849999999
2016-12-16 15:55:38,991 - SIMU: 6 generation ended 0.965799056848
2016-12-16 15:55:38,999 - SIMU: SimulationFollowLightGen - applyVariation() : NEW RANDOM GENOME
2016-12-16 15:55:49,059 - SIMU: 7 generation ended 0.0
2016-12-16 15:55:59,749 - SIMU: 8 generation ended 0.893159999887
2016-12-16 15:56:09,543 - SIMU: 9 generation ended 0.558250136593
2016-12-16 15:56:19,656 - SIMU: 10 generation ended 0.914574481575
2016-12-16 15:56:29,068 - SIMU: 11 generation ended 0.458689999574
2016-12-16 15:56:38,901 - SIMU: 12 generation ended 0.915748511871
2016-12-16 15:56:49,517 - SIMU: 13 generation ended 0.438181266847
2016-12-16 15:56:49,534 - SIMU: SimulationFollowLightGen - applyVariation() : NEW RANDOM GENOME
2016-12-16 15:56:59,554 - SIMU: 14 generation ended 0.0
2016-12-16 15:57:09,458 - SIMU: 15 generation ended 0.464087894529
2016-12-16 15:57:09,467 - SIMU: SimulationFollowLightGen - applyVariation() : NEW RANDOM GENOME
2016-12-16 15:57:19,672 - SIMU: 16 generation ended 0.102028478076
2016-12-16 15:57:19,683 - SIMU: SimulationFollowLightGen - applyVariation() : NEW RANDOM GENOME
2016-12-16 15:57:29,510 - SIMU: 17 generation ended 0.0525292350747
2016-12-16 15:57:39,427 - SIMU: 18 generation ended 0.0
2016-12-16 15:57:49,331 - SIMU: 19 generation ended 0.079239999883
2016-12-16 15:57:58,787 - SIMU: 20 generation ended 0.0815699995525
2016-12-16 15:58:09,453 - SIMU: 21 generation ended 0.998640342152
2016-12-16 15:58:19,076 - SIMU: 22 generation ended 0.42922876369
2016-12-16 15:58:19,088 - SIMU: SimulationFollowLightGen - applyVariation() : NEW RANDOM GENOME
2016-12-16 15:58:28,593 - SIMU: 23 generation ended 0.142257854934
2016-12-16 15:58:38,681 - SIMU: 24 generation ended 0.902588557545
2016-12-16 15:58:47,588 - SIMU: 25 generation ended 0.474148333786
2016-12-16 15:58:57,756 - SIMU: 26 generation ended 0.695283786567
2016-12-16 15:59:07,779 - SIMU: 27 generation ended 0.66725
2016-12-16 15:59:18,646 - SIMU: 28 generation ended 0.61302897022
2016-12-16 15:59:18,665 - SIMU: SimulationFollowLightGen - applyVariation() : NEW RANDOM GENOME
2016-12-16 15:59:28,288 - SIMU: 29 generation ended 0.0
2016-12-16 15:59:28,303 - SIMU: SimulationFollowLightGen - applyVariation() : NEW RANDOM GENOME
2016-12-16 15:59:38,314 - SIMU: 30 generation ended 0.0
2016-12-16 15:59:48,462 - SIMU: 31 generation ended 0.393981254653
2016-12-16 15:59:58,344 - SIMU: 32 generation ended 0.730960272787
2016-12-16 16:00:08,447 - SIMU: 33 generation ended 0.499669696806
2016-12-16 16:00:18,439 - SIMU: 34 generation ended 0.47745817553
2016-12-16 16:00:28,670 - SIMU: 35 generation ended 0.451771343594
2016-12-16 16:00:38,624 - SIMU: 36 generation ended 0.7619189261
2016-12-16 16:00:49,225 - SIMU: 37 generation ended 0.99955131507
2016-12-16 16:00:59,407 - SIMU: 38 generation ended 0.867471497989
2016-12-16 16:01:09,211 - SIMU: 39 generation ended 1.0
2016-12-16 16:01:19,165 - SIMU: 40 generation ended 0.805535235936
2016-12-16 16:01:28,963 - SIMU: 41 generation ended 0.760529973832
2016-12-16 16:01:38,660 - SIMU: 42 generation ended 0.554015567614
2016-12-16 16:01:48,624 - SIMU: 43 generation ended 0.479708981315
2016-12-16 16:01:59,675 - SIMU: 44 generation ended 0.874102052691
2016-12-16 16:02:09,258 - SIMU: 45 generation ended 0.503115628171
2016-12-16 16:02:19,350 - SIMU: 46 generation ended 0.750439679724
2016-12-16 16:02:30,180 - SIMU: 47 generation ended 0.676628522694
2016-12-16 16:02:40,970 - SIMU: 48 generation ended 0.849759994209
2016-12-16 16:02:50,614 - SIMU: 49 generation ended 0.591674841049
2016-12-16 16:03:00,085 - SIMU: 50 generation ended 0.679365098457
2016-12-16 16:03:09,325 - SIMU: 51 generation ended 0.754799676514
2016-12-16 16:03:19,572 - SIMU: 52 generation ended 0.130059971769
2016-12-16 16:03:30,006 - SIMU: 53 generation ended 0.999684570304
2016-12-16 16:03:40,166 - SIMU: 54 generation ended 0.724900975043
2016-12-16 16:03:49,534 - SIMU: 55 generation ended 0.960354435636
2016-12-16 16:03:59,183 - SIMU: 56 generation ended 0.999796372557
2016-12-16 16:04:08,879 - SIMU: 57 generation ended 0.829897203461
2016-12-16 16:04:19,452 - SIMU: 58 generation ended 0.640076765899
2016-12-16 16:04:29,278 - SIMU: 59 generation ended 0.808023308686
2016-12-16 16:04:38,798 - SIMU: 60 generation ended 0.852759997221
2016-12-16 16:04:38,902 - SIMU: -------------------
2016-12-16 16:04:38,903 - SIMU: End :
2016-12-16 16:04:38,904 - SIMU: fitness_champion 0.852759997221
2016-12-16 16:04:38,905 - SIMU: champion [-8.203565339803852, 3.0073380746830876, -17.94140846291066, -5.578638434992464, -4.38307778832919, -7.633553311579485, 8.375227812378908, 3.747019128614238, 12.52943361395506, 9.155189706603938, 11.751283148261209, -9.464060541007989, 5.592592963295212, 14.072948715859928, 6.780358271156624, 10.504290065699287, 13.429708860217334, 3.7860669304505663]
2016-12-16 16:04:38,906 - SIMU: ======================================
